#
# There is insufficient memory for the Java Runtime Environment to continue.
# Native memory allocation (mmap) failed to map 74448896 bytes for G1 virtual space
# Possible reasons:
#   The system is out of physical RAM or swap space
#   The process is running with CompressedOops enabled, and the Java Heap may be blocking the growth of the native heap
# Possible solutions:
#   Reduce memory load on the system
#   Increase physical memory or swap space
#   Check if swap backing store is full
#   Decrease Java heap size (-Xmx/-Xms)
#   Decrease number of Java threads
#   Decrease Java thread stack sizes (-Xss)
#   Set larger code cache with -XX:ReservedCodeCacheSize=
#   JVM is running with Unscaled Compressed Oops mode in which the Java heap is
#     placed in the first 4GB address space. The Java Heap base address is the
#     maximum limit for the native heap growth. Please use -XX:HeapBaseMinAddress
#     to set the Java Heap base and to place the Java Heap above 4GB virtual address.
# This output file may be truncated or incomplete.
#
#  Out of Memory Error (os_windows.cpp:3769), pid=27024, tid=30136
#
# JRE version: OpenJDK Runtime Environment (17.0.6) (build 17.0.6+0-b2043.56-10027231)
# Java VM: OpenJDK 64-Bit Server VM (17.0.6+0-b2043.56-10027231, mixed mode, tiered, compressed oops, compressed class ptrs, g1 gc, windows-amd64)
# No core dump will be written. Minidumps are not enabled by default on client versions of Windows
#

---------------  S U M M A R Y ------------

Command Line: --add-opens=java.base/java.util.concurrent.atomic=ALL-UNNAMED -javaagent:C:\Program Files\Android\Android Studio\plugins\android\resources\trace_agent.jar=C:\Users\aditi\AppData\Local\Temp\sync.trace.profile --add-opens=java.base/java.util=ALL-UNNAMED --add-opens=java.base/java.lang=ALL-UNNAMED --add-opens=java.base/java.lang.invoke=ALL-UNNAMED --add-opens=java.prefs/java.util.prefs=ALL-UNNAMED --add-opens=java.base/java.nio.charset=ALL-UNNAMED --add-opens=java.base/java.net=ALL-UNNAMED --add-opens=java.base/java.util.concurrent.atomic=ALL-UNNAMED -Xmx2048m -Dfile.encoding=UTF-8 -Duser.country=US -Duser.language=en -Duser.variant org.gradle.launcher.daemon.bootstrap.GradleDaemon 8.0

Host: AMD Ryzen 5 5500U with Radeon Graphics         , 12 cores, 5G,  Windows 11 , 64 bit Build 22621 (10.0.22621.2215)
Time: Sun Aug 27 17:05:40 2023 India Standard Time elapsed time: 22.101847 seconds (0d 0h 0m 22s)

---------------  T H R E A D  ---------------

Current thread (0x000002cafedaa1a0):  VMThread "VM Thread" [stack: 0x000000f134200000,0x000000f134300000] [id=30136]

Stack: [0x000000f134200000,0x000000f134300000]
Native frames: (J=compiled Java code, j=interpreted, Vv=VM code, C=native code)
V  [jvm.dll+0x683c9a]
V  [jvm.dll+0x8427a4]
V  [jvm.dll+0x843f9e]
V  [jvm.dll+0x844603]
V  [jvm.dll+0x249b75]
V  [jvm.dll+0x680b69]
V  [jvm.dll+0x67505a]
V  [jvm.dll+0x309acb]
V  [jvm.dll+0x310f86]
V  [jvm.dll+0x3608ee]
V  [jvm.dll+0x360b1f]
V  [jvm.dll+0x2dfbf8]
V  [jvm.dll+0x2ddec4]
V  [jvm.dll+0x2dd4cc]
V  [jvm.dll+0x322261]
V  [jvm.dll+0x848ccb]
V  [jvm.dll+0x849a04]
V  [jvm.dll+0x849f1d]
V  [jvm.dll+0x84a2f4]
V  [jvm.dll+0x84a3c0]
V  [jvm.dll+0x7f274a]
V  [jvm.dll+0x682ad5]
C  [ucrtbase.dll+0x29363]
C  [KERNEL32.DLL+0x1257d]
C  [ntdll.dll+0x5aa68]

VM_Operation (0x000000f1407fa670): G1TryInitiateConcMark, mode: safepoint, requested by thread 0x000002ca9efe4be0


---------------  P R O C E S S  ---------------

Threads class SMR info:
_java_thread_list=0x000002ca98a565c0, length=186, elements={
0x000002caf7b09910, 0x000002caff813020, 0x000002caff813e90, 0x000002cafedc3f40,
0x000002caff831ff0, 0x000002caff833a20, 0x000002caff8384f0, 0x000002caff83d770,
0x000002caff8481a0, 0x000002caff84cbc0, 0x000002caff988d40, 0x000002ca932c5f10,
0x000002ca97af5c10, 0x000002ca93714a40, 0x000002ca96b0aab0, 0x000002ca97c45a90,
0x000002ca956b5050, 0x000002ca9329dd60, 0x000002ca9329ebd0, 0x000002ca9329f0a0,
0x000002ca9329e230, 0x000002ca9329d890, 0x000002ca9329e700, 0x000002ca9329ff10,
0x000002ca932a08b0, 0x000002ca9329f570, 0x000002ca9329cef0, 0x000002ca98ef4260,
0x000002ca98ef7750, 0x000002ca98efa2a0, 0x000002ca98efa770, 0x000002ca98ef7280,
0x000002ca98ef7c20, 0x000002ca98efac40, 0x000002ca98ef85c0, 0x000002ca98ef8a90,
0x000002ca98ef9430, 0x000002ca98ef8f60, 0x000002ca98ef55a0, 0x000002ca98ef5f40,
0x000002ca98ef9900, 0x000002ca990f5400, 0x000002ca990f4590, 0x000002ca990f88f0,
0x000002ca990f9c30, 0x000002ca990f6c10, 0x000002ca990faaa0, 0x000002ca990fa5d0,
0x000002ca990faf70, 0x000002ca990fb440, 0x000002ca990fa100, 0x000002ca990f58d0,
0x000002ca990f8dc0, 0x000002ca990f4f30, 0x000002ca990f8420, 0x000002ca990f7f50,
0x000002ca990fb910, 0x000002ca990f40c0, 0x000002ca990f70e0, 0x000002ca990f5da0,
0x000002ca990f9290, 0x000002ca990f9760, 0x000002ca990f6270, 0x000002ca990f6740,
0x000002ca97df33e0, 0x000002ca97dfa290, 0x000002ca97df4250, 0x000002ca97df7740,
0x000002ca97df6400, 0x000002ca97df6da0, 0x000002ca97df7c10, 0x000002ca97df5a60,
0x000002ca97df68d0, 0x000002ca97df80e0, 0x000002ca97df7270, 0x000002ca97df38b0,
0x000002ca97df85b0, 0x000002ca97df8a80, 0x000002ca97df50c0, 0x000002ca97df5590,
0x000002ca97df8f50, 0x000002ca97df5f30, 0x000002ca97df4720, 0x000002ca97df9420,
0x000002ca97df4bf0, 0x000002ca97df98f0, 0x000002ca97df9dc0, 0x000002ca97dfa760,
0x000002ca97df2f10, 0x000002ca97df3d80, 0x000002ca98298bb0, 0x000002ca98299080,
0x000002ca98296ed0, 0x000002ca98299550, 0x000002ca98297d40, 0x000002ca98297870,
0x000002ca982973a0, 0x000002ca98299a20, 0x000002ca98298210, 0x000002ca98296530,
0x000002ca98296060, 0x000002ca98296a00, 0x000002ca982986e0, 0x000002ca99adc550,
0x000002ca99adc080, 0x000002ca99ad9ed0, 0x000002ca99add890, 0x000002ca99adbbb0,
0x000002ca99adcef0, 0x000002ca99ae03e0, 0x000002ca99adca20, 0x000002ca99adb210,
0x000002ca99ae08b0, 0x000002ca99adf570, 0x000002ca99ada3a0, 0x000002ca99add3c0,
0x000002ca99ada870, 0x000002ca99ad9060, 0x000002ca99adff10, 0x000002ca99addd60,
0x000002ca99adad40, 0x000002ca99adebd0, 0x000002ca99ade230, 0x000002ca99ade700,
0x000002ca99ad9530, 0x000002ca99adb6e0, 0x000002ca99adf0a0, 0x000002ca99adfa40,
0x000002ca99ad9a00, 0x000002ca98dfb4b0, 0x000002ca98df97d0, 0x000002ca98df7fc0,
0x000002ca98df4ad0, 0x000002ca98dfa170, 0x000002ca98df4fa0, 0x000002ca98df5e10,
0x000002ca98df62e0, 0x000002ca98dfb980, 0x000002ca98df7af0, 0x000002ca98df5470,
0x000002ca98df5940, 0x000002ca98df9ca0, 0x000002ca98df4130, 0x000002ca98df4600,
0x000002ca98df6c80, 0x000002ca98df67b0, 0x000002ca98df7150, 0x000002ca98df7620,
0x000002ca98df8490, 0x000002ca98df8e30, 0x000002ca98dfa640, 0x000002ca98df9300,
0x000002ca98dfafe0, 0x000002ca98df8960, 0x000002ca98dfab10, 0x000002ca93d69740,
0x000002ca93d66bf0, 0x000002ca93d6a5b0, 0x000002ca93d66720, 0x000002ca93d6bdc0,
0x000002ca93d670c0, 0x000002ca93d69270, 0x000002ca93d6aa80, 0x000002ca93d6a0e0,
0x000002ca93d67f30, 0x000002ca93d68400, 0x000002ca93d688d0, 0x000002ca93d67590,
0x000002ca95679ff0, 0x000002ca93d6c760, 0x000002ca93d68da0, 0x000002ca9efe50b0,
0x000002ca9efe63f0, 0x000002ca9efe5580, 0x000002ca9efe7730, 0x000002ca9efe5a50,
0x000002ca9efe7c00, 0x000002ca9efe5f20, 0x000002ca9efe68c0, 0x000002ca9efe80d0,
0x000002ca9efe85a0, 0x000002ca9efe4be0, 0x000002ca9efe6d90, 0x000002ca98b69e30,
0x000002ca98b6b170, 0x000002ca98b6aca0
}

Java Threads: ( => current thread )
  0x000002caf7b09910 JavaThread "main" [_thread_blocked, id=29900, stack(0x000000f133c00000,0x000000f133d00000)]
  0x000002caff813020 JavaThread "Reference Handler" daemon [_thread_blocked, id=18172, stack(0x000000f134300000,0x000000f134400000)]
  0x000002caff813e90 JavaThread "Finalizer" daemon [_thread_blocked, id=14480, stack(0x000000f134400000,0x000000f134500000)]
  0x000002cafedc3f40 JavaThread "Signal Dispatcher" daemon [_thread_blocked, id=26012, stack(0x000000f134500000,0x000000f134600000)]
  0x000002caff831ff0 JavaThread "Attach Listener" daemon [_thread_blocked, id=31360, stack(0x000000f134600000,0x000000f134700000)]
  0x000002caff833a20 JavaThread "Service Thread" daemon [_thread_blocked, id=26240, stack(0x000000f134700000,0x000000f134800000)]
  0x000002caff8384f0 JavaThread "Monitor Deflation Thread" daemon [_thread_blocked, id=6200, stack(0x000000f134800000,0x000000f134900000)]
  0x000002caff83d770 JavaThread "C2 CompilerThread0" daemon [_thread_blocked, id=12812, stack(0x000000f134900000,0x000000f134a00000)]
  0x000002caff8481a0 JavaThread "C1 CompilerThread0" daemon [_thread_blocked, id=20124, stack(0x000000f134a00000,0x000000f134b00000)]
  0x000002caff84cbc0 JavaThread "Sweeper thread" daemon [_thread_blocked, id=28400, stack(0x000000f134b00000,0x000000f134c00000)]
  0x000002caff988d40 JavaThread "Common-Cleaner" daemon [_thread_blocked, id=8424, stack(0x000000f134c00000,0x000000f134d00000)]
  0x000002ca932c5f10 JavaThread "Notification Thread" daemon [_thread_blocked, id=31072, stack(0x000000f134f00000,0x000000f135000000)]
  0x000002ca97af5c10 JavaThread "Daemon health stats" [_thread_blocked, id=32128, stack(0x000000f135500000,0x000000f135600000)]
  0x000002ca93714a40 JavaThread "Incoming local TCP Connector on port 64084" [_thread_in_native, id=25460, stack(0x000000f135900000,0x000000f135a00000)]
  0x000002ca96b0aab0 JavaThread "Daemon periodic checks" [_thread_blocked, id=32008, stack(0x000000f135a00000,0x000000f135b00000)]
  0x000002ca97c45a90 JavaThread "Daemon" [_thread_blocked, id=10276, stack(0x000000f135b00000,0x000000f135c00000)]
  0x000002ca956b5050 JavaThread "Handler for socket connection from /127.0.0.1:64084 to /127.0.0.1:64085" [_thread_in_native, id=30836, stack(0x000000f135c00000,0x000000f135d00000)]
  0x000002ca9329dd60 JavaThread "Cancel handler" [_thread_blocked, id=20312, stack(0x000000f135f00000,0x000000f136000000)]
  0x000002ca9329ebd0 JavaThread "Daemon worker" [_thread_blocked, id=30392, stack(0x000000f136000000,0x000000f136100000)]
  0x000002ca9329f0a0 JavaThread "Asynchronous log dispatcher for DefaultDaemonConnection: socket connection from /127.0.0.1:64084 to /127.0.0.1:64085" [_thread_blocked, id=27040, stack(0x000000f136100000,0x000000f136200000)]
  0x000002ca9329e230 JavaThread "Stdin handler" [_thread_blocked, id=16996, stack(0x000000f136200000,0x000000f136300000)]
  0x000002ca9329d890 JavaThread "Daemon client event forwarder" [_thread_blocked, id=31436, stack(0x000000f136300000,0x000000f136400000)]
  0x000002ca9329e700 JavaThread "Cache worker for journal cache (C:\Users\aditi\AndroidStudioProjects\HelloWorld\gradle\caches\journal-1)" [_thread_blocked, id=31592, stack(0x000000f134e00000,0x000000f134f00000)]
  0x000002ca9329ff10 JavaThread "File lock request listener" [_thread_in_native, id=29820, stack(0x000000f136600000,0x000000f136700000)]
  0x000002ca932a08b0 JavaThread "Cache worker for file hash cache (C:\Users\aditi\AndroidStudioProjects\HelloWorld\gradle\caches\8.0\fileHashes)" [_thread_blocked, id=2260, stack(0x000000f136700000,0x000000f136800000)]
  0x000002ca9329f570 JavaThread "File watcher server" daemon [_thread_blocked, id=28828, stack(0x000000f136900000,0x000000f136a00000)]
  0x000002ca9329cef0 JavaThread "File watcher consumer" daemon [_thread_blocked, id=30056, stack(0x000000f136a00000,0x000000f136b00000)]
  0x000002ca98ef4260 JavaThread "Cache worker for checksums cache (C:\Users\aditi\AndroidStudioProjects\TicTacToe\.gradle\8.0\checksums)" [_thread_blocked, id=21928, stack(0x000000f136b00000,0x000000f136c00000)]
  0x000002ca98ef7750 JavaThread "Cache worker for cache directory md-rule (C:\Users\aditi\AndroidStudioProjects\HelloWorld\gradle\caches\8.0\md-rule)" [_thread_blocked, id=32196, stack(0x000000f136c00000,0x000000f136d00000)]
  0x000002ca98efa2a0 JavaThread "Cache worker for file content cache (C:\Users\aditi\AndroidStudioProjects\HelloWorld\gradle\caches\8.0\fileContent)" [_thread_blocked, id=32152, stack(0x000000f136d00000,0x000000f136e00000)]
  0x000002ca98efa770 JavaThread "Cache worker for file hash cache (C:\Users\aditi\AndroidStudioProjects\TicTacToe\.gradle\8.0\fileHashes)" [_thread_blocked, id=29312, stack(0x000000f136e00000,0x000000f136f00000)]
  0x000002ca98ef7280 JavaThread "Cache worker for cache directory md-supplier (C:\Users\aditi\AndroidStudioProjects\HelloWorld\gradle\caches\8.0\md-supplier)" [_thread_blocked, id=15560, stack(0x000000f136f00000,0x000000f137000000)]
  0x000002ca98ef7c20 JavaThread "Cache worker for execution history cache (C:\Users\aditi\AndroidStudioProjects\HelloWorld\gradle\caches\8.0\executionHistory)" [_thread_blocked, id=22512, stack(0x000000f137000000,0x000000f137100000)]
  0x000002ca98efac40 JavaThread "jar transforms" [_thread_blocked, id=32528, stack(0x000000f137100000,0x000000f137200000)]
  0x000002ca98ef85c0 JavaThread "jar transforms Thread 2" [_thread_blocked, id=30216, stack(0x000000f137200000,0x000000f137300000)]
  0x000002ca98ef8a90 JavaThread "Cache worker for kotlin-dsl (C:\Users\aditi\AndroidStudioProjects\HelloWorld\gradle\caches\8.0\kotlin-dsl)" [_thread_blocked, id=27352, stack(0x000000f137300000,0x000000f137400000)]
  0x000002ca98ef9430 JavaThread "jar transforms Thread 3" [_thread_blocked, id=11032, stack(0x000000f137400000,0x000000f137500000)]
  0x000002ca98ef8f60 JavaThread "jar transforms Thread 4" [_thread_blocked, id=9980, stack(0x000000f137500000,0x000000f137600000)]
  0x000002ca98ef55a0 JavaThread "Cache worker for dependencies-accessors (C:\Users\aditi\AndroidStudioProjects\TicTacToe\.gradle\8.0\dependencies-accessors)" [_thread_blocked, id=8352, stack(0x000000f137600000,0x000000f137700000)]
  0x000002ca98ef5f40 JavaThread "Cache worker for Build Output Cleanup Cache (C:\Users\aditi\AndroidStudioProjects\TicTacToe\.gradle\buildOutputCleanup)" [_thread_blocked, id=28420, stack(0x000000f137700000,0x000000f137800000)]
  0x000002ca98ef9900 JavaThread "jar transforms Thread 5" [_thread_blocked, id=21236, stack(0x000000f137800000,0x000000f137900000)]
  0x000002ca990f5400 JavaThread "Unconstrained build operations" [_thread_blocked, id=31140, stack(0x000000f134d00000,0x000000f134e00000)]
  0x000002ca990f4590 JavaThread "Unconstrained build operations Thread 2" [_thread_blocked, id=9688, stack(0x000000f136800000,0x000000f136900000)]
  0x000002ca990f88f0 JavaThread "Unconstrained build operations Thread 3" [_thread_blocked, id=30652, stack(0x000000f137a00000,0x000000f137b00000)]
  0x000002ca990f9c30 JavaThread "Unconstrained build operations Thread 4" [_thread_blocked, id=29712, stack(0x000000f137b00000,0x000000f137c00000)]
  0x000002ca990f6c10 JavaThread "Unconstrained build operations Thread 5" [_thread_blocked, id=20348, stack(0x000000f137c00000,0x000000f137d00000)]
  0x000002ca990faaa0 JavaThread "Unconstrained build operations Thread 6" [_thread_blocked, id=32448, stack(0x000000f137d00000,0x000000f137e00000)]
  0x000002ca990fa5d0 JavaThread "Unconstrained build operations Thread 7" [_thread_blocked, id=17292, stack(0x000000f137e00000,0x000000f137f00000)]
  0x000002ca990faf70 JavaThread "Unconstrained build operations Thread 8" [_thread_blocked, id=10152, stack(0x000000f137f00000,0x000000f138000000)]
  0x000002ca990fb440 JavaThread "Unconstrained build operations Thread 9" [_thread_blocked, id=15860, stack(0x000000f138000000,0x000000f138100000)]
  0x000002ca990fa100 JavaThread "Unconstrained build operations Thread 10" [_thread_blocked, id=30860, stack(0x000000f138100000,0x000000f138200000)]
  0x000002ca990f58d0 JavaThread "Unconstrained build operations Thread 11" [_thread_blocked, id=28920, stack(0x000000f138200000,0x000000f138300000)]
  0x000002ca990f8dc0 JavaThread "Unconstrained build operations Thread 12" [_thread_blocked, id=31528, stack(0x000000f138300000,0x000000f138400000)]
  0x000002ca990f4f30 JavaThread "Unconstrained build operations Thread 13" [_thread_blocked, id=22684, stack(0x000000f138400000,0x000000f138500000)]
  0x000002ca990f8420 JavaThread "Unconstrained build operations Thread 14" [_thread_blocked, id=20168, stack(0x000000f138500000,0x000000f138600000)]
  0x000002ca990f7f50 JavaThread "Unconstrained build operations Thread 15" [_thread_blocked, id=9724, stack(0x000000f138600000,0x000000f138700000)]
  0x000002ca990fb910 JavaThread "Unconstrained build operations Thread 16" [_thread_blocked, id=31052, stack(0x000000f138700000,0x000000f138800000)]
  0x000002ca990f40c0 JavaThread "Unconstrained build operations Thread 17" [_thread_blocked, id=29388, stack(0x000000f138800000,0x000000f138900000)]
  0x000002ca990f70e0 JavaThread "Unconstrained build operations Thread 18" [_thread_blocked, id=20484, stack(0x000000f138900000,0x000000f138a00000)]
  0x000002ca990f5da0 JavaThread "Unconstrained build operations Thread 19" [_thread_blocked, id=10900, stack(0x000000f138a00000,0x000000f138b00000)]
  0x000002ca990f9290 JavaThread "Unconstrained build operations Thread 20" [_thread_blocked, id=12496, stack(0x000000f138b00000,0x000000f138c00000)]
  0x000002ca990f9760 JavaThread "Unconstrained build operations Thread 21" [_thread_blocked, id=32476, stack(0x000000f138c00000,0x000000f138d00000)]
  0x000002ca990f6270 JavaThread "Unconstrained build operations Thread 22" [_thread_blocked, id=31584, stack(0x000000f138d00000,0x000000f138e00000)]
  0x000002ca990f6740 JavaThread "Unconstrained build operations Thread 23" [_thread_blocked, id=25904, stack(0x000000f138e00000,0x000000f138f00000)]
  0x000002ca97df33e0 JavaThread "Unconstrained build operations Thread 24" [_thread_blocked, id=19412, stack(0x000000f138f00000,0x000000f139000000)]
  0x000002ca97dfa290 JavaThread "Unconstrained build operations Thread 25" [_thread_blocked, id=3820, stack(0x000000f139000000,0x000000f139100000)]
  0x000002ca97df4250 JavaThread "Unconstrained build operations Thread 26" [_thread_blocked, id=3716, stack(0x000000f139100000,0x000000f139200000)]
  0x000002ca97df7740 JavaThread "Unconstrained build operations Thread 27" [_thread_blocked, id=28456, stack(0x000000f139200000,0x000000f139300000)]
  0x000002ca97df6400 JavaThread "Unconstrained build operations Thread 28" [_thread_blocked, id=20376, stack(0x000000f139300000,0x000000f139400000)]
  0x000002ca97df6da0 JavaThread "Unconstrained build operations Thread 29" [_thread_blocked, id=23600, stack(0x000000f139400000,0x000000f139500000)]
  0x000002ca97df7c10 JavaThread "Unconstrained build operations Thread 30" [_thread_blocked, id=9856, stack(0x000000f139500000,0x000000f139600000)]
  0x000002ca97df5a60 JavaThread "Unconstrained build operations Thread 31" [_thread_blocked, id=29812, stack(0x000000f139600000,0x000000f139700000)]
  0x000002ca97df68d0 JavaThread "Unconstrained build operations Thread 32" [_thread_blocked, id=30816, stack(0x000000f139700000,0x000000f139800000)]
  0x000002ca97df80e0 JavaThread "Unconstrained build operations Thread 33" [_thread_blocked, id=12368, stack(0x000000f139800000,0x000000f139900000)]
  0x000002ca97df7270 JavaThread "Unconstrained build operations Thread 34" [_thread_blocked, id=15148, stack(0x000000f139900000,0x000000f139a00000)]
  0x000002ca97df38b0 JavaThread "Unconstrained build operations Thread 35" [_thread_blocked, id=32248, stack(0x000000f139a00000,0x000000f139b00000)]
  0x000002ca97df85b0 JavaThread "Unconstrained build operations Thread 36" [_thread_blocked, id=14148, stack(0x000000f139b00000,0x000000f139c00000)]
  0x000002ca97df8a80 JavaThread "Unconstrained build operations Thread 37" [_thread_blocked, id=19292, stack(0x000000f139c00000,0x000000f139d00000)]
  0x000002ca97df50c0 JavaThread "Unconstrained build operations Thread 38" [_thread_blocked, id=24780, stack(0x000000f139d00000,0x000000f139e00000)]
  0x000002ca97df5590 JavaThread "Unconstrained build operations Thread 39" [_thread_blocked, id=12228, stack(0x000000f139e00000,0x000000f139f00000)]
  0x000002ca97df8f50 JavaThread "Unconstrained build operations Thread 40" [_thread_blocked, id=26784, stack(0x000000f139f00000,0x000000f13a000000)]
  0x000002ca97df5f30 JavaThread "Unconstrained build operations Thread 41" [_thread_blocked, id=18448, stack(0x000000f13a000000,0x000000f13a100000)]
  0x000002ca97df4720 JavaThread "Unconstrained build operations Thread 42" [_thread_blocked, id=7748, stack(0x000000f13a100000,0x000000f13a200000)]
  0x000002ca97df9420 JavaThread "Unconstrained build operations Thread 43" [_thread_blocked, id=31112, stack(0x000000f13a200000,0x000000f13a300000)]
  0x000002ca97df4bf0 JavaThread "Unconstrained build operations Thread 44" [_thread_blocked, id=26328, stack(0x000000f13a300000,0x000000f13a400000)]
  0x000002ca97df98f0 JavaThread "Unconstrained build operations Thread 45" [_thread_blocked, id=22204, stack(0x000000f13a400000,0x000000f13a500000)]
  0x000002ca97df9dc0 JavaThread "Unconstrained build operations Thread 46" [_thread_blocked, id=22944, stack(0x000000f13a500000,0x000000f13a600000)]
  0x000002ca97dfa760 JavaThread "Unconstrained build operations Thread 47" [_thread_blocked, id=16056, stack(0x000000f13a600000,0x000000f13a700000)]
  0x000002ca97df2f10 JavaThread "Unconstrained build operations Thread 48" [_thread_blocked, id=1624, stack(0x000000f13a700000,0x000000f13a800000)]
  0x000002ca97df3d80 JavaThread "Unconstrained build operations Thread 49" [_thread_blocked, id=9100, stack(0x000000f13a800000,0x000000f13a900000)]
  0x000002ca98298bb0 JavaThread "Unconstrained build operations Thread 50" [_thread_blocked, id=27072, stack(0x000000f13a900000,0x000000f13aa00000)]
  0x000002ca98299080 JavaThread "Unconstrained build operations Thread 51" [_thread_blocked, id=22688, stack(0x000000f13aa00000,0x000000f13ab00000)]
  0x000002ca98296ed0 JavaThread "Unconstrained build operations Thread 52" [_thread_blocked, id=28508, stack(0x000000f13ab00000,0x000000f13ac00000)]
  0x000002ca98299550 JavaThread "Unconstrained build operations Thread 53" [_thread_blocked, id=21344, stack(0x000000f13ac00000,0x000000f13ad00000)]
  0x000002ca98297d40 JavaThread "Unconstrained build operations Thread 54" [_thread_blocked, id=26204, stack(0x000000f13ad00000,0x000000f13ae00000)]
  0x000002ca98297870 JavaThread "Unconstrained build operations Thread 55" [_thread_blocked, id=28208, stack(0x000000f13ae00000,0x000000f13af00000)]
  0x000002ca982973a0 JavaThread "Unconstrained build operations Thread 56" [_thread_blocked, id=26092, stack(0x000000f13af00000,0x000000f13b000000)]
  0x000002ca98299a20 JavaThread "Unconstrained build operations Thread 57" [_thread_blocked, id=17748, stack(0x000000f13b000000,0x000000f13b100000)]
  0x000002ca98298210 JavaThread "Unconstrained build operations Thread 58" [_thread_blocked, id=26904, stack(0x000000f13b100000,0x000000f13b200000)]
  0x000002ca98296530 JavaThread "Unconstrained build operations Thread 59" [_thread_blocked, id=12272, stack(0x000000f13b200000,0x000000f13b300000)]
  0x000002ca98296060 JavaThread "Unconstrained build operations Thread 60" [_thread_blocked, id=28280, stack(0x000000f13b300000,0x000000f13b400000)]
  0x000002ca98296a00 JavaThread "Unconstrained build operations Thread 61" [_thread_blocked, id=22672, stack(0x000000f13b400000,0x000000f13b500000)]
  0x000002ca982986e0 JavaThread "Unconstrained build operations Thread 62" [_thread_blocked, id=27968, stack(0x000000f13b500000,0x000000f13b600000)]
  0x000002ca99adc550 JavaThread "Unconstrained build operations Thread 63" [_thread_blocked, id=30972, stack(0x000000f13b600000,0x000000f13b700000)]
  0x000002ca99adc080 JavaThread "Unconstrained build operations Thread 64" [_thread_blocked, id=4004, stack(0x000000f13b700000,0x000000f13b800000)]
  0x000002ca99ad9ed0 JavaThread "Unconstrained build operations Thread 65" [_thread_blocked, id=8264, stack(0x000000f13b800000,0x000000f13b900000)]
  0x000002ca99add890 JavaThread "Unconstrained build operations Thread 66" [_thread_blocked, id=21684, stack(0x000000f13b900000,0x000000f13ba00000)]
  0x000002ca99adbbb0 JavaThread "Unconstrained build operations Thread 67" [_thread_blocked, id=26104, stack(0x000000f13ba00000,0x000000f13bb00000)]
  0x000002ca99adcef0 JavaThread "Unconstrained build operations Thread 68" [_thread_blocked, id=13356, stack(0x000000f13bb00000,0x000000f13bc00000)]
  0x000002ca99ae03e0 JavaThread "Unconstrained build operations Thread 69" [_thread_blocked, id=14748, stack(0x000000f13bc00000,0x000000f13bd00000)]
  0x000002ca99adca20 JavaThread "Unconstrained build operations Thread 70" [_thread_blocked, id=24344, stack(0x000000f13bd00000,0x000000f13be00000)]
  0x000002ca99adb210 JavaThread "Unconstrained build operations Thread 71" [_thread_blocked, id=30548, stack(0x000000f13be00000,0x000000f13bf00000)]
  0x000002ca99ae08b0 JavaThread "Unconstrained build operations Thread 72" [_thread_blocked, id=29924, stack(0x000000f13bf00000,0x000000f13c000000)]
  0x000002ca99adf570 JavaThread "Unconstrained build operations Thread 73" [_thread_blocked, id=31956, stack(0x000000f13c000000,0x000000f13c100000)]
  0x000002ca99ada3a0 JavaThread "Unconstrained build operations Thread 74" [_thread_blocked, id=28488, stack(0x000000f13c200000,0x000000f13c300000)]
  0x000002ca99add3c0 JavaThread "Unconstrained build operations Thread 75" [_thread_blocked, id=31664, stack(0x000000f13c300000,0x000000f13c400000)]
  0x000002ca99ada870 JavaThread "Unconstrained build operations Thread 76" [_thread_blocked, id=20004, stack(0x000000f13c400000,0x000000f13c500000)]
  0x000002ca99ad9060 JavaThread "Unconstrained build operations Thread 77" [_thread_blocked, id=22600, stack(0x000000f13c500000,0x000000f13c600000)]
  0x000002ca99adff10 JavaThread "Unconstrained build operations Thread 78" [_thread_blocked, id=26420, stack(0x000000f13c600000,0x000000f13c700000)]
  0x000002ca99addd60 JavaThread "Unconstrained build operations Thread 79" [_thread_blocked, id=24584, stack(0x000000f13c700000,0x000000f13c800000)]
  0x000002ca99adad40 JavaThread "Unconstrained build operations Thread 80" [_thread_blocked, id=21140, stack(0x000000f13c800000,0x000000f13c900000)]
  0x000002ca99adebd0 JavaThread "Unconstrained build operations Thread 81" [_thread_blocked, id=8812, stack(0x000000f13c900000,0x000000f13ca00000)]
  0x000002ca99ade230 JavaThread "Unconstrained build operations Thread 82" [_thread_blocked, id=12196, stack(0x000000f13ca00000,0x000000f13cb00000)]
  0x000002ca99ade700 JavaThread "Unconstrained build operations Thread 83" [_thread_blocked, id=9028, stack(0x000000f13cb00000,0x000000f13cc00000)]
  0x000002ca99ad9530 JavaThread "Unconstrained build operations Thread 84" [_thread_blocked, id=28956, stack(0x000000f13cc00000,0x000000f13cd00000)]
  0x000002ca99adb6e0 JavaThread "Unconstrained build operations Thread 85" [_thread_blocked, id=20212, stack(0x000000f13cd00000,0x000000f13ce00000)]
  0x000002ca99adf0a0 JavaThread "Unconstrained build operations Thread 86" [_thread_blocked, id=21740, stack(0x000000f13ce00000,0x000000f13cf00000)]
  0x000002ca99adfa40 JavaThread "Unconstrained build operations Thread 87" [_thread_blocked, id=21152, stack(0x000000f13cf00000,0x000000f13d000000)]
  0x000002ca99ad9a00 JavaThread "Unconstrained build operations Thread 88" [_thread_blocked, id=21596, stack(0x000000f13d000000,0x000000f13d100000)]
  0x000002ca98dfb4b0 JavaThread "Unconstrained build operations Thread 89" [_thread_blocked, id=32260, stack(0x000000f13d100000,0x000000f13d200000)]
  0x000002ca98df97d0 JavaThread "Unconstrained build operations Thread 90" [_thread_blocked, id=32572, stack(0x000000f13d200000,0x000000f13d300000)]
  0x000002ca98df7fc0 JavaThread "Unconstrained build operations Thread 91" [_thread_blocked, id=26640, stack(0x000000f13d300000,0x000000f13d400000)]
  0x000002ca98df4ad0 JavaThread "Unconstrained build operations Thread 92" [_thread_blocked, id=8764, stack(0x000000f13d400000,0x000000f13d500000)]
  0x000002ca98dfa170 JavaThread "Unconstrained build operations Thread 93" [_thread_blocked, id=31596, stack(0x000000f13d500000,0x000000f13d600000)]
  0x000002ca98df4fa0 JavaThread "Unconstrained build operations Thread 94" [_thread_blocked, id=30656, stack(0x000000f13d600000,0x000000f13d700000)]
  0x000002ca98df5e10 JavaThread "Unconstrained build operations Thread 95" [_thread_blocked, id=23812, stack(0x000000f13d700000,0x000000f13d800000)]
  0x000002ca98df62e0 JavaThread "Unconstrained build operations Thread 96" [_thread_blocked, id=20628, stack(0x000000f13d800000,0x000000f13d900000)]
  0x000002ca98dfb980 JavaThread "Unconstrained build operations Thread 97" [_thread_blocked, id=5580, stack(0x000000f13d900000,0x000000f13da00000)]
  0x000002ca98df7af0 JavaThread "Unconstrained build operations Thread 98" [_thread_blocked, id=32640, stack(0x000000f13da00000,0x000000f13db00000)]
  0x000002ca98df5470 JavaThread "Unconstrained build operations Thread 99" [_thread_blocked, id=32192, stack(0x000000f13db00000,0x000000f13dc00000)]
  0x000002ca98df5940 JavaThread "Unconstrained build operations Thread 100" [_thread_blocked, id=28200, stack(0x000000f13dc00000,0x000000f13dd00000)]
  0x000002ca98df9ca0 JavaThread "Unconstrained build operations Thread 101" [_thread_blocked, id=13632, stack(0x000000f13dd00000,0x000000f13de00000)]
  0x000002ca98df4130 JavaThread "Unconstrained build operations Thread 102" [_thread_blocked, id=18604, stack(0x000000f13de00000,0x000000f13df00000)]
  0x000002ca98df4600 JavaThread "Unconstrained build operations Thread 103" [_thread_blocked, id=29516, stack(0x000000f13df00000,0x000000f13e000000)]
  0x000002ca98df6c80 JavaThread "Unconstrained build operations Thread 104" [_thread_blocked, id=30700, stack(0x000000f13e000000,0x000000f13e100000)]
  0x000002ca98df67b0 JavaThread "Unconstrained build operations Thread 105" [_thread_blocked, id=9652, stack(0x000000f13e100000,0x000000f13e200000)]
  0x000002ca98df7150 JavaThread "Unconstrained build operations Thread 106" [_thread_blocked, id=7288, stack(0x000000f13e200000,0x000000f13e300000)]
  0x000002ca98df7620 JavaThread "Unconstrained build operations Thread 107" [_thread_blocked, id=29704, stack(0x000000f13e300000,0x000000f13e400000)]
  0x000002ca98df8490 JavaThread "Unconstrained build operations Thread 108" [_thread_blocked, id=13768, stack(0x000000f13e400000,0x000000f13e500000)]
  0x000002ca98df8e30 JavaThread "Unconstrained build operations Thread 109" [_thread_blocked, id=22724, stack(0x000000f13e500000,0x000000f13e600000)]
  0x000002ca98dfa640 JavaThread "Unconstrained build operations Thread 110" [_thread_blocked, id=26744, stack(0x000000f13e600000,0x000000f13e700000)]
  0x000002ca98df9300 JavaThread "Unconstrained build operations Thread 111" [_thread_blocked, id=25796, stack(0x000000f13e700000,0x000000f13e800000)]
  0x000002ca98dfafe0 JavaThread "Unconstrained build operations Thread 112" [_thread_blocked, id=22020, stack(0x000000f13e800000,0x000000f13e900000)]
  0x000002ca98df8960 JavaThread "Unconstrained build operations Thread 113" [_thread_blocked, id=26600, stack(0x000000f13e900000,0x000000f13ea00000)]
  0x000002ca98dfab10 JavaThread "Unconstrained build operations Thread 114" [_thread_blocked, id=30052, stack(0x000000f13ea00000,0x000000f13eb00000)]
  0x000002ca93d69740 JavaThread "Unconstrained build operations Thread 115" [_thread_blocked, id=31892, stack(0x000000f13eb00000,0x000000f13ec00000)]
  0x000002ca93d66bf0 JavaThread "Unconstrained build operations Thread 116" [_thread_blocked, id=4948, stack(0x000000f13ec00000,0x000000f13ed00000)]
  0x000002ca93d6a5b0 JavaThread "Unconstrained build operations Thread 117" [_thread_blocked, id=12712, stack(0x000000f13ed00000,0x000000f13ee00000)]
  0x000002ca93d66720 JavaThread "Unconstrained build operations Thread 118" [_thread_blocked, id=29664, stack(0x000000f13ee00000,0x000000f13ef00000)]
  0x000002ca93d6bdc0 JavaThread "Unconstrained build operations Thread 119" [_thread_blocked, id=19000, stack(0x000000f13ef00000,0x000000f13f000000)]
  0x000002ca93d670c0 JavaThread "Unconstrained build operations Thread 120" [_thread_blocked, id=20444, stack(0x000000f13f000000,0x000000f13f100000)]
  0x000002ca93d69270 JavaThread "jar transforms Thread 6" [_thread_blocked, id=29908, stack(0x000000f13f100000,0x000000f13f200000)]
  0x000002ca93d6aa80 JavaThread "jar transforms Thread 7" [_thread_blocked, id=27892, stack(0x000000f13f200000,0x000000f13f300000)]
  0x000002ca93d6a0e0 JavaThread "jar transforms Thread 8" [_thread_blocked, id=31328, stack(0x000000f13f300000,0x000000f13f400000)]
  0x000002ca93d67f30 JavaThread "jar transforms Thread 9" [_thread_blocked, id=31012, stack(0x000000f13f400000,0x000000f13f500000)]
  0x000002ca93d68400 JavaThread "jar transforms Thread 10" [_thread_blocked, id=24336, stack(0x000000f13f500000,0x000000f13f600000)]
  0x000002ca93d688d0 JavaThread "jar transforms Thread 11" [_thread_blocked, id=27116, stack(0x000000f13f600000,0x000000f13f700000)]
  0x000002ca93d67590 JavaThread "jar transforms Thread 12" [_thread_blocked, id=31948, stack(0x000000f13f700000,0x000000f13f800000)]
  0x000002ca95679ff0 JavaThread "C2 CompilerThread1" daemon [_thread_blocked, id=28944, stack(0x000000f13c100000,0x000000f13c200000)]
  0x000002ca93d6c760 JavaThread "build event listener" [_thread_blocked, id=28628, stack(0x000000f13f800000,0x000000f13f900000)]
  0x000002ca93d68da0 JavaThread "Memory manager" [_thread_blocked, id=15320, stack(0x000000f13f900000,0x000000f13fa00000)]
  0x000002ca9efe50b0 JavaThread "pool-3-thread-1" [_thread_blocked, id=10048, stack(0x000000f13fd00000,0x000000f13fe00000)]
  0x000002ca9efe63f0 JavaThread "build event listener" [_thread_blocked, id=17124, stack(0x000000f13fe00000,0x000000f13ff00000)]
  0x000002ca9efe5580 JavaThread "included builds" [_thread_blocked, id=32456, stack(0x000000f13ff00000,0x000000f140000000)]
  0x000002ca9efe7730 JavaThread "Execution worker" [_thread_blocked, id=26832, stack(0x000000f140000000,0x000000f140100000)]
  0x000002ca9efe5a50 JavaThread "Execution worker Thread 2" [_thread_blocked, id=11964, stack(0x000000f140100000,0x000000f140200000)]
  0x000002ca9efe7c00 JavaThread "Execution worker Thread 3" [_thread_blocked, id=26688, stack(0x000000f140200000,0x000000f140300000)]
  0x000002ca9efe5f20 JavaThread "Execution worker Thread 4" [_thread_blocked, id=1896, stack(0x000000f140300000,0x000000f140400000)]
  0x000002ca9efe68c0 JavaThread "Execution worker Thread 5" [_thread_blocked, id=15292, stack(0x000000f140400000,0x000000f140500000)]
  0x000002ca9efe80d0 JavaThread "Execution worker Thread 6" [_thread_blocked, id=23684, stack(0x000000f140500000,0x000000f140600000)]
  0x000002ca9efe85a0 JavaThread "Execution worker Thread 7" [_thread_blocked, id=19244, stack(0x000000f140600000,0x000000f140700000)]
  0x000002ca9efe4be0 JavaThread "Execution worker Thread 8" [_thread_blocked, id=30084, stack(0x000000f140700000,0x000000f140800000)]
  0x000002ca9efe6d90 JavaThread "Execution worker Thread 9" [_thread_blocked, id=12680, stack(0x000000f140800000,0x000000f140900000)]
  0x000002ca98b69e30 JavaThread "Execution worker Thread 10" [_thread_blocked, id=16316, stack(0x000000f140900000,0x000000f140a00000)]
  0x000002ca98b6b170 JavaThread "Execution worker Thread 11" [_thread_blocked, id=30528, stack(0x000000f140a00000,0x000000f140b00000)]
  0x000002ca98b6aca0 JavaThread "Cache worker for execution history cache (C:\Users\aditi\AndroidStudioProjects\TicTacToe\.gradle\8.0\executionHistory)" [_thread_blocked, id=19172, stack(0x000000f140b00000,0x000000f140c00000)]

Other Threads:
=>0x000002cafedaa1a0 VMThread "VM Thread" [stack: 0x000000f134200000,0x000000f134300000] [id=30136]
  0x000002caf7b813c0 WatcherThread [stack: 0x000000f135000000,0x000000f135100000] [id=27660]
  0x000002caf7b67770 GCTaskThread "GC Thread#0" [stack: 0x000000f133d00000,0x000000f133e00000] [id=22536]
  0x000002ca940b6440 GCTaskThread "GC Thread#1" [stack: 0x000000f135100000,0x000000f135200000] [id=25412]
  0x000002ca940b5ee0 GCTaskThread "GC Thread#2" [stack: 0x000000f135200000,0x000000f135300000] [id=7312]
  0x000002ca940b4ec0 GCTaskThread "GC Thread#3" [stack: 0x000000f135300000,0x000000f135400000] [id=1260]
  0x000002ca940b5420 GCTaskThread "GC Thread#4" [stack: 0x000000f135400000,0x000000f135500000] [id=21604]
  0x000002ca940b5980 GCTaskThread "GC Thread#5" [stack: 0x000000f135600000,0x000000f135700000] [id=5144]
  0x000002ca940b5c30 GCTaskThread "GC Thread#6" [stack: 0x000000f135700000,0x000000f135800000] [id=15828]
  0x000002ca971a8e40 GCTaskThread "GC Thread#7" [stack: 0x000000f135800000,0x000000f135900000] [id=20472]
  0x000002ca971a78c0 GCTaskThread "GC Thread#8" [stack: 0x000000f135d00000,0x000000f135e00000] [id=21068]
  0x000002ca971a8630 GCTaskThread "GC Thread#9" [stack: 0x000000f135e00000,0x000000f135f00000] [id=21040]
  0x000002caf7b786b0 ConcurrentGCThread "G1 Main Marker" [stack: 0x000000f133e00000,0x000000f133f00000] [id=3532]
  0x000002caf7b790c0 ConcurrentGCThread "G1 Conc#0" [stack: 0x000000f133f00000,0x000000f134000000] [id=2984]
  0x000002ca971a6e00 ConcurrentGCThread "G1 Conc#1" [stack: 0x000000f136400000,0x000000f136500000] [id=32396]
  0x000002ca971a6340 ConcurrentGCThread "G1 Conc#2" [stack: 0x000000f136500000,0x000000f136600000] [id=21700]
  0x000002caf7bc9ab0 ConcurrentGCThread "G1 Refine#0" [stack: 0x000000f134000000,0x000000f134100000] [id=32228]
  0x000002ca98b55d10 ConcurrentGCThread "G1 Refine#1" [stack: 0x000000f13fa00000,0x000000f13fb00000] [id=25740]
  0x000002ca98b57130 ConcurrentGCThread "G1 Refine#2" [stack: 0x000000f13fb00000,0x000000f13fc00000] [id=6124]
  0x000002ca98b54330 ConcurrentGCThread "G1 Refine#3" [stack: 0x000000f13fc00000,0x000000f13fd00000] [id=13264]
  0x000002cafec02610 ConcurrentGCThread "G1 Service" [stack: 0x000000f134100000,0x000000f134200000] [id=25212]

Threads with active compile tasks:

VM state: at safepoint (normal execution)

VM Mutex/Monitor currently owned by a thread:  ([mutex/lock_event])
[0x000002caf7b05520] Threads_lock - owner thread: 0x000002cafedaa1a0
[0x000002caf7b06f00] Heap_lock - owner thread: 0x000002ca9efe4be0

Heap address: 0x0000000080000000, size: 2048 MB, Compressed Oops mode: 32-bit

CDS archive(s) not mapped
Compressed class space mapped at: 0x0000000100000000-0x0000000140000000, reserved size: 1073741824
Narrow klass base: 0x0000000000000000, Narrow klass shift: 3, Narrow klass range: 0x140000000

GC Precious Log:
 CPUs: 12 total, 12 available
 Memory: 6005M
 Large Page Support: Disabled
 NUMA Support: Disabled
 Compressed Oops: Enabled (32-bit)
 Heap Region Size: 1M
 Heap Min Capacity: 8M
 Heap Initial Capacity: 94M
 Heap Max Capacity: 2G
 Pre-touch: Disabled
 Parallel Workers: 10
 Concurrent Workers: 3
 Concurrent Refinement Workers: 10
 Periodic GC: Disabled

Heap:
 garbage-first heap   total 145408K, used 82603K [0x0000000080000000, 0x0000000100000000)
  region size 1024K, 1 young (1024K), 1 survivors (1024K)
 Metaspace       used 100176K, committed 100992K, reserved 1138688K
  class space    used 13568K, committed 13888K, reserved 1048576K

Heap Regions: E=young(eden), S=young(survivor), O=old, HS=humongous(starts), HC=humongous(continues), CS=collection set, F=free, OA=open archive, CA=closed archive, TAMS=top-at-mark-start (previous, next)
|   0|0x0000000080000000, 0x0000000080100000, 0x0000000080100000|100%|HS|  |TAMS 0x0000000080100000, 0x0000000080100000| Complete 
|   1|0x0000000080100000, 0x0000000080200000, 0x0000000080200000|100%|HC|  |TAMS 0x0000000080200000, 0x0000000080200000| Complete 
|   2|0x0000000080200000, 0x0000000080300000, 0x0000000080300000|100%|HC|  |TAMS 0x0000000080300000, 0x0000000080300000| Complete 
|   3|0x0000000080300000, 0x0000000080400000, 0x0000000080400000|100%|HC|  |TAMS 0x0000000080400000, 0x0000000080400000| Complete 
|   4|0x0000000080400000, 0x0000000080500000, 0x0000000080500000|100%| O|  |TAMS 0x0000000080500000, 0x0000000080500000| Untracked 
|   5|0x0000000080500000, 0x0000000080600000, 0x0000000080600000|100%| O|  |TAMS 0x0000000080600000, 0x0000000080600000| Untracked 
|   6|0x0000000080600000, 0x0000000080700000, 0x0000000080700000|100%| O|  |TAMS 0x0000000080700000, 0x0000000080700000| Untracked 
|   7|0x0000000080700000, 0x0000000080800000, 0x0000000080800000|100%| O|  |TAMS 0x0000000080800000, 0x0000000080800000| Untracked 
|   8|0x0000000080800000, 0x0000000080900000, 0x0000000080900000|100%| O|  |TAMS 0x0000000080900000, 0x0000000080900000| Untracked 
|   9|0x0000000080900000, 0x0000000080a00000, 0x0000000080a00000|100%| O|  |TAMS 0x0000000080a00000, 0x0000000080a00000| Untracked 
|  10|0x0000000080a00000, 0x0000000080b00000, 0x0000000080b00000|100%| O|  |TAMS 0x0000000080b00000, 0x0000000080b00000| Untracked 
|  11|0x0000000080b00000, 0x0000000080c00000, 0x0000000080c00000|100%| O|  |TAMS 0x0000000080c00000, 0x0000000080c00000| Untracked 
|  12|0x0000000080c00000, 0x0000000080d00000, 0x0000000080d00000|100%| O|  |TAMS 0x0000000080d00000, 0x0000000080d00000| Untracked 
|  13|0x0000000080d00000, 0x0000000080e00000, 0x0000000080e00000|100%| O|  |TAMS 0x0000000080e00000, 0x0000000080e00000| Untracked 
|  14|0x0000000080e00000, 0x0000000080f00000, 0x0000000080f00000|100%| O|  |TAMS 0x0000000080f00000, 0x0000000080f00000| Untracked 
|  15|0x0000000080f00000, 0x0000000081000000, 0x0000000081000000|100%| O|  |TAMS 0x0000000081000000, 0x0000000081000000| Untracked 
|  16|0x0000000081000000, 0x0000000081100000, 0x0000000081100000|100%| O|  |TAMS 0x0000000081000000, 0x0000000081100000| Untracked 
|  17|0x0000000081100000, 0x0000000081200000, 0x0000000081200000|100%| O|  |TAMS 0x0000000081200000, 0x0000000081200000| Untracked 
|  18|0x0000000081200000, 0x0000000081300000, 0x0000000081300000|100%| O|  |TAMS 0x0000000081300000, 0x0000000081300000| Untracked 
|  19|0x0000000081300000, 0x0000000081400000, 0x0000000081400000|100%| O|  |TAMS 0x0000000081400000, 0x0000000081400000| Untracked 
|  20|0x0000000081400000, 0x0000000081500000, 0x0000000081500000|100%| O|  |TAMS 0x0000000081500000, 0x0000000081500000| Untracked 
|  21|0x0000000081500000, 0x0000000081600000, 0x0000000081600000|100%| O|  |TAMS 0x0000000081600000, 0x0000000081600000| Untracked 
|  22|0x0000000081600000, 0x0000000081700000, 0x0000000081700000|100%| O|  |TAMS 0x0000000081700000, 0x0000000081700000| Untracked 
|  23|0x0000000081700000, 0x0000000081800000, 0x0000000081800000|100%| O|  |TAMS 0x0000000081800000, 0x0000000081800000| Untracked 
|  24|0x0000000081800000, 0x0000000081900000, 0x0000000081900000|100%| O|  |TAMS 0x0000000081900000, 0x0000000081900000| Untracked 
|  25|0x0000000081900000, 0x0000000081a00000, 0x0000000081a00000|100%| O|  |TAMS 0x0000000081a00000, 0x0000000081a00000| Untracked 
|  26|0x0000000081a00000, 0x0000000081b00000, 0x0000000081b00000|100%| O|  |TAMS 0x0000000081b00000, 0x0000000081b00000| Untracked 
|  27|0x0000000081b00000, 0x0000000081c00000, 0x0000000081c00000|100%| O|  |TAMS 0x0000000081c00000, 0x0000000081c00000| Untracked 
|  28|0x0000000081c00000, 0x0000000081d00000, 0x0000000081d00000|100%| O|  |TAMS 0x0000000081d00000, 0x0000000081d00000| Untracked 
|  29|0x0000000081d00000, 0x0000000081e00000, 0x0000000081e00000|100%| O|  |TAMS 0x0000000081e00000, 0x0000000081e00000| Untracked 
|  30|0x0000000081e00000, 0x0000000081f00000, 0x0000000081f00000|100%| O|  |TAMS 0x0000000081f00000, 0x0000000081f00000| Untracked 
|  31|0x0000000081f00000, 0x0000000082000000, 0x0000000082000000|100%| O|  |TAMS 0x0000000082000000, 0x0000000082000000| Untracked 
|  32|0x0000000082000000, 0x0000000082100000, 0x0000000082100000|100%| O|  |TAMS 0x0000000082100000, 0x0000000082100000| Untracked 
|  33|0x0000000082100000, 0x0000000082200000, 0x0000000082200000|100%| O|  |TAMS 0x0000000082200000, 0x0000000082200000| Untracked 
|  34|0x0000000082200000, 0x0000000082300000, 0x0000000082300000|100%|HS|  |TAMS 0x0000000082300000, 0x0000000082300000| Complete 
|  35|0x0000000082300000, 0x0000000082400000, 0x0000000082400000|100%|HS|  |TAMS 0x0000000082400000, 0x0000000082400000| Complete 
|  36|0x0000000082400000, 0x0000000082500000, 0x0000000082500000|100%|HS|  |TAMS 0x0000000082500000, 0x0000000082500000| Complete 
|  37|0x0000000082500000, 0x0000000082600000, 0x0000000082600000|100%| O|  |TAMS 0x0000000082600000, 0x0000000082600000| Untracked 
|  38|0x0000000082600000, 0x0000000082700000, 0x0000000082700000|100%| O|  |TAMS 0x0000000082700000, 0x0000000082700000| Untracked 
|  39|0x0000000082700000, 0x0000000082800000, 0x0000000082800000|100%| O|  |TAMS 0x0000000082800000, 0x0000000082800000| Untracked 
|  40|0x0000000082800000, 0x0000000082900000, 0x0000000082900000|100%| O|  |TAMS 0x0000000082900000, 0x0000000082900000| Untracked 
|  41|0x0000000082900000, 0x0000000082a00000, 0x0000000082a00000|100%| O|  |TAMS 0x0000000082a00000, 0x0000000082a00000| Untracked 
|  42|0x0000000082a00000, 0x0000000082b00000, 0x0000000082b00000|100%| O|  |TAMS 0x0000000082b00000, 0x0000000082b00000| Untracked 
|  43|0x0000000082b00000, 0x0000000082c00000, 0x0000000082c00000|100%| O|  |TAMS 0x0000000082c00000, 0x0000000082c00000| Untracked 
|  44|0x0000000082c00000, 0x0000000082d00000, 0x0000000082d00000|100%| O|  |TAMS 0x0000000082d00000, 0x0000000082d00000| Untracked 
|  45|0x0000000082d00000, 0x0000000082e00000, 0x0000000082e00000|100%| O|  |TAMS 0x0000000082e00000, 0x0000000082e00000| Untracked 
|  46|0x0000000082e00000, 0x0000000082f00000, 0x0000000082f00000|100%| O|  |TAMS 0x0000000082f00000, 0x0000000082f00000| Untracked 
|  47|0x0000000082f00000, 0x0000000083000000, 0x0000000083000000|100%| O|  |TAMS 0x0000000083000000, 0x0000000083000000| Untracked 
|  48|0x0000000083000000, 0x0000000083100000, 0x0000000083100000|100%| O|  |TAMS 0x0000000083100000, 0x0000000083100000| Untracked 
|  49|0x0000000083100000, 0x0000000083200000, 0x0000000083200000|100%| O|  |TAMS 0x0000000083200000, 0x0000000083200000| Untracked 
|  50|0x0000000083200000, 0x0000000083300000, 0x0000000083300000|100%| O|  |TAMS 0x0000000083300000, 0x0000000083300000| Untracked 
|  51|0x0000000083300000, 0x0000000083400000, 0x0000000083400000|100%| O|  |TAMS 0x0000000083400000, 0x0000000083400000| Untracked 
|  52|0x0000000083400000, 0x0000000083500000, 0x0000000083500000|100%| O|  |TAMS 0x0000000083500000, 0x0000000083500000| Untracked 
|  53|0x0000000083500000, 0x0000000083600000, 0x0000000083600000|100%| O|  |TAMS 0x0000000083600000, 0x0000000083600000| Untracked 
|  54|0x0000000083600000, 0x0000000083700000, 0x0000000083700000|100%| O|  |TAMS 0x0000000083700000, 0x0000000083700000| Untracked 
|  55|0x0000000083700000, 0x0000000083800000, 0x0000000083800000|100%| O|  |TAMS 0x0000000083800000, 0x0000000083800000| Untracked 
|  56|0x0000000083800000, 0x0000000083900000, 0x0000000083900000|100%| O|  |TAMS 0x0000000083900000, 0x0000000083900000| Untracked 
|  57|0x0000000083900000, 0x0000000083a00000, 0x0000000083a00000|100%| O|  |TAMS 0x0000000083a00000, 0x0000000083a00000| Untracked 
|  58|0x0000000083a00000, 0x0000000083b00000, 0x0000000083b00000|100%| O|  |TAMS 0x0000000083b00000, 0x0000000083b00000| Untracked 
|  59|0x0000000083b00000, 0x0000000083c00000, 0x0000000083c00000|100%| O|  |TAMS 0x0000000083c00000, 0x0000000083c00000| Untracked 
|  60|0x0000000083c00000, 0x0000000083d00000, 0x0000000083d00000|100%| O|  |TAMS 0x0000000083d00000, 0x0000000083d00000| Untracked 
|  61|0x0000000083d00000, 0x0000000083e00000, 0x0000000083e00000|100%| O|  |TAMS 0x0000000083e00000, 0x0000000083e00000| Untracked 
|  62|0x0000000083e00000, 0x0000000083f00000, 0x0000000083f00000|100%| O|  |TAMS 0x0000000083f00000, 0x0000000083f00000| Untracked 
|  63|0x0000000083f00000, 0x0000000084000000, 0x0000000084000000|100%| O|  |TAMS 0x0000000084000000, 0x0000000084000000| Untracked 
|  64|0x0000000084000000, 0x0000000084100000, 0x0000000084100000|100%| O|  |TAMS 0x0000000084100000, 0x0000000084100000| Untracked 
|  65|0x0000000084100000, 0x0000000084200000, 0x0000000084200000|100%| O|  |TAMS 0x0000000084200000, 0x0000000084200000| Untracked 
|  66|0x0000000084200000, 0x0000000084300000, 0x0000000084300000|100%| O|  |TAMS 0x0000000084300000, 0x0000000084300000| Untracked 
|  67|0x0000000084300000, 0x0000000084400000, 0x0000000084400000|100%| O|  |TAMS 0x0000000084400000, 0x0000000084400000| Untracked 
|  68|0x0000000084400000, 0x0000000084500000, 0x0000000084500000|100%| O|  |TAMS 0x0000000084500000, 0x0000000084500000| Untracked 
|  69|0x0000000084500000, 0x0000000084600000, 0x0000000084600000|100%| O|  |TAMS 0x0000000084600000, 0x0000000084600000| Untracked 
|  70|0x0000000084600000, 0x0000000084700000, 0x0000000084700000|100%| O|  |TAMS 0x0000000084700000, 0x0000000084700000| Untracked 
|  71|0x0000000084700000, 0x0000000084700000, 0x0000000084800000|  0%| F|  |TAMS 0x0000000084700000, 0x0000000084700000| Untracked 
|  72|0x0000000084800000, 0x0000000084900000, 0x0000000084900000|100%| O|  |TAMS 0x0000000084900000, 0x0000000084900000| Untracked 
|  73|0x0000000084900000, 0x0000000084a00000, 0x0000000084a00000|100%| O|  |TAMS 0x0000000084a00000, 0x0000000084a00000| Untracked 
|  74|0x0000000084a00000, 0x0000000084b00000, 0x0000000084b00000|100%| O|  |TAMS 0x0000000084b00000, 0x0000000084b00000| Untracked 
|  75|0x0000000084b00000, 0x0000000084c00000, 0x0000000084c00000|100%| O|  |TAMS 0x0000000084c00000, 0x0000000084c00000| Untracked 
|  76|0x0000000084c00000, 0x0000000084d00000, 0x0000000084d00000|100%| O|  |TAMS 0x0000000084c3b800, 0x0000000084d00000| Untracked 
|  77|0x0000000084d00000, 0x0000000084e00000, 0x0000000084e00000|100%| O|  |TAMS 0x0000000084d00000, 0x0000000084e00000| Untracked 
|  78|0x0000000084e00000, 0x0000000084f00000, 0x0000000084f00000|100%| O|  |TAMS 0x0000000084e00000, 0x0000000084f00000| Untracked 
|  79|0x0000000084f00000, 0x0000000085000000, 0x0000000085000000|100%| O|  |TAMS 0x0000000084f00000, 0x0000000085000000| Untracked 
|  80|0x0000000085000000, 0x00000000850b6c00, 0x0000000085100000| 71%| O|  |TAMS 0x0000000085000000, 0x00000000850b6c00| Untracked 
|  81|0x0000000085100000, 0x0000000085100000, 0x0000000085200000|  0%| F|  |TAMS 0x0000000085100000, 0x0000000085100000| Untracked 
|  82|0x0000000085200000, 0x0000000085200000, 0x0000000085300000|  0%| F|  |TAMS 0x0000000085200000, 0x0000000085200000| Untracked 
|  83|0x0000000085300000, 0x0000000085300000, 0x0000000085400000|  0%| F|  |TAMS 0x0000000085300000, 0x0000000085300000| Untracked 
|  84|0x0000000085400000, 0x0000000085400000, 0x0000000085500000|  0%| F|  |TAMS 0x0000000085400000, 0x0000000085400000| Untracked 
|  85|0x0000000085500000, 0x0000000085500000, 0x0000000085600000|  0%| F|  |TAMS 0x0000000085500000, 0x0000000085500000| Untracked 
|  86|0x0000000085600000, 0x0000000085600000, 0x0000000085700000|  0%| F|  |TAMS 0x0000000085600000, 0x0000000085600000| Untracked 
|  87|0x0000000085700000, 0x0000000085700000, 0x0000000085800000|  0%| F|  |TAMS 0x0000000085700000, 0x0000000085700000| Untracked 
|  88|0x0000000085800000, 0x0000000085800000, 0x0000000085900000|  0%| F|  |TAMS 0x0000000085800000, 0x0000000085800000| Untracked 
|  89|0x0000000085900000, 0x0000000085900000, 0x0000000085a00000|  0%| F|  |TAMS 0x0000000085900000, 0x0000000085900000| Untracked 
|  90|0x0000000085a00000, 0x0000000085a00000, 0x0000000085b00000|  0%| F|  |TAMS 0x0000000085a00000, 0x0000000085a00000| Untracked 
|  91|0x0000000085b00000, 0x0000000085b00000, 0x0000000085c00000|  0%| F|  |TAMS 0x0000000085b00000, 0x0000000085b00000| Untracked 
|  92|0x0000000085c00000, 0x0000000085c00000, 0x0000000085d00000|  0%| F|  |TAMS 0x0000000085c00000, 0x0000000085c00000| Untracked 
|  93|0x0000000085d00000, 0x0000000085d00000, 0x0000000085e00000|  0%| F|  |TAMS 0x0000000085d00000, 0x0000000085d00000| Untracked 
|  94|0x0000000085e00000, 0x0000000085e00000, 0x0000000085f00000|  0%| F|  |TAMS 0x0000000085e00000, 0x0000000085e00000| Untracked 
|  95|0x0000000085f00000, 0x0000000085f00000, 0x0000000086000000|  0%| F|  |TAMS 0x0000000085f00000, 0x0000000085f00000| Untracked 
|  96|0x0000000086000000, 0x0000000086000000, 0x0000000086100000|  0%| F|  |TAMS 0x0000000086000000, 0x0000000086000000| Untracked 
|  97|0x0000000086100000, 0x0000000086100000, 0x0000000086200000|  0%| F|  |TAMS 0x0000000086100000, 0x0000000086100000| Untracked 
|  98|0x0000000086200000, 0x0000000086200000, 0x0000000086300000|  0%| F|  |TAMS 0x0000000086200000, 0x0000000086200000| Untracked 
|  99|0x0000000086300000, 0x0000000086300000, 0x0000000086400000|  0%| F|  |TAMS 0x0000000086300000, 0x0000000086300000| Untracked 
| 100|0x0000000086400000, 0x0000000086400000, 0x0000000086500000|  0%| F|  |TAMS 0x0000000086400000, 0x0000000086400000| Untracked 
| 101|0x0000000086500000, 0x0000000086500000, 0x0000000086600000|  0%| F|  |TAMS 0x0000000086500000, 0x0000000086500000| Untracked 
| 102|0x0000000086600000, 0x0000000086600000, 0x0000000086700000|  0%| F|  |TAMS 0x0000000086600000, 0x0000000086600000| Untracked 
| 103|0x0000000086700000, 0x0000000086700000, 0x0000000086800000|  0%| F|  |TAMS 0x0000000086700000, 0x0000000086700000| Untracked 
| 104|0x0000000086800000, 0x0000000086800000, 0x0000000086900000|  0%| F|  |TAMS 0x0000000086800000, 0x0000000086800000| Untracked 
| 105|0x0000000086900000, 0x0000000086900000, 0x0000000086a00000|  0%| F|  |TAMS 0x0000000086900000, 0x0000000086900000| Untracked 
| 106|0x0000000086a00000, 0x0000000086a00000, 0x0000000086b00000|  0%| F|  |TAMS 0x0000000086a00000, 0x0000000086a00000| Untracked 
| 107|0x0000000086b00000, 0x0000000086b00000, 0x0000000086c00000|  0%| F|  |TAMS 0x0000000086b00000, 0x0000000086b00000| Untracked 
| 108|0x0000000086c00000, 0x0000000086c00000, 0x0000000086d00000|  0%| F|  |TAMS 0x0000000086c00000, 0x0000000086c00000| Untracked 
| 109|0x0000000086d00000, 0x0000000086d00000, 0x0000000086e00000|  0%| F|  |TAMS 0x0000000086d00000, 0x0000000086d00000| Untracked 
| 110|0x0000000086e00000, 0x0000000086e00000, 0x0000000086f00000|  0%| F|  |TAMS 0x0000000086e00000, 0x0000000086e00000| Untracked 
| 111|0x0000000086f00000, 0x0000000086f00000, 0x0000000087000000|  0%| F|  |TAMS 0x0000000086f00000, 0x0000000086f00000| Untracked 
| 112|0x0000000087000000, 0x0000000087000000, 0x0000000087100000|  0%| F|  |TAMS 0x0000000087000000, 0x0000000087000000| Untracked 
| 113|0x0000000087100000, 0x0000000087100000, 0x0000000087200000|  0%| F|  |TAMS 0x0000000087100000, 0x0000000087100000| Untracked 
| 114|0x0000000087200000, 0x0000000087200000, 0x0000000087300000|  0%| F|  |TAMS 0x0000000087200000, 0x0000000087200000| Untracked 
| 115|0x0000000087300000, 0x0000000087300000, 0x0000000087400000|  0%| F|  |TAMS 0x0000000087300000, 0x0000000087300000| Untracked 
| 116|0x0000000087400000, 0x0000000087400000, 0x0000000087500000|  0%| F|  |TAMS 0x0000000087400000, 0x0000000087400000| Untracked 
| 117|0x0000000087500000, 0x0000000087500000, 0x0000000087600000|  0%| F|  |TAMS 0x0000000087500000, 0x0000000087500000| Untracked 
| 118|0x0000000087600000, 0x0000000087600000, 0x0000000087700000|  0%| F|  |TAMS 0x0000000087600000, 0x0000000087600000| Untracked 
| 119|0x0000000087700000, 0x0000000087700000, 0x0000000087800000|  0%| F|  |TAMS 0x0000000087700000, 0x0000000087700000| Untracked 
| 120|0x0000000087800000, 0x0000000087800000, 0x0000000087900000|  0%| F|  |TAMS 0x0000000087800000, 0x0000000087800000| Untracked 
| 121|0x0000000087900000, 0x00000000879f42e0, 0x0000000087a00000| 95%| S|CS|TAMS 0x0000000087900000, 0x0000000087900000| Complete 
| 122|0x0000000087a00000, 0x0000000087a00000, 0x0000000087b00000|  0%| F|  |TAMS 0x0000000087a00000, 0x0000000087a00000| Untracked 
| 123|0x0000000087b00000, 0x0000000087b00000, 0x0000000087c00000|  0%| F|  |TAMS 0x0000000087b00000, 0x0000000087b00000| Untracked 
| 124|0x0000000087c00000, 0x0000000087c00000, 0x0000000087d00000|  0%| F|  |TAMS 0x0000000087c00000, 0x0000000087c00000| Untracked 
| 125|0x0000000087d00000, 0x0000000087d00000, 0x0000000087e00000|  0%| F|  |TAMS 0x0000000087d00000, 0x0000000087d00000| Untracked 
| 126|0x0000000087e00000, 0x0000000087e00000, 0x0000000087f00000|  0%| F|  |TAMS 0x0000000087e00000, 0x0000000087e00000| Untracked 
| 127|0x0000000087f00000, 0x0000000087f00000, 0x0000000088000000|  0%| F|  |TAMS 0x0000000087f00000, 0x0000000087f00000| Untracked 
| 128|0x0000000088000000, 0x0000000088000000, 0x0000000088100000|  0%| F|  |TAMS 0x0000000088000000, 0x0000000088000000| Untracked 
| 129|0x0000000088100000, 0x0000000088100000, 0x0000000088200000|  0%| F|  |TAMS 0x0000000088100000, 0x0000000088100000| Untracked 
| 130|0x0000000088200000, 0x0000000088200000, 0x0000000088300000|  0%| F|  |TAMS 0x0000000088200000, 0x0000000088200000| Untracked 
| 131|0x0000000088300000, 0x0000000088300000, 0x0000000088400000|  0%| F|  |TAMS 0x0000000088300000, 0x0000000088300000| Untracked 
| 132|0x0000000088400000, 0x0000000088400000, 0x0000000088500000|  0%| F|  |TAMS 0x0000000088400000, 0x0000000088400000| Untracked 
| 133|0x0000000088500000, 0x0000000088500000, 0x0000000088600000|  0%| F|  |TAMS 0x0000000088500000, 0x0000000088500000| Untracked 
| 134|0x0000000088600000, 0x0000000088600000, 0x0000000088700000|  0%| F|  |TAMS 0x0000000088600000, 0x0000000088600000| Untracked 
| 135|0x0000000088700000, 0x0000000088700000, 0x0000000088800000|  0%| F|  |TAMS 0x0000000088700000, 0x0000000088700000| Untracked 
| 136|0x0000000088800000, 0x0000000088800000, 0x0000000088900000|  0%| F|  |TAMS 0x0000000088800000, 0x0000000088800000| Untracked 
| 137|0x0000000088900000, 0x0000000088900000, 0x0000000088a00000|  0%| F|  |TAMS 0x0000000088900000, 0x0000000088900000| Untracked 
| 138|0x0000000088a00000, 0x0000000088a00000, 0x0000000088b00000|  0%| F|  |TAMS 0x0000000088a00000, 0x0000000088a00000| Untracked 
| 139|0x0000000088b00000, 0x0000000088b00000, 0x0000000088c00000|  0%| F|  |TAMS 0x0000000088b00000, 0x0000000088b00000| Untracked 
| 140|0x0000000088c00000, 0x0000000088c00000, 0x0000000088d00000|  0%| F|  |TAMS 0x0000000088c00000, 0x0000000088c00000| Untracked 
| 141|0x0000000088d00000, 0x0000000088d00000, 0x0000000088e00000|  0%| F|  |TAMS 0x0000000088d00000, 0x0000000088d00000| Untracked 

Card table byte_map: [0x000002cafb920000,0x000002cafbd20000] _byte_map_base: 0x000002cafb520000

Marking Bits (Prev, Next): (CMBitMap*) 0x000002caf7b67dc0, (CMBitMap*) 0x000002caf7b67d80
 Prev Bits: [0x000002ca8f000000, 0x000002ca91000000)
 Next Bits: [0x000002cafc120000, 0x000002cafe120000)

Polling page: 0x000002caf72d0000

Metaspace:

Usage:
  Non-class:     84.58 MB used.
      Class:     13.25 MB used.
       Both:     97.83 MB used.

Virtual space:
  Non-class space:       88.00 MB reserved,      85.06 MB ( 97%) committed,  11 nodes.
      Class space:        1.00 GB reserved,      13.56 MB (  1%) committed,  1 nodes.
             Both:        1.09 GB reserved,      98.62 MB (  9%) committed. 

Chunk freelists:
   Non-Class:  2.80 MB
       Class:  2.33 MB
        Both:  5.12 MB

MaxMetaspaceSize: unlimited
CompressedClassSpaceSize: 1.00 GB
Initial GC threshold: 21.00 MB
Current GC threshold: 162.62 MB
CDS: off
MetaspaceReclaimPolicy: balanced
 - commit_granule_bytes: 65536.
 - commit_granule_words: 8192.
 - virtual_space_node_default_size: 1048576.
 - enlarge_chunks_in_place: 1.
 - new_chunks_are_fully_committed: 0.
 - uncommit_free_chunks: 1.
 - use_allocation_guard: 0.
 - handle_deallocations: 1.


Internal statistics:

num_allocs_failed_limit: 9.
num_arena_births: 1038.
num_arena_deaths: 0.
num_vsnodes_births: 12.
num_vsnodes_deaths: 0.
num_space_committed: 1577.
num_space_uncommitted: 0.
num_chunks_returned_to_freelist: 9.
num_chunks_taken_from_freelist: 4361.
num_chunk_merges: 6.
num_chunk_splits: 2907.
num_chunks_enlarged: 2030.
num_purges: 0.
num_inconsistent_stats: 0.

CodeHeap 'non-profiled nmethods': size=120000Kb used=6329Kb max_used=6887Kb free=113670Kb
 bounds [0x000002ca87ad0000, 0x000002ca88190000, 0x000002ca8f000000]
CodeHeap 'profiled nmethods': size=120000Kb used=18144Kb max_used=19344Kb free=101856Kb
 bounds [0x000002ca80000000, 0x000002ca812f0000, 0x000002ca87530000]
CodeHeap 'non-nmethods': size=5760Kb used=2421Kb max_used=2474Kb free=3338Kb
 bounds [0x000002ca87530000, 0x000002ca877c0000, 0x000002ca87ad0000]
 total_blobs=10538 nmethods=9577 adapters=873
 compilation: enabled
              stopped_count=0, restarted_count=0
 full_count=0

Compilation events (20 events):
Event: 21.965 Thread 0x000002caff8481a0 11529       1       org.gradle.api.internal.tasks.properties.AbstractFilePropertySpec::getPropertyFiles (5 bytes)
Event: 21.966 Thread 0x000002caff8481a0 nmethod 11529 0x000002ca87de8e10 code [0x000002ca87de8fa0, 0x000002ca87de9078]
Event: 21.966 Thread 0x000002caff8481a0 11530       3       org.gradle.execution.plan.ValuedVfsHierarchy::<init> (20 bytes)
Event: 21.966 Thread 0x000002caff8481a0 nmethod 11530 0x000002ca80893f90 code [0x000002ca80894140, 0x000002ca808943b8]
Event: 21.975 Thread 0x000002ca95679ff0 nmethod 11514 0x000002ca87c0a790 code [0x000002ca87c0a980, 0x000002ca87c0b3f8]
Event: 21.975 Thread 0x000002ca95679ff0 11526       4       java.util.Objects::equals (23 bytes)
Event: 21.977 Thread 0x000002ca95679ff0 nmethod 11526 0x000002ca87c0a210 code [0x000002ca87c0a380, 0x000002ca87c0a418]
Event: 21.977 Thread 0x000002ca95679ff0 11516   !   4       sun.security.provider.DigestBase::engineDigest (39 bytes)
Event: 21.979 Thread 0x000002ca95679ff0 nmethod 11516 0x000002ca87de8910 code [0x000002ca87de8aa0, 0x000002ca87de8c88]
Event: 21.979 Thread 0x000002ca95679ff0 11519       4       java.util.RegularEnumSet::contains (57 bytes)
Event: 21.981 Thread 0x000002ca95679ff0 nmethod 11519 0x000002ca87de8490 code [0x000002ca87de8600, 0x000002ca87de8718]
Event: 21.981 Thread 0x000002ca95679ff0 11518   !   4       java.nio.file.FileTreeWalker::visit (204 bytes)
Event: 21.995 Thread 0x000002caff83d770 nmethod 11512 0x000002ca87f29e10 code [0x000002ca87f2a040, 0x000002ca87f2af50]
Event: 22.032 Thread 0x000002caff8481a0 11531   !   3       com.google.common.collect.RegularImmutableSortedSet::equals (133 bytes)
Event: 22.032 Thread 0x000002caff83d770 11532       4       org.gradle.internal.hash.HashCode$HashCode128::equals (57 bytes)
Event: 22.033 Thread 0x000002ca95679ff0 nmethod 11518 0x000002ca87dff410 code [0x000002ca87dff660, 0x000002ca87e003b0]
Event: 22.034 Thread 0x000002caff8481a0 nmethod 11531 0x000002ca80564810 code [0x000002ca80564b00, 0x000002ca80565d28]
Event: 22.034 Thread 0x000002caff83d770 nmethod 11532 0x000002ca87f30e90 code [0x000002ca87f31020, 0x000002ca87f31118]
Event: 22.046 Thread 0x000002caff83d770 11533       4       java.util.Optional::map (30 bytes)
Event: 22.048 Thread 0x000002caff83d770 nmethod 11533 0x000002ca87f30a90 code [0x000002ca87f30c20, 0x000002ca87f30d58]

GC Heap History (20 events):
Event: 18.095 GC heap after
{Heap after GC invocations=51 (full 0):
 garbage-first heap   total 145408K, used 62648K [0x0000000080000000, 0x0000000100000000)
  region size 1024K, 6 young (6144K), 6 survivors (6144K)
 Metaspace       used 88772K, committed 89472K, reserved 1130496K
  class space    used 11937K, committed 12288K, reserved 1048576K
}
Event: 18.662 GC heap before
{Heap before GC invocations=51 (full 0):
 garbage-first heap   total 145408K, used 122040K [0x0000000080000000, 0x0000000100000000)
  region size 1024K, 64 young (65536K), 6 survivors (6144K)
 Metaspace       used 91554K, committed 92160K, reserved 1130496K
  class space    used 12393K, committed 12672K, reserved 1048576K
}
Event: 18.668 GC heap after
{Heap after GC invocations=52 (full 0):
 garbage-first heap   total 145408K, used 64141K [0x0000000080000000, 0x0000000100000000)
  region size 1024K, 6 young (6144K), 6 survivors (6144K)
 Metaspace       used 91554K, committed 92160K, reserved 1130496K
  class space    used 12393K, committed 12672K, reserved 1048576K
}
Event: 19.314 GC heap before
{Heap before GC invocations=52 (full 0):
 garbage-first heap   total 145408K, used 122509K [0x0000000080000000, 0x0000000100000000)
  region size 1024K, 63 young (64512K), 6 survivors (6144K)
 Metaspace       used 94400K, committed 94976K, reserved 1138688K
  class space    used 12758K, committed 12992K, reserved 1048576K
}
Event: 19.319 GC heap after
{Heap after GC invocations=53 (full 0):
 garbage-first heap   total 145408K, used 66198K [0x0000000080000000, 0x0000000100000000)
  region size 1024K, 6 young (6144K), 6 survivors (6144K)
 Metaspace       used 94400K, committed 94976K, reserved 1138688K
  class space    used 12758K, committed 12992K, reserved 1048576K
}
Event: 19.749 GC heap before
{Heap before GC invocations=53 (full 0):
 garbage-first heap   total 145408K, used 122518K [0x0000000080000000, 0x0000000100000000)
  region size 1024K, 61 young (62464K), 6 survivors (6144K)
 Metaspace       used 95504K, committed 96256K, reserved 1138688K
  class space    used 12903K, committed 13248K, reserved 1048576K
}
Event: 19.756 GC heap after
{Heap after GC invocations=54 (full 0):
 garbage-first heap   total 145408K, used 72271K [0x0000000080000000, 0x0000000100000000)
  region size 1024K, 8 young (8192K), 8 survivors (8192K)
 Metaspace       used 95504K, committed 96256K, reserved 1138688K
  class space    used 12903K, committed 13248K, reserved 1048576K
}
Event: 19.828 GC heap before
{Heap before GC invocations=54 (full 0):
 garbage-first heap   total 145408K, used 82511K [0x0000000080000000, 0x0000000100000000)
  region size 1024K, 20 young (20480K), 8 survivors (8192K)
 Metaspace       used 95570K, committed 96320K, reserved 1138688K
  class space    used 12908K, committed 13248K, reserved 1048576K
}
Event: 19.834 GC heap after
{Heap after GC invocations=55 (full 0):
 garbage-first heap   total 145408K, used 76373K [0x0000000080000000, 0x0000000100000000)
  region size 1024K, 4 young (4096K), 4 survivors (4096K)
 Metaspace       used 95570K, committed 96320K, reserved 1138688K
  class space    used 12908K, committed 13248K, reserved 1048576K
}
Event: 20.047 GC heap before
{Heap before GC invocations=56 (full 0):
 garbage-first heap   total 145408K, used 119381K [0x0000000080000000, 0x0000000100000000)
  region size 1024K, 42 young (43008K), 4 survivors (4096K)
 Metaspace       used 97341K, committed 98112K, reserved 1138688K
  class space    used 13054K, committed 13376K, reserved 1048576K
}
Event: 20.051 GC heap after
{Heap after GC invocations=57 (full 0):
 garbage-first heap   total 145408K, used 77393K [0x0000000080000000, 0x0000000100000000)
  region size 1024K, 5 young (5120K), 5 survivors (5120K)
 Metaspace       used 97341K, committed 98112K, reserved 1138688K
  class space    used 13054K, committed 13376K, reserved 1048576K
}
Event: 20.071 GC heap before
{Heap before GC invocations=57 (full 0):
 garbage-first heap   total 145408K, used 79441K [0x0000000080000000, 0x0000000100000000)
  region size 1024K, 7 young (7168K), 5 survivors (5120K)
 Metaspace       used 97478K, committed 98176K, reserved 1138688K
  class space    used 13084K, committed 13376K, reserved 1048576K
}
Event: 20.074 GC heap after
{Heap after GC invocations=58 (full 0):
 garbage-first heap   total 145408K, used 77826K [0x0000000080000000, 0x0000000100000000)
  region size 1024K, 1 young (1024K), 1 survivors (1024K)
 Metaspace       used 97478K, committed 98176K, reserved 1138688K
  class space    used 13084K, committed 13376K, reserved 1048576K
}
Event: 20.656 GC heap before
{Heap before GC invocations=58 (full 0):
 garbage-first heap   total 145408K, used 114690K [0x0000000080000000, 0x0000000100000000)
  region size 1024K, 38 young (38912K), 1 survivors (1024K)
 Metaspace       used 99187K, committed 99904K, reserved 1138688K
  class space    used 13430K, committed 13760K, reserved 1048576K
}
Event: 20.662 GC heap after
{Heap after GC invocations=59 (full 0):
 garbage-first heap   total 145408K, used 79834K [0x0000000080000000, 0x0000000100000000)
  region size 1024K, 3 young (3072K), 3 survivors (3072K)
 Metaspace       used 99187K, committed 99904K, reserved 1138688K
  class space    used 13430K, committed 13760K, reserved 1048576K
}
Event: 21.478 GC heap before
{Heap before GC invocations=60 (full 0):
 garbage-first heap   total 145408K, used 116698K [0x0000000080000000, 0x0000000100000000)
  region size 1024K, 40 young (40960K), 3 survivors (3072K)
 Metaspace       used 99436K, committed 100160K, reserved 1138688K
  class space    used 13434K, committed 13760K, reserved 1048576K
}
Event: 21.485 GC heap after
{Heap after GC invocations=61 (full 0):
 garbage-first heap   total 145408K, used 81988K [0x0000000080000000, 0x0000000100000000)
  region size 1024K, 3 young (3072K), 3 survivors (3072K)
 Metaspace       used 99436K, committed 100160K, reserved 1138688K
  class space    used 13434K, committed 13760K, reserved 1048576K
}
Event: 21.619 GC heap before
{Heap before GC invocations=61 (full 0):
 garbage-first heap   total 145408K, used 85060K [0x0000000080000000, 0x0000000100000000)
  region size 1024K, 7 young (7168K), 3 survivors (3072K)
 Metaspace       used 99562K, committed 100352K, reserved 1138688K
  class space    used 13460K, committed 13824K, reserved 1048576K
}
Event: 21.622 GC heap after
{Heap after GC invocations=62 (full 0):
 garbage-first heap   total 145408K, used 82097K [0x0000000080000000, 0x0000000100000000)
  region size 1024K, 1 young (1024K), 1 survivors (1024K)
 Metaspace       used 99562K, committed 100352K, reserved 1138688K
  class space    used 13460K, committed 13824K, reserved 1048576K
}
Event: 22.089 GC heap before
{Heap before GC invocations=62 (full 0):
 garbage-first heap   total 145408K, used 99505K [0x0000000080000000, 0x0000000100000000)
  region size 1024K, 20 young (20480K), 1 survivors (1024K)
 Metaspace       used 100176K, committed 100992K, reserved 1138688K
  class space    used 13568K, committed 13888K, reserved 1048576K
}

Dll operation events (3 events):
Event: 0.023 Loaded shared library C:\Program Files\Android\Android Studio1\jbr\bin\java.dll
Event: 0.025 Loaded shared library C:\Program Files\Android\Android Studio1\jbr\bin\zip.dll
Event: 0.837 Loaded shared library C:\Program Files\Android\Android Studio1\jbr\bin\verify.dll

Deoptimization events (20 events):
Event: 22.042 Thread 0x000002ca9efe4be0 Uncommon trap: trap_request=0xffffffc6 fr.pc=0x000002ca87c5a788 relative=0x0000000000000168
Event: 22.042 Thread 0x000002ca9efe4be0 Uncommon trap: reason=bimorphic_or_optimized_type_check action=maybe_recompile pc=0x000002ca87c5a788 method=com.google.common.collect.RegularImmutableMap.get(Ljava/lang/Object;[Lcom/google/common/collect/ImmutableMapEntry;I)Ljava/lang/Object; @ 54 c2
Event: 22.042 Thread 0x000002ca9efe4be0 DEOPT PACKING pc=0x000002ca87c5a788 sp=0x000000f1407fcb20
Event: 22.042 Thread 0x000002ca9efe4be0 DEOPT UNPACKING pc=0x000002ca875869a3 sp=0x000000f1407fcab8 mode 2
Event: 22.042 Thread 0x000002ca9efe4be0 Uncommon trap: trap_request=0xffffffc6 fr.pc=0x000002ca87c5a788 relative=0x0000000000000168
Event: 22.042 Thread 0x000002ca9efe4be0 Uncommon trap: reason=bimorphic_or_optimized_type_check action=maybe_recompile pc=0x000002ca87c5a788 method=com.google.common.collect.RegularImmutableMap.get(Ljava/lang/Object;[Lcom/google/common/collect/ImmutableMapEntry;I)Ljava/lang/Object; @ 54 c2
Event: 22.042 Thread 0x000002ca9efe4be0 DEOPT PACKING pc=0x000002ca87c5a788 sp=0x000000f1407fcb20
Event: 22.042 Thread 0x000002ca9efe4be0 DEOPT UNPACKING pc=0x000002ca875869a3 sp=0x000000f1407fcab8 mode 2
Event: 22.042 Thread 0x000002ca9efe4be0 Uncommon trap: trap_request=0xffffffc6 fr.pc=0x000002ca87c5a788 relative=0x0000000000000168
Event: 22.042 Thread 0x000002ca9efe4be0 Uncommon trap: reason=bimorphic_or_optimized_type_check action=maybe_recompile pc=0x000002ca87c5a788 method=com.google.common.collect.RegularImmutableMap.get(Ljava/lang/Object;[Lcom/google/common/collect/ImmutableMapEntry;I)Ljava/lang/Object; @ 54 c2
Event: 22.042 Thread 0x000002ca9efe4be0 DEOPT PACKING pc=0x000002ca87c5a788 sp=0x000000f1407fcb20
Event: 22.042 Thread 0x000002ca9efe4be0 DEOPT UNPACKING pc=0x000002ca875869a3 sp=0x000000f1407fcab8 mode 2
Event: 22.045 Thread 0x000002ca9efe4be0 Uncommon trap: trap_request=0xffffffc6 fr.pc=0x000002ca87db64e4 relative=0x0000000000000304
Event: 22.045 Thread 0x000002ca9efe4be0 Uncommon trap: reason=bimorphic_or_optimized_type_check action=maybe_recompile pc=0x000002ca87db64e4 method=java.util.ArrayList$ArrayListSpliterator.tryAdvance(Ljava/util/function/Consumer;)Z @ 48 c2
Event: 22.045 Thread 0x000002ca9efe4be0 DEOPT PACKING pc=0x000002ca87db64e4 sp=0x000000f1407fc790
Event: 22.045 Thread 0x000002ca9efe4be0 DEOPT UNPACKING pc=0x000002ca875869a3 sp=0x000000f1407fc720 mode 2
Event: 22.063 Thread 0x000002ca9efe4be0 Uncommon trap: trap_request=0xffffffc6 fr.pc=0x000002ca87db64e4 relative=0x0000000000000304
Event: 22.063 Thread 0x000002ca9efe4be0 Uncommon trap: reason=bimorphic_or_optimized_type_check action=maybe_recompile pc=0x000002ca87db64e4 method=java.util.ArrayList$ArrayListSpliterator.tryAdvance(Ljava/util/function/Consumer;)Z @ 48 c2
Event: 22.063 Thread 0x000002ca9efe4be0 DEOPT PACKING pc=0x000002ca87db64e4 sp=0x000000f1407fa700
Event: 22.063 Thread 0x000002ca9efe4be0 DEOPT UNPACKING pc=0x000002ca875869a3 sp=0x000000f1407fa690 mode 2

Classes unloaded (0 events):
No events

Classes redefined (0 events):
No events

Internal exceptions (20 events):
Event: 20.185 Thread 0x000002ca93d6c760 Exception <a 'java/lang/NoSuchMethodError'{0x0000000087f05190}: static [Ljava/lang/String;.<clinit>()V> (0x0000000087f05190) 
thrown [s\src\hotspot\share\prims\jni.cpp, line 1108]
Event: 20.186 Thread 0x000002ca93d6c760 Exception <a 'java/lang/NoSuchMethodError'{0x0000000087f15048}: static Lcom/android/buildanalyzer/common/AndroidGradlePluginAttributionData$TaskInfo;.<clinit>()V> (0x0000000087f15048) 
thrown [s\src\hotspot\share\prims\jni.cpp, line 1108]
Event: 20.187 Thread 0x000002ca93d6c760 Exception <a 'java/lang/NoSuchMethodError'{0x0000000087f3d658}: static Lcom/android/buildanalyzer/common/AndroidGradlePluginAttributionData$TaskCategoryInfo;.<clinit>()V> (0x0000000087f3d658) 
thrown [s\src\hotspot\share\prims\jni.cpp, line 1108]
Event: 20.473 Thread 0x000002ca9efe6d90 Exception <a 'java/lang/NoSuchMethodError'{0x0000000087745fe0}: 'void java.lang.invoke.DirectMethodHandle$Holder.invokeStatic(java.lang.Object, java.lang.Object, java.lang.Object, java.lang.Object, int, java.lang.Object, java.lang.Object)'> (0x0000000087745fe0) 
thrown [s\src\hotspot\share\interpreter\linkResolver.cpp, line 771]
Event: 20.537 Thread 0x000002ca990f8420 Exception <a 'java/lang/NoSuchMethodError'{0x00000000871cea98}: 'java.lang.Object java.lang.invoke.DirectMethodHandle$Holder.invokeSpecialIFC(java.lang.Object, java.lang.Object, java.lang.Object)'> (0x00000000871cea98) 
thrown [s\src\hotspot\share\interpreter\linkResolver.cpp, line 771]
Event: 20.537 Thread 0x000002ca98299a20 Exception <a 'java/lang/NoSuchMethodError'{0x0000000087040260}: 'java.lang.Object java.lang.invoke.DirectMethodHandle$Holder.invokeSpecialIFC(java.lang.Object, java.lang.Object, java.lang.Object)'> (0x0000000087040260) 
thrown [s\src\hotspot\share\interpreter\linkResolver.cpp, line 771]
Event: 20.537 Thread 0x000002ca93d66bf0 Exception <a 'java/lang/NoSuchMethodError'{0x00000000871e2818}: 'java.lang.Object java.lang.invoke.DirectMethodHandle$Holder.invokeSpecialIFC(java.lang.Object, java.lang.Object, java.lang.Object)'> (0x00000000871e2818) 
thrown [s\src\hotspot\share\interpreter\linkResolver.cpp, line 771]
Event: 20.537 Thread 0x000002ca98df4ad0 Exception <a 'java/lang/NoSuchMethodError'{0x000000008751c468}: 'java.lang.Object java.lang.invoke.DirectMethodHandle$Holder.invokeSpecialIFC(java.lang.Object, java.lang.Object, java.lang.Object)'> (0x000000008751c468) 
thrown [s\src\hotspot\share\interpreter\linkResolver.cpp, line 771]
Event: 20.537 Thread 0x000002ca93d670c0 Exception <a 'java/lang/NoSuchMethodError'{0x000000008702e208}: 'java.lang.Object java.lang.invoke.DirectMethodHandle$Holder.invokeSpecialIFC(java.lang.Object, java.lang.Object, java.lang.Object)'> (0x000000008702e208) 
thrown [s\src\hotspot\share\interpreter\linkResolver.cpp, line 771]
Event: 20.537 Thread 0x000002ca99adc550 Exception <a 'java/lang/NoSuchMethodError'{0x0000000087538768}: 'java.lang.Object java.lang.invoke.DirectMethodHandle$Holder.invokeSpecialIFC(java.lang.Object, java.lang.Object, java.lang.Object)'> (0x0000000087538768) 
thrown [s\src\hotspot\share\interpreter\linkResolver.cpp, line 771]
Event: 20.537 Thread 0x000002ca99adebd0 Exception <a 'java/lang/NoSuchMethodError'{0x0000000087057a10}: 'java.lang.Object java.lang.invoke.DirectMethodHandle$Holder.invokeSpecialIFC(java.lang.Object, java.lang.Object, java.lang.Object)'> (0x0000000087057a10) 
thrown [s\src\hotspot\share\interpreter\linkResolver.cpp, line 771]
Event: 20.537 Thread 0x000002ca98df97d0 Exception <a 'java/lang/NoSuchMethodError'{0x000000008701b458}: 'java.lang.Object java.lang.invoke.DirectMethodHandle$Holder.invokeSpecialIFC(java.lang.Object, java.lang.Object, java.lang.Object)'> (0x000000008701b458) 
thrown [s\src\hotspot\share\interpreter\linkResolver.cpp, line 771]
Event: 20.537 Thread 0x000002ca93d69740 Exception <a 'java/lang/NoSuchMethodError'{0x00000000871a9470}: 'java.lang.Object java.lang.invoke.DirectMethodHandle$Holder.invokeSpecialIFC(java.lang.Object, java.lang.Object, java.lang.Object)'> (0x00000000871a9470) 
thrown [s\src\hotspot\share\interpreter\linkResolver.cpp, line 771]
Event: 20.537 Thread 0x000002ca98df7fc0 Exception <a 'java/lang/NoSuchMethodError'{0x0000000087007330}: 'java.lang.Object java.lang.invoke.DirectMethodHandle$Holder.invokeSpecialIFC(java.lang.Object, java.lang.Object, java.lang.Object)'> (0x0000000087007330) 
thrown [s\src\hotspot\share\interpreter\linkResolver.cpp, line 771]
Event: 20.537 Thread 0x000002ca99add890 Exception <a 'java/lang/NoSuchMethodError'{0x000000008757e238}: 'java.lang.Object java.lang.invoke.DirectMethodHandle$Holder.invokeSpecialIFC(java.lang.Object, java.lang.Object, java.lang.Object)'> (0x000000008757e238) 
thrown [s\src\hotspot\share\interpreter\linkResolver.cpp, line 771]
Event: 20.537 Thread 0x000002ca9efe6d90 Exception <a 'java/lang/NoSuchMethodError'{0x000000008706c0b8}: 'java.lang.Object java.lang.invoke.DirectMethodHandle$Holder.invokeSpecialIFC(java.lang.Object, java.lang.Object, java.lang.Object)'> (0x000000008706c0b8) 
thrown [s\src\hotspot\share\interpreter\linkResolver.cpp, line 771]
Event: 20.649 Thread 0x000002ca98df8960 Exception <a 'java/lang/NoSuchMethodError'{0x00000000874c2c88}: 'void java.lang.invoke.DirectMethodHandle$Holder.invokeVirtual(java.lang.Object, java.lang.Object)'> (0x00000000874c2c88) 
thrown [s\src\hotspot\share\interpreter\linkResolver.cpp, line 771]
Event: 21.645 Thread 0x000002ca9efe6d90 Exception <a 'sun/nio/fs/WindowsException'{0x0000000088c13fb8}> (0x0000000088c13fb8) 
thrown [s\src\hotspot\share\prims\jni.cpp, line 517]
Event: 21.645 Thread 0x000002ca9efe6d90 Exception <a 'sun/nio/fs/WindowsException'{0x0000000088c14378}> (0x0000000088c14378) 
thrown [s\src\hotspot\share\prims\jni.cpp, line 517]
Event: 21.706 Thread 0x000002ca9329d890 Exception <a 'java/lang/NoSuchMethodError'{0x00000000887bce50}: static [Ljava/lang/Object;.<clinit>()V> (0x00000000887bce50) 
thrown [s\src\hotspot\share\prims\jni.cpp, line 1108]

VM Operations (20 events):
Event: 20.939 Executing VM operation: HandshakeAllThreads done
Event: 20.969 Executing VM operation: HandshakeAllThreads
Event: 20.970 Executing VM operation: HandshakeAllThreads done
Event: 21.334 Executing VM operation: ICBufferFull
Event: 21.335 Executing VM operation: ICBufferFull done
Event: 21.478 Executing VM operation: G1CollectForAllocation
Event: 21.486 Executing VM operation: G1CollectForAllocation done
Event: 21.583 Executing VM operation: HandshakeAllThreads
Event: 21.583 Executing VM operation: HandshakeAllThreads done
Event: 21.619 Executing VM operation: G1CollectForAllocation
Event: 21.623 Executing VM operation: G1CollectForAllocation done
Event: 21.688 Executing VM operation: HandshakeAllThreads
Event: 21.688 Executing VM operation: HandshakeAllThreads done
Event: 21.690 Executing VM operation: HandshakeAllThreads
Event: 21.690 Executing VM operation: HandshakeAllThreads done
Event: 21.695 Executing VM operation: HandshakeAllThreads
Event: 21.696 Executing VM operation: HandshakeAllThreads done
Event: 21.698 Executing VM operation: HandshakeAllThreads
Event: 21.699 Executing VM operation: HandshakeAllThreads done
Event: 22.089 Executing VM operation: G1TryInitiateConcMark

Events (20 events):
Event: 22.074 loading class com/android/ide/common/resources/DataItem
Event: 22.074 loading class com/android/ide/common/resources/DataItem done
Event: 22.075 loading class com/android/ide/common/resources/MergedResourceMergerItem
Event: 22.075 loading class com/android/ide/common/resources/MergedResourceMergerItem done
Event: 22.076 loading class com/android/ide/common/resources/SourcelessResourceMergerItem
Event: 22.076 loading class com/android/ide/common/resources/SourcelessResourceMergerItem done
Event: 22.079 loading class org/apache/xerces/jaxp/DocumentBuilderFactoryImpl
Event: 22.079 loading class org/apache/xerces/jaxp/DocumentBuilderFactoryImpl done
Event: 22.081 loading class javax/xml/parsers/DocumentBuilder
Event: 22.082 loading class javax/xml/parsers/DocumentBuilder done
Event: 22.082 loading class org/apache/xerces/jaxp/DocumentBuilderImpl
Event: 22.082 loading class org/apache/xerces/jaxp/DocumentBuilderImpl done
Event: 22.082 loading class org/apache/xerces/jaxp/JAXPConstants
Event: 22.083 loading class org/apache/xerces/jaxp/JAXPConstants done
Event: 22.083 loading class org/xml/sax/SAXNotRecognizedException
Event: 22.084 loading class org/xml/sax/SAXNotRecognizedException done
Event: 22.084 loading class org/xml/sax/SAXNotSupportedException
Event: 22.084 loading class org/xml/sax/SAXNotSupportedException done
Event: 22.086 loading class com/android/utils/XmlUtils
Event: 22.086 loading class com/android/utils/XmlUtils done


Dynamic libraries:
0x00007ff691670000 - 0x00007ff69167a000 	C:\Program Files\Android\Android Studio1\jbr\bin\java.exe
0x00007ffa3b310000 - 0x00007ffa3b524000 	C:\WINDOWS\SYSTEM32\ntdll.dll
0x00007ffa39e60000 - 0x00007ffa39f24000 	C:\WINDOWS\System32\KERNEL32.DLL
0x00007ffa38800000 - 0x00007ffa38ba4000 	C:\WINDOWS\System32\KERNELBASE.dll
0x00007ffa38bb0000 - 0x00007ffa38cc1000 	C:\WINDOWS\System32\ucrtbase.dll
0x00007ffa1f8c0000 - 0x00007ffa1f8db000 	C:\Program Files\Android\Android Studio1\jbr\bin\VCRUNTIME140.dll
0x00007ffa10fc0000 - 0x00007ffa10fd7000 	C:\Program Files\Android\Android Studio1\jbr\bin\jli.dll
0x00007ffa39ab0000 - 0x00007ffa39c5e000 	C:\WINDOWS\System32\USER32.dll
0x00007ffa386c0000 - 0x00007ffa386e6000 	C:\WINDOWS\System32\win32u.dll
0x00007ffa396b0000 - 0x00007ffa396d9000 	C:\WINDOWS\System32\GDI32.dll
0x00007ffa38d90000 - 0x00007ffa38ea8000 	C:\WINDOWS\System32\gdi32full.dll
0x00007ffa38760000 - 0x00007ffa387fa000 	C:\WINDOWS\System32\msvcp_win.dll
0x00007ffa1f5d0000 - 0x00007ffa1f863000 	C:\WINDOWS\WinSxS\amd64_microsoft.windows.common-controls_6595b64144ccf1df_6.0.22621.2215_none_270d72677387dfc3\COMCTL32.dll
0x00007ffa3b220000 - 0x00007ffa3b2c7000 	C:\WINDOWS\System32\msvcrt.dll
0x00007ffa396e0000 - 0x00007ffa39711000 	C:\WINDOWS\System32\IMM32.DLL
0x00007ffa2a860000 - 0x00007ffa2a86c000 	C:\Program Files\Android\Android Studio1\jbr\bin\vcruntime140_1.dll
0x00007ff9e5a30000 - 0x00007ff9e5abd000 	C:\Program Files\Android\Android Studio1\jbr\bin\msvcp140.dll
0x00007ff97ef70000 - 0x00007ff97fbde000 	C:\Program Files\Android\Android Studio1\jbr\bin\server\jvm.dll
0x00007ffa39120000 - 0x00007ffa391d0000 	C:\WINDOWS\System32\ADVAPI32.dll
0x00007ffa39500000 - 0x00007ffa395a6000 	C:\WINDOWS\System32\sechost.dll
0x00007ffa3a760000 - 0x00007ffa3a877000 	C:\WINDOWS\System32\RPCRT4.dll
0x00007ffa30800000 - 0x00007ffa30809000 	C:\WINDOWS\SYSTEM32\WSOCK32.dll
0x00007ffa30a00000 - 0x00007ffa30a0a000 	C:\WINDOWS\SYSTEM32\VERSION.dll
0x00007ffa35fd0000 - 0x00007ffa36004000 	C:\WINDOWS\SYSTEM32\WINMM.dll
0x00007ffa39de0000 - 0x00007ffa39e51000 	C:\WINDOWS\System32\WS2_32.dll
0x00007ffa376c0000 - 0x00007ffa376d8000 	C:\WINDOWS\SYSTEM32\kernel.appcore.dll
0x00007ffa29180000 - 0x00007ffa2918a000 	C:\Program Files\Android\Android Studio1\jbr\bin\jimage.dll
0x00007ffa35d10000 - 0x00007ffa35f3e000 	C:\WINDOWS\SYSTEM32\DBGHELP.DLL
0x00007ffa39720000 - 0x00007ffa39aaa000 	C:\WINDOWS\System32\combase.dll
0x00007ffa3a890000 - 0x00007ffa3a967000 	C:\WINDOWS\System32\OLEAUT32.dll
0x00007ffa35f90000 - 0x00007ffa35fc2000 	C:\WINDOWS\SYSTEM32\dbgcore.DLL
0x00007ffa39020000 - 0x00007ffa3909a000 	C:\WINDOWS\System32\bcryptPrimitives.dll
0x00007ffa26500000 - 0x00007ffa2650e000 	C:\Program Files\Android\Android Studio1\jbr\bin\instrument.dll
0x00007ff9e0440000 - 0x00007ff9e0465000 	C:\Program Files\Android\Android Studio1\jbr\bin\java.dll
0x00007ff9ea170000 - 0x00007ff9ea188000 	C:\Program Files\Android\Android Studio1\jbr\bin\zip.dll
0x00007ffa3a9f0000 - 0x00007ffa3b213000 	C:\WINDOWS\System32\SHELL32.dll
0x00007ffa36600000 - 0x00007ffa36eea000 	C:\WINDOWS\SYSTEM32\windows.storage.dll
0x00007ffa364c0000 - 0x00007ffa365fe000 	C:\WINDOWS\SYSTEM32\wintypes.dll
0x00007ffa395b0000 - 0x00007ffa396a3000 	C:\WINDOWS\System32\SHCORE.dll
0x00007ffa39320000 - 0x00007ffa3937e000 	C:\WINDOWS\System32\shlwapi.dll
0x00007ffa385f0000 - 0x00007ffa38616000 	C:\WINDOWS\SYSTEM32\profapi.dll
0x00007ffa25e30000 - 0x00007ffa25e39000 	C:\Program Files\Android\Android Studio1\jbr\bin\management.dll
0x00007ffa25d70000 - 0x00007ffa25d7b000 	C:\Program Files\Android\Android Studio1\jbr\bin\management_ext.dll
0x00007ffa393e0000 - 0x00007ffa393e8000 	C:\WINDOWS\System32\PSAPI.DLL
0x00007ff9e6f00000 - 0x00007ff9e6f19000 	C:\Program Files\Android\Android Studio1\jbr\bin\net.dll
0x00007ffa30c20000 - 0x00007ffa30d57000 	C:\WINDOWS\SYSTEM32\WINHTTP.dll
0x00007ffa37b90000 - 0x00007ffa37bf9000 	C:\WINDOWS\system32\mswsock.dll
0x00007ff9e57d0000 - 0x00007ff9e57e6000 	C:\Program Files\Android\Android Studio1\jbr\bin\nio.dll
0x00007ffa18f10000 - 0x00007ffa18f27000 	C:\WINDOWS\system32\napinsp.dll
0x00007ffa18ef0000 - 0x00007ffa18f0b000 	C:\WINDOWS\system32\pnrpnsp.dll
0x00007ffa371c0000 - 0x00007ffa372b2000 	C:\WINDOWS\SYSTEM32\DNSAPI.dll
0x00007ffa37150000 - 0x00007ffa3717d000 	C:\WINDOWS\SYSTEM32\IPHLPAPI.DLL
0x00007ffa394f0000 - 0x00007ffa394f9000 	C:\WINDOWS\System32\NSI.dll
0x00007ffa18ed0000 - 0x00007ffa18ee1000 	C:\WINDOWS\System32\winrnr.dll
0x00007ffa0fd70000 - 0x00007ffa0fd85000 	C:\WINDOWS\system32\wshbth.dll
0x00007ffa0fd40000 - 0x00007ffa0fd61000 	C:\WINDOWS\system32\nlansp_c.dll
0x00007ffa30960000 - 0x00007ffa3096a000 	C:\Windows\System32\rasadhlp.dll
0x00007ffa305a0000 - 0x00007ffa30624000 	C:\WINDOWS\System32\fwpuclnt.dll
0x00007ffa25d30000 - 0x00007ffa25d40000 	C:\Program Files\Android\Android Studio1\jbr\bin\verify.dll
0x00007ffa25d40000 - 0x00007ffa25d67000 	C:\Users\aditi\AndroidStudioProjects\HelloWorld\gradle\native\68d5fa5c4cc2d200863cafc0d521ce42e7d3e7ee720ec0a83991735586a16f82\windows-amd64\native-platform.dll
0x00007ff9d5210000 - 0x00007ff9d5354000 	C:\Users\aditi\AndroidStudioProjects\HelloWorld\gradle\native\e376f236ea51e6404a007f0833ffe2c6e607c4080706a723a18a27aeea778392\windows-amd64\native-platform-file-events.dll
0x00007ffa37e50000 - 0x00007ffa37e6b000 	C:\WINDOWS\SYSTEM32\CRYPTSP.dll
0x00007ffa37680000 - 0x00007ffa376b5000 	C:\WINDOWS\system32\rsaenh.dll
0x00007ffa37cf0000 - 0x00007ffa37d1c000 	C:\WINDOWS\SYSTEM32\USERENV.dll
0x00007ffa38090000 - 0x00007ffa380b8000 	C:\WINDOWS\SYSTEM32\bcrypt.dll
0x00007ffa37e70000 - 0x00007ffa37e7c000 	C:\WINDOWS\SYSTEM32\CRYPTBASE.dll
0x00007ffa30ba0000 - 0x00007ffa30bb9000 	C:\WINDOWS\SYSTEM32\dhcpcsvc6.DLL
0x00007ffa30b80000 - 0x00007ffa30b9f000 	C:\WINDOWS\SYSTEM32\dhcpcsvc.DLL
0x00007ffa20290000 - 0x00007ffa20298000 	C:\WINDOWS\system32\wshunix.dll

dbghelp: loaded successfully - version: 4.0.5 - missing functions: none
symbol engine: initialized successfully - sym options: 0x614 - pdb path: .;C:\Program Files\Android\Android Studio1\jbr\bin;C:\WINDOWS\SYSTEM32;C:\WINDOWS\WinSxS\amd64_microsoft.windows.common-controls_6595b64144ccf1df_6.0.22621.2215_none_270d72677387dfc3;C:\Program Files\Android\Android Studio1\jbr\bin\server;C:\Users\aditi\AndroidStudioProjects\HelloWorld\gradle\native\68d5fa5c4cc2d200863cafc0d521ce42e7d3e7ee720ec0a83991735586a16f82\windows-amd64;C:\Users\aditi\AndroidStudioProjects\HelloWorld\gradle\native\e376f236ea51e6404a007f0833ffe2c6e607c4080706a723a18a27aeea778392\windows-amd64

VM Arguments:
jvm_args: --add-opens=java.base/java.util.concurrent.atomic=ALL-UNNAMED -javaagent:C:\Program Files\Android\Android Studio\plugins\android\resources\trace_agent.jar=C:\Users\aditi\AppData\Local\Temp\sync.trace.profile --add-opens=java.base/java.util=ALL-UNNAMED --add-opens=java.base/java.lang=ALL-UNNAMED --add-opens=java.base/java.lang.invoke=ALL-UNNAMED --add-opens=java.prefs/java.util.prefs=ALL-UNNAMED --add-opens=java.base/java.nio.charset=ALL-UNNAMED --add-opens=java.base/java.net=ALL-UNNAMED --add-opens=java.base/java.util.concurrent.atomic=ALL-UNNAMED -Xmx2048m -Dfile.encoding=UTF-8 -Duser.country=US -Duser.language=en -Duser.variant 
java_command: org.gradle.launcher.daemon.bootstrap.GradleDaemon 8.0
java_class_path (initial): C:\Users\aditi\AndroidStudioProjects\HelloWorld\gradle\wrapper\dists\gradle-8.0-bin\ca5e32bp14vu59qr306oxotwh\gradle-8.0\lib\gradle-launcher-8.0.jar
Launcher Type: SUN_STANDARD

[Global flags]
     intx CICompilerCount                          = 4                                         {product} {ergonomic}
     uint ConcGCThreads                            = 3                                         {product} {ergonomic}
     uint G1ConcRefinementThreads                  = 10                                        {product} {ergonomic}
   size_t G1HeapRegionSize                         = 1048576                                   {product} {ergonomic}
    uintx GCDrainStackTargetSize                   = 64                                        {product} {ergonomic}
   size_t InitialHeapSize                          = 98566144                                  {product} {ergonomic}
   size_t MarkStackSize                            = 4194304                                   {product} {ergonomic}
   size_t MaxHeapSize                              = 2147483648                                {product} {command line}
   size_t MaxNewSize                               = 1287651328                                {product} {ergonomic}
   size_t MinHeapDeltaBytes                        = 1048576                                   {product} {ergonomic}
   size_t MinHeapSize                              = 8388608                                   {product} {ergonomic}
    uintx NonNMethodCodeHeapSize                   = 5839372                                {pd product} {ergonomic}
    uintx NonProfiledCodeHeapSize                  = 122909434                              {pd product} {ergonomic}
    uintx ProfiledCodeHeapSize                     = 122909434                              {pd product} {ergonomic}
    uintx ReservedCodeCacheSize                    = 251658240                              {pd product} {ergonomic}
     bool SegmentedCodeCache                       = true                                      {product} {ergonomic}
   size_t SoftMaxHeapSize                          = 2147483648                             {manageable} {ergonomic}
     bool UseCompressedClassPointers               = true                           {product lp64_product} {ergonomic}
     bool UseCompressedOops                        = true                           {product lp64_product} {ergonomic}
     bool UseG1GC                                  = true                                      {product} {ergonomic}
     bool UseLargePagesIndividualAllocation        = false                                  {pd product} {ergonomic}

Logging:
Log output configuration:
 #0: stdout all=warning uptime,level,tags
 #1: stderr all=off uptime,level,tags

Environment Variables:
PATH=C:\Program Files (x86)\VMware\VMware Player\bin\;C:\Program Files\Common Files\Oracle\Java\javapath;C:\Program Files (x86)\Common Files\Oracle\Java\javapath;C:\WINDOWS\system32;C:\WINDOWS;C:\WINDOWS\System32\Wbem;C:\WINDOWS\System32\WindowsPowerShell\v1.0\;C:\WINDOWS\System32\OpenSSH\;C:\Program Files\Git\cmd;C:\Program Files\Java\jdk-19\bin;C:\Program Files\Java\jdk-19\bin;;C:\Program Files\Microchip\xc8\v2.36\bin;C:\Users\aditi\AppData\Local\Programs\Python\Python311\Scripts\;C:\Users\aditi\AppData\Local\Programs\Python\Python311\;C:\Users\aditi\AppData\Local\Programs\Python\Python310\Scripts\;C:\Users\aditi\AppData\Local\Programs\Python\Python310\;C:\Users\aditi\AppData\Local\Microsoft\WindowsApps;C:\Users\aditi\AppData\Local\Microsoft\WindowsApps;C:\Program Files\Java\jdk-19\bin;C:\Program Files\Java\jdk-19\bin;C:\Users\aditi\AppData\Local\Programs\Microsoft VS Code\bin;C:\MinGW\bin;
USERNAME=aditi
OS=Windows_NT
PROCESSOR_IDENTIFIER=AMD64 Family 23 Model 104 Stepping 1, AuthenticAMD
TMP=C:\Users\aditi\AppData\Local\Temp
TEMP=C:\Users\aditi\AppData\Local\Temp


JNI global refs:
JNI global refs: 25, weak refs: 0

JNI global refs memory usage: 843, weak refs: 841


---------------  S Y S T E M  ---------------

OS:
 Windows 11 , 64 bit Build 22621 (10.0.22621.2215)
OS uptime: 2 days 2:42 hours
Hyper-V role detected

CPU: total 12 (initial active 12) (12 cores per cpu, 2 threads per core) family 23 model 104 stepping 1 microcode 0x0, cx8, cmov, fxsr, ht, mmx, 3dnowpref, sse, sse2, sse3, ssse3, sse4a, sse4.1, sse4.2, popcnt, lzcnt, tsc, tscinvbit, avx, avx2, aes, clmul, bmi1, bmi2, adx, sha, fma, vzeroupper, clflush, clflushopt, hv

Memory: 4k page, system-wide physical 6005M (212M free)
TotalPageFile size 24437M (AvailPageFile size 33M)
current process WorkingSet (physical memory assigned to process): 374M, peak: 430M
current process commit charge ("private bytes"): 458M, peak: 529M

vm_info: OpenJDK 64-Bit Server VM (17.0.6+0-b2043.56-10027231) for windows-amd64 JRE (17.0.6+0-b2043.56-10027231), built on Apr 28 2023 00:43:19 by "androidbuild" with MS VC++ 16.10 / 16.11 (VS2019)

END.
