#
# There is insufficient memory for the Java Runtime Environment to continue.
# Native memory allocation (malloc) failed to allocate 908816 bytes for Chunk::new
# Possible reasons:
#   The system is out of physical RAM or swap space
#   The process is running with CompressedOops enabled, and the Java Heap may be blocking the growth of the native heap
# Possible solutions:
#   Reduce memory load on the system
#   Increase physical memory or swap space
#   Check if swap backing store is full
#   Decrease Java heap size (-Xmx/-Xms)
#   Decrease number of Java threads
#   Decrease Java thread stack sizes (-Xss)
#   Set larger code cache with -XX:ReservedCodeCacheSize=
#   JVM is running with Unscaled Compressed Oops mode in which the Java heap is
#     placed in the first 4GB address space. The Java Heap base address is the
#     maximum limit for the native heap growth. Please use -XX:HeapBaseMinAddress
#     to set the Java Heap base and to place the Java Heap above 4GB virtual address.
# This output file may be truncated or incomplete.
#
#  Out of Memory Error (arena.cpp:189), pid=31096, tid=13084
#
# JRE version: OpenJDK Runtime Environment (17.0.6) (build 17.0.6+0-b2043.56-10027231)
# Java VM: OpenJDK 64-Bit Server VM (17.0.6+0-b2043.56-10027231, mixed mode, tiered, compressed oops, compressed class ptrs, g1 gc, windows-amd64)
# No core dump will be written. Minidumps are not enabled by default on client versions of Windows
#

---------------  S U M M A R Y ------------

Command Line: --add-opens=java.base/java.util.concurrent.atomic=ALL-UNNAMED -javaagent:C:\Program Files\Android\Android Studio\plugins\android\resources\trace_agent.jar=C:\Users\aditi\AppData\Local\Temp\sync.trace.profile --add-opens=java.base/java.util=ALL-UNNAMED --add-opens=java.base/java.lang=ALL-UNNAMED --add-opens=java.base/java.lang.invoke=ALL-UNNAMED --add-opens=java.prefs/java.util.prefs=ALL-UNNAMED --add-opens=java.base/java.nio.charset=ALL-UNNAMED --add-opens=java.base/java.net=ALL-UNNAMED --add-opens=java.base/java.util.concurrent.atomic=ALL-UNNAMED -Xmx2048m -Dfile.encoding=UTF-8 -Duser.country=US -Duser.language=en -Duser.variant org.gradle.launcher.daemon.bootstrap.GradleDaemon 8.0

Host: AMD Ryzen 5 5500U with Radeon Graphics         , 12 cores, 5G,  Windows 11 , 64 bit Build 22621 (10.0.22621.2215)
Time: Sun Aug 27 17:39:35 2023 India Standard Time elapsed time: 11.623240 seconds (0d 0h 0m 11s)

---------------  T H R E A D  ---------------

Current thread (0x000001cffd033a70):  JavaThread "C2 CompilerThread0" daemon [_thread_in_native, id=13084, stack(0x0000004749700000,0x0000004749800000)]


Current CompileTask:
C2:  11623 8700       4       org.objectweb.asm.Frame::execute (2318 bytes)

Stack: [0x0000004749700000,0x0000004749800000]
Native frames: (J=compiled Java code, j=interpreted, Vv=VM code, C=native code)
V  [jvm.dll+0x683c9a]
V  [jvm.dll+0x8427a4]
V  [jvm.dll+0x843f9e]
V  [jvm.dll+0x844603]
V  [jvm.dll+0x249b75]
V  [jvm.dll+0xabcac]
V  [jvm.dll+0xac27c]
V  [jvm.dll+0x2b0eef]
V  [jvm.dll+0x58a267]
V  [jvm.dll+0x2243b2]
V  [jvm.dll+0x22478f]
V  [jvm.dll+0x21e055]
V  [jvm.dll+0x21b51b]
V  [jvm.dll+0x1a4fdd]
V  [jvm.dll+0x22b098]
V  [jvm.dll+0x229159]
V  [jvm.dll+0x7f81ec]
V  [jvm.dll+0x7f274a]
V  [jvm.dll+0x682ad5]
C  [ucrtbase.dll+0x29363]
C  [KERNEL32.DLL+0x1257d]
C  [ntdll.dll+0x5aa68]


---------------  P R O C E S S  ---------------

Threads class SMR info:
_java_thread_list=0x000001cf930b4a10, length=170, elements={
0x000001cfef3cc950, 0x000001cffd013020, 0x000001cffd0142a0, 0x000001cffc61e290,
0x000001cffd02f4d0, 0x000001cffd02fd90, 0x000001cffd030650, 0x000001cffd033a70,
0x000001cffd037360, 0x000001cffd039d60, 0x000001cffd1641d0, 0x000001cffd498040,
0x000001cf9051aa90, 0x000001cf908882a0, 0x000001cf8ffe2010, 0x000001cf8fd8d860,
0x000001cf8fd058d0, 0x000001cf901904a0, 0x000001cf8faf2f40, 0x000001cf8fb10040,
0x000001cf8fc5d870, 0x000001cf8fc5b1f0, 0x000001cf8fc5b6c0, 0x000001cf8fc5ad20,
0x000001cf8fc5d3a0, 0x000001cf8fc5c060, 0x000001cf8fc5c530, 0x000001cf8fc5e210,
0x000001cf90904080, 0x000001cf909053c0, 0x000001cf90906bd0, 0x000001cf90906700,
0x000001cf90904550, 0x000001cf90904a20, 0x000001cf90908d80, 0x000001cf909070a0,
0x000001cf90909720, 0x000001cf90906230, 0x000001cf90907570, 0x000001cf90907a40,
0x000001cf9090a590, 0x000001cf90907f10, 0x000001cf909083e0, 0x000001cf90909bf0,
0x000001cf9090a0c0, 0x000001cf9090aa60, 0x000001cf9090af30, 0x000001cf9090b8d0,
0x000001cf92f98010, 0x000001cf92f9b9d0, 0x000001cf92f9bea0, 0x000001cf92f989b0,
0x000001cf92f9c370, 0x000001cf92f971a0, 0x000001cf92f99350, 0x000001cf92f98e80,
0x000001cf92f97b40, 0x000001cf92f984e0, 0x000001cf92f99820, 0x000001cf92f9e520,
0x000001cf92f97670, 0x000001cf92f9ab60, 0x000001cf92f9b030, 0x000001cf92f99cf0,
0x000001cf92f9a1c0, 0x000001cf92f9b500, 0x000001cf92f9a690, 0x000001cf92f9c840,
0x000001cf92f9cd10, 0x000001cf92f9d1e0, 0x000001cf92f9d6b0, 0x000001cf92f9db80,
0x000001cf92f9e050, 0x000001cf92f96cd0, 0x000001cf92c6e8d0, 0x000001cf92c6fc10,
0x000001cf92c6eda0, 0x000001cf92c6d0c0, 0x000001cf92c72290, 0x000001cf92c6d590,
0x000001cf92c6f270, 0x000001cf92c73f70, 0x000001cf92c6f740, 0x000001cf92c6e400,
0x000001cf92c72760, 0x000001cf92c73aa0, 0x000001cf92c74440, 0x000001cf92c72c30,
0x000001cf92c6cbf0, 0x000001cf92c700e0, 0x000001cf92c705b0, 0x000001cf92c70a80,
0x000001cf92c6da60, 0x000001cf92c70f50, 0x000001cf92c71dc0, 0x000001cf92c6df30,
0x000001cf92c735d0, 0x000001cf92c71420, 0x000001cf92c718f0, 0x000001cf92c73100,
0x000001cf92c957b0, 0x000001cf92c95c80, 0x000001cf92c96150, 0x000001cf92c96620,
0x000001cf92c94e10, 0x000001cf92c93fa0, 0x000001cf92c92c60, 0x000001cf92c93130,
0x000001cf92c952e0, 0x000001cf92c93600, 0x000001cf92c93ad0, 0x000001cf92c94470,
0x000001cf92c94940, 0x000001cf90ec2af0, 0x000001cf90ec12e0, 0x000001cf90ebfad0,
0x000001cf90ec0470, 0x000001cf90ec17b0, 0x000001cf90ec0940, 0x000001cf90ebd920,
0x000001cf90ec1c80, 0x000001cf90ec2150, 0x000001cf90ebcab0, 0x000001cf90ebec60,
0x000001cf90ec3490, 0x000001cf90ebcf80, 0x000001cf90ebc5e0, 0x000001cf90ec0e10,
0x000001cf90ec2fc0, 0x000001cf90ebffa0, 0x000001cf90ebe790, 0x000001cf90ec3960,
0x000001cf90ec2620, 0x000001cf90ebf130, 0x000001cf90ebc110, 0x000001cf90ebd450,
0x000001cf90ebddf0, 0x000001cf90ebe2c0, 0x000001cf90ebf600, 0x000001cf92d74000,
0x000001cf92d78360, 0x000001cf92d77e90, 0x000001cf92d7b850, 0x000001cf92d79b70,
0x000001cf92d74e70, 0x000001cf92d796a0, 0x000001cf92d7a040, 0x000001cf92d77020,
0x000001cf92d75810, 0x000001cf92d774f0, 0x000001cf92d749a0, 0x000001cf92d7a510,
0x000001cf92d75340, 0x000001cf92d78830, 0x000001cf92d791d0, 0x000001cf92d744d0,
0x000001cf92d7a9e0, 0x000001cf92d7aeb0, 0x000001cf92d779c0, 0x000001cf92d78d00,
0x000001cf92d7b380, 0x000001cf92d761b0, 0x000001cf92d75ce0, 0x000001cf92d76680,
0x000001cf92d76b50, 0x000001cf92dc92a0, 0x000001cf92dc9c40, 0x000001cf92dcaab0,
0x000001cf92dc6c20, 0x000001cf92dca5e0
}

Java Threads: ( => current thread )
  0x000001cfef3cc950 JavaThread "main" [_thread_blocked, id=22008, stack(0x0000004748a00000,0x0000004748b00000)]
  0x000001cffd013020 JavaThread "Reference Handler" daemon [_thread_blocked, id=21284, stack(0x0000004749100000,0x0000004749200000)]
  0x000001cffd0142a0 JavaThread "Finalizer" daemon [_thread_blocked, id=6756, stack(0x0000004749200000,0x0000004749300000)]
  0x000001cffc61e290 JavaThread "Signal Dispatcher" daemon [_thread_blocked, id=21672, stack(0x0000004749300000,0x0000004749400000)]
  0x000001cffd02f4d0 JavaThread "Attach Listener" daemon [_thread_blocked, id=21964, stack(0x0000004749400000,0x0000004749500000)]
  0x000001cffd02fd90 JavaThread "Service Thread" daemon [_thread_blocked, id=31804, stack(0x0000004749500000,0x0000004749600000)]
  0x000001cffd030650 JavaThread "Monitor Deflation Thread" daemon [_thread_blocked, id=15372, stack(0x0000004749600000,0x0000004749700000)]
=>0x000001cffd033a70 JavaThread "C2 CompilerThread0" daemon [_thread_in_native, id=13084, stack(0x0000004749700000,0x0000004749800000)]
  0x000001cffd037360 JavaThread "C1 CompilerThread0" daemon [_thread_blocked, id=14000, stack(0x0000004749800000,0x0000004749900000)]
  0x000001cffd039d60 JavaThread "Sweeper thread" daemon [_thread_blocked, id=2332, stack(0x0000004749900000,0x0000004749a00000)]
  0x000001cffd1641d0 JavaThread "Common-Cleaner" daemon [_thread_blocked, id=29600, stack(0x0000004749a00000,0x0000004749b00000)]
  0x000001cffd498040 JavaThread "Notification Thread" daemon [_thread_blocked, id=21468, stack(0x0000004749b00000,0x0000004749c00000)]
  0x000001cf9051aa90 JavaThread "Daemon health stats" [_thread_blocked, id=30700, stack(0x000000474a100000,0x000000474a200000)]
  0x000001cf908882a0 JavaThread "Incoming local TCP Connector on port 65471" [_thread_in_native, id=26960, stack(0x000000474a400000,0x000000474a500000)]
  0x000001cf8ffe2010 JavaThread "Daemon periodic checks" [_thread_blocked, id=20368, stack(0x000000474a500000,0x000000474a600000)]
  0x000001cf8fd8d860 JavaThread "Daemon" [_thread_blocked, id=30440, stack(0x000000474a600000,0x000000474a700000)]
  0x000001cf8fd058d0 JavaThread "Handler for socket connection from /127.0.0.1:65471 to /127.0.0.1:65472" [_thread_in_native, id=32232, stack(0x000000474aa00000,0x000000474ab00000)]
  0x000001cf901904a0 JavaThread "Cancel handler" [_thread_blocked, id=31116, stack(0x000000474ab00000,0x000000474ac00000)]
  0x000001cf8faf2f40 JavaThread "Daemon worker" [_thread_in_vm, id=27496, stack(0x000000474ac00000,0x000000474ad00000)]
  0x000001cf8fb10040 JavaThread "Asynchronous log dispatcher for DefaultDaemonConnection: socket connection from /127.0.0.1:65471 to /127.0.0.1:65472" [_thread_blocked, id=24696, stack(0x000000474ad00000,0x000000474ae00000)]
  0x000001cf8fc5d870 JavaThread "Stdin handler" [_thread_blocked, id=20252, stack(0x000000474ae00000,0x000000474af00000)]
  0x000001cf8fc5b1f0 JavaThread "Daemon client event forwarder" [_thread_blocked, id=16884, stack(0x000000474af00000,0x000000474b000000)]
  0x000001cf8fc5b6c0 JavaThread "Cache worker for journal cache (C:\Users\aditi\AndroidStudioProjects\HelloWorld\gradle\caches\journal-1)" [_thread_blocked, id=15512, stack(0x000000474b200000,0x000000474b300000)]
  0x000001cf8fc5ad20 JavaThread "File lock request listener" [_thread_in_native, id=8724, stack(0x000000474b300000,0x000000474b400000)]
  0x000001cf8fc5d3a0 JavaThread "Cache worker for file hash cache (C:\Users\aditi\AndroidStudioProjects\HelloWorld\gradle\caches\8.0\fileHashes)" [_thread_blocked, id=20280, stack(0x000000474b400000,0x000000474b500000)]
  0x000001cf8fc5c060 JavaThread "File watcher server" daemon [_thread_in_native, id=11592, stack(0x000000474b500000,0x000000474b600000)]
  0x000001cf8fc5c530 JavaThread "File watcher consumer" daemon [_thread_blocked, id=24100, stack(0x000000474b600000,0x000000474b700000)]
  0x000001cf8fc5e210 JavaThread "Cache worker for checksums cache (C:\Users\aditi\AndroidStudioProjects\TicTacToe\.gradle\8.0\checksums)" [_thread_blocked, id=31104, stack(0x000000474b700000,0x000000474b800000)]
  0x000001cf90904080 JavaThread "Cache worker for cache directory md-rule (C:\Users\aditi\AndroidStudioProjects\HelloWorld\gradle\caches\8.0\md-rule)" [_thread_blocked, id=28252, stack(0x000000474b800000,0x000000474b900000)]
  0x000001cf909053c0 JavaThread "Cache worker for file content cache (C:\Users\aditi\AndroidStudioProjects\HelloWorld\gradle\caches\8.0\fileContent)" [_thread_blocked, id=7264, stack(0x000000474b900000,0x000000474ba00000)]
  0x000001cf90906bd0 JavaThread "Cache worker for file hash cache (C:\Users\aditi\AndroidStudioProjects\TicTacToe\.gradle\8.0\fileHashes)" [_thread_blocked, id=6304, stack(0x000000474ba00000,0x000000474bb00000)]
  0x000001cf90906700 JavaThread "Cache worker for cache directory md-supplier (C:\Users\aditi\AndroidStudioProjects\HelloWorld\gradle\caches\8.0\md-supplier)" [_thread_blocked, id=27604, stack(0x000000474bb00000,0x000000474bc00000)]
  0x000001cf90904550 JavaThread "Cache worker for execution history cache (C:\Users\aditi\AndroidStudioProjects\HelloWorld\gradle\caches\8.0\executionHistory)" [_thread_blocked, id=30136, stack(0x000000474bc00000,0x000000474bd00000)]
  0x000001cf90904a20 JavaThread "jar transforms" [_thread_blocked, id=32292, stack(0x000000474bd00000,0x000000474be00000)]
  0x000001cf90908d80 JavaThread "jar transforms Thread 2" [_thread_blocked, id=10884, stack(0x000000474be00000,0x000000474bf00000)]
  0x000001cf909070a0 JavaThread "Cache worker for kotlin-dsl (C:\Users\aditi\AndroidStudioProjects\HelloWorld\gradle\caches\8.0\kotlin-dsl)" [_thread_blocked, id=31556, stack(0x000000474bf00000,0x000000474c000000)]
  0x000001cf90909720 JavaThread "jar transforms Thread 3" [_thread_blocked, id=6200, stack(0x000000474c000000,0x000000474c100000)]
  0x000001cf90906230 JavaThread "jar transforms Thread 4" [_thread_blocked, id=25324, stack(0x000000474c100000,0x000000474c200000)]
  0x000001cf90907570 JavaThread "Cache worker for dependencies-accessors (C:\Users\aditi\AndroidStudioProjects\TicTacToe\.gradle\8.0\dependencies-accessors)" [_thread_blocked, id=2748, stack(0x000000474c200000,0x000000474c300000)]
  0x000001cf90907a40 JavaThread "Cache worker for Build Output Cleanup Cache (C:\Users\aditi\AndroidStudioProjects\TicTacToe\.gradle\buildOutputCleanup)" [_thread_blocked, id=17616, stack(0x000000474c300000,0x000000474c400000)]
  0x000001cf9090a590 JavaThread "jar transforms Thread 5" [_thread_blocked, id=29152, stack(0x000000474c400000,0x000000474c500000)]
  0x000001cf90907f10 JavaThread "Unconstrained build operations" [_thread_blocked, id=10236, stack(0x000000474c500000,0x000000474c600000)]
  0x000001cf909083e0 JavaThread "Unconstrained build operations Thread 2" [_thread_blocked, id=22004, stack(0x000000474c600000,0x000000474c700000)]
  0x000001cf90909bf0 JavaThread "Unconstrained build operations Thread 3" [_thread_blocked, id=20020, stack(0x000000474c700000,0x000000474c800000)]
  0x000001cf9090a0c0 JavaThread "Unconstrained build operations Thread 4" [_thread_blocked, id=12520, stack(0x000000474c800000,0x000000474c900000)]
  0x000001cf9090aa60 JavaThread "Unconstrained build operations Thread 5" [_thread_blocked, id=13264, stack(0x000000474c900000,0x000000474ca00000)]
  0x000001cf9090af30 JavaThread "Unconstrained build operations Thread 6" [_thread_blocked, id=26008, stack(0x000000474ca00000,0x000000474cb00000)]
  0x000001cf9090b8d0 JavaThread "Unconstrained build operations Thread 7" [_thread_blocked, id=20484, stack(0x000000474cb00000,0x000000474cc00000)]
  0x000001cf92f98010 JavaThread "Unconstrained build operations Thread 8" [_thread_blocked, id=29052, stack(0x000000474cc00000,0x000000474cd00000)]
  0x000001cf92f9b9d0 JavaThread "Unconstrained build operations Thread 9" [_thread_blocked, id=9552, stack(0x000000474cd00000,0x000000474ce00000)]
  0x000001cf92f9bea0 JavaThread "Unconstrained build operations Thread 10" [_thread_blocked, id=12656, stack(0x000000474ce00000,0x000000474cf00000)]
  0x000001cf92f989b0 JavaThread "Unconstrained build operations Thread 11" [_thread_blocked, id=13208, stack(0x000000474cf00000,0x000000474d000000)]
  0x000001cf92f9c370 JavaThread "Unconstrained build operations Thread 12" [_thread_blocked, id=21632, stack(0x000000474d000000,0x000000474d100000)]
  0x000001cf92f971a0 JavaThread "Unconstrained build operations Thread 13" [_thread_blocked, id=30764, stack(0x000000474d100000,0x000000474d200000)]
  0x000001cf92f99350 JavaThread "Unconstrained build operations Thread 14" [_thread_blocked, id=25900, stack(0x000000474d200000,0x000000474d300000)]
  0x000001cf92f98e80 JavaThread "Unconstrained build operations Thread 15" [_thread_blocked, id=21928, stack(0x000000474d300000,0x000000474d400000)]
  0x000001cf92f97b40 JavaThread "Unconstrained build operations Thread 16" [_thread_blocked, id=10324, stack(0x000000474d400000,0x000000474d500000)]
  0x000001cf92f984e0 JavaThread "Unconstrained build operations Thread 17" [_thread_blocked, id=18104, stack(0x000000474d500000,0x000000474d600000)]
  0x000001cf92f99820 JavaThread "Unconstrained build operations Thread 18" [_thread_blocked, id=12084, stack(0x000000474d600000,0x000000474d700000)]
  0x000001cf92f9e520 JavaThread "Unconstrained build operations Thread 19" [_thread_blocked, id=10900, stack(0x000000474d700000,0x000000474d800000)]
  0x000001cf92f97670 JavaThread "Unconstrained build operations Thread 20" [_thread_blocked, id=22676, stack(0x000000474d800000,0x000000474d900000)]
  0x000001cf92f9ab60 JavaThread "Unconstrained build operations Thread 21" [_thread_blocked, id=17832, stack(0x000000474d900000,0x000000474da00000)]
  0x000001cf92f9b030 JavaThread "Unconstrained build operations Thread 22" [_thread_blocked, id=3908, stack(0x000000474da00000,0x000000474db00000)]
  0x000001cf92f99cf0 JavaThread "Unconstrained build operations Thread 23" [_thread_blocked, id=29088, stack(0x000000474db00000,0x000000474dc00000)]
  0x000001cf92f9a1c0 JavaThread "Unconstrained build operations Thread 24" [_thread_blocked, id=29260, stack(0x000000474dc00000,0x000000474dd00000)]
  0x000001cf92f9b500 JavaThread "Unconstrained build operations Thread 25" [_thread_blocked, id=18924, stack(0x000000474dd00000,0x000000474de00000)]
  0x000001cf92f9a690 JavaThread "Unconstrained build operations Thread 26" [_thread_blocked, id=29808, stack(0x000000474de00000,0x000000474df00000)]
  0x000001cf92f9c840 JavaThread "Unconstrained build operations Thread 27" [_thread_blocked, id=8892, stack(0x000000474df00000,0x000000474e000000)]
  0x000001cf92f9cd10 JavaThread "Unconstrained build operations Thread 28" [_thread_blocked, id=22208, stack(0x000000474e000000,0x000000474e100000)]
  0x000001cf92f9d1e0 JavaThread "Unconstrained build operations Thread 29" [_thread_blocked, id=24832, stack(0x000000474e100000,0x000000474e200000)]
  0x000001cf92f9d6b0 JavaThread "Unconstrained build operations Thread 30" [_thread_blocked, id=19568, stack(0x000000474e200000,0x000000474e300000)]
  0x000001cf92f9db80 JavaThread "Unconstrained build operations Thread 31" [_thread_blocked, id=23504, stack(0x000000474e300000,0x000000474e400000)]
  0x000001cf92f9e050 JavaThread "Unconstrained build operations Thread 32" [_thread_blocked, id=18980, stack(0x000000474e400000,0x000000474e500000)]
  0x000001cf92f96cd0 JavaThread "Unconstrained build operations Thread 33" [_thread_blocked, id=21644, stack(0x000000474e500000,0x000000474e600000)]
  0x000001cf92c6e8d0 JavaThread "Unconstrained build operations Thread 34" [_thread_blocked, id=20236, stack(0x000000474e600000,0x000000474e700000)]
  0x000001cf92c6fc10 JavaThread "Unconstrained build operations Thread 35" [_thread_blocked, id=17004, stack(0x000000474e700000,0x000000474e800000)]
  0x000001cf92c6eda0 JavaThread "Unconstrained build operations Thread 36" [_thread_blocked, id=22220, stack(0x000000474e800000,0x000000474e900000)]
  0x000001cf92c6d0c0 JavaThread "Unconstrained build operations Thread 37" [_thread_blocked, id=23792, stack(0x000000474e900000,0x000000474ea00000)]
  0x000001cf92c72290 JavaThread "Unconstrained build operations Thread 38" [_thread_blocked, id=29516, stack(0x000000474ea00000,0x000000474eb00000)]
  0x000001cf92c6d590 JavaThread "Unconstrained build operations Thread 39" [_thread_blocked, id=20276, stack(0x000000474eb00000,0x000000474ec00000)]
  0x000001cf92c6f270 JavaThread "Unconstrained build operations Thread 40" [_thread_blocked, id=22332, stack(0x000000474ec00000,0x000000474ed00000)]
  0x000001cf92c73f70 JavaThread "Unconstrained build operations Thread 41" [_thread_blocked, id=29656, stack(0x000000474ed00000,0x000000474ee00000)]
  0x000001cf92c6f740 JavaThread "Unconstrained build operations Thread 42" [_thread_blocked, id=22776, stack(0x000000474ee00000,0x000000474ef00000)]
  0x000001cf92c6e400 JavaThread "Unconstrained build operations Thread 43" [_thread_blocked, id=27948, stack(0x000000474ef00000,0x000000474f000000)]
  0x000001cf92c72760 JavaThread "Unconstrained build operations Thread 44" [_thread_blocked, id=24768, stack(0x000000474f000000,0x000000474f100000)]
  0x000001cf92c73aa0 JavaThread "Unconstrained build operations Thread 45" [_thread_blocked, id=26344, stack(0x000000474f100000,0x000000474f200000)]
  0x000001cf92c74440 JavaThread "Unconstrained build operations Thread 46" [_thread_blocked, id=14924, stack(0x000000474f200000,0x000000474f300000)]
  0x000001cf92c72c30 JavaThread "Unconstrained build operations Thread 47" [_thread_blocked, id=28632, stack(0x000000474f300000,0x000000474f400000)]
  0x000001cf92c6cbf0 JavaThread "Unconstrained build operations Thread 48" [_thread_blocked, id=21496, stack(0x000000474f400000,0x000000474f500000)]
  0x000001cf92c700e0 JavaThread "Unconstrained build operations Thread 49" [_thread_blocked, id=24336, stack(0x000000474f500000,0x000000474f600000)]
  0x000001cf92c705b0 JavaThread "Unconstrained build operations Thread 50" [_thread_blocked, id=21344, stack(0x000000474f600000,0x000000474f700000)]
  0x000001cf92c70a80 JavaThread "Unconstrained build operations Thread 51" [_thread_blocked, id=20376, stack(0x000000474f700000,0x000000474f800000)]
  0x000001cf92c6da60 JavaThread "Unconstrained build operations Thread 52" [_thread_blocked, id=31260, stack(0x000000474f800000,0x000000474f900000)]
  0x000001cf92c70f50 JavaThread "Unconstrained build operations Thread 53" [_thread_blocked, id=12712, stack(0x000000474f900000,0x000000474fa00000)]
  0x000001cf92c71dc0 JavaThread "Unconstrained build operations Thread 54" [_thread_blocked, id=29940, stack(0x000000474fa00000,0x000000474fb00000)]
  0x000001cf92c6df30 JavaThread "Unconstrained build operations Thread 55" [_thread_blocked, id=2000, stack(0x000000474fb00000,0x000000474fc00000)]
  0x000001cf92c735d0 JavaThread "Unconstrained build operations Thread 56" [_thread_blocked, id=26684, stack(0x000000474fc00000,0x000000474fd00000)]
  0x000001cf92c71420 JavaThread "Unconstrained build operations Thread 57" [_thread_blocked, id=18152, stack(0x000000474fd00000,0x000000474fe00000)]
  0x000001cf92c718f0 JavaThread "Unconstrained build operations Thread 58" [_thread_blocked, id=17156, stack(0x000000474fe00000,0x000000474ff00000)]
  0x000001cf92c73100 JavaThread "Unconstrained build operations Thread 59" [_thread_blocked, id=22480, stack(0x000000474ff00000,0x0000004750000000)]
  0x000001cf92c957b0 JavaThread "Unconstrained build operations Thread 60" [_thread_blocked, id=32444, stack(0x0000004750000000,0x0000004750100000)]
  0x000001cf92c95c80 JavaThread "Unconstrained build operations Thread 61" [_thread_blocked, id=29308, stack(0x0000004750100000,0x0000004750200000)]
  0x000001cf92c96150 JavaThread "Unconstrained build operations Thread 62" [_thread_blocked, id=25492, stack(0x0000004750200000,0x0000004750300000)]
  0x000001cf92c96620 JavaThread "Unconstrained build operations Thread 63" [_thread_blocked, id=11016, stack(0x0000004750300000,0x0000004750400000)]
  0x000001cf92c94e10 JavaThread "Unconstrained build operations Thread 64" [_thread_blocked, id=21752, stack(0x0000004750400000,0x0000004750500000)]
  0x000001cf92c93fa0 JavaThread "Unconstrained build operations Thread 65" [_thread_blocked, id=29216, stack(0x0000004750500000,0x0000004750600000)]
  0x000001cf92c92c60 JavaThread "Unconstrained build operations Thread 66" [_thread_blocked, id=23064, stack(0x0000004750600000,0x0000004750700000)]
  0x000001cf92c93130 JavaThread "Unconstrained build operations Thread 67" [_thread_blocked, id=32092, stack(0x0000004750700000,0x0000004750800000)]
  0x000001cf92c952e0 JavaThread "Unconstrained build operations Thread 68" [_thread_blocked, id=21140, stack(0x0000004750800000,0x0000004750900000)]
  0x000001cf92c93600 JavaThread "Unconstrained build operations Thread 69" [_thread_blocked, id=27576, stack(0x0000004750900000,0x0000004750a00000)]
  0x000001cf92c93ad0 JavaThread "Unconstrained build operations Thread 70" [_thread_blocked, id=32528, stack(0x0000004750a00000,0x0000004750b00000)]
  0x000001cf92c94470 JavaThread "Unconstrained build operations Thread 71" [_thread_blocked, id=24836, stack(0x0000004750b00000,0x0000004750c00000)]
  0x000001cf92c94940 JavaThread "Unconstrained build operations Thread 72" [_thread_blocked, id=18512, stack(0x0000004750c00000,0x0000004750d00000)]
  0x000001cf90ec2af0 JavaThread "Unconstrained build operations Thread 73" [_thread_blocked, id=23632, stack(0x0000004750d00000,0x0000004750e00000)]
  0x000001cf90ec12e0 JavaThread "Unconstrained build operations Thread 74" [_thread_blocked, id=1700, stack(0x0000004750e00000,0x0000004750f00000)]
  0x000001cf90ebfad0 JavaThread "Unconstrained build operations Thread 75" [_thread_blocked, id=31284, stack(0x0000004750f00000,0x0000004751000000)]
  0x000001cf90ec0470 JavaThread "Unconstrained build operations Thread 76" [_thread_blocked, id=30760, stack(0x0000004751000000,0x0000004751100000)]
  0x000001cf90ec17b0 JavaThread "Unconstrained build operations Thread 77" [_thread_blocked, id=12004, stack(0x0000004751100000,0x0000004751200000)]
  0x000001cf90ec0940 JavaThread "Unconstrained build operations Thread 78" [_thread_blocked, id=27972, stack(0x0000004751200000,0x0000004751300000)]
  0x000001cf90ebd920 JavaThread "Unconstrained build operations Thread 79" [_thread_blocked, id=11632, stack(0x0000004751300000,0x0000004751400000)]
  0x000001cf90ec1c80 JavaThread "Unconstrained build operations Thread 80" [_thread_blocked, id=28256, stack(0x0000004751400000,0x0000004751500000)]
  0x000001cf90ec2150 JavaThread "Unconstrained build operations Thread 81" [_thread_blocked, id=13640, stack(0x0000004751500000,0x0000004751600000)]
  0x000001cf90ebcab0 JavaThread "Unconstrained build operations Thread 82" [_thread_blocked, id=17892, stack(0x0000004751600000,0x0000004751700000)]
  0x000001cf90ebec60 JavaThread "Unconstrained build operations Thread 83" [_thread_blocked, id=30984, stack(0x0000004751700000,0x0000004751800000)]
  0x000001cf90ec3490 JavaThread "Unconstrained build operations Thread 84" [_thread_blocked, id=25736, stack(0x0000004751800000,0x0000004751900000)]
  0x000001cf90ebcf80 JavaThread "Unconstrained build operations Thread 85" [_thread_blocked, id=22456, stack(0x0000004751900000,0x0000004751a00000)]
  0x000001cf90ebc5e0 JavaThread "Unconstrained build operations Thread 86" [_thread_blocked, id=200, stack(0x0000004751a00000,0x0000004751b00000)]
  0x000001cf90ec0e10 JavaThread "Unconstrained build operations Thread 87" [_thread_blocked, id=24680, stack(0x0000004751b00000,0x0000004751c00000)]
  0x000001cf90ec2fc0 JavaThread "Unconstrained build operations Thread 88" [_thread_blocked, id=30052, stack(0x0000004751c00000,0x0000004751d00000)]
  0x000001cf90ebffa0 JavaThread "Unconstrained build operations Thread 89" [_thread_blocked, id=15756, stack(0x0000004751d00000,0x0000004751e00000)]
  0x000001cf90ebe790 JavaThread "Unconstrained build operations Thread 90" [_thread_blocked, id=31684, stack(0x0000004751e00000,0x0000004751f00000)]
  0x000001cf90ec3960 JavaThread "Unconstrained build operations Thread 91" [_thread_blocked, id=28980, stack(0x0000004751f00000,0x0000004752000000)]
  0x000001cf90ec2620 JavaThread "Unconstrained build operations Thread 92" [_thread_blocked, id=2476, stack(0x0000004752000000,0x0000004752100000)]
  0x000001cf90ebf130 JavaThread "Unconstrained build operations Thread 93" [_thread_blocked, id=26856, stack(0x0000004752100000,0x0000004752200000)]
  0x000001cf90ebc110 JavaThread "Unconstrained build operations Thread 94" [_thread_blocked, id=22756, stack(0x0000004752200000,0x0000004752300000)]
  0x000001cf90ebd450 JavaThread "Unconstrained build operations Thread 95" [_thread_blocked, id=6276, stack(0x0000004752300000,0x0000004752400000)]
  0x000001cf90ebddf0 JavaThread "Unconstrained build operations Thread 96" [_thread_blocked, id=15936, stack(0x0000004752400000,0x0000004752500000)]
  0x000001cf90ebe2c0 JavaThread "Unconstrained build operations Thread 97" [_thread_blocked, id=10656, stack(0x0000004752500000,0x0000004752600000)]
  0x000001cf90ebf600 JavaThread "Unconstrained build operations Thread 98" [_thread_blocked, id=26320, stack(0x0000004752600000,0x0000004752700000)]
  0x000001cf92d74000 JavaThread "Unconstrained build operations Thread 99" [_thread_blocked, id=31184, stack(0x0000004752700000,0x0000004752800000)]
  0x000001cf92d78360 JavaThread "Unconstrained build operations Thread 100" [_thread_blocked, id=9760, stack(0x0000004752800000,0x0000004752900000)]
  0x000001cf92d77e90 JavaThread "Unconstrained build operations Thread 101" [_thread_blocked, id=14512, stack(0x0000004752900000,0x0000004752a00000)]
  0x000001cf92d7b850 JavaThread "Unconstrained build operations Thread 102" [_thread_blocked, id=27072, stack(0x0000004752a00000,0x0000004752b00000)]
  0x000001cf92d79b70 JavaThread "Unconstrained build operations Thread 103" [_thread_blocked, id=21420, stack(0x0000004752b00000,0x0000004752c00000)]
  0x000001cf92d74e70 JavaThread "Unconstrained build operations Thread 104" [_thread_blocked, id=25452, stack(0x0000004752c00000,0x0000004752d00000)]
  0x000001cf92d796a0 JavaThread "Unconstrained build operations Thread 105" [_thread_blocked, id=14216, stack(0x0000004752d00000,0x0000004752e00000)]
  0x000001cf92d7a040 JavaThread "Unconstrained build operations Thread 106" [_thread_blocked, id=14504, stack(0x0000004752e00000,0x0000004752f00000)]
  0x000001cf92d77020 JavaThread "Unconstrained build operations Thread 107" [_thread_blocked, id=29404, stack(0x0000004752f00000,0x0000004753000000)]
  0x000001cf92d75810 JavaThread "Unconstrained build operations Thread 108" [_thread_blocked, id=15540, stack(0x0000004753000000,0x0000004753100000)]
  0x000001cf92d774f0 JavaThread "Unconstrained build operations Thread 109" [_thread_blocked, id=20512, stack(0x0000004753100000,0x0000004753200000)]
  0x000001cf92d749a0 JavaThread "Unconstrained build operations Thread 110" [_thread_blocked, id=11500, stack(0x0000004753200000,0x0000004753300000)]
  0x000001cf92d7a510 JavaThread "Unconstrained build operations Thread 111" [_thread_blocked, id=8860, stack(0x0000004753300000,0x0000004753400000)]
  0x000001cf92d75340 JavaThread "Unconstrained build operations Thread 112" [_thread_blocked, id=3952, stack(0x0000004753400000,0x0000004753500000)]
  0x000001cf92d78830 JavaThread "Unconstrained build operations Thread 113" [_thread_blocked, id=32540, stack(0x0000004753500000,0x0000004753600000)]
  0x000001cf92d791d0 JavaThread "Unconstrained build operations Thread 114" [_thread_blocked, id=3716, stack(0x0000004753600000,0x0000004753700000)]
  0x000001cf92d744d0 JavaThread "Unconstrained build operations Thread 115" [_thread_blocked, id=4500, stack(0x0000004753700000,0x0000004753800000)]
  0x000001cf92d7a9e0 JavaThread "Unconstrained build operations Thread 116" [_thread_blocked, id=29800, stack(0x0000004753800000,0x0000004753900000)]
  0x000001cf92d7aeb0 JavaThread "Unconstrained build operations Thread 117" [_thread_blocked, id=30728, stack(0x0000004753900000,0x0000004753a00000)]
  0x000001cf92d779c0 JavaThread "Unconstrained build operations Thread 118" [_thread_blocked, id=11756, stack(0x0000004753a00000,0x0000004753b00000)]
  0x000001cf92d78d00 JavaThread "Unconstrained build operations Thread 119" [_thread_blocked, id=23456, stack(0x0000004753b00000,0x0000004753c00000)]
  0x000001cf92d7b380 JavaThread "Unconstrained build operations Thread 120" [_thread_blocked, id=12508, stack(0x0000004753c00000,0x0000004753d00000)]
  0x000001cf92d761b0 JavaThread "jar transforms Thread 6" [_thread_blocked, id=29628, stack(0x0000004753d00000,0x0000004753e00000)]
  0x000001cf92d75ce0 JavaThread "jar transforms Thread 7" [_thread_blocked, id=15632, stack(0x0000004753e00000,0x0000004753f00000)]
  0x000001cf92d76680 JavaThread "jar transforms Thread 8" [_thread_blocked, id=22552, stack(0x0000004753f00000,0x0000004754000000)]
  0x000001cf92d76b50 JavaThread "jar transforms Thread 9" [_thread_blocked, id=28224, stack(0x0000004754000000,0x0000004754100000)]
  0x000001cf92dc92a0 JavaThread "jar transforms Thread 10" [_thread_blocked, id=15940, stack(0x0000004754100000,0x0000004754200000)]
  0x000001cf92dc9c40 JavaThread "jar transforms Thread 11" [_thread_blocked, id=24804, stack(0x0000004754200000,0x0000004754300000)]
  0x000001cf92dcaab0 JavaThread "jar transforms Thread 12" [_thread_blocked, id=22204, stack(0x0000004754300000,0x0000004754400000)]
  0x000001cf92dc6c20 JavaThread "build event listener" [_thread_blocked, id=32000, stack(0x0000004754500000,0x0000004754600000)]
  0x000001cf92dca5e0 JavaThread "Memory manager" [_thread_blocked, id=16352, stack(0x0000004754600000,0x0000004754700000)]

Other Threads:
  0x000001cffc602460 VMThread "VM Thread" [stack: 0x0000004749000000,0x0000004749100000] [id=30640]
  0x000001cfef3cd7c0 WatcherThread [stack: 0x0000004749c00000,0x0000004749d00000] [id=21676]
  0x000001cfef428910 GCTaskThread "GC Thread#0" [stack: 0x0000004748b00000,0x0000004748c00000] [id=22732]
  0x000001cffd9dafd0 GCTaskThread "GC Thread#1" [stack: 0x0000004749d00000,0x0000004749e00000] [id=28272]
  0x000001cffd716660 GCTaskThread "GC Thread#2" [stack: 0x0000004749e00000,0x0000004749f00000] [id=31544]
  0x000001cffd4846d0 GCTaskThread "GC Thread#3" [stack: 0x0000004749f00000,0x000000474a000000] [id=12600]
  0x000001cffd484170 GCTaskThread "GC Thread#4" [stack: 0x000000474a000000,0x000000474a100000] [id=28752]
  0x000001cffd483ec0 GCTaskThread "GC Thread#5" [stack: 0x000000474a200000,0x000000474a300000] [id=29828]
  0x000001cffd485440 GCTaskThread "GC Thread#6" [stack: 0x000000474a300000,0x000000474a400000] [id=17404]
  0x000001cffd484ee0 GCTaskThread "GC Thread#7" [stack: 0x000000474a700000,0x000000474a800000] [id=18356]
  0x000001cffd484c30 GCTaskThread "GC Thread#8" [stack: 0x000000474a800000,0x000000474a900000] [id=24716]
  0x000001cffd4859a0 GCTaskThread "GC Thread#9" [stack: 0x000000474a900000,0x000000474aa00000] [id=32144]
  0x000001cfef439850 ConcurrentGCThread "G1 Main Marker" [stack: 0x0000004748c00000,0x0000004748d00000] [id=29360]
  0x000001cfef43b270 ConcurrentGCThread "G1 Conc#0" [stack: 0x0000004748d00000,0x0000004748e00000] [id=29860]
  0x000001cffd484980 ConcurrentGCThread "G1 Conc#1" [stack: 0x000000474b000000,0x000000474b100000] [id=25348]
  0x000001cffd485190 ConcurrentGCThread "G1 Conc#2" [stack: 0x000000474b100000,0x000000474b200000] [id=8580]
  0x000001cffc45a500 ConcurrentGCThread "G1 Refine#0" [stack: 0x0000004748e00000,0x0000004748f00000] [id=8760]
  0x000001cf90f3dce0 ConcurrentGCThread "G1 Refine#1" [stack: 0x0000004754400000,0x0000004754500000] [id=10740]
  0x000001cffc45ae30 ConcurrentGCThread "G1 Service" [stack: 0x0000004748f00000,0x0000004749000000] [id=16892]

Threads with active compile tasks:
C2 CompilerThread0    11646 8700       4       org.objectweb.asm.Frame::execute (2318 bytes)

VM state: not at safepoint (normal execution)

VM Mutex/Monitor currently owned by a thread: None

Heap address: 0x0000000080000000, size: 2048 MB, Compressed Oops mode: 32-bit

CDS archive(s) not mapped
Compressed class space mapped at: 0x0000000100000000-0x0000000140000000, reserved size: 1073741824
Narrow klass base: 0x0000000000000000, Narrow klass shift: 3, Narrow klass range: 0x140000000

GC Precious Log:
 CPUs: 12 total, 12 available
 Memory: 6005M
 Large Page Support: Disabled
 NUMA Support: Disabled
 Compressed Oops: Enabled (32-bit)
 Heap Region Size: 1M
 Heap Min Capacity: 8M
 Heap Initial Capacity: 94M
 Heap Max Capacity: 2G
 Pre-touch: Disabled
 Parallel Workers: 10
 Concurrent Workers: 3
 Concurrent Refinement Workers: 10
 Periodic GC: Disabled

Heap:
 garbage-first heap   total 124928K, used 91911K [0x0000000080000000, 0x0000000100000000)
  region size 1024K, 40 young (40960K), 5 survivors (5120K)
 Metaspace       used 81066K, committed 81664K, reserved 1122304K
  class space    used 10899K, committed 11200K, reserved 1048576K

Heap Regions: E=young(eden), S=young(survivor), O=old, HS=humongous(starts), HC=humongous(continues), CS=collection set, F=free, OA=open archive, CA=closed archive, TAMS=top-at-mark-start (previous, next)
|   0|0x0000000080000000, 0x0000000080100000, 0x0000000080100000|100%|HS|  |TAMS 0x0000000080100000, 0x0000000080000000| Complete 
|   1|0x0000000080100000, 0x0000000080200000, 0x0000000080200000|100%|HC|  |TAMS 0x0000000080200000, 0x0000000080100000| Complete 
|   2|0x0000000080200000, 0x0000000080300000, 0x0000000080300000|100%|HC|  |TAMS 0x0000000080300000, 0x0000000080200000| Complete 
|   3|0x0000000080300000, 0x0000000080400000, 0x0000000080400000|100%|HC|  |TAMS 0x0000000080400000, 0x0000000080300000| Complete 
|   4|0x0000000080400000, 0x0000000080500000, 0x0000000080500000|100%| O|  |TAMS 0x0000000080500000, 0x0000000080400000| Untracked 
|   5|0x0000000080500000, 0x0000000080600000, 0x0000000080600000|100%| O|  |TAMS 0x0000000080600000, 0x0000000080500000| Untracked 
|   6|0x0000000080600000, 0x0000000080700000, 0x0000000080700000|100%| O|  |TAMS 0x0000000080700000, 0x0000000080600000| Untracked 
|   7|0x0000000080700000, 0x0000000080800000, 0x0000000080800000|100%| O|  |TAMS 0x0000000080800000, 0x0000000080700000| Untracked 
|   8|0x0000000080800000, 0x0000000080900000, 0x0000000080900000|100%| O|  |TAMS 0x0000000080900000, 0x0000000080800000| Untracked 
|   9|0x0000000080900000, 0x0000000080a00000, 0x0000000080a00000|100%| O|  |TAMS 0x0000000080a00000, 0x0000000080900000| Untracked 
|  10|0x0000000080a00000, 0x0000000080b00000, 0x0000000080b00000|100%| O|  |TAMS 0x0000000080b00000, 0x0000000080a00000| Untracked 
|  11|0x0000000080b00000, 0x0000000080c00000, 0x0000000080c00000|100%| O|  |TAMS 0x0000000080c00000, 0x0000000080b00000| Untracked 
|  12|0x0000000080c00000, 0x0000000080d00000, 0x0000000080d00000|100%| O|  |TAMS 0x0000000080d00000, 0x0000000080c00000| Untracked 
|  13|0x0000000080d00000, 0x0000000080e00000, 0x0000000080e00000|100%| O|  |TAMS 0x0000000080e00000, 0x0000000080d00000| Untracked 
|  14|0x0000000080e00000, 0x0000000080f00000, 0x0000000080f00000|100%| O|  |TAMS 0x0000000080f00000, 0x0000000080e00000| Untracked 
|  15|0x0000000080f00000, 0x0000000081000000, 0x0000000081000000|100%| O|  |TAMS 0x0000000081000000, 0x0000000080f00000| Untracked 
|  16|0x0000000081000000, 0x0000000081017400, 0x0000000081100000|  9%| O|  |TAMS 0x0000000081017400, 0x0000000081000000| Untracked 
|  17|0x0000000081100000, 0x0000000081200000, 0x0000000081200000|100%| O|  |TAMS 0x0000000081200000, 0x0000000081100000| Untracked 
|  18|0x0000000081200000, 0x0000000081300000, 0x0000000081300000|100%| O|  |TAMS 0x0000000081300000, 0x0000000081200000| Untracked 
|  19|0x0000000081300000, 0x0000000081400000, 0x0000000081400000|100%| O|  |TAMS 0x0000000081400000, 0x0000000081300000| Untracked 
|  20|0x0000000081400000, 0x0000000081500000, 0x0000000081500000|100%| O|  |TAMS 0x0000000081500000, 0x0000000081400000| Untracked 
|  21|0x0000000081500000, 0x0000000081600000, 0x0000000081600000|100%| O|  |TAMS 0x0000000081600000, 0x0000000081500000| Untracked 
|  22|0x0000000081600000, 0x0000000081700000, 0x0000000081700000|100%| O|  |TAMS 0x0000000081700000, 0x0000000081600000| Untracked 
|  23|0x0000000081700000, 0x0000000081800000, 0x0000000081800000|100%| O|  |TAMS 0x0000000081800000, 0x0000000081700000| Untracked 
|  24|0x0000000081800000, 0x0000000081900000, 0x0000000081900000|100%| O|  |TAMS 0x0000000081900000, 0x0000000081800000| Untracked 
|  25|0x0000000081900000, 0x0000000081a00000, 0x0000000081a00000|100%| O|  |TAMS 0x0000000081a00000, 0x0000000081900000| Untracked 
|  26|0x0000000081a00000, 0x0000000081b00000, 0x0000000081b00000|100%| O|  |TAMS 0x0000000081b00000, 0x0000000081a00000| Untracked 
|  27|0x0000000081b00000, 0x0000000081c00000, 0x0000000081c00000|100%|HS|  |TAMS 0x0000000081c00000, 0x0000000081b00000| Complete 
|  28|0x0000000081c00000, 0x0000000081d00000, 0x0000000081d00000|100%|HS|  |TAMS 0x0000000081d00000, 0x0000000081c00000| Complete 
|  29|0x0000000081d00000, 0x0000000081e00000, 0x0000000081e00000|100%|HS|  |TAMS 0x0000000081e00000, 0x0000000081d00000| Complete 
|  30|0x0000000081e00000, 0x0000000081f00000, 0x0000000081f00000|100%| O|  |TAMS 0x0000000081f00000, 0x0000000081e00000| Untracked 
|  31|0x0000000081f00000, 0x0000000082000000, 0x0000000082000000|100%| O|  |TAMS 0x0000000082000000, 0x0000000081f00000| Untracked 
|  32|0x0000000082000000, 0x0000000082100000, 0x0000000082100000|100%| O|  |TAMS 0x0000000082100000, 0x0000000082000000| Untracked 
|  33|0x0000000082100000, 0x0000000082200000, 0x0000000082200000|100%| O|  |TAMS 0x0000000082200000, 0x0000000082100000| Untracked 
|  34|0x0000000082200000, 0x0000000082300000, 0x0000000082300000|100%| O|  |TAMS 0x0000000082300000, 0x0000000082200000| Untracked 
|  35|0x0000000082300000, 0x0000000082400000, 0x0000000082400000|100%| O|  |TAMS 0x0000000082400000, 0x0000000082300000| Untracked 
|  36|0x0000000082400000, 0x0000000082500000, 0x0000000082500000|100%| O|  |TAMS 0x0000000082500000, 0x0000000082400000| Untracked 
|  37|0x0000000082500000, 0x0000000082600000, 0x0000000082600000|100%| O|  |TAMS 0x0000000082600000, 0x0000000082500000| Untracked 
|  38|0x0000000082600000, 0x0000000082700000, 0x0000000082700000|100%| O|  |TAMS 0x0000000082700000, 0x0000000082600000| Untracked 
|  39|0x0000000082700000, 0x0000000082800000, 0x0000000082800000|100%| O|  |TAMS 0x0000000082800000, 0x0000000082700000| Untracked 
|  40|0x0000000082800000, 0x0000000082900000, 0x0000000082900000|100%| O|  |TAMS 0x0000000082900000, 0x0000000082800000| Untracked 
|  41|0x0000000082900000, 0x0000000082a00000, 0x0000000082a00000|100%| O|  |TAMS 0x0000000082900000, 0x0000000082900000| Untracked 
|  42|0x0000000082a00000, 0x0000000082b00000, 0x0000000082b00000|100%| O|  |TAMS 0x0000000082b00000, 0x0000000082a00000| Untracked 
|  43|0x0000000082b00000, 0x0000000082c00000, 0x0000000082c00000|100%| O|  |TAMS 0x0000000082b00000, 0x0000000082b00000| Untracked 
|  44|0x0000000082c00000, 0x0000000082d00000, 0x0000000082d00000|100%| O|  |TAMS 0x0000000082d00000, 0x0000000082c00000| Untracked 
|  45|0x0000000082d00000, 0x0000000082e00000, 0x0000000082e00000|100%| O|  |TAMS 0x0000000082dad000, 0x0000000082d00000| Untracked 
|  46|0x0000000082e00000, 0x0000000082f00000, 0x0000000082f00000|100%| O|  |TAMS 0x0000000082e00000, 0x0000000082e00000| Untracked 
|  47|0x0000000082f00000, 0x0000000083000000, 0x0000000083000000|100%| O|  |TAMS 0x0000000082f00000, 0x0000000082f00000| Untracked 
|  48|0x0000000083000000, 0x0000000083100000, 0x0000000083100000|100%| O|  |TAMS 0x0000000083000000, 0x0000000083000000| Untracked 
|  49|0x0000000083100000, 0x0000000083200000, 0x0000000083200000|100%| O|  |TAMS 0x0000000083100000, 0x0000000083100000| Untracked 
|  50|0x0000000083200000, 0x0000000083300000, 0x0000000083300000|100%| O|  |TAMS 0x0000000083200000, 0x0000000083200000| Untracked 
|  51|0x0000000083300000, 0x00000000833be600, 0x0000000083400000| 74%| O|  |TAMS 0x0000000083300000, 0x0000000083300000| Untracked 
|  52|0x0000000083400000, 0x0000000083400000, 0x0000000083500000|  0%| F|  |TAMS 0x0000000083400000, 0x0000000083400000| Untracked 
|  53|0x0000000083500000, 0x0000000083500000, 0x0000000083600000|  0%| F|  |TAMS 0x0000000083500000, 0x0000000083500000| Untracked 
|  54|0x0000000083600000, 0x0000000083600000, 0x0000000083700000|  0%| F|  |TAMS 0x0000000083600000, 0x0000000083600000| Untracked 
|  55|0x0000000083700000, 0x0000000083700000, 0x0000000083800000|  0%| F|  |TAMS 0x0000000083700000, 0x0000000083700000| Untracked 
|  56|0x0000000083800000, 0x0000000083800000, 0x0000000083900000|  0%| F|  |TAMS 0x0000000083800000, 0x0000000083800000| Untracked 
|  57|0x0000000083900000, 0x0000000083900000, 0x0000000083a00000|  0%| F|  |TAMS 0x0000000083900000, 0x0000000083900000| Untracked 
|  58|0x0000000083a00000, 0x0000000083a00000, 0x0000000083b00000|  0%| F|  |TAMS 0x0000000083a00000, 0x0000000083a00000| Untracked 
|  59|0x0000000083b00000, 0x0000000083b00000, 0x0000000083c00000|  0%| F|  |TAMS 0x0000000083b00000, 0x0000000083b00000| Untracked 
|  60|0x0000000083c00000, 0x0000000083c00000, 0x0000000083d00000|  0%| F|  |TAMS 0x0000000083c00000, 0x0000000083c00000| Untracked 
|  61|0x0000000083d00000, 0x0000000083d00000, 0x0000000083e00000|  0%| F|  |TAMS 0x0000000083d00000, 0x0000000083d00000| Untracked 
|  62|0x0000000083e00000, 0x0000000083e00000, 0x0000000083f00000|  0%| F|  |TAMS 0x0000000083e00000, 0x0000000083e00000| Untracked 
|  63|0x0000000083f00000, 0x0000000083f00000, 0x0000000084000000|  0%| F|  |TAMS 0x0000000083f00000, 0x0000000083f00000| Untracked 
|  64|0x0000000084000000, 0x00000000840ec420, 0x0000000084100000| 92%| S|CS|TAMS 0x0000000084000000, 0x0000000084000000| Complete 
|  65|0x0000000084100000, 0x0000000084200000, 0x0000000084200000|100%| S|CS|TAMS 0x0000000084100000, 0x0000000084100000| Complete 
|  66|0x0000000084200000, 0x0000000084200000, 0x0000000084300000|  0%| F|  |TAMS 0x0000000084200000, 0x0000000084200000| Untracked 
|  67|0x0000000084300000, 0x0000000084300000, 0x0000000084400000|  0%| F|  |TAMS 0x0000000084300000, 0x0000000084300000| Untracked 
|  68|0x0000000084400000, 0x0000000084400000, 0x0000000084500000|  0%| F|  |TAMS 0x0000000084400000, 0x0000000084400000| Untracked 
|  69|0x0000000084500000, 0x0000000084500000, 0x0000000084600000|  0%| F|  |TAMS 0x0000000084500000, 0x0000000084500000| Untracked 
|  70|0x0000000084600000, 0x0000000084700000, 0x0000000084700000|100%| S|CS|TAMS 0x0000000084600000, 0x0000000084600000| Complete 
|  71|0x0000000084700000, 0x0000000084800000, 0x0000000084800000|100%| S|CS|TAMS 0x0000000084700000, 0x0000000084700000| Complete 
|  72|0x0000000084800000, 0x0000000084800000, 0x0000000084900000|  0%| F|  |TAMS 0x0000000084800000, 0x0000000084800000| Untracked 
|  73|0x0000000084900000, 0x0000000084a00000, 0x0000000084a00000|100%| S|CS|TAMS 0x0000000084900000, 0x0000000084900000| Complete 
|  74|0x0000000084a00000, 0x0000000084a00000, 0x0000000084b00000|  0%| F|  |TAMS 0x0000000084a00000, 0x0000000084a00000| Untracked 
|  75|0x0000000084b00000, 0x0000000084b00000, 0x0000000084c00000|  0%| F|  |TAMS 0x0000000084b00000, 0x0000000084b00000| Untracked 
|  76|0x0000000084c00000, 0x0000000084c00000, 0x0000000084d00000|  0%| F|  |TAMS 0x0000000084c00000, 0x0000000084c00000| Untracked 
|  77|0x0000000084d00000, 0x0000000084d00000, 0x0000000084e00000|  0%| F|  |TAMS 0x0000000084d00000, 0x0000000084d00000| Untracked 
|  78|0x0000000084e00000, 0x0000000084e00000, 0x0000000084f00000|  0%| F|  |TAMS 0x0000000084e00000, 0x0000000084e00000| Untracked 
|  79|0x0000000084f00000, 0x0000000084f00000, 0x0000000085000000|  0%| F|  |TAMS 0x0000000084f00000, 0x0000000084f00000| Untracked 
|  80|0x0000000085000000, 0x0000000085000000, 0x0000000085100000|  0%| F|  |TAMS 0x0000000085000000, 0x0000000085000000| Untracked 
|  81|0x0000000085100000, 0x0000000085100000, 0x0000000085200000|  0%| F|  |TAMS 0x0000000085100000, 0x0000000085100000| Untracked 
|  82|0x0000000085200000, 0x0000000085200000, 0x0000000085300000|  0%| F|  |TAMS 0x0000000085200000, 0x0000000085200000| Untracked 
|  83|0x0000000085300000, 0x0000000085300000, 0x0000000085400000|  0%| F|  |TAMS 0x0000000085300000, 0x0000000085300000| Untracked 
|  84|0x0000000085400000, 0x0000000085400000, 0x0000000085500000|  0%| F|  |TAMS 0x0000000085400000, 0x0000000085400000| Untracked 
|  85|0x0000000085500000, 0x0000000085500000, 0x0000000085600000|  0%| F|  |TAMS 0x0000000085500000, 0x0000000085500000| Untracked 
|  86|0x0000000085600000, 0x0000000085600000, 0x0000000085700000|  0%| F|  |TAMS 0x0000000085600000, 0x0000000085600000| Complete 
|  87|0x0000000085700000, 0x0000000085800000, 0x0000000085800000|100%| E|CS|TAMS 0x0000000085700000, 0x0000000085700000| Complete 
|  88|0x0000000085800000, 0x0000000085900000, 0x0000000085900000|100%| E|CS|TAMS 0x0000000085800000, 0x0000000085800000| Complete 
|  89|0x0000000085900000, 0x0000000085a00000, 0x0000000085a00000|100%| E|CS|TAMS 0x0000000085900000, 0x0000000085900000| Complete 
|  90|0x0000000085a00000, 0x0000000085b00000, 0x0000000085b00000|100%| E|CS|TAMS 0x0000000085a00000, 0x0000000085a00000| Complete 
|  91|0x0000000085b00000, 0x0000000085c00000, 0x0000000085c00000|100%| E|CS|TAMS 0x0000000085b00000, 0x0000000085b00000| Complete 
|  92|0x0000000085c00000, 0x0000000085d00000, 0x0000000085d00000|100%| E|CS|TAMS 0x0000000085c00000, 0x0000000085c00000| Complete 
|  93|0x0000000085d00000, 0x0000000085e00000, 0x0000000085e00000|100%| E|CS|TAMS 0x0000000085d00000, 0x0000000085d00000| Complete 
|  94|0x0000000085e00000, 0x0000000085f00000, 0x0000000085f00000|100%| E|CS|TAMS 0x0000000085e00000, 0x0000000085e00000| Complete 
|  95|0x0000000085f00000, 0x0000000086000000, 0x0000000086000000|100%| E|CS|TAMS 0x0000000085f00000, 0x0000000085f00000| Complete 
|  96|0x0000000086000000, 0x0000000086100000, 0x0000000086100000|100%| E|CS|TAMS 0x0000000086000000, 0x0000000086000000| Complete 
|  97|0x0000000086100000, 0x0000000086200000, 0x0000000086200000|100%| E|CS|TAMS 0x0000000086100000, 0x0000000086100000| Complete 
|  98|0x0000000086200000, 0x0000000086300000, 0x0000000086300000|100%| E|CS|TAMS 0x0000000086200000, 0x0000000086200000| Complete 
|  99|0x0000000086300000, 0x0000000086400000, 0x0000000086400000|100%| E|CS|TAMS 0x0000000086300000, 0x0000000086300000| Complete 
| 100|0x0000000086400000, 0x0000000086500000, 0x0000000086500000|100%| E|CS|TAMS 0x0000000086400000, 0x0000000086400000| Complete 
| 101|0x0000000086500000, 0x0000000086600000, 0x0000000086600000|100%| E|CS|TAMS 0x0000000086500000, 0x0000000086500000| Complete 
| 102|0x0000000086600000, 0x0000000086700000, 0x0000000086700000|100%| E|CS|TAMS 0x0000000086600000, 0x0000000086600000| Complete 
| 103|0x0000000086700000, 0x0000000086800000, 0x0000000086800000|100%| E|CS|TAMS 0x0000000086700000, 0x0000000086700000| Complete 
| 104|0x0000000086800000, 0x0000000086900000, 0x0000000086900000|100%| E|CS|TAMS 0x0000000086800000, 0x0000000086800000| Complete 
| 105|0x0000000086900000, 0x0000000086a00000, 0x0000000086a00000|100%| E|CS|TAMS 0x0000000086900000, 0x0000000086900000| Complete 
| 106|0x0000000086a00000, 0x0000000086b00000, 0x0000000086b00000|100%| E|CS|TAMS 0x0000000086a00000, 0x0000000086a00000| Complete 
| 107|0x0000000086b00000, 0x0000000086c00000, 0x0000000086c00000|100%| E|CS|TAMS 0x0000000086b00000, 0x0000000086b00000| Complete 
| 108|0x0000000086c00000, 0x0000000086d00000, 0x0000000086d00000|100%| E|CS|TAMS 0x0000000086c00000, 0x0000000086c00000| Complete 
| 109|0x0000000086d00000, 0x0000000086e00000, 0x0000000086e00000|100%| E|CS|TAMS 0x0000000086d00000, 0x0000000086d00000| Complete 
| 110|0x0000000086e00000, 0x0000000086f00000, 0x0000000086f00000|100%| E|CS|TAMS 0x0000000086e00000, 0x0000000086e00000| Complete 
| 111|0x0000000086f00000, 0x0000000087000000, 0x0000000087000000|100%| E|CS|TAMS 0x0000000086f00000, 0x0000000086f00000| Complete 
| 112|0x0000000087000000, 0x0000000087100000, 0x0000000087100000|100%| E|CS|TAMS 0x0000000087000000, 0x0000000087000000| Complete 
| 113|0x0000000087100000, 0x0000000087200000, 0x0000000087200000|100%| E|CS|TAMS 0x0000000087100000, 0x0000000087100000| Complete 
| 114|0x0000000087200000, 0x0000000087300000, 0x0000000087300000|100%| E|CS|TAMS 0x0000000087200000, 0x0000000087200000| Complete 
| 115|0x0000000087300000, 0x0000000087400000, 0x0000000087400000|100%| E|CS|TAMS 0x0000000087300000, 0x0000000087300000| Complete 
| 116|0x0000000087400000, 0x0000000087500000, 0x0000000087500000|100%| E|CS|TAMS 0x0000000087400000, 0x0000000087400000| Complete 
| 117|0x0000000087500000, 0x0000000087600000, 0x0000000087600000|100%| E|CS|TAMS 0x0000000087500000, 0x0000000087500000| Complete 
| 118|0x0000000087600000, 0x0000000087700000, 0x0000000087700000|100%| E|CS|TAMS 0x0000000087600000, 0x0000000087600000| Complete 
| 119|0x0000000087700000, 0x0000000087800000, 0x0000000087800000|100%| E|CS|TAMS 0x0000000087700000, 0x0000000087700000| Complete 
| 120|0x0000000087800000, 0x0000000087900000, 0x0000000087900000|100%| E|CS|TAMS 0x0000000087800000, 0x0000000087800000| Complete 
| 121|0x0000000087900000, 0x0000000087a00000, 0x0000000087a00000|100%| E|CS|TAMS 0x0000000087900000, 0x0000000087900000| Complete 

Card table byte_map: [0x000001cff50e0000,0x000001cff54e0000] _byte_map_base: 0x000001cff4ce0000

Marking Bits (Prev, Next): (CMBitMap*) 0x000001cfef428f60, (CMBitMap*) 0x000001cfef428f20
 Prev Bits: [0x000001cff78e0000, 0x000001cff98e0000)
 Next Bits: [0x000001cff58e0000, 0x000001cff78e0000)

Polling page: 0x000001cfef480000

Metaspace:

Usage:
  Non-class:     68.52 MB used.
      Class:     10.65 MB used.
       Both:     79.17 MB used.

Virtual space:
  Non-class space:       72.00 MB reserved,      68.81 MB ( 96%) committed,  9 nodes.
      Class space:        1.00 GB reserved,      10.94 MB (  1%) committed,  1 nodes.
             Both:        1.07 GB reserved,      79.75 MB (  7%) committed. 

Chunk freelists:
   Non-Class:  2.52 MB
       Class:  994.00 KB
        Both:  3.49 MB

MaxMetaspaceSize: unlimited
CompressedClassSpaceSize: 1.00 GB
Initial GC threshold: 21.00 MB
Current GC threshold: 98.25 MB
CDS: off
MetaspaceReclaimPolicy: balanced
 - commit_granule_bytes: 65536.
 - commit_granule_words: 8192.
 - virtual_space_node_default_size: 1048576.
 - enlarge_chunks_in_place: 1.
 - new_chunks_are_fully_committed: 0.
 - uncommit_free_chunks: 1.
 - use_allocation_guard: 0.
 - handle_deallocations: 1.


Internal statistics:

num_allocs_failed_limit: 9.
num_arena_births: 760.
num_arena_deaths: 0.
num_vsnodes_births: 10.
num_vsnodes_deaths: 0.
num_space_committed: 1276.
num_space_uncommitted: 0.
num_chunks_returned_to_freelist: 9.
num_chunks_taken_from_freelist: 3426.
num_chunk_merges: 9.
num_chunk_splits: 2371.
num_chunks_enlarged: 1704.
num_purges: 0.
num_inconsistent_stats: 0.

CodeHeap 'non-profiled nmethods': size=120000Kb used=3771Kb max_used=3771Kb free=116228Kb
 bounds [0x000001cf87ad0000, 0x000001cf87e80000, 0x000001cf8f000000]
CodeHeap 'profiled nmethods': size=120000Kb used=13991Kb max_used=13991Kb free=106008Kb
 bounds [0x000001cf80000000, 0x000001cf80db0000, 0x000001cf87530000]
CodeHeap 'non-nmethods': size=5760Kb used=2373Kb max_used=2408Kb free=3386Kb
 bounds [0x000001cf87530000, 0x000001cf877a0000, 0x000001cf87ad0000]
 total_blobs=8732 nmethods=7824 adapters=818
 compilation: enabled
              stopped_count=0, restarted_count=0
 full_count=0

Compilation events (20 events):
Event: 11.615 Thread 0x000001cffd037360 8767       3       com.google.common.reflect.TypeResolver$TypeMappingIntrospector::<init> (12 bytes)
Event: 11.615 Thread 0x000001cffd037360 nmethod 8767 0x000001cf80d9fd10 code [0x000001cf80d9ff20, 0x000001cf80da0798]
Event: 11.615 Thread 0x000001cffd037360 8766       3       org.gradle.internal.reflect.annotations.impl.DefaultPropertyAnnotationMetadata::isAnnotationPresent (9 bytes)
Event: 11.615 Thread 0x000001cffd037360 nmethod 8766 0x000001cf80da0a90 code [0x000001cf80da0c40, 0x000001cf80da0e08]
Event: 11.618 Thread 0x000001cffd037360 8768       3       org.gradle.api.internal.provider.ValueSanitizers$1::sanitize (14 bytes)
Event: 11.618 Thread 0x000001cffd037360 nmethod 8768 0x000001cf80da0f10 code [0x000001cf80da10c0, 0x000001cf80da13e8]
Event: 11.619 Thread 0x000001cffd037360 8769       3       com.google.common.collect.AbstractMapBasedMultimap::get (31 bytes)
Event: 11.619 Thread 0x000001cffd037360 nmethod 8769 0x000001cf80da1490 code [0x000001cf80da1660, 0x000001cf80da1b08]
Event: 11.619 Thread 0x000001cffd037360 8770       1       org.gradle.internal.reflect.annotations.impl.DefaultPropertyAnnotationMetadata::getAnnotations (5 bytes)
Event: 11.619 Thread 0x000001cffd037360 nmethod 8770 0x000001cf87e7e590 code [0x000001cf87e7e720, 0x000001cf87e7e7f8]
Event: 11.619 Thread 0x000001cffd037360 8771       1       org.gradle.internal.reflect.annotations.impl.DefaultPropertyAnnotationMetadata::getPropertyName (5 bytes)
Event: 11.619 Thread 0x000001cffd037360 nmethod 8771 0x000001cf87e7e890 code [0x000001cf87e7ea20, 0x000001cf87e7eaf8]
Event: 11.619 Thread 0x000001cffd037360 8772       3       org.gradle.internal.instantiation.generator.AbstractClassGenerator$AbstractInjectedPropertyHandler::applyTo (19 bytes)
Event: 11.619 Thread 0x000001cffd037360 nmethod 8772 0x000001cf80da1c10 code [0x000001cf80da1dc0, 0x000001cf80da2088]
Event: 11.619 Thread 0x000001cffd037360 8773       3       org.objectweb.asm.AnnotationWriter::<init> (60 bytes)
Event: 11.620 Thread 0x000001cffd037360 nmethod 8773 0x000001cf80da2210 code [0x000001cf80da23e0, 0x000001cf80da27e8]
Event: 11.620 Thread 0x000001cffd037360 8774       3       org.objectweb.asm.AnnotationVisitor::<init> (7 bytes)
Event: 11.620 Thread 0x000001cffd037360 nmethod 8774 0x000001cf80da2990 code [0x000001cf80da2b40, 0x000001cf80da2c88]
Event: 11.620 Thread 0x000001cffd037360 8775       3       org.objectweb.asm.AnnotationVisitor::<init> (94 bytes)
Event: 11.620 Thread 0x000001cffd037360 nmethod 8775 0x000001cf80da2d10 code [0x000001cf80da2f60, 0x000001cf80da3868]

GC Heap History (20 events):
Event: 8.343 GC heap before
{Heap before GC invocations=26 (full 0):
 garbage-first heap   total 103424K, used 77089K [0x0000000080000000, 0x0000000100000000)
  region size 1024K, 34 young (34816K), 2 survivors (2048K)
 Metaspace       used 59669K, committed 60160K, reserved 1105920K
  class space    used 7855K, committed 8064K, reserved 1048576K
}
Event: 8.345 GC heap after
{Heap after GC invocations=27 (full 0):
 garbage-first heap   total 103424K, used 45044K [0x0000000080000000, 0x0000000100000000)
  region size 1024K, 2 young (2048K), 2 survivors (2048K)
 Metaspace       used 59669K, committed 60160K, reserved 1105920K
  class space    used 7855K, committed 8064K, reserved 1048576K
}
Event: 8.582 GC heap before
{Heap before GC invocations=28 (full 0):
 garbage-first heap   total 103424K, used 83956K [0x0000000080000000, 0x0000000100000000)
  region size 1024K, 40 young (40960K), 2 survivors (2048K)
 Metaspace       used 61449K, committed 61952K, reserved 1105920K
  class space    used 8055K, committed 8256K, reserved 1048576K
}
Event: 8.584 GC heap after
{Heap after GC invocations=29 (full 0):
 garbage-first heap   total 103424K, used 45652K [0x0000000080000000, 0x0000000100000000)
  region size 1024K, 2 young (2048K), 2 survivors (2048K)
 Metaspace       used 61449K, committed 61952K, reserved 1105920K
  class space    used 8055K, committed 8256K, reserved 1048576K
}
Event: 8.885 GC heap before
{Heap before GC invocations=29 (full 0):
 garbage-first heap   total 103424K, used 85588K [0x0000000080000000, 0x0000000100000000)
  region size 1024K, 41 young (41984K), 2 survivors (2048K)
 Metaspace       used 63742K, committed 64320K, reserved 1105920K
  class space    used 8386K, committed 8640K, reserved 1048576K
}
Event: 8.888 GC heap after
{Heap after GC invocations=30 (full 0):
 garbage-first heap   total 124928K, used 46413K [0x0000000080000000, 0x0000000100000000)
  region size 1024K, 3 young (3072K), 3 survivors (3072K)
 Metaspace       used 63742K, committed 64320K, reserved 1105920K
  class space    used 8386K, committed 8640K, reserved 1048576K
}
Event: 9.231 GC heap before
{Heap before GC invocations=30 (full 0):
 garbage-first heap   total 124928K, used 109901K [0x0000000080000000, 0x0000000100000000)
  region size 1024K, 59 young (60416K), 3 survivors (3072K)
 Metaspace       used 66149K, committed 66752K, reserved 1114112K
  class space    used 8715K, committed 9024K, reserved 1048576K
}
Event: 9.235 GC heap after
{Heap after GC invocations=31 (full 0):
 garbage-first heap   total 124928K, used 49523K [0x0000000080000000, 0x0000000100000000)
  region size 1024K, 6 young (6144K), 6 survivors (6144K)
 Metaspace       used 66149K, committed 66752K, reserved 1114112K
  class space    used 8715K, committed 9024K, reserved 1048576K
}
Event: 9.614 GC heap before
{Heap before GC invocations=31 (full 0):
 garbage-first heap   total 124928K, used 102771K [0x0000000080000000, 0x0000000100000000)
  region size 1024K, 58 young (59392K), 6 survivors (6144K)
 Metaspace       used 68567K, committed 69184K, reserved 1114112K
  class space    used 9006K, committed 9280K, reserved 1048576K
}
Event: 9.619 GC heap after
{Heap after GC invocations=32 (full 0):
 garbage-first heap   total 124928K, used 51519K [0x0000000080000000, 0x0000000100000000)
  region size 1024K, 6 young (6144K), 6 survivors (6144K)
 Metaspace       used 68567K, committed 69184K, reserved 1114112K
  class space    used 9006K, committed 9280K, reserved 1048576K
}
Event: 9.998 GC heap before
{Heap before GC invocations=32 (full 0):
 garbage-first heap   total 124928K, used 102719K [0x0000000080000000, 0x0000000100000000)
  region size 1024K, 56 young (57344K), 6 survivors (6144K)
 Metaspace       used 70793K, committed 71424K, reserved 1114112K
  class space    used 9326K, committed 9600K, reserved 1048576K
}
Event: 10.001 GC heap after
{Heap after GC invocations=33 (full 0):
 garbage-first heap   total 124928K, used 52634K [0x0000000080000000, 0x0000000100000000)
  region size 1024K, 4 young (4096K), 4 survivors (4096K)
 Metaspace       used 70793K, committed 71424K, reserved 1114112K
  class space    used 9326K, committed 9600K, reserved 1048576K
}
Event: 10.281 GC heap before
{Heap before GC invocations=33 (full 0):
 garbage-first heap   total 124928K, used 102810K [0x0000000080000000, 0x0000000100000000)
  region size 1024K, 53 young (54272K), 4 survivors (4096K)
 Metaspace       used 73021K, committed 73664K, reserved 1114112K
  class space    used 9616K, committed 9920K, reserved 1048576K
}
Event: 10.284 GC heap after
{Heap after GC invocations=34 (full 0):
 garbage-first heap   total 124928K, used 53680K [0x0000000080000000, 0x0000000100000000)
  region size 1024K, 5 young (5120K), 5 survivors (5120K)
 Metaspace       used 73021K, committed 73664K, reserved 1114112K
  class space    used 9616K, committed 9920K, reserved 1048576K
}
Event: 10.747 GC heap before
{Heap before GC invocations=34 (full 0):
 garbage-first heap   total 124928K, used 101808K [0x0000000080000000, 0x0000000100000000)
  region size 1024K, 53 young (54272K), 5 survivors (5120K)
 Metaspace       used 74977K, committed 75520K, reserved 1122304K
  class space    used 9849K, committed 10112K, reserved 1048576K
}
Event: 10.750 GC heap after
{Heap after GC invocations=35 (full 0):
 garbage-first heap   total 124928K, used 54903K [0x0000000080000000, 0x0000000100000000)
  region size 1024K, 4 young (4096K), 4 survivors (4096K)
 Metaspace       used 74977K, committed 75520K, reserved 1122304K
  class space    used 9849K, committed 10112K, reserved 1048576K
}
Event: 11.040 GC heap before
{Heap before GC invocations=35 (full 0):
 garbage-first heap   total 124928K, used 105079K [0x0000000080000000, 0x0000000100000000)
  region size 1024K, 52 young (53248K), 4 survivors (4096K)
 Metaspace       used 77024K, committed 77632K, reserved 1122304K
  class space    used 10135K, committed 10432K, reserved 1048576K
}
Event: 11.044 GC heap after
{Heap after GC invocations=36 (full 0):
 garbage-first heap   total 124928K, used 55904K [0x0000000080000000, 0x0000000100000000)
  region size 1024K, 5 young (5120K), 5 survivors (5120K)
 Metaspace       used 77024K, committed 77632K, reserved 1122304K
  class space    used 10135K, committed 10432K, reserved 1048576K
}
Event: 11.406 GC heap before
{Heap before GC invocations=36 (full 0):
 garbage-first heap   total 124928K, used 105056K [0x0000000080000000, 0x0000000100000000)
  region size 1024K, 53 young (54272K), 5 survivors (5120K)
 Metaspace       used 79458K, committed 80064K, reserved 1122304K
  class space    used 10663K, committed 10944K, reserved 1048576K
}
Event: 11.410 GC heap after
{Heap after GC invocations=37 (full 0):
 garbage-first heap   total 124928K, used 57095K [0x0000000080000000, 0x0000000100000000)
  region size 1024K, 5 young (5120K), 5 survivors (5120K)
 Metaspace       used 79458K, committed 80064K, reserved 1122304K
  class space    used 10663K, committed 10944K, reserved 1048576K
}

Dll operation events (3 events):
Event: 0.009 Loaded shared library C:\Program Files\Android\Android Studio1\jbr\bin\java.dll
Event: 0.010 Loaded shared library C:\Program Files\Android\Android Studio1\jbr\bin\zip.dll
Event: 0.582 Loaded shared library C:\Program Files\Android\Android Studio1\jbr\bin\verify.dll

Deoptimization events (20 events):
Event: 11.020 Thread 0x000001cf8faf2f40 DEOPT PACKING pc=0x000001cf87aeaafc sp=0x000000474acf7580
Event: 11.020 Thread 0x000001cf8faf2f40 DEOPT UNPACKING pc=0x000001cf875869a3 sp=0x000000474acf7548 mode 2
Event: 11.020 Thread 0x000001cf8faf2f40 Uncommon trap: trap_request=0xffffff45 fr.pc=0x000001cf87b01a4c relative=0x000000000000012c
Event: 11.020 Thread 0x000001cf8faf2f40 Uncommon trap: reason=unstable_if action=reinterpret pc=0x000001cf87b01a4c method=java.lang.AbstractStringBuilder.putStringAt(ILjava/lang/String;II)V @ 8 c2
Event: 11.020 Thread 0x000001cf8faf2f40 DEOPT PACKING pc=0x000001cf87b01a4c sp=0x000000474acf7680
Event: 11.020 Thread 0x000001cf8faf2f40 DEOPT UNPACKING pc=0x000001cf875869a3 sp=0x000000474acf75c8 mode 2
Event: 11.020 Thread 0x000001cf8faf2f40 Uncommon trap: trap_request=0xffffff45 fr.pc=0x000001cf87aec1d8 relative=0x0000000000000138
Event: 11.020 Thread 0x000001cf8faf2f40 Uncommon trap: reason=unstable_if action=reinterpret pc=0x000001cf87aec1d8 method=java.lang.AbstractStringBuilder.putStringAt(ILjava/lang/String;II)V @ 8 c2
Event: 11.020 Thread 0x000001cf8faf2f40 DEOPT PACKING pc=0x000001cf87aec1d8 sp=0x000000474acf7600
Event: 11.020 Thread 0x000001cf8faf2f40 DEOPT UNPACKING pc=0x000001cf875869a3 sp=0x000000474acf75c8 mode 2
Event: 11.035 Thread 0x000001cf8faf2f40 DEOPT PACKING pc=0x000001cf802c9bad sp=0x000000474acf76c0
Event: 11.035 Thread 0x000001cf8faf2f40 DEOPT UNPACKING pc=0x000001cf87587143 sp=0x000000474acf6ba0 mode 0
Event: 11.115 Thread 0x000001cf8faf2f40 Uncommon trap: trap_request=0xffffff45 fr.pc=0x000001cf87dfdad8 relative=0x00000000000000d8
Event: 11.115 Thread 0x000001cf8faf2f40 Uncommon trap: reason=unstable_if action=reinterpret pc=0x000001cf87dfdad8 method=java.util.ArrayList.fastRemove([Ljava/lang/Object;I)V @ 19 c2
Event: 11.115 Thread 0x000001cf8faf2f40 DEOPT PACKING pc=0x000001cf87dfdad8 sp=0x000000474acf8dc0
Event: 11.115 Thread 0x000001cf8faf2f40 DEOPT UNPACKING pc=0x000001cf875869a3 sp=0x000000474acf8d80 mode 2
Event: 11.515 Thread 0x000001cf8faf2f40 Uncommon trap: trap_request=0xffffff45 fr.pc=0x000001cf87e413b0 relative=0x0000000000000270
Event: 11.515 Thread 0x000001cf8faf2f40 Uncommon trap: reason=unstable_if action=reinterpret pc=0x000001cf87e413b0 method=org.gradle.internal.instantiation.generator.AbstractClassGenerator$InjectionAnnotationValidator.validateMethod(Ljava/lang/reflect/Method;Lorg/gradle/internal/reflect/Propert
Event: 11.515 Thread 0x000001cf8faf2f40 DEOPT PACKING pc=0x000001cf87e413b0 sp=0x000000474acf8530
Event: 11.515 Thread 0x000001cf8faf2f40 DEOPT UNPACKING pc=0x000001cf875869a3 sp=0x000000474acf84e0 mode 2

Classes unloaded (0 events):
No events

Classes redefined (0 events):
No events

Internal exceptions (20 events):
Event: 6.862 Thread 0x000001cf8faf2f40 Exception <a 'java/lang/NoSuchMethodError'{0x00000000841677e8}: 'java.lang.Object java.lang.invoke.DirectMethodHandle$Holder.invokeSpecial(java.lang.Object, java.lang.Object, java.lang.Object, java.lang.Object, java.lang.Object, java.lang.Object, int)'> (0x00000000841677e8) 
thrown [s\src\hotspot\share\interpreter\linkResolver.cpp, line 771]
Event: 6.875 Thread 0x000001cf8faf2f40 Exception <a 'java/lang/NoSuchMethodError'{0x0000000083f335a8}: 'void java.lang.invoke.DirectMethodHandle$Holder.invokeStatic(java.lang.Object, java.lang.Object, java.lang.Object, int, java.lang.Object)'> (0x0000000083f335a8) 
thrown [s\src\hotspot\share\interpreter\linkResolver.cpp, line 771]
Event: 7.399 Thread 0x000001cf8faf2f40 Exception <a 'java/lang/NoSuchMethodError'{0x0000000084a82590}: 'long java.lang.invoke.DirectMethodHandle$Holder.invokeVirtual(java.lang.Object, java.lang.Object)'> (0x0000000084a82590) 
thrown [s\src\hotspot\share\interpreter\linkResolver.cpp, line 771]
Event: 7.405 Thread 0x000001cf8fc5b1f0 Exception <a 'java/lang/NoSuchMethodError'{0x0000000084909bb8}: static Lorg/gradle/internal/build/event/types/DefaultOperationFinishedProgressEvent;.<clinit>()V> (0x0000000084909bb8) 
thrown [s\src\hotspot\share\prims\jni.cpp, line 1108]
Event: 7.408 Thread 0x000001cf8fc5b1f0 Exception <a 'java/lang/NoSuchMethodError'{0x000000008493ce48}: static Lorg/gradle/internal/build/event/types/DefaultProjectConfigurationSuccessResult;.<clinit>()V> (0x000000008493ce48) 
thrown [s\src\hotspot\share\prims\jni.cpp, line 1108]
Event: 7.409 Thread 0x000001cf8fc5b1f0 Exception <a 'java/lang/NoSuchMethodError'{0x000000008493e150}: static Lorg/gradle/internal/build/event/types/AbstractProjectConfigurationResult;.<clinit>()V> (0x000000008493e150) 
thrown [s\src\hotspot\share\prims\jni.cpp, line 1108]
Event: 7.409 Thread 0x000001cf8fc5b1f0 Exception <a 'java/lang/NoSuchMethodError'{0x000000008493f400}: static Lorg/gradle/internal/build/event/types/AbstractOperationResult;.<clinit>()V> (0x000000008493f400) 
thrown [s\src\hotspot\share\prims\jni.cpp, line 1108]
Event: 7.409 Thread 0x000001cf8fc5b1f0 Exception <a 'java/lang/NoSuchMethodError'{0x0000000084940630}: static Lorg/gradle/internal/build/event/types/AbstractResult;.<clinit>()V> (0x0000000084940630) 
thrown [s\src\hotspot\share\prims\jni.cpp, line 1108]
Event: 7.410 Thread 0x000001cf8fc5b1f0 Exception <a 'java/lang/NoSuchMethodError'{0x000000008495cdb0}: static Lorg/gradle/internal/build/event/types/DefaultPluginApplicationResult;.<clinit>()V> (0x000000008495cdb0) 
thrown [s\src\hotspot\share\prims\jni.cpp, line 1108]
Event: 7.411 Thread 0x000001cf8fc5b1f0 Exception <a 'java/lang/NoSuchMethodError'{0x00000000849eb800}: static Lorg/gradle/internal/build/event/types/DefaultBinaryPluginIdentifier;.<clinit>()V> (0x00000000849eb800) 
thrown [s\src\hotspot\share\prims\jni.cpp, line 1108]
Event: 7.414 Thread 0x000001cf8fc5b1f0 Exception <a 'java/lang/NoSuchMethodError'{0x00000000848289b8}: static Lorg/gradle/internal/build/event/types/DefaultScriptPluginIdentifier;.<clinit>()V> (0x00000000848289b8) 
thrown [s\src\hotspot\share\prims\jni.cpp, line 1108]
Event: 7.677 Thread 0x000001cf8faf2f40 Exception <a 'java/lang/ClassNotFoundException'{0x0000000083a23930}: org/gradle/api/internal/plugins/DefaultObjectConfigurationActionBeanInfo> (0x0000000083a23930) 
thrown [s\src\hotspot\share\classfile\systemDictionary.cpp, line 256]
Event: 7.677 Thread 0x000001cf8faf2f40 Exception <a 'java/lang/ClassNotFoundException'{0x0000000083a394e8}: org/gradle/api/internal/plugins/DefaultObjectConfigurationActionCustomizer> (0x0000000083a394e8) 
thrown [s\src\hotspot\share\classfile\systemDictionary.cpp, line 256]
Event: 7.884 Thread 0x000001cf8faf2f40 Exception <a 'java/lang/NoSuchMethodError'{0x00000000849f66d0}: 'java.lang.Object java.lang.invoke.DirectMethodHandle$Holder.newInvokeSpecial(java.lang.Object, java.lang.Object, java.lang.Object, java.lang.Object, int)'> (0x00000000849f66d0) 
thrown [s\src\hotspot\share\interpreter\linkResolver.cpp, line 771]
Event: 7.884 Thread 0x000001cf8faf2f40 Exception <a 'java/lang/NoSuchMethodError'{0x00000000849fbb18}: 'java.lang.Object java.lang.invoke.DirectMethodHandle$Holder.invokeSpecial(java.lang.Object, java.lang.Object, java.lang.Object, java.lang.Object, java.lang.Object, int)'> (0x00000000849fbb18) 
thrown [s\src\hotspot\share\interpreter\linkResolver.cpp, line 771]
Event: 7.884 Thread 0x000001cf8faf2f40 Exception <a 'java/lang/NoSuchMethodError'{0x0000000084801040}: 'java.lang.Object java.lang.invoke.Invokers$Holder.linkToTargetMethod(java.lang.Object, java.lang.Object, java.lang.Object, int, java.lang.Object)'> (0x0000000084801040) 
thrown [s\src\hotspot\share\interpreter\linkResolver.cpp, line 771]
Event: 8.111 Thread 0x000001cf8faf2f40 Exception <a 'java/lang/NoSuchMethodError'{0x0000000084a7b5c0}: 'int java.lang.invoke.DirectMethodHandle$Holder.invokeInterface(java.lang.Object, java.lang.Object, java.lang.Object, java.lang.Object)'> (0x0000000084a7b5c0) 
thrown [s\src\hotspot\share\interpreter\linkResolver.cpp, line 771]
Event: 8.797 Thread 0x000001cf8faf2f40 Exception <a 'java/lang/IncompatibleClassChangeError'{0x0000000084a4e5f0}: Found class java.lang.Object, but interface was expected> (0x0000000084a4e5f0) 
thrown [s\src\hotspot\share\interpreter\linkResolver.cpp, line 838]
Event: 9.202 Thread 0x000001cf8faf2f40 Exception <a 'sun/nio/fs/WindowsException'{0x00000000847dfa20}> (0x00000000847dfa20) 
thrown [s\src\hotspot\share\prims\jni.cpp, line 517]
Event: 11.455 Thread 0x000001cf8faf2f40 Exception <a 'java/lang/NoSuchMethodError'{0x00000000873c0b18}: 'int java.lang.invoke.DirectMethodHandle$Holder.invokeSpecialIFC(java.lang.Object, java.lang.Object, java.lang.Object, java.lang.Object, java.lang.Object)'> (0x00000000873c0b18) 
thrown [s\src\hotspot\share\interpreter\linkResolver.cpp, line 771]

VM Operations (20 events):
Event: 9.614 Executing VM operation: G1CollectForAllocation
Event: 9.619 Executing VM operation: G1CollectForAllocation done
Event: 9.997 Executing VM operation: G1CollectForAllocation
Event: 10.001 Executing VM operation: G1CollectForAllocation done
Event: 10.281 Executing VM operation: G1CollectForAllocation
Event: 10.284 Executing VM operation: G1CollectForAllocation done
Event: 10.604 Executing VM operation: ICBufferFull
Event: 10.605 Executing VM operation: ICBufferFull done
Event: 10.634 Executing VM operation: HandshakeAllThreads
Event: 10.634 Executing VM operation: HandshakeAllThreads done
Event: 10.671 Executing VM operation: HandshakeAllThreads
Event: 10.671 Executing VM operation: HandshakeAllThreads done
Event: 10.702 Executing VM operation: ICBufferFull
Event: 10.702 Executing VM operation: ICBufferFull done
Event: 10.747 Executing VM operation: G1CollectForAllocation
Event: 10.750 Executing VM operation: G1CollectForAllocation done
Event: 11.040 Executing VM operation: G1CollectForAllocation
Event: 11.044 Executing VM operation: G1CollectForAllocation done
Event: 11.405 Executing VM operation: G1CollectForAllocation
Event: 11.410 Executing VM operation: G1CollectForAllocation done

Events (20 events):
Event: 11.609 loading class com/android/build/gradle/internal/DependencyConfigurator$configureVariantTransforms$1
Event: 11.609 loading class com/android/build/gradle/internal/DependencyConfigurator$configureVariantTransforms$1 done
Event: 11.610 loading class com/android/build/gradle/internal/utils/D8BackportedMethodsGenerator$Parameters
Event: 11.610 loading class com/android/build/gradle/internal/utils/D8BackportedMethodsGenerator$Parameters done
Event: 11.610 loading class org/gradle/api/tasks/CompileClasspath
Event: 11.610 loading class org/gradle/api/tasks/CompileClasspath done
Event: 11.613 loading class com/android/build/gradle/internal/DependencyConfigurator$configureVariantTransforms$1$1
Event: 11.613 loading class com/android/build/gradle/internal/DependencyConfigurator$configureVariantTransforms$1$1 done
Event: 11.616 loading class com/android/build/gradle/internal/DependencyConfigurator$configureVariantTransforms$2
Event: 11.616 loading class com/android/build/gradle/internal/DependencyConfigurator$configureVariantTransforms$2 done
Event: 11.617 loading class com/android/build/gradle/internal/DependencyConfigurator$configureVariantTransforms$2$1
Event: 11.617 loading class com/android/build/gradle/internal/DependencyConfigurator$configureVariantTransforms$2$1 done
Event: 11.618 loading class com/android/build/gradle/internal/dependency/EnumerateClassesTransform
Event: 11.618 loading class com/android/build/gradle/internal/dependency/EnumerateClassesTransform done
Event: 11.620 loading class com/android/build/gradle/internal/dependency/DexingOutputSplitTransformKt
Event: 11.621 loading class com/android/build/gradle/internal/dependency/DexingOutputSplitTransformKt done
Event: 11.621 loading class com/android/build/gradle/internal/dependency/DexingOutputSplitTransform$DexOutput
Event: 11.621 loading class com/android/build/gradle/internal/dependency/DexingOutputSplitTransform$DexOutput done
Event: 11.622 loading class com/android/build/gradle/internal/dependency/DexingOutputSplitTransform
Event: 11.622 loading class com/android/build/gradle/internal/dependency/DexingOutputSplitTransform done


Dynamic libraries:
0x00007ff6bf850000 - 0x00007ff6bf85a000 	C:\Program Files\Android\Android Studio1\jbr\bin\java.exe
0x00007ffa3b310000 - 0x00007ffa3b524000 	C:\WINDOWS\SYSTEM32\ntdll.dll
0x00007ffa39e60000 - 0x00007ffa39f24000 	C:\WINDOWS\System32\KERNEL32.DLL
0x00007ffa38800000 - 0x00007ffa38ba4000 	C:\WINDOWS\System32\KERNELBASE.dll
0x00007ffa353f0000 - 0x00007ffa35487000 	C:\WINDOWS\SYSTEM32\apphelp.dll
0x00007ffa38bb0000 - 0x00007ffa38cc1000 	C:\WINDOWS\System32\ucrtbase.dll
0x00007ff9f0120000 - 0x00007ff9f013b000 	C:\Program Files\Android\Android Studio1\jbr\bin\VCRUNTIME140.dll
0x00007ffa25d20000 - 0x00007ffa25d37000 	C:\Program Files\Android\Android Studio1\jbr\bin\jli.dll
0x00007ffa39ab0000 - 0x00007ffa39c5e000 	C:\WINDOWS\System32\USER32.dll
0x00007ffa1f5d0000 - 0x00007ffa1f863000 	C:\WINDOWS\WinSxS\amd64_microsoft.windows.common-controls_6595b64144ccf1df_6.0.22621.2215_none_270d72677387dfc3\COMCTL32.dll
0x00007ffa386c0000 - 0x00007ffa386e6000 	C:\WINDOWS\System32\win32u.dll
0x00007ffa3b220000 - 0x00007ffa3b2c7000 	C:\WINDOWS\System32\msvcrt.dll
0x00007ffa396b0000 - 0x00007ffa396d9000 	C:\WINDOWS\System32\GDI32.dll
0x00007ffa38d90000 - 0x00007ffa38ea8000 	C:\WINDOWS\System32\gdi32full.dll
0x00007ffa38760000 - 0x00007ffa387fa000 	C:\WINDOWS\System32\msvcp_win.dll
0x00007ffa396e0000 - 0x00007ffa39711000 	C:\WINDOWS\System32\IMM32.DLL
0x00007ffa250c0000 - 0x00007ffa250cc000 	C:\Program Files\Android\Android Studio1\jbr\bin\vcruntime140_1.dll
0x00007ff9d7df0000 - 0x00007ff9d7e7d000 	C:\Program Files\Android\Android Studio1\jbr\bin\msvcp140.dll
0x00007ff9bc8b0000 - 0x00007ff9bd51e000 	C:\Program Files\Android\Android Studio1\jbr\bin\server\jvm.dll
0x00007ffa39120000 - 0x00007ffa391d0000 	C:\WINDOWS\System32\ADVAPI32.dll
0x00007ffa39500000 - 0x00007ffa395a6000 	C:\WINDOWS\System32\sechost.dll
0x00007ffa3a760000 - 0x00007ffa3a877000 	C:\WINDOWS\System32\RPCRT4.dll
0x00007ffa30a00000 - 0x00007ffa30a0a000 	C:\WINDOWS\SYSTEM32\VERSION.dll
0x00007ffa35fd0000 - 0x00007ffa36004000 	C:\WINDOWS\SYSTEM32\WINMM.dll
0x00007ffa35680000 - 0x00007ffa35689000 	C:\WINDOWS\SYSTEM32\WSOCK32.dll
0x00007ffa39de0000 - 0x00007ffa39e51000 	C:\WINDOWS\System32\WS2_32.dll
0x00007ffa376c0000 - 0x00007ffa376d8000 	C:\WINDOWS\SYSTEM32\kernel.appcore.dll
0x00007ffa30800000 - 0x00007ffa3080a000 	C:\Program Files\Android\Android Studio1\jbr\bin\jimage.dll
0x00007ffa35d10000 - 0x00007ffa35f3e000 	C:\WINDOWS\SYSTEM32\DBGHELP.DLL
0x00007ffa39720000 - 0x00007ffa39aaa000 	C:\WINDOWS\System32\combase.dll
0x00007ffa3a890000 - 0x00007ffa3a967000 	C:\WINDOWS\System32\OLEAUT32.dll
0x00007ffa35f90000 - 0x00007ffa35fc2000 	C:\WINDOWS\SYSTEM32\dbgcore.DLL
0x00007ffa39020000 - 0x00007ffa3909a000 	C:\WINDOWS\System32\bcryptPrimitives.dll
0x00007ffa2a860000 - 0x00007ffa2a86e000 	C:\Program Files\Android\Android Studio1\jbr\bin\instrument.dll
0x00007ffa250d0000 - 0x00007ffa250f5000 	C:\Program Files\Android\Android Studio1\jbr\bin\java.dll
0x00007ffa1f8c0000 - 0x00007ffa1f8d8000 	C:\Program Files\Android\Android Studio1\jbr\bin\zip.dll
0x00007ffa3a9f0000 - 0x00007ffa3b213000 	C:\WINDOWS\System32\SHELL32.dll
0x00007ffa36600000 - 0x00007ffa36eea000 	C:\WINDOWS\SYSTEM32\windows.storage.dll
0x00007ffa364c0000 - 0x00007ffa365fe000 	C:\WINDOWS\SYSTEM32\wintypes.dll
0x00007ffa395b0000 - 0x00007ffa396a3000 	C:\WINDOWS\System32\SHCORE.dll
0x00007ffa39320000 - 0x00007ffa3937e000 	C:\WINDOWS\System32\shlwapi.dll
0x00007ffa385f0000 - 0x00007ffa38616000 	C:\WINDOWS\SYSTEM32\profapi.dll
0x00007ffa29180000 - 0x00007ffa29189000 	C:\Program Files\Android\Android Studio1\jbr\bin\management.dll
0x00007ffa26500000 - 0x00007ffa2650b000 	C:\Program Files\Android\Android Studio1\jbr\bin\management_ext.dll
0x00007ffa393e0000 - 0x00007ffa393e8000 	C:\WINDOWS\System32\PSAPI.DLL
0x00007ffa157c0000 - 0x00007ffa157d9000 	C:\Program Files\Android\Android Studio1\jbr\bin\net.dll
0x00007ffa30c20000 - 0x00007ffa30d57000 	C:\WINDOWS\SYSTEM32\WINHTTP.dll
0x00007ffa37b90000 - 0x00007ffa37bf9000 	C:\WINDOWS\system32\mswsock.dll
0x00007ffa106e0000 - 0x00007ffa106f6000 	C:\Program Files\Android\Android Studio1\jbr\bin\nio.dll
0x00007ffa18f10000 - 0x00007ffa18f27000 	C:\WINDOWS\system32\napinsp.dll
0x00007ffa18ef0000 - 0x00007ffa18f0b000 	C:\WINDOWS\system32\pnrpnsp.dll
0x00007ffa371c0000 - 0x00007ffa372b2000 	C:\WINDOWS\SYSTEM32\DNSAPI.dll
0x00007ffa37150000 - 0x00007ffa3717d000 	C:\WINDOWS\SYSTEM32\IPHLPAPI.DLL
0x00007ffa394f0000 - 0x00007ffa394f9000 	C:\WINDOWS\System32\NSI.dll
0x00007ffa18ed0000 - 0x00007ffa18ee1000 	C:\WINDOWS\System32\winrnr.dll
0x00007ffa0fd70000 - 0x00007ffa0fd85000 	C:\WINDOWS\system32\wshbth.dll
0x00007ffa0fd40000 - 0x00007ffa0fd61000 	C:\WINDOWS\system32\nlansp_c.dll
0x00007ffa30960000 - 0x00007ffa3096a000 	C:\Windows\System32\rasadhlp.dll
0x00007ffa305a0000 - 0x00007ffa30624000 	C:\WINDOWS\System32\fwpuclnt.dll
0x00007ffa26270000 - 0x00007ffa26280000 	C:\Program Files\Android\Android Studio1\jbr\bin\verify.dll
0x00007ff9eb330000 - 0x00007ff9eb357000 	C:\Users\aditi\AndroidStudioProjects\HelloWorld\gradle\native\68d5fa5c4cc2d200863cafc0d521ce42e7d3e7ee720ec0a83991735586a16f82\windows-amd64\native-platform.dll
0x00007ff9cfe10000 - 0x00007ff9cff54000 	C:\Users\aditi\AndroidStudioProjects\HelloWorld\gradle\native\e376f236ea51e6404a007f0833ffe2c6e607c4080706a723a18a27aeea778392\windows-amd64\native-platform-file-events.dll
0x00007ffa37e50000 - 0x00007ffa37e6b000 	C:\WINDOWS\SYSTEM32\CRYPTSP.dll
0x00007ffa37680000 - 0x00007ffa376b5000 	C:\WINDOWS\system32\rsaenh.dll
0x00007ffa37cf0000 - 0x00007ffa37d1c000 	C:\WINDOWS\SYSTEM32\USERENV.dll
0x00007ffa38090000 - 0x00007ffa380b8000 	C:\WINDOWS\SYSTEM32\bcrypt.dll
0x00007ffa37e70000 - 0x00007ffa37e7c000 	C:\WINDOWS\SYSTEM32\CRYPTBASE.dll
0x00007ffa30ba0000 - 0x00007ffa30bb9000 	C:\WINDOWS\SYSTEM32\dhcpcsvc6.DLL
0x00007ffa30b80000 - 0x00007ffa30b9f000 	C:\WINDOWS\SYSTEM32\dhcpcsvc.DLL
0x00007ffa20290000 - 0x00007ffa20298000 	C:\WINDOWS\system32\wshunix.dll

dbghelp: loaded successfully - version: 4.0.5 - missing functions: none
symbol engine: initialized successfully - sym options: 0x614 - pdb path: .;C:\Program Files\Android\Android Studio1\jbr\bin;C:\WINDOWS\SYSTEM32;C:\WINDOWS\WinSxS\amd64_microsoft.windows.common-controls_6595b64144ccf1df_6.0.22621.2215_none_270d72677387dfc3;C:\Program Files\Android\Android Studio1\jbr\bin\server;C:\Users\aditi\AndroidStudioProjects\HelloWorld\gradle\native\68d5fa5c4cc2d200863cafc0d521ce42e7d3e7ee720ec0a83991735586a16f82\windows-amd64;C:\Users\aditi\AndroidStudioProjects\HelloWorld\gradle\native\e376f236ea51e6404a007f0833ffe2c6e607c4080706a723a18a27aeea778392\windows-amd64

VM Arguments:
jvm_args: --add-opens=java.base/java.util.concurrent.atomic=ALL-UNNAMED -javaagent:C:\Program Files\Android\Android Studio\plugins\android\resources\trace_agent.jar=C:\Users\aditi\AppData\Local\Temp\sync.trace.profile --add-opens=java.base/java.util=ALL-UNNAMED --add-opens=java.base/java.lang=ALL-UNNAMED --add-opens=java.base/java.lang.invoke=ALL-UNNAMED --add-opens=java.prefs/java.util.prefs=ALL-UNNAMED --add-opens=java.base/java.nio.charset=ALL-UNNAMED --add-opens=java.base/java.net=ALL-UNNAMED --add-opens=java.base/java.util.concurrent.atomic=ALL-UNNAMED -Xmx2048m -Dfile.encoding=UTF-8 -Duser.country=US -Duser.language=en -Duser.variant 
java_command: org.gradle.launcher.daemon.bootstrap.GradleDaemon 8.0
java_class_path (initial): C:\Users\aditi\AndroidStudioProjects\HelloWorld\gradle\wrapper\dists\gradle-8.0-bin\ca5e32bp14vu59qr306oxotwh\gradle-8.0\lib\gradle-launcher-8.0.jar
Launcher Type: SUN_STANDARD

[Global flags]
     intx CICompilerCount                          = 4                                         {product} {ergonomic}
     uint ConcGCThreads                            = 3                                         {product} {ergonomic}
     uint G1ConcRefinementThreads                  = 10                                        {product} {ergonomic}
   size_t G1HeapRegionSize                         = 1048576                                   {product} {ergonomic}
    uintx GCDrainStackTargetSize                   = 64                                        {product} {ergonomic}
   size_t InitialHeapSize                          = 98566144                                  {product} {ergonomic}
   size_t MarkStackSize                            = 4194304                                   {product} {ergonomic}
   size_t MaxHeapSize                              = 2147483648                                {product} {command line}
   size_t MaxNewSize                               = 1287651328                                {product} {ergonomic}
   size_t MinHeapDeltaBytes                        = 1048576                                   {product} {ergonomic}
   size_t MinHeapSize                              = 8388608                                   {product} {ergonomic}
    uintx NonNMethodCodeHeapSize                   = 5839372                                {pd product} {ergonomic}
    uintx NonProfiledCodeHeapSize                  = 122909434                              {pd product} {ergonomic}
    uintx ProfiledCodeHeapSize                     = 122909434                              {pd product} {ergonomic}
    uintx ReservedCodeCacheSize                    = 251658240                              {pd product} {ergonomic}
     bool SegmentedCodeCache                       = true                                      {product} {ergonomic}
   size_t SoftMaxHeapSize                          = 2147483648                             {manageable} {ergonomic}
     bool UseCompressedClassPointers               = true                           {product lp64_product} {ergonomic}
     bool UseCompressedOops                        = true                           {product lp64_product} {ergonomic}
     bool UseG1GC                                  = true                                      {product} {ergonomic}
     bool UseLargePagesIndividualAllocation        = false                                  {pd product} {ergonomic}

Logging:
Log output configuration:
 #0: stdout all=warning uptime,level,tags
 #1: stderr all=off uptime,level,tags

Environment Variables:
PATH=C:\Program Files (x86)\VMware\VMware Player\bin\;C:\Program Files\Common Files\Oracle\Java\javapath;C:\Program Files (x86)\Common Files\Oracle\Java\javapath;C:\WINDOWS\system32;C:\WINDOWS;C:\WINDOWS\System32\Wbem;C:\WINDOWS\System32\WindowsPowerShell\v1.0\;C:\WINDOWS\System32\OpenSSH\;C:\Program Files\Git\cmd;C:\Program Files\Java\jdk-19\bin;C:\Program Files\Java\jdk-19\bin;;C:\Program Files\Microchip\xc8\v2.36\bin;C:\Users\aditi\AppData\Local\Programs\Python\Python311\Scripts\;C:\Users\aditi\AppData\Local\Programs\Python\Python311\;C:\Users\aditi\AppData\Local\Programs\Python\Python310\Scripts\;C:\Users\aditi\AppData\Local\Programs\Python\Python310\;C:\Users\aditi\AppData\Local\Microsoft\WindowsApps;C:\Users\aditi\AppData\Local\Microsoft\WindowsApps;C:\Program Files\Java\jdk-19\bin;C:\Program Files\Java\jdk-19\bin;C:\Users\aditi\AppData\Local\Programs\Microsoft VS Code\bin;C:\MinGW\bin;
USERNAME=aditi
OS=Windows_NT
PROCESSOR_IDENTIFIER=AMD64 Family 23 Model 104 Stepping 1, AuthenticAMD
TMP=C:\Users\aditi\AppData\Local\Temp
TEMP=C:\Users\aditi\AppData\Local\Temp


JNI global refs:
JNI global refs: 24, weak refs: 9

JNI global refs memory usage: 843, weak refs: 841


---------------  S Y S T E M  ---------------

OS:
 Windows 11 , 64 bit Build 22621 (10.0.22621.2215)
OS uptime: 2 days 3:16 hours
Hyper-V role detected

CPU: total 12 (initial active 12) (12 cores per cpu, 2 threads per core) family 23 model 104 stepping 1 microcode 0x0, cx8, cmov, fxsr, ht, mmx, 3dnowpref, sse, sse2, sse3, ssse3, sse4a, sse4.1, sse4.2, popcnt, lzcnt, tsc, tscinvbit, avx, avx2, aes, clmul, bmi1, bmi2, adx, sha, fma, vzeroupper, clflush, clflushopt, hv

Memory: 4k page, system-wide physical 6005M (233M free)
TotalPageFile size 24437M (AvailPageFile size 3M)
current process WorkingSet (physical memory assigned to process): 336M, peak: 336M
current process commit charge ("private bytes"): 377M, peak: 379M

vm_info: OpenJDK 64-Bit Server VM (17.0.6+0-b2043.56-10027231) for windows-amd64 JRE (17.0.6+0-b2043.56-10027231), built on Apr 28 2023 00:43:19 by "androidbuild" with MS VC++ 16.10 / 16.11 (VS2019)

END.
