#
# There is insufficient memory for the Java Runtime Environment to continue.
# Native memory allocation (malloc) failed to allocate 1048176 bytes for Chunk::new
# Possible reasons:
#   The system is out of physical RAM or swap space
#   The process is running with CompressedOops enabled, and the Java Heap may be blocking the growth of the native heap
# Possible solutions:
#   Reduce memory load on the system
#   Increase physical memory or swap space
#   Check if swap backing store is full
#   Decrease Java heap size (-Xmx/-Xms)
#   Decrease number of Java threads
#   Decrease Java thread stack sizes (-Xss)
#   Set larger code cache with -XX:ReservedCodeCacheSize=
#   JVM is running with Unscaled Compressed Oops mode in which the Java heap is
#     placed in the first 4GB address space. The Java Heap base address is the
#     maximum limit for the native heap growth. Please use -XX:HeapBaseMinAddress
#     to set the Java Heap base and to place the Java Heap above 4GB virtual address.
# This output file may be truncated or incomplete.
#
#  Out of Memory Error (arena.cpp:189), pid=32120, tid=2876
#
# JRE version: OpenJDK Runtime Environment (17.0.6) (build 17.0.6+0-b2043.56-10027231)
# Java VM: OpenJDK 64-Bit Server VM (17.0.6+0-b2043.56-10027231, mixed mode, tiered, compressed oops, compressed class ptrs, g1 gc, windows-amd64)
# No core dump will be written. Minidumps are not enabled by default on client versions of Windows
#

---------------  S U M M A R Y ------------

Command Line: --add-opens=java.base/java.util.concurrent.atomic=ALL-UNNAMED -javaagent:C:\Program Files\Android\Android Studio\plugins\android\resources\trace_agent.jar=C:\Users\aditi\AppData\Local\Temp\sync.trace.profile --add-opens=java.base/java.util=ALL-UNNAMED --add-opens=java.base/java.lang=ALL-UNNAMED --add-opens=java.base/java.lang.invoke=ALL-UNNAMED --add-opens=java.prefs/java.util.prefs=ALL-UNNAMED --add-opens=java.base/java.nio.charset=ALL-UNNAMED --add-opens=java.base/java.net=ALL-UNNAMED --add-opens=java.base/java.util.concurrent.atomic=ALL-UNNAMED -Xmx2048m -Dfile.encoding=UTF-8 -Duser.country=US -Duser.language=en -Duser.variant org.gradle.launcher.daemon.bootstrap.GradleDaemon 8.0

Host: AMD Ryzen 5 5500U with Radeon Graphics         , 12 cores, 5G,  Windows 11 , 64 bit Build 22621 (10.0.22621.2215)
Time: Sun Aug 27 17:05:00 2023 India Standard Time elapsed time: 14.160064 seconds (0d 0h 0m 14s)

---------------  T H R E A D  ---------------

Current thread (0x000002007e034a60):  JavaThread "C2 CompilerThread0" daemon [_thread_in_native, id=2876, stack(0x0000005424600000,0x0000005424700000)]


Current CompileTask:
C2:  14160 4854       4       org.objectweb.asm.Frame::execute (2318 bytes)

Stack: [0x0000005424600000,0x0000005424700000]
Native frames: (J=compiled Java code, j=interpreted, Vv=VM code, C=native code)
V  [jvm.dll+0x683c9a]
V  [jvm.dll+0x8427a4]
V  [jvm.dll+0x843f9e]
V  [jvm.dll+0x844603]
V  [jvm.dll+0x249b75]
V  [jvm.dll+0xabcac]
V  [jvm.dll+0xac27c]
V  [jvm.dll+0x2b0eef]
V  [jvm.dll+0x58a267]
V  [jvm.dll+0x2243b2]
V  [jvm.dll+0x22478f]
V  [jvm.dll+0x21e055]
V  [jvm.dll+0x21b51b]
V  [jvm.dll+0x1a4fdd]
V  [jvm.dll+0x22b098]
V  [jvm.dll+0x229159]
V  [jvm.dll+0x7f81ec]
V  [jvm.dll+0x7f274a]
V  [jvm.dll+0x682ad5]
C  [ucrtbase.dll+0x29363]
C  [KERNEL32.DLL+0x1257d]
C  [ntdll.dll+0x5aa68]


---------------  P R O C E S S  ---------------

Threads class SMR info:
_java_thread_list=0x000002007fb3d790, length=37, elements={
0x00000200703efe00, 0x000002007d659020, 0x000002007e000080, 0x000002007d645c90,
0x000002007e024260, 0x000002007e0280a0, 0x000002007e028960, 0x000002007e034a60,
0x000002007e036420, 0x000002007e036d20, 0x000002007d5c22a0, 0x000002007e49bde0,
0x0000020010076fe0, 0x000002007f2863f0, 0x000002007f2ba860, 0x0000020011913d50,
0x0000020011912840, 0x000002007f15d3a0, 0x000002007f15bb90, 0x000002007f15f080,
0x000002007f15c060, 0x000002007f15dd40, 0x000002007f15e210, 0x000002007f15d870,
0x000002007f15b6c0, 0x000002007f15c530, 0x000002007f15ca00, 0x000002007fba0ef0,
0x000002007fba2bd0, 0x000002007fb9f6e0, 0x000002007fb9ed40, 0x000002007fba13c0,
0x000002007fba5250, 0x000002007fba1890, 0x000002007fba3f10, 0x000002007fba30a0,
0x000002007fb9e3a0
}

Java Threads: ( => current thread )
  0x00000200703efe00 JavaThread "main" [_thread_blocked, id=8912, stack(0x0000005423900000,0x0000005423a00000)]
  0x000002007d659020 JavaThread "Reference Handler" daemon [_thread_blocked, id=10756, stack(0x0000005424000000,0x0000005424100000)]
  0x000002007e000080 JavaThread "Finalizer" daemon [_thread_blocked, id=22016, stack(0x0000005424100000,0x0000005424200000)]
  0x000002007d645c90 JavaThread "Signal Dispatcher" daemon [_thread_blocked, id=9540, stack(0x0000005424200000,0x0000005424300000)]
  0x000002007e024260 JavaThread "Attach Listener" daemon [_thread_blocked, id=18296, stack(0x0000005424300000,0x0000005424400000)]
  0x000002007e0280a0 JavaThread "Service Thread" daemon [_thread_blocked, id=16252, stack(0x0000005424400000,0x0000005424500000)]
  0x000002007e028960 JavaThread "Monitor Deflation Thread" daemon [_thread_blocked, id=11684, stack(0x0000005424500000,0x0000005424600000)]
=>0x000002007e034a60 JavaThread "C2 CompilerThread0" daemon [_thread_in_native, id=2876, stack(0x0000005424600000,0x0000005424700000)]
  0x000002007e036420 JavaThread "C1 CompilerThread0" daemon [_thread_blocked, id=19132, stack(0x0000005424700000,0x0000005424800000)]
  0x000002007e036d20 JavaThread "Sweeper thread" daemon [_thread_blocked, id=1620, stack(0x0000005424800000,0x0000005424900000)]
  0x000002007d5c22a0 JavaThread "Common-Cleaner" daemon [_thread_blocked, id=26208, stack(0x0000005424900000,0x0000005424a00000)]
  0x000002007e49bde0 JavaThread "Notification Thread" daemon [_thread_blocked, id=30156, stack(0x0000005424a00000,0x0000005424b00000)]
  0x0000020010076fe0 JavaThread "Daemon health stats" [_thread_blocked, id=6188, stack(0x0000005425000000,0x0000005425100000)]
  0x000002007f2863f0 JavaThread "Incoming local TCP Connector on port 64064" [_thread_in_native, id=14924, stack(0x0000005425400000,0x0000005425500000)]
  0x000002007f2ba860 JavaThread "Daemon periodic checks" [_thread_blocked, id=29352, stack(0x0000005425500000,0x0000005425600000)]
  0x0000020011913d50 JavaThread "Daemon" [_thread_blocked, id=21528, stack(0x0000005425600000,0x0000005425700000)]
  0x0000020011912840 JavaThread "Handler for socket connection from /127.0.0.1:64064 to /127.0.0.1:64065" [_thread_in_native, id=32200, stack(0x0000005425700000,0x0000005425800000)]
  0x000002007f15d3a0 JavaThread "Cancel handler" [_thread_blocked, id=31536, stack(0x0000005425a00000,0x0000005425b00000)]
  0x000002007f15bb90 JavaThread "Daemon worker" [_thread_in_vm, id=17840, stack(0x0000005425b00000,0x0000005425c00000)]
  0x000002007f15f080 JavaThread "Asynchronous log dispatcher for DefaultDaemonConnection: socket connection from /127.0.0.1:64064 to /127.0.0.1:64065" [_thread_blocked, id=15892, stack(0x0000005425c00000,0x0000005425d00000)]
  0x000002007f15c060 JavaThread "Stdin handler" [_thread_blocked, id=19756, stack(0x0000005425d00000,0x0000005425e00000)]
  0x000002007f15dd40 JavaThread "Daemon client event forwarder" [_thread_blocked, id=28160, stack(0x0000005425e00000,0x0000005425f00000)]
  0x000002007f15e210 JavaThread "Cache worker for journal cache (C:\Users\aditi\AndroidStudioProjects\HelloWorld\gradle\caches\journal-1)" [_thread_blocked, id=32420, stack(0x0000005426200000,0x0000005426300000)]
  0x000002007f15d870 JavaThread "File lock request listener" [_thread_in_native, id=28128, stack(0x0000005426300000,0x0000005426400000)]
  0x000002007f15b6c0 JavaThread "Cache worker for file hash cache (C:\Users\aditi\AndroidStudioProjects\HelloWorld\gradle\caches\8.0\fileHashes)" [_thread_blocked, id=14228, stack(0x0000005426400000,0x0000005426500000)]
  0x000002007f15c530 JavaThread "File watcher server" daemon [_thread_in_native, id=20048, stack(0x0000005426500000,0x0000005426600000)]
  0x000002007f15ca00 JavaThread "File watcher consumer" daemon [_thread_blocked, id=30708, stack(0x0000005426600000,0x0000005426700000)]
  0x000002007fba0ef0 JavaThread "Cache worker for checksums cache (C:\Users\aditi\AndroidStudioProjects\TicTacToe\.gradle\8.0\checksums)" [_thread_blocked, id=18404, stack(0x0000005426700000,0x0000005426800000)]
  0x000002007fba2bd0 JavaThread "Cache worker for cache directory md-rule (C:\Users\aditi\AndroidStudioProjects\HelloWorld\gradle\caches\8.0\md-rule)" [_thread_blocked, id=26684, stack(0x0000005426800000,0x0000005426900000)]
  0x000002007fb9f6e0 JavaThread "Cache worker for file content cache (C:\Users\aditi\AndroidStudioProjects\HelloWorld\gradle\caches\8.0\fileContent)" [_thread_blocked, id=13344, stack(0x0000005426900000,0x0000005426a00000)]
  0x000002007fb9ed40 JavaThread "Cache worker for file hash cache (C:\Users\aditi\AndroidStudioProjects\TicTacToe\.gradle\8.0\fileHashes)" [_thread_blocked, id=15112, stack(0x0000005426a00000,0x0000005426b00000)]
  0x000002007fba13c0 JavaThread "Cache worker for cache directory md-supplier (C:\Users\aditi\AndroidStudioProjects\HelloWorld\gradle\caches\8.0\md-supplier)" [_thread_blocked, id=28764, stack(0x0000005426b00000,0x0000005426c00000)]
  0x000002007fba5250 JavaThread "Cache worker for execution history cache (C:\Users\aditi\AndroidStudioProjects\HelloWorld\gradle\caches\8.0\executionHistory)" [_thread_blocked, id=23852, stack(0x0000005426c00000,0x0000005426d00000)]
  0x000002007fba1890 JavaThread "jar transforms" [_thread_blocked, id=23452, stack(0x0000005426d00000,0x0000005426e00000)]
  0x000002007fba3f10 JavaThread "jar transforms Thread 2" [_thread_blocked, id=23492, stack(0x0000005426e00000,0x0000005426f00000)]
  0x000002007fba30a0 JavaThread "Cache worker for kotlin-dsl (C:\Users\aditi\AndroidStudioProjects\HelloWorld\gradle\caches\8.0\kotlin-dsl)" [_thread_blocked, id=31116, stack(0x0000005426100000,0x0000005426200000)]
  0x000002007fb9e3a0 JavaThread "jar transforms Thread 3" [_thread_blocked, id=29644, stack(0x0000005426f00000,0x0000005427000000)]

Other Threads:
  0x000002007d6351c0 VMThread "VM Thread" [stack: 0x0000005423f00000,0x0000005424000000] [id=2412]
  0x000002007046be90 WatcherThread [stack: 0x0000005424b00000,0x0000005424c00000] [id=24920]
  0x000002007044fbf0 GCTaskThread "GC Thread#0" [stack: 0x0000005423a00000,0x0000005423b00000] [id=17952]
  0x000002007eb44150 GCTaskThread "GC Thread#1" [stack: 0x0000005424c00000,0x0000005424d00000] [id=29232]
  0x000002007eb14010 GCTaskThread "GC Thread#2" [stack: 0x0000005424d00000,0x0000005424e00000] [id=31124]
  0x000002007f1deda0 GCTaskThread "GC Thread#3" [stack: 0x0000005424e00000,0x0000005424f00000] [id=22840]
  0x000002007ea3e6c0 GCTaskThread "GC Thread#4" [stack: 0x0000005424f00000,0x0000005425000000] [id=18104]
  0x0000020010363d70 GCTaskThread "GC Thread#5" [stack: 0x0000005425100000,0x0000005425200000] [id=23200]
  0x000002007f258b50 GCTaskThread "GC Thread#6" [stack: 0x0000005425200000,0x0000005425300000] [id=28744]
  0x0000020010a88cd0 GCTaskThread "GC Thread#7" [stack: 0x0000005425300000,0x0000005425400000] [id=20468]
  0x000002007ea28880 GCTaskThread "GC Thread#8" [stack: 0x0000005425800000,0x0000005425900000] [id=30464]
  0x000002001013b270 GCTaskThread "GC Thread#9" [stack: 0x0000005425900000,0x0000005425a00000] [id=32488]
  0x00000200704611e0 ConcurrentGCThread "G1 Main Marker" [stack: 0x0000005423b00000,0x0000005423c00000] [id=31944]
  0x0000020070461b00 ConcurrentGCThread "G1 Conc#0" [stack: 0x0000005423c00000,0x0000005423d00000] [id=19852]
  0x000002001063b5b0 ConcurrentGCThread "G1 Conc#1" [stack: 0x0000005425f00000,0x0000005426000000] [id=6488]
  0x000002001092a330 ConcurrentGCThread "G1 Conc#2" [stack: 0x0000005426000000,0x0000005426100000] [id=12308]
  0x000002007d4924c0 ConcurrentGCThread "G1 Refine#0" [stack: 0x0000005423d00000,0x0000005423e00000] [id=32312]
  0x000002007d492df0 ConcurrentGCThread "G1 Service" [stack: 0x0000005423e00000,0x0000005423f00000] [id=15044]

Threads with active compile tasks:
C2 CompilerThread0    14542 4854       4       org.objectweb.asm.Frame::execute (2318 bytes)

VM state: not at safepoint (normal execution)

VM Mutex/Monitor currently owned by a thread: None

Heap address: 0x0000000080000000, size: 2048 MB, Compressed Oops mode: 32-bit

CDS archive(s) not mapped
Compressed class space mapped at: 0x0000000100000000-0x0000000140000000, reserved size: 1073741824
Narrow klass base: 0x0000000000000000, Narrow klass shift: 3, Narrow klass range: 0x140000000

GC Precious Log:
 CPUs: 12 total, 12 available
 Memory: 6005M
 Large Page Support: Disabled
 NUMA Support: Disabled
 Compressed Oops: Enabled (32-bit)
 Heap Region Size: 1M
 Heap Min Capacity: 8M
 Heap Initial Capacity: 94M
 Heap Max Capacity: 2G
 Pre-touch: Disabled
 Parallel Workers: 10
 Concurrent Workers: 3
 Concurrent Refinement Workers: 10
 Periodic GC: Disabled

Heap:
 garbage-first heap   total 78848K, used 33730K [0x0000000080000000, 0x0000000100000000)
  region size 1024K, 7 young (7168K), 3 survivors (3072K)
 Metaspace       used 47238K, committed 47744K, reserved 1097728K
  class space    used 6154K, committed 6400K, reserved 1048576K

Heap Regions: E=young(eden), S=young(survivor), O=old, HS=humongous(starts), HC=humongous(continues), CS=collection set, F=free, OA=open archive, CA=closed archive, TAMS=top-at-mark-start (previous, next)
|   0|0x0000000080000000, 0x0000000080100000, 0x0000000080100000|100%|HS|  |TAMS 0x0000000080100000, 0x0000000080100000| Complete 
|   1|0x0000000080100000, 0x0000000080200000, 0x0000000080200000|100%|HC|  |TAMS 0x0000000080200000, 0x0000000080200000| Complete 
|   2|0x0000000080200000, 0x0000000080300000, 0x0000000080300000|100%|HC|  |TAMS 0x0000000080300000, 0x0000000080300000| Complete 
|   3|0x0000000080300000, 0x0000000080400000, 0x0000000080400000|100%|HC|  |TAMS 0x0000000080400000, 0x0000000080400000| Complete 
|   4|0x0000000080400000, 0x0000000080500000, 0x0000000080500000|100%| O|  |TAMS 0x0000000080500000, 0x0000000080500000| Untracked 
|   5|0x0000000080500000, 0x0000000080600000, 0x0000000080600000|100%| O|  |TAMS 0x0000000080600000, 0x0000000080600000| Untracked 
|   6|0x0000000080600000, 0x0000000080700000, 0x0000000080700000|100%| O|  |TAMS 0x0000000080700000, 0x0000000080700000| Untracked 
|   7|0x0000000080700000, 0x0000000080800000, 0x0000000080800000|100%| O|  |TAMS 0x0000000080800000, 0x0000000080800000| Untracked 
|   8|0x0000000080800000, 0x0000000080900000, 0x0000000080900000|100%| O|  |TAMS 0x0000000080900000, 0x0000000080900000| Untracked 
|   9|0x0000000080900000, 0x0000000080a00000, 0x0000000080a00000|100%| O|  |TAMS 0x0000000080a00000, 0x0000000080a00000| Untracked 
|  10|0x0000000080a00000, 0x0000000080b00000, 0x0000000080b00000|100%| O|  |TAMS 0x0000000080b00000, 0x0000000080b00000| Untracked 
|  11|0x0000000080b00000, 0x0000000080c00000, 0x0000000080c00000|100%| O|  |TAMS 0x0000000080c00000, 0x0000000080c00000| Untracked 
|  12|0x0000000080c00000, 0x0000000080d00000, 0x0000000080d00000|100%| O|  |TAMS 0x0000000080d00000, 0x0000000080d00000| Untracked 
|  13|0x0000000080d00000, 0x0000000080e00000, 0x0000000080e00000|100%| O|  |TAMS 0x0000000080e00000, 0x0000000080e00000| Untracked 
|  14|0x0000000080e00000, 0x0000000080f00000, 0x0000000080f00000|100%| O|  |TAMS 0x0000000080f00000, 0x0000000080f00000| Untracked 
|  15|0x0000000080f00000, 0x0000000081000000, 0x0000000081000000|100%| O|  |TAMS 0x0000000081000000, 0x0000000081000000| Untracked 
|  16|0x0000000081000000, 0x0000000081100000, 0x0000000081100000|100%| O|  |TAMS 0x0000000081100000, 0x0000000081100000| Untracked 
|  17|0x0000000081100000, 0x0000000081200000, 0x0000000081200000|100%| O|  |TAMS 0x0000000081200000, 0x0000000081200000| Untracked 
|  18|0x0000000081200000, 0x0000000081300000, 0x0000000081300000|100%| O|  |TAMS 0x0000000081300000, 0x0000000081300000| Untracked 
|  19|0x0000000081300000, 0x0000000081400000, 0x0000000081400000|100%| O|  |TAMS 0x0000000081400000, 0x0000000081400000| Untracked 
|  20|0x0000000081400000, 0x0000000081500000, 0x0000000081500000|100%| O|  |TAMS 0x0000000081439a00, 0x0000000081500000| Untracked 
|  21|0x0000000081500000, 0x0000000081600000, 0x0000000081600000|100%| O|  |TAMS 0x0000000081500000, 0x0000000081600000| Untracked 
|  22|0x0000000081600000, 0x0000000081700000, 0x0000000081700000|100%| O|  |TAMS 0x0000000081600000, 0x0000000081700000| Untracked 
|  23|0x0000000081700000, 0x0000000081800000, 0x0000000081800000|100%| O|  |TAMS 0x0000000081700000, 0x0000000081800000| Untracked 
|  24|0x0000000081800000, 0x000000008185ec00, 0x0000000081900000| 37%| O|  |TAMS 0x0000000081800000, 0x0000000081800000| Untracked 
|  25|0x0000000081900000, 0x0000000081900000, 0x0000000081a00000|  0%| F|  |TAMS 0x0000000081900000, 0x0000000081900000| Untracked 
|  26|0x0000000081a00000, 0x0000000081a00000, 0x0000000081b00000|  0%| F|  |TAMS 0x0000000081a00000, 0x0000000081a00000| Untracked 
|  27|0x0000000081b00000, 0x0000000081b00000, 0x0000000081c00000|  0%| F|  |TAMS 0x0000000081b00000, 0x0000000081b00000| Untracked 
|  28|0x0000000081c00000, 0x0000000081c00000, 0x0000000081d00000|  0%| F|  |TAMS 0x0000000081c00000, 0x0000000081c00000| Untracked 
|  29|0x0000000081d00000, 0x0000000081e00000, 0x0000000081e00000|100%| O|  |TAMS 0x0000000081d00000, 0x0000000081e00000| Untracked 
|  30|0x0000000081e00000, 0x0000000081f00000, 0x0000000081f00000|100%| O|  |TAMS 0x0000000081e00000, 0x0000000081f00000| Untracked 
|  31|0x0000000081f00000, 0x0000000082000000, 0x0000000082000000|100%| O|  |TAMS 0x0000000081f00000, 0x0000000081f6a200| Untracked 
|  32|0x0000000082000000, 0x0000000082000000, 0x0000000082100000|  0%| F|  |TAMS 0x0000000082000000, 0x0000000082000000| Untracked 
|  33|0x0000000082100000, 0x0000000082100000, 0x0000000082200000|  0%| F|  |TAMS 0x0000000082100000, 0x0000000082100000| Untracked 
|  34|0x0000000082200000, 0x0000000082200000, 0x0000000082300000|  0%| F|  |TAMS 0x0000000082200000, 0x0000000082200000| Untracked 
|  35|0x0000000082300000, 0x0000000082300000, 0x0000000082400000|  0%| F|  |TAMS 0x0000000082300000, 0x0000000082300000| Untracked 
|  36|0x0000000082400000, 0x0000000082400000, 0x0000000082500000|  0%| F|  |TAMS 0x0000000082400000, 0x0000000082400000| Untracked 
|  37|0x0000000082500000, 0x0000000082500000, 0x0000000082600000|  0%| F|  |TAMS 0x0000000082500000, 0x0000000082500000| Untracked 
|  38|0x0000000082600000, 0x0000000082600000, 0x0000000082700000|  0%| F|  |TAMS 0x0000000082600000, 0x0000000082600000| Untracked 
|  39|0x0000000082700000, 0x0000000082791d18, 0x0000000082800000| 56%| S|CS|TAMS 0x0000000082700000, 0x0000000082700000| Complete 
|  40|0x0000000082800000, 0x0000000082900000, 0x0000000082900000|100%| S|CS|TAMS 0x0000000082800000, 0x0000000082800000| Complete 
|  41|0x0000000082900000, 0x0000000082900000, 0x0000000082a00000|  0%| F|  |TAMS 0x0000000082900000, 0x0000000082900000| Untracked 
|  42|0x0000000082a00000, 0x0000000082a00000, 0x0000000082b00000|  0%| F|  |TAMS 0x0000000082a00000, 0x0000000082a00000| Untracked 
|  43|0x0000000082b00000, 0x0000000082c00000, 0x0000000082c00000|100%| S|CS|TAMS 0x0000000082b00000, 0x0000000082b00000| Complete 
|  44|0x0000000082c00000, 0x0000000082c00000, 0x0000000082d00000|  0%| F|  |TAMS 0x0000000082c00000, 0x0000000082c00000| Untracked 
|  45|0x0000000082d00000, 0x0000000082d00000, 0x0000000082e00000|  0%| F|  |TAMS 0x0000000082d00000, 0x0000000082d00000| Untracked 
|  46|0x0000000082e00000, 0x0000000082e00000, 0x0000000082f00000|  0%| F|  |TAMS 0x0000000082e00000, 0x0000000082e00000| Untracked 
|  47|0x0000000082f00000, 0x0000000082f00000, 0x0000000083000000|  0%| F|  |TAMS 0x0000000082f00000, 0x0000000082f00000| Untracked 
|  48|0x0000000083000000, 0x0000000083000000, 0x0000000083100000|  0%| F|  |TAMS 0x0000000083000000, 0x0000000083000000| Untracked 
|  49|0x0000000083100000, 0x0000000083100000, 0x0000000083200000|  0%| F|  |TAMS 0x0000000083100000, 0x0000000083100000| Untracked 
|  50|0x0000000083200000, 0x0000000083200000, 0x0000000083300000|  0%| F|  |TAMS 0x0000000083200000, 0x0000000083200000| Untracked 
|  51|0x0000000083300000, 0x0000000083300000, 0x0000000083400000|  0%| F|  |TAMS 0x0000000083300000, 0x0000000083300000| Untracked 
|  52|0x0000000083400000, 0x0000000083400000, 0x0000000083500000|  0%| F|  |TAMS 0x0000000083400000, 0x0000000083400000| Untracked 
|  53|0x0000000083500000, 0x0000000083500000, 0x0000000083600000|  0%| F|  |TAMS 0x0000000083500000, 0x0000000083500000| Untracked 
|  54|0x0000000083600000, 0x0000000083600000, 0x0000000083700000|  0%| F|  |TAMS 0x0000000083600000, 0x0000000083600000| Untracked 
|  55|0x0000000083700000, 0x0000000083700000, 0x0000000083800000|  0%| F|  |TAMS 0x0000000083700000, 0x0000000083700000| Untracked 
|  56|0x0000000083800000, 0x0000000083800000, 0x0000000083900000|  0%| F|  |TAMS 0x0000000083800000, 0x0000000083800000| Untracked 
|  57|0x0000000083900000, 0x0000000083900000, 0x0000000083a00000|  0%| F|  |TAMS 0x0000000083900000, 0x0000000083900000| Untracked 
|  58|0x0000000083a00000, 0x0000000083a00000, 0x0000000083b00000|  0%| F|  |TAMS 0x0000000083a00000, 0x0000000083a00000| Untracked 
|  59|0x0000000083b00000, 0x0000000083b00000, 0x0000000083c00000|  0%| F|  |TAMS 0x0000000083b00000, 0x0000000083b00000| Untracked 
|  60|0x0000000083c00000, 0x0000000083c00000, 0x0000000083d00000|  0%| F|  |TAMS 0x0000000083c00000, 0x0000000083c00000| Untracked 
|  61|0x0000000083d00000, 0x0000000083d00000, 0x0000000083e00000|  0%| F|  |TAMS 0x0000000083d00000, 0x0000000083d00000| Untracked 
|  62|0x0000000083e00000, 0x0000000083e00000, 0x0000000083f00000|  0%| F|  |TAMS 0x0000000083e00000, 0x0000000083e00000| Untracked 
|  63|0x0000000083f00000, 0x0000000083f00000, 0x0000000084000000|  0%| F|  |TAMS 0x0000000083f00000, 0x0000000083f00000| Untracked 
|  64|0x0000000084000000, 0x0000000084000000, 0x0000000084100000|  0%| F|  |TAMS 0x0000000084000000, 0x0000000084000000| Untracked 
|  65|0x0000000084100000, 0x0000000084100000, 0x0000000084200000|  0%| F|  |TAMS 0x0000000084100000, 0x0000000084100000| Untracked 
|  66|0x0000000084200000, 0x0000000084200000, 0x0000000084300000|  0%| F|  |TAMS 0x0000000084200000, 0x0000000084200000| Untracked 
|  67|0x0000000084300000, 0x0000000084300000, 0x0000000084400000|  0%| F|  |TAMS 0x0000000084300000, 0x0000000084300000| Untracked 
|  68|0x0000000084400000, 0x0000000084400000, 0x0000000084500000|  0%| F|  |TAMS 0x0000000084400000, 0x0000000084400000| Untracked 
|  69|0x0000000084500000, 0x0000000084500000, 0x0000000084600000|  0%| F|  |TAMS 0x0000000084500000, 0x0000000084500000| Untracked 
|  70|0x0000000084600000, 0x0000000084600000, 0x0000000084700000|  0%| F|  |TAMS 0x0000000084600000, 0x0000000084600000| Untracked 
|  71|0x0000000084700000, 0x0000000084700000, 0x0000000084800000|  0%| F|  |TAMS 0x0000000084700000, 0x0000000084700000| Untracked 
|  72|0x0000000084800000, 0x0000000084800000, 0x0000000084900000|  0%| F|  |TAMS 0x0000000084800000, 0x0000000084800000| Untracked 
|  73|0x0000000084900000, 0x0000000084980800, 0x0000000084a00000| 50%| E|  |TAMS 0x0000000084900000, 0x0000000084900000| Complete 
|  74|0x0000000084a00000, 0x0000000084b00000, 0x0000000084b00000|100%| E|CS|TAMS 0x0000000084a00000, 0x0000000084a00000| Complete 
|  75|0x0000000084b00000, 0x0000000084c00000, 0x0000000084c00000|100%| E|CS|TAMS 0x0000000084b00000, 0x0000000084b00000| Complete 
|  93|0x0000000085d00000, 0x0000000085e00000, 0x0000000085e00000|100%| E|CS|TAMS 0x0000000085d00000, 0x0000000085d00000| Complete 

Card table byte_map: [0x0000020076110000,0x0000020076510000] _byte_map_base: 0x0000020075d10000

Marking Bits (Prev, Next): (CMBitMap*) 0x0000020070450110, (CMBitMap*) 0x0000020070450150
 Prev Bits: [0x0000020076910000, 0x0000020078910000)
 Next Bits: [0x0000020078910000, 0x000002007a910000)

Polling page: 0x00000200704b0000

Metaspace:

Usage:
  Non-class:     40.13 MB used.
      Class:      6.01 MB used.
       Both:     46.14 MB used.

Virtual space:
  Non-class space:       48.00 MB reserved,      40.38 MB ( 84%) committed,  6 nodes.
      Class space:        1.00 GB reserved,       6.25 MB ( <1%) committed,  1 nodes.
             Both:        1.05 GB reserved,      46.62 MB (  4%) committed. 

Chunk freelists:
   Non-Class:  3.45 MB
       Class:  1.81 MB
        Both:  5.26 MB

MaxMetaspaceSize: unlimited
CompressedClassSpaceSize: 1.00 GB
Initial GC threshold: 21.00 MB
Current GC threshold: 58.75 MB
CDS: off
MetaspaceReclaimPolicy: balanced
 - commit_granule_bytes: 65536.
 - commit_granule_words: 8192.
 - virtual_space_node_default_size: 1048576.
 - enlarge_chunks_in_place: 1.
 - new_chunks_are_fully_committed: 0.
 - uncommit_free_chunks: 1.
 - use_allocation_guard: 0.
 - handle_deallocations: 1.


Internal statistics:

num_allocs_failed_limit: 6.
num_arena_births: 486.
num_arena_deaths: 0.
num_vsnodes_births: 7.
num_vsnodes_deaths: 0.
num_space_committed: 746.
num_space_uncommitted: 0.
num_chunks_returned_to_freelist: 6.
num_chunks_taken_from_freelist: 1867.
num_chunk_merges: 6.
num_chunk_splits: 1234.
num_chunks_enlarged: 877.
num_purges: 0.
num_inconsistent_stats: 0.

CodeHeap 'non-profiled nmethods': size=120000Kb used=2229Kb max_used=2745Kb free=117771Kb
 bounds [0x0000020007ad0000, 0x0000020007d80000, 0x000002000f000000]
CodeHeap 'profiled nmethods': size=120000Kb used=6909Kb max_used=8950Kb free=113090Kb
 bounds [0x0000020000000000, 0x00000200008c0000, 0x0000020007530000]
CodeHeap 'non-nmethods': size=5760Kb used=2285Kb max_used=2318Kb free=3474Kb
 bounds [0x0000020007530000, 0x00000200077a0000, 0x0000020007ad0000]
 total_blobs=4819 nmethods=4020 adapters=710
 compilation: enabled
              stopped_count=0, restarted_count=0
 full_count=0

Compilation events (20 events):
Event: 13.817 Thread 0x000002007e036420 4884       3       java.lang.StringBuilder::length (5 bytes)
Event: 13.818 Thread 0x000002007e036420 nmethod 4884 0x0000020000182a90 code [0x0000020000182c20, 0x0000020000182d38]
Event: 13.818 Thread 0x000002007e036420 4885       1       com.google.common.cache.LocalCache$2::poll (2 bytes)
Event: 13.818 Thread 0x000002007e036420 nmethod 4885 0x0000020007af9010 code [0x0000020007af91a0, 0x0000020007af9278]
Event: 13.828 Thread 0x000002007e036420 4887       3       org.gradle.internal.reflect.MutableClassDetails::field (49 bytes)
Event: 13.829 Thread 0x000002007e036420 nmethod 4887 0x0000020000033e90 code [0x00000200000340a0, 0x0000020000034808]
Event: 13.830 Thread 0x000002007e036420 4888       3       org.gradle.model.internal.asm.MethodVisitorScope::_PUTFIELD (11 bytes)
Event: 13.830 Thread 0x000002007e036420 nmethod 4888 0x00000200001a5b10 code [0x00000200001a5ca0, 0x00000200001a5de8]
Event: 13.830 Thread 0x000002007e036420 4889       3       org.gradle.model.internal.asm.ClassVisitorScope::addField (11 bytes)
Event: 13.830 Thread 0x000002007e036420 nmethod 4889 0x00000200001c2d10 code [0x00000200001c2ec0, 0x00000200001c3088]
Event: 13.830 Thread 0x000002007e036420 4890       3       org.objectweb.asm.ClassVisitor::visitField (24 bytes)
Event: 13.831 Thread 0x000002007e036420 nmethod 4890 0x000002000013b390 code [0x000002000013b540, 0x000002000013b768]
Event: 13.831 Thread 0x000002007e036420 4891       3       org.objectweb.asm.ClassWriter::visitField (53 bytes)
Event: 13.831 Thread 0x000002007e036420 nmethod 4891 0x00000200001b2d90 code [0x00000200001b2f40, 0x00000200001b32a8]
Event: 13.831 Thread 0x000002007e036420 4892       3       org.objectweb.asm.FieldWriter::<init> (69 bytes)
Event: 13.832 Thread 0x000002007e036420 nmethod 4892 0x00000200000fd390 code [0x00000200000fd580, 0x00000200000fd948]
Event: 13.832 Thread 0x000002007e036420 4893       3       org.objectweb.asm.FieldVisitor::<init> (7 bytes)
Event: 13.832 Thread 0x000002007e036420 nmethod 4893 0x00000200001d9d10 code [0x00000200001d9ec0, 0x00000200001da008]
Event: 13.832 Thread 0x000002007e036420 4894       3       org.objectweb.asm.MethodWriter::visitLdcInsn (215 bytes)
Event: 13.833 Thread 0x000002007e036420 nmethod 4894 0x000002000033f710 code [0x000002000033f980, 0x00000200003404a8]

GC Heap History (20 events):
Event: 8.893 GC heap before
{Heap before GC invocations=15 (full 0):
 garbage-first heap   total 65536K, used 54421K [0x0000000080000000, 0x0000000100000000)
  region size 1024K, 34 young (34816K), 3 survivors (3072K)
 Metaspace       used 35510K, committed 35840K, reserved 1081344K
  class space    used 4836K, committed 4992K, reserved 1048576K
}
Event: 8.898 GC heap after
{Heap after GC invocations=16 (full 0):
 garbage-first heap   total 65536K, used 23139K [0x0000000080000000, 0x0000000100000000)
  region size 1024K, 3 young (3072K), 3 survivors (3072K)
 Metaspace       used 35510K, committed 35840K, reserved 1081344K
  class space    used 4836K, committed 4992K, reserved 1048576K
}
Event: 8.937 GC heap before
{Heap before GC invocations=16 (full 0):
 garbage-first heap   total 65536K, used 26211K [0x0000000080000000, 0x0000000100000000)
  region size 1024K, 7 young (7168K), 3 survivors (3072K)
 Metaspace       used 35693K, committed 35968K, reserved 1081344K
  class space    used 4865K, committed 4992K, reserved 1048576K
}
Event: 8.939 GC heap after
{Heap after GC invocations=17 (full 0):
 garbage-first heap   total 65536K, used 23275K [0x0000000080000000, 0x0000000100000000)
  region size 1024K, 3 young (3072K), 3 survivors (3072K)
 Metaspace       used 35693K, committed 35968K, reserved 1081344K
  class space    used 4865K, committed 4992K, reserved 1048576K
}
Event: 9.231 GC heap before
{Heap before GC invocations=18 (full 0):
 garbage-first heap   total 65536K, used 53995K [0x0000000080000000, 0x0000000100000000)
  region size 1024K, 33 young (33792K), 3 survivors (3072K)
 Metaspace       used 37323K, committed 37632K, reserved 1089536K
  class space    used 5011K, committed 5120K, reserved 1048576K
}
Event: 9.234 GC heap after
{Heap after GC invocations=19 (full 0):
 garbage-first heap   total 65536K, used 24194K [0x0000000080000000, 0x0000000100000000)
  region size 1024K, 4 young (4096K), 4 survivors (4096K)
 Metaspace       used 37323K, committed 37632K, reserved 1089536K
  class space    used 5011K, committed 5120K, reserved 1048576K
}
Event: 9.483 GC heap before
{Heap before GC invocations=19 (full 0):
 garbage-first heap   total 65536K, used 52866K [0x0000000080000000, 0x0000000100000000)
  region size 1024K, 32 young (32768K), 4 survivors (4096K)
 Metaspace       used 39184K, committed 39552K, reserved 1089536K
  class space    used 5198K, committed 5376K, reserved 1048576K
}
Event: 9.486 GC heap after
{Heap after GC invocations=20 (full 0):
 garbage-first heap   total 65536K, used 25101K [0x0000000080000000, 0x0000000100000000)
  region size 1024K, 3 young (3072K), 3 survivors (3072K)
 Metaspace       used 39184K, committed 39552K, reserved 1089536K
  class space    used 5198K, committed 5376K, reserved 1048576K
}
Event: 9.856 GC heap before
{Heap before GC invocations=20 (full 0):
 garbage-first heap   total 65536K, used 53773K [0x0000000080000000, 0x0000000100000000)
  region size 1024K, 32 young (32768K), 3 survivors (3072K)
 Metaspace       used 40524K, committed 40896K, reserved 1089536K
  class space    used 5352K, committed 5568K, reserved 1048576K
}
Event: 9.860 GC heap after
{Heap after GC invocations=21 (full 0):
 garbage-first heap   total 65536K, used 25919K [0x0000000080000000, 0x0000000100000000)
  region size 1024K, 3 young (3072K), 3 survivors (3072K)
 Metaspace       used 40524K, committed 40896K, reserved 1089536K
  class space    used 5352K, committed 5568K, reserved 1048576K
}
Event: 10.110 GC heap before
{Heap before GC invocations=21 (full 0):
 garbage-first heap   total 65536K, used 54591K [0x0000000080000000, 0x0000000100000000)
  region size 1024K, 31 young (31744K), 3 survivors (3072K)
 Metaspace       used 41381K, committed 41664K, reserved 1089536K
  class space    used 5428K, committed 5568K, reserved 1048576K
}
Event: 10.114 GC heap after
{Heap after GC invocations=22 (full 0):
 garbage-first heap   total 65536K, used 27704K [0x0000000080000000, 0x0000000100000000)
  region size 1024K, 4 young (4096K), 4 survivors (4096K)
 Metaspace       used 41381K, committed 41664K, reserved 1089536K
  class space    used 5428K, committed 5568K, reserved 1048576K
}
Event: 10.378 GC heap before
{Heap before GC invocations=22 (full 0):
 garbage-first heap   total 65536K, used 53304K [0x0000000080000000, 0x0000000100000000)
  region size 1024K, 26 young (26624K), 4 survivors (4096K)
 Metaspace       used 42039K, committed 42368K, reserved 1089536K
  class space    used 5508K, committed 5632K, reserved 1048576K
}
Event: 10.439 GC heap after
{Heap after GC invocations=23 (full 0):
 garbage-first heap   total 78848K, used 33305K [0x0000000080000000, 0x0000000100000000)
  region size 1024K, 3 young (3072K), 3 survivors (3072K)
 Metaspace       used 42039K, committed 42368K, reserved 1089536K
  class space    used 5508K, committed 5632K, reserved 1048576K
}
Event: 10.454 GC heap before
{Heap before GC invocations=23 (full 0):
 garbage-first heap   total 78848K, used 43545K [0x0000000080000000, 0x0000000100000000)
  region size 1024K, 11 young (11264K), 3 survivors (3072K)
 Metaspace       used 42039K, committed 42368K, reserved 1089536K
  class space    used 5508K, committed 5632K, reserved 1048576K
}
Event: 10.456 GC heap after
{Heap after GC invocations=24 (full 0):
 garbage-first heap   total 78848K, used 35713K [0x0000000080000000, 0x0000000100000000)
  region size 1024K, 3 young (3072K), 3 survivors (3072K)
 Metaspace       used 42039K, committed 42368K, reserved 1089536K
  class space    used 5508K, committed 5632K, reserved 1048576K
}
Event: 11.467 GC heap before
{Heap before GC invocations=24 (full 0):
 garbage-first heap   total 78848K, used 65409K [0x0000000080000000, 0x0000000100000000)
  region size 1024K, 30 young (30720K), 3 survivors (3072K)
 Metaspace       used 44136K, committed 44608K, reserved 1089536K
  class space    used 5739K, committed 5952K, reserved 1048576K
}
Event: 11.470 GC heap after
{Heap after GC invocations=25 (full 0):
 garbage-first heap   total 78848K, used 28840K [0x0000000080000000, 0x0000000100000000)
  region size 1024K, 1 young (1024K), 1 survivors (1024K)
 Metaspace       used 44136K, committed 44608K, reserved 1089536K
  class space    used 5739K, committed 5952K, reserved 1048576K
}
Event: 13.266 GC heap before
{Heap before GC invocations=25 (full 0):
 garbage-first heap   total 78848K, used 64680K [0x0000000080000000, 0x0000000100000000)
  region size 1024K, 34 young (34816K), 1 survivors (1024K)
 Metaspace       used 45326K, committed 45824K, reserved 1089536K
  class space    used 5811K, committed 6016K, reserved 1048576K
}
Event: 13.274 GC heap after
{Heap after GC invocations=26 (full 0):
 garbage-first heap   total 78848K, used 29604K [0x0000000080000000, 0x0000000100000000)
  region size 1024K, 2 young (2048K), 2 survivors (2048K)
 Metaspace       used 45326K, committed 45824K, reserved 1089536K
  class space    used 5811K, committed 6016K, reserved 1048576K
}

Dll operation events (3 events):
Event: 0.045 Loaded shared library C:\Program Files\Android\Android Studio1\jbr\bin\java.dll
Event: 0.048 Loaded shared library C:\Program Files\Android\Android Studio1\jbr\bin\zip.dll
Event: 1.496 Loaded shared library C:\Program Files\Android\Android Studio1\jbr\bin\verify.dll

Deoptimization events (20 events):
Event: 13.250 Thread 0x000002007fba30a0 Uncommon trap: trap_request=0xffffffc6 fr.pc=0x0000020007c44ee8 relative=0x00000000000001a8
Event: 13.250 Thread 0x000002007fba30a0 Uncommon trap: reason=bimorphic_or_optimized_type_check action=maybe_recompile pc=0x0000020007c44ee8 method=java.util.stream.ReduceOps$ReduceOp.evaluateSequential(Ljava/util/stream/PipelineHelper;Ljava/util/Spliterator;)Ljava/lang/Object; @ 2 c2
Event: 13.250 Thread 0x000002007fba30a0 DEOPT PACKING pc=0x0000020007c44ee8 sp=0x00000054261fe5c0
Event: 13.250 Thread 0x000002007fba30a0 DEOPT UNPACKING pc=0x00000200075869a3 sp=0x00000054261fe540 mode 2
Event: 13.250 Thread 0x000002007fba30a0 Uncommon trap: trap_request=0xffffffc6 fr.pc=0x0000020007c44ee8 relative=0x00000000000001a8
Event: 13.250 Thread 0x000002007fba30a0 Uncommon trap: reason=bimorphic_or_optimized_type_check action=maybe_recompile pc=0x0000020007c44ee8 method=java.util.stream.ReduceOps$ReduceOp.evaluateSequential(Ljava/util/stream/PipelineHelper;Ljava/util/Spliterator;)Ljava/lang/Object; @ 2 c2
Event: 13.250 Thread 0x000002007fba30a0 DEOPT PACKING pc=0x0000020007c44ee8 sp=0x00000054261fe5c0
Event: 13.250 Thread 0x000002007fba30a0 DEOPT UNPACKING pc=0x00000200075869a3 sp=0x00000054261fe540 mode 2
Event: 13.250 Thread 0x000002007fba30a0 Uncommon trap: trap_request=0xffffffc6 fr.pc=0x0000020007c44ee8 relative=0x00000000000001a8
Event: 13.250 Thread 0x000002007fba30a0 Uncommon trap: reason=bimorphic_or_optimized_type_check action=maybe_recompile pc=0x0000020007c44ee8 method=java.util.stream.ReduceOps$ReduceOp.evaluateSequential(Ljava/util/stream/PipelineHelper;Ljava/util/Spliterator;)Ljava/lang/Object; @ 2 c2
Event: 13.250 Thread 0x000002007fba30a0 DEOPT PACKING pc=0x0000020007c44ee8 sp=0x00000054261fe5c0
Event: 13.250 Thread 0x000002007fba30a0 DEOPT UNPACKING pc=0x00000200075869a3 sp=0x00000054261fe540 mode 2
Event: 13.489 Thread 0x000002007f15bb90 Uncommon trap: trap_request=0xffffff45 fr.pc=0x0000020007c88d18 relative=0x0000000000000258
Event: 13.489 Thread 0x000002007f15bb90 Uncommon trap: reason=unstable_if action=reinterpret pc=0x0000020007c88d18 method=java.util.jar.JarFile.checkForSpecialAttributes()V @ 28 c2
Event: 13.489 Thread 0x000002007f15bb90 DEOPT PACKING pc=0x0000020007c88d18 sp=0x0000005425bf9be0
Event: 13.489 Thread 0x000002007f15bb90 DEOPT UNPACKING pc=0x00000200075869a3 sp=0x0000005425bf9b70 mode 2
Event: 13.841 Thread 0x000002007f15bb90 Uncommon trap: trap_request=0xffffff45 fr.pc=0x0000020007c0252c relative=0x000000000000010c
Event: 13.841 Thread 0x000002007f15bb90 Uncommon trap: reason=unstable_if action=reinterpret pc=0x0000020007c0252c method=java.util.Arrays.hashCode([Ljava/lang/Object;)I @ 34 c2
Event: 13.841 Thread 0x000002007f15bb90 DEOPT PACKING pc=0x0000020007c0252c sp=0x0000005425bf9e10
Event: 13.841 Thread 0x000002007f15bb90 DEOPT UNPACKING pc=0x00000200075869a3 sp=0x0000005425bf9d88 mode 2

Classes unloaded (0 events):
No events

Classes redefined (0 events):
No events

Internal exceptions (20 events):
Event: 10.598 Thread 0x000002007f15bb90 Exception <a 'java/lang/ClassNotFoundException'{0x00000000841bd478}: org/gradle/configuration/internal/DefaultListenerBuildOperationDecorator$BuildOperationEmittingClosureCustomizer> (0x00000000841bd478) 
thrown [s\src\hotspot\share\classfile\systemDictionary.cpp, line 256]
Event: 10.878 Thread 0x000002007f15bb90 Exception <a 'java/lang/NoSuchMethodError'{0x0000000083e07378}: 'java.lang.Object java.lang.invoke.DirectMethodHandle$Holder.newInvokeSpecial(java.lang.Object, java.lang.Object, int, int)'> (0x0000000083e07378) 
thrown [s\src\hotspot\share\interpreter\linkResolver.cpp, line 771]
Event: 10.941 Thread 0x000002007f15bb90 Exception <a 'java/lang/NoSuchMethodError'{0x0000000083b37fc0}: 'java.lang.Object java.lang.invoke.DirectMethodHandle$Holder.invokeSpecial(java.lang.Object, java.lang.Object, java.lang.Object, java.lang.Object, java.lang.Object, java.lang.Object, java.lang.Object, java.lang.Object, java.lang.Object, java.lang.Object)'> (0x0000000083b37fc0) 
thrown [s\src\hotspot\share\interpreter\linkResolver.cpp, line 771]
Event: 10.943 Thread 0x000002007f15bb90 Exception <a 'java/lang/NoSuchMethodError'{0x0000000083b40b98}: 'java.lang.Object java.lang.invoke.Invokers$Holder.invoker(java.lang.Object, java.lang.Object, java.lang.Object, java.lang.Object, java.lang.Object, java.lang.Object, java.lang.Object, java.lang.Object, java.lang.Object)'> (0x0000000083b40b98) 
thrown [s\src\hotspot\share\interpreter\linkResolver.cpp, line 771]
Event: 10.978 Thread 0x000002007f15bb90 Exception <a 'java/lang/NoSuchMethodError'{0x0000000083a94e78}: 'java.lang.Object java.lang.invoke.Invokers$Holder.invoker(java.lang.Object, java.lang.Object, java.lang.Object, java.lang.Object)'> (0x0000000083a94e78) 
thrown [s\src\hotspot\share\interpreter\linkResolver.cpp, line 771]
Event: 11.014 Thread 0x000002007f15bb90 Exception <a 'java/lang/NoSuchMethodError'{0x00000000839be358}: 'java.lang.Object java.lang.invoke.DelegatingMethodHandle$Holder.reinvoke_L(java.lang.Object, java.lang.Object, java.lang.Object, java.lang.Object, java.lang.Object, java.lang.Object, java.lang.Object, java.lang.Object, java.lang.Object, java.lang.Object, java.lang.Object, java.lang.Object, java.lang.Object, java.lang.Object, java.lang.Object, java.lang.Object, java.lang.Object, java.lang.Object, java.lang.Object, java.lang.Object, java.lang.O
Event: 11.015 Thread 0x000002007f15bb90 Exception <a 'java/lang/NoSuchMethodError'{0x00000000839c9b28}: 'java.lang.Object java.lang.invoke.Invokers$Holder.invoker(java.lang.Object, java.lang.Object, java.lang.Object, java.lang.Object, java.lang.Object, java.lang.Object, java.lang.Object, java.lang.Object, java.lang.Object, java.lang.Object, java.lang.Object, java.lang.Object, java.lang.Object, java.lang.Object, java.lang.Object, java.lang.Object, java.lang.Object, java.lang.Object, java.lang.Object, java.lang.Object, java.lang.Object)'> (0x00000
Event: 11.015 Thread 0x000002007f15bb90 Exception <a 'java/lang/NoSuchMethodError'{0x00000000839d04e0}: 'java.lang.Object java.lang.invoke.DelegatingMethodHandle$Holder.delegate(java.lang.Object, java.lang.Object, java.lang.Object, java.lang.Object, java.lang.Object, java.lang.Object, java.lang.Object, java.lang.Object, java.lang.Object, java.lang.Object, java.lang.Object, java.lang.Object, java.lang.Object, java.lang.Object, java.lang.Object, java.lang.Object, java.lang.Object, java.lang.Object, java.lang.Object, java.lang.Object, java.lang.Obj
Event: 11.023 Thread 0x000002007f15bb90 Exception <a 'java/lang/NoSuchMethodError'{0x000000008388e100}: 'java.lang.Object java.lang.invoke.DirectMethodHandle$Holder.invokeStatic(java.lang.Object, java.lang.Object, java.lang.Object, java.lang.Object, java.lang.Object, java.lang.Object, java.lang.Object, java.lang.Object, java.lang.Object, java.lang.Object, java.lang.Object, java.lang.Object, java.lang.Object, java.lang.Object, java.lang.Object, java.lang.Object, java.lang.Object)'> (0x000000008388e100) 
thrown [s\src\hotspot\share\interpreter\lin
Event: 11.025 Thread 0x000002007f15bb90 Exception <a 'java/lang/NoSuchMethodError'{0x00000000838c9030}: 'java.lang.Object java.lang.invoke.DirectMethodHandle$Holder.invokeStatic(java.lang.Object, java.lang.Object, java.lang.Object, java.lang.Object, java.lang.Object, java.lang.Object, java.lang.Object, java.lang.Object, java.lang.Object, java.lang.Object, java.lang.Object, java.lang.Object, java.lang.Object, java.lang.Object, java.lang.Object, java.lang.Object, java.lang.Object, java.lang.Object)'> (0x00000000838c9030) 
thrown [s\src\hotspot\sha
Event: 11.028 Thread 0x000002007f15bb90 Exception <a 'java/lang/NoSuchMethodError'{0x0000000083705818}: 'java.lang.Object java.lang.invoke.DirectMethodHandle$Holder.invokeStatic(java.lang.Object, java.lang.Object, java.lang.Object, java.lang.Object, java.lang.Object, java.lang.Object, java.lang.Object, java.lang.Object, java.lang.Object, java.lang.Object, java.lang.Object, java.lang.Object, java.lang.Object, java.lang.Object, java.lang.Object, java.lang.Object, java.lang.Object, java.lang.Object, java.lang.Object)'> (0x0000000083705818) 
thrown 
Event: 11.032 Thread 0x000002007f15bb90 Exception <a 'java/lang/NoSuchMethodError'{0x0000000083743088}: 'java.lang.Object java.lang.invoke.DirectMethodHandle$Holder.invokeStatic(java.lang.Object, java.lang.Object, java.lang.Object, java.lang.Object, java.lang.Object, java.lang.Object, java.lang.Object, java.lang.Object, java.lang.Object, java.lang.Object, java.lang.Object, java.lang.Object, java.lang.Object, java.lang.Object, java.lang.Object, java.lang.Object, java.lang.Object, java.lang.Object, java.lang.Object, java.lang.Object)'> (0x00000000
Event: 11.035 Thread 0x000002007f15bb90 Exception <a 'java/lang/NoSuchMethodError'{0x0000000083782b18}: 'java.lang.Object java.lang.invoke.DirectMethodHandle$Holder.invokeStatic(java.lang.Object, java.lang.Object, java.lang.Object, java.lang.Object, java.lang.Object, java.lang.Object, java.lang.Object, java.lang.Object, java.lang.Object, java.lang.Object, java.lang.Object, java.lang.Object, java.lang.Object, java.lang.Object, java.lang.Object, java.lang.Object, java.lang.Object, java.lang.Object, java.lang.Object, java.lang.Object, java.lang.Obj
Event: 11.160 Thread 0x000002007f15bb90 Exception <a 'java/lang/NoSuchMethodError'{0x00000000837c2a20}: 'java.lang.Object java.lang.invoke.DirectMethodHandle$Holder.invokeStatic(java.lang.Object, java.lang.Object, java.lang.Object, java.lang.Object, java.lang.Object, java.lang.Object, java.lang.Object, java.lang.Object, java.lang.Object, java.lang.Object, java.lang.Object, java.lang.Object, java.lang.Object, java.lang.Object, java.lang.Object, java.lang.Object, java.lang.Object, java.lang.Object, java.lang.Object, java.lang.Object, java.lang.Obj
Event: 11.209 Thread 0x000002007f15bb90 Exception <a 'java/lang/NoSuchMethodError'{0x0000000083606548}: 'java.lang.Object java.lang.invoke.DirectMethodHandle$Holder.invokeStatic(java.lang.Object, java.lang.Object, java.lang.Object, java.lang.Object, java.lang.Object, java.lang.Object, java.lang.Object, java.lang.Object, java.lang.Object, java.lang.Object, java.lang.Object, java.lang.Object, java.lang.Object, java.lang.Object, java.lang.Object, java.lang.Object, java.lang.Object, java.lang.Object, java.lang.Object, java.lang.Object, java.lang.Obj
Event: 11.212 Thread 0x000002007f15bb90 Exception <a 'java/lang/NoSuchMethodError'{0x000000008364a548}: 'java.lang.Object java.lang.invoke.DirectMethodHandle$Holder.invokeStatic(java.lang.Object, java.lang.Object, java.lang.Object, java.lang.Object, java.lang.Object, java.lang.Object, java.lang.Object, java.lang.Object, java.lang.Object, java.lang.Object, java.lang.Object, java.lang.Object, java.lang.Object, java.lang.Object, java.lang.Object, java.lang.Object, java.lang.Object, java.lang.Object, java.lang.Object, java.lang.Object, java.lang.Obj
Event: 12.190 Thread 0x000002007f15bb90 Exception <a 'java/lang/IncompatibleClassChangeError'{0x00000000840ada90}: Found class java.lang.Object, but interface was expected> (0x00000000840ada90) 
thrown [s\src\hotspot\share\interpreter\linkResolver.cpp, line 838]
Event: 13.338 Thread 0x000002007f15bb90 Exception <a 'java/lang/IncompatibleClassChangeError'{0x0000000084bc2610}: Found class java.lang.Object, but interface was expected> (0x0000000084bc2610) 
thrown [s\src\hotspot\share\interpreter\linkResolver.cpp, line 838]
Event: 13.386 Thread 0x000002007f15bb90 Exception <a 'java/lang/NoSuchMethodError'{0x00000000848e2ad0}: 'int java.lang.invoke.DirectMethodHandle$Holder.invokeStaticInit(java.lang.Object, java.lang.Object, java.lang.Object, java.lang.Object, java.lang.Object)'> (0x00000000848e2ad0) 
thrown [s\src\hotspot\share\interpreter\linkResolver.cpp, line 771]
Event: 13.840 Thread 0x000002007f15bb90 Implicit null exception at 0x0000020007c0246c to 0x0000020007c02510

VM Operations (20 events):
Event: 11.467 Executing VM operation: G1CollectForAllocation
Event: 11.470 Executing VM operation: G1CollectForAllocation done
Event: 12.202 Executing VM operation: HandshakeAllThreads
Event: 12.203 Executing VM operation: HandshakeAllThreads done
Event: 12.441 Executing VM operation: HandshakeAllThreads
Event: 12.442 Executing VM operation: HandshakeAllThreads done
Event: 12.452 Executing VM operation: HandshakeAllThreads
Event: 12.453 Executing VM operation: HandshakeAllThreads done
Event: 12.472 Executing VM operation: HandshakeAllThreads
Event: 12.722 Executing VM operation: HandshakeAllThreads done
Event: 12.723 Executing VM operation: Cleanup
Event: 12.765 Executing VM operation: Cleanup done
Event: 13.251 Executing VM operation: HandshakeAllThreads
Event: 13.252 Executing VM operation: HandshakeAllThreads done
Event: 13.264 Executing VM operation: G1CollectForAllocation
Event: 13.274 Executing VM operation: G1CollectForAllocation done
Event: 13.349 Executing VM operation: HandshakeAllThreads
Event: 13.350 Executing VM operation: HandshakeAllThreads done
Event: 13.782 Executing VM operation: HandshakeAllThreads
Event: 13.783 Executing VM operation: HandshakeAllThreads done

Events (20 events):
Event: 14.146 loading class kotlin/reflect/jvm/internal/ReflectProperties
Event: 14.146 loading class kotlin/reflect/jvm/internal/ReflectProperties done
Event: 14.146 loading class kotlin/reflect/jvm/internal/ReflectProperties$LazyVal
Event: 14.146 loading class kotlin/reflect/jvm/internal/ReflectProperties$LazyVal done
Event: 14.147 loading class kotlin/reflect/jvm/internal/ReflectProperties$Val
Event: 14.147 loading class kotlin/reflect/jvm/internal/ReflectProperties$Val done
Event: 14.147 loading class kotlin/reflect/jvm/internal/ReflectProperties$Val$1
Event: 14.147 loading class kotlin/reflect/jvm/internal/ReflectProperties$Val$1 done
Event: 14.148 loading class kotlin/reflect/jvm/internal/KCallableImpl$_annotations$1
Event: 14.148 loading class kotlin/reflect/jvm/internal/KCallableImpl$_annotations$1 done
Event: 14.149 loading class kotlin/reflect/jvm/internal/ReflectProperties$LazySoftVal
Event: 14.149 loading class kotlin/reflect/jvm/internal/ReflectProperties$LazySoftVal done
Event: 14.150 loading class kotlin/reflect/jvm/internal/KCallableImpl$_parameters$1
Event: 14.150 loading class kotlin/reflect/jvm/internal/KCallableImpl$_parameters$1 done
Event: 14.151 loading class kotlin/reflect/jvm/internal/KCallableImpl$_returnType$1
Event: 14.151 loading class kotlin/reflect/jvm/internal/KCallableImpl$_returnType$1 done
Event: 14.151 loading class kotlin/reflect/jvm/internal/KCallableImpl$_typeParameters$1
Event: 14.151 loading class kotlin/reflect/jvm/internal/KCallableImpl$_typeParameters$1 done
Event: 14.152 loading class kotlin/reflect/jvm/internal/KPropertyImpl$_javaField$1
Event: 14.152 loading class kotlin/reflect/jvm/internal/KPropertyImpl$_javaField$1 done


Dynamic libraries:
0x00007ff778dc0000 - 0x00007ff778dca000 	C:\Program Files\Android\Android Studio1\jbr\bin\java.exe
0x00007ffa3b310000 - 0x00007ffa3b524000 	C:\WINDOWS\SYSTEM32\ntdll.dll
0x00007ffa39e60000 - 0x00007ffa39f24000 	C:\WINDOWS\System32\KERNEL32.DLL
0x00007ffa38800000 - 0x00007ffa38ba4000 	C:\WINDOWS\System32\KERNELBASE.dll
0x00007ffa38bb0000 - 0x00007ffa38cc1000 	C:\WINDOWS\System32\ucrtbase.dll
0x00007ffa10fc0000 - 0x00007ffa10fd7000 	C:\Program Files\Android\Android Studio1\jbr\bin\jli.dll
0x00007ffa1f8c0000 - 0x00007ffa1f8db000 	C:\Program Files\Android\Android Studio1\jbr\bin\VCRUNTIME140.dll
0x00007ffa39ab0000 - 0x00007ffa39c5e000 	C:\WINDOWS\System32\USER32.dll
0x00007ffa386c0000 - 0x00007ffa386e6000 	C:\WINDOWS\System32\win32u.dll
0x00007ffa396b0000 - 0x00007ffa396d9000 	C:\WINDOWS\System32\GDI32.dll
0x00007ffa38d90000 - 0x00007ffa38ea8000 	C:\WINDOWS\System32\gdi32full.dll
0x00007ffa38760000 - 0x00007ffa387fa000 	C:\WINDOWS\System32\msvcp_win.dll
0x00007ffa1f5d0000 - 0x00007ffa1f863000 	C:\WINDOWS\WinSxS\amd64_microsoft.windows.common-controls_6595b64144ccf1df_6.0.22621.2215_none_270d72677387dfc3\COMCTL32.dll
0x00007ffa3b220000 - 0x00007ffa3b2c7000 	C:\WINDOWS\System32\msvcrt.dll
0x00007ffa396e0000 - 0x00007ffa39711000 	C:\WINDOWS\System32\IMM32.DLL
0x00007ffa2a860000 - 0x00007ffa2a86c000 	C:\Program Files\Android\Android Studio1\jbr\bin\vcruntime140_1.dll
0x00007ffa06e10000 - 0x00007ffa06e9d000 	C:\Program Files\Android\Android Studio1\jbr\bin\msvcp140.dll
0x00007ff97ef70000 - 0x00007ff97fbde000 	C:\Program Files\Android\Android Studio1\jbr\bin\server\jvm.dll
0x00007ffa39120000 - 0x00007ffa391d0000 	C:\WINDOWS\System32\ADVAPI32.dll
0x00007ffa39500000 - 0x00007ffa395a6000 	C:\WINDOWS\System32\sechost.dll
0x00007ffa3a760000 - 0x00007ffa3a877000 	C:\WINDOWS\System32\RPCRT4.dll
0x00007ffa35fd0000 - 0x00007ffa36004000 	C:\WINDOWS\SYSTEM32\WINMM.dll
0x00007ffa30a00000 - 0x00007ffa30a0a000 	C:\WINDOWS\SYSTEM32\VERSION.dll
0x00007ffa30800000 - 0x00007ffa30809000 	C:\WINDOWS\SYSTEM32\WSOCK32.dll
0x00007ffa39de0000 - 0x00007ffa39e51000 	C:\WINDOWS\System32\ws2_32.DLL
0x00007ffa376c0000 - 0x00007ffa376d8000 	C:\WINDOWS\SYSTEM32\kernel.appcore.dll
0x00007ffa29180000 - 0x00007ffa2918a000 	C:\Program Files\Android\Android Studio1\jbr\bin\jimage.dll
0x00007ffa35d10000 - 0x00007ffa35f3e000 	C:\WINDOWS\SYSTEM32\DBGHELP.DLL
0x00007ffa39720000 - 0x00007ffa39aaa000 	C:\WINDOWS\System32\combase.dll
0x00007ffa3a890000 - 0x00007ffa3a967000 	C:\WINDOWS\System32\OLEAUT32.dll
0x00007ffa35f90000 - 0x00007ffa35fc2000 	C:\WINDOWS\SYSTEM32\dbgcore.DLL
0x00007ffa39020000 - 0x00007ffa3909a000 	C:\WINDOWS\System32\bcryptPrimitives.dll
0x00007ffa26500000 - 0x00007ffa2650e000 	C:\Program Files\Android\Android Studio1\jbr\bin\instrument.dll
0x00007ff9e0440000 - 0x00007ff9e0465000 	C:\Program Files\Android\Android Studio1\jbr\bin\java.dll
0x00007ff9ea170000 - 0x00007ff9ea188000 	C:\Program Files\Android\Android Studio1\jbr\bin\zip.dll
0x00007ffa3a9f0000 - 0x00007ffa3b213000 	C:\WINDOWS\System32\SHELL32.dll
0x00007ffa36600000 - 0x00007ffa36eea000 	C:\WINDOWS\SYSTEM32\windows.storage.dll
0x00007ffa364c0000 - 0x00007ffa365fe000 	C:\WINDOWS\SYSTEM32\wintypes.dll
0x00007ffa395b0000 - 0x00007ffa396a3000 	C:\WINDOWS\System32\SHCORE.dll
0x00007ffa39320000 - 0x00007ffa3937e000 	C:\WINDOWS\System32\shlwapi.dll
0x00007ffa385f0000 - 0x00007ffa38616000 	C:\WINDOWS\SYSTEM32\profapi.dll
0x00007ffa25e30000 - 0x00007ffa25e39000 	C:\Program Files\Android\Android Studio1\jbr\bin\management.dll
0x00007ffa25d70000 - 0x00007ffa25d7b000 	C:\Program Files\Android\Android Studio1\jbr\bin\management_ext.dll
0x00007ffa393e0000 - 0x00007ffa393e8000 	C:\WINDOWS\System32\PSAPI.DLL
0x00007ff9e6f00000 - 0x00007ff9e6f19000 	C:\Program Files\Android\Android Studio1\jbr\bin\net.dll
0x00007ffa30c20000 - 0x00007ffa30d57000 	C:\WINDOWS\SYSTEM32\WINHTTP.dll
0x00007ffa37b90000 - 0x00007ffa37bf9000 	C:\WINDOWS\system32\mswsock.dll
0x00007ff9e57d0000 - 0x00007ff9e57e6000 	C:\Program Files\Android\Android Studio1\jbr\bin\nio.dll
0x00007ffa18f10000 - 0x00007ffa18f27000 	C:\WINDOWS\system32\napinsp.dll
0x00007ffa18ef0000 - 0x00007ffa18f0b000 	C:\WINDOWS\system32\pnrpnsp.dll
0x00007ffa371c0000 - 0x00007ffa372b2000 	C:\WINDOWS\SYSTEM32\DNSAPI.dll
0x00007ffa37150000 - 0x00007ffa3717d000 	C:\WINDOWS\SYSTEM32\IPHLPAPI.DLL
0x00007ffa394f0000 - 0x00007ffa394f9000 	C:\WINDOWS\System32\NSI.dll
0x00007ffa18ed0000 - 0x00007ffa18ee1000 	C:\WINDOWS\System32\winrnr.dll
0x00007ffa0fd70000 - 0x00007ffa0fd85000 	C:\WINDOWS\system32\wshbth.dll
0x00007ffa0fd40000 - 0x00007ffa0fd61000 	C:\WINDOWS\system32\nlansp_c.dll
0x00007ffa30960000 - 0x00007ffa3096a000 	C:\Windows\System32\rasadhlp.dll
0x00007ffa305a0000 - 0x00007ffa30624000 	C:\WINDOWS\System32\fwpuclnt.dll
0x00007ffa25d30000 - 0x00007ffa25d40000 	C:\Program Files\Android\Android Studio1\jbr\bin\verify.dll
0x00007ffa25d40000 - 0x00007ffa25d67000 	C:\Users\aditi\AndroidStudioProjects\HelloWorld\gradle\native\68d5fa5c4cc2d200863cafc0d521ce42e7d3e7ee720ec0a83991735586a16f82\windows-amd64\native-platform.dll
0x00007ff9e5970000 - 0x00007ff9e5ab4000 	C:\Users\aditi\AndroidStudioProjects\HelloWorld\gradle\native\e376f236ea51e6404a007f0833ffe2c6e607c4080706a723a18a27aeea778392\windows-amd64\native-platform-file-events.dll
0x00007ffa37e50000 - 0x00007ffa37e6b000 	C:\WINDOWS\SYSTEM32\CRYPTSP.dll
0x00007ffa37680000 - 0x00007ffa376b5000 	C:\WINDOWS\system32\rsaenh.dll
0x00007ffa37cf0000 - 0x00007ffa37d1c000 	C:\WINDOWS\SYSTEM32\USERENV.dll
0x00007ffa38090000 - 0x00007ffa380b8000 	C:\WINDOWS\SYSTEM32\bcrypt.dll
0x00007ffa37e70000 - 0x00007ffa37e7c000 	C:\WINDOWS\SYSTEM32\CRYPTBASE.dll
0x00007ffa30ba0000 - 0x00007ffa30bb9000 	C:\WINDOWS\SYSTEM32\dhcpcsvc6.DLL
0x00007ffa30b80000 - 0x00007ffa30b9f000 	C:\WINDOWS\SYSTEM32\dhcpcsvc.DLL
0x00007ffa20290000 - 0x00007ffa20298000 	C:\WINDOWS\system32\wshunix.dll

dbghelp: loaded successfully - version: 4.0.5 - missing functions: none
symbol engine: initialized successfully - sym options: 0x614 - pdb path: .;C:\Program Files\Android\Android Studio1\jbr\bin;C:\WINDOWS\SYSTEM32;C:\WINDOWS\WinSxS\amd64_microsoft.windows.common-controls_6595b64144ccf1df_6.0.22621.2215_none_270d72677387dfc3;C:\Program Files\Android\Android Studio1\jbr\bin\server;C:\Users\aditi\AndroidStudioProjects\HelloWorld\gradle\native\68d5fa5c4cc2d200863cafc0d521ce42e7d3e7ee720ec0a83991735586a16f82\windows-amd64;C:\Users\aditi\AndroidStudioProjects\HelloWorld\gradle\native\e376f236ea51e6404a007f0833ffe2c6e607c4080706a723a18a27aeea778392\windows-amd64

VM Arguments:
jvm_args: --add-opens=java.base/java.util.concurrent.atomic=ALL-UNNAMED -javaagent:C:\Program Files\Android\Android Studio\plugins\android\resources\trace_agent.jar=C:\Users\aditi\AppData\Local\Temp\sync.trace.profile --add-opens=java.base/java.util=ALL-UNNAMED --add-opens=java.base/java.lang=ALL-UNNAMED --add-opens=java.base/java.lang.invoke=ALL-UNNAMED --add-opens=java.prefs/java.util.prefs=ALL-UNNAMED --add-opens=java.base/java.nio.charset=ALL-UNNAMED --add-opens=java.base/java.net=ALL-UNNAMED --add-opens=java.base/java.util.concurrent.atomic=ALL-UNNAMED -Xmx2048m -Dfile.encoding=UTF-8 -Duser.country=US -Duser.language=en -Duser.variant 
java_command: org.gradle.launcher.daemon.bootstrap.GradleDaemon 8.0
java_class_path (initial): C:\Users\aditi\AndroidStudioProjects\HelloWorld\gradle\wrapper\dists\gradle-8.0-bin\ca5e32bp14vu59qr306oxotwh\gradle-8.0\lib\gradle-launcher-8.0.jar
Launcher Type: SUN_STANDARD

[Global flags]
     intx CICompilerCount                          = 4                                         {product} {ergonomic}
     uint ConcGCThreads                            = 3                                         {product} {ergonomic}
     uint G1ConcRefinementThreads                  = 10                                        {product} {ergonomic}
   size_t G1HeapRegionSize                         = 1048576                                   {product} {ergonomic}
    uintx GCDrainStackTargetSize                   = 64                                        {product} {ergonomic}
   size_t InitialHeapSize                          = 98566144                                  {product} {ergonomic}
   size_t MarkStackSize                            = 4194304                                   {product} {ergonomic}
   size_t MaxHeapSize                              = 2147483648                                {product} {command line}
   size_t MaxNewSize                               = 1287651328                                {product} {ergonomic}
   size_t MinHeapDeltaBytes                        = 1048576                                   {product} {ergonomic}
   size_t MinHeapSize                              = 8388608                                   {product} {ergonomic}
    uintx NonNMethodCodeHeapSize                   = 5839372                                {pd product} {ergonomic}
    uintx NonProfiledCodeHeapSize                  = 122909434                              {pd product} {ergonomic}
    uintx ProfiledCodeHeapSize                     = 122909434                              {pd product} {ergonomic}
    uintx ReservedCodeCacheSize                    = 251658240                              {pd product} {ergonomic}
     bool SegmentedCodeCache                       = true                                      {product} {ergonomic}
   size_t SoftMaxHeapSize                          = 2147483648                             {manageable} {ergonomic}
     bool UseCompressedClassPointers               = true                           {product lp64_product} {ergonomic}
     bool UseCompressedOops                        = true                           {product lp64_product} {ergonomic}
     bool UseG1GC                                  = true                                      {product} {ergonomic}
     bool UseLargePagesIndividualAllocation        = false                                  {pd product} {ergonomic}

Logging:
Log output configuration:
 #0: stdout all=warning uptime,level,tags
 #1: stderr all=off uptime,level,tags

Environment Variables:
PATH=C:\Program Files (x86)\VMware\VMware Player\bin\;C:\Program Files\Common Files\Oracle\Java\javapath;C:\Program Files (x86)\Common Files\Oracle\Java\javapath;C:\WINDOWS\system32;C:\WINDOWS;C:\WINDOWS\System32\Wbem;C:\WINDOWS\System32\WindowsPowerShell\v1.0\;C:\WINDOWS\System32\OpenSSH\;C:\Program Files\Git\cmd;C:\Program Files\Java\jdk-19\bin;C:\Program Files\Java\jdk-19\bin;;C:\Program Files\Microchip\xc8\v2.36\bin;C:\Users\aditi\AppData\Local\Programs\Python\Python311\Scripts\;C:\Users\aditi\AppData\Local\Programs\Python\Python311\;C:\Users\aditi\AppData\Local\Programs\Python\Python310\Scripts\;C:\Users\aditi\AppData\Local\Programs\Python\Python310\;C:\Users\aditi\AppData\Local\Microsoft\WindowsApps;C:\Users\aditi\AppData\Local\Microsoft\WindowsApps;C:\Program Files\Java\jdk-19\bin;C:\Program Files\Java\jdk-19\bin;C:\Users\aditi\AppData\Local\Programs\Microsoft VS Code\bin;C:\MinGW\bin;
USERNAME=aditi
OS=Windows_NT
PROCESSOR_IDENTIFIER=AMD64 Family 23 Model 104 Stepping 1, AuthenticAMD
TMP=C:\Users\aditi\AppData\Local\Temp
TEMP=C:\Users\aditi\AppData\Local\Temp


JNI global refs:
JNI global refs: 23, weak refs: 1

JNI global refs memory usage: 843, weak refs: 841


---------------  S Y S T E M  ---------------

OS:
 Windows 11 , 64 bit Build 22621 (10.0.22621.2215)
OS uptime: 2 days 2:42 hours
Hyper-V role detected

CPU: total 12 (initial active 12) (12 cores per cpu, 2 threads per core) family 23 model 104 stepping 1 microcode 0x0, cx8, cmov, fxsr, ht, mmx, 3dnowpref, sse, sse2, sse3, ssse3, sse4a, sse4.1, sse4.2, popcnt, lzcnt, tsc, tscinvbit, avx, avx2, aes, clmul, bmi1, bmi2, adx, sha, fma, vzeroupper, clflush, clflushopt, hv

Memory: 4k page, system-wide physical 6005M (0M free)
TotalPageFile size 24437M (AvailPageFile size 2M)
current process WorkingSet (physical memory assigned to process): 72M, peak: 195M
current process commit charge ("private bytes"): 264M, peak: 269M

vm_info: OpenJDK 64-Bit Server VM (17.0.6+0-b2043.56-10027231) for windows-amd64 JRE (17.0.6+0-b2043.56-10027231), built on Apr 28 2023 00:43:19 by "androidbuild" with MS VC++ 16.10 / 16.11 (VS2019)

END.
