#
# There is insufficient memory for the Java Runtime Environment to continue.
# Native memory allocation (malloc) failed to allocate 2298256 bytes for Chunk::new
# Possible reasons:
#   The system is out of physical RAM or swap space
#   The process is running with CompressedOops enabled, and the Java Heap may be blocking the growth of the native heap
# Possible solutions:
#   Reduce memory load on the system
#   Increase physical memory or swap space
#   Check if swap backing store is full
#   Decrease Java heap size (-Xmx/-Xms)
#   Decrease number of Java threads
#   Decrease Java thread stack sizes (-Xss)
#   Set larger code cache with -XX:ReservedCodeCacheSize=
#   JVM is running with Unscaled Compressed Oops mode in which the Java heap is
#     placed in the first 4GB address space. The Java Heap base address is the
#     maximum limit for the native heap growth. Please use -XX:HeapBaseMinAddress
#     to set the Java Heap base and to place the Java Heap above 4GB virtual address.
# This output file may be truncated or incomplete.
#
#  Out of Memory Error (arena.cpp:189), pid=19748, tid=20656
#
# JRE version: OpenJDK Runtime Environment (17.0.6) (build 17.0.6+0-b2043.56-10027231)
# Java VM: OpenJDK 64-Bit Server VM (17.0.6+0-b2043.56-10027231, mixed mode, tiered, compressed oops, compressed class ptrs, g1 gc, windows-amd64)
# No core dump will be written. Minidumps are not enabled by default on client versions of Windows
#

---------------  S U M M A R Y ------------

Command Line: --add-opens=java.base/java.util.concurrent.atomic=ALL-UNNAMED -javaagent:C:\Program Files\Android\Android Studio\plugins\android\resources\trace_agent.jar=C:\Users\aditi\AppData\Local\Temp\sync.trace.profile --add-opens=java.base/java.util=ALL-UNNAMED --add-opens=java.base/java.lang=ALL-UNNAMED --add-opens=java.base/java.lang.invoke=ALL-UNNAMED --add-opens=java.prefs/java.util.prefs=ALL-UNNAMED --add-opens=java.base/java.nio.charset=ALL-UNNAMED --add-opens=java.base/java.net=ALL-UNNAMED --add-opens=java.base/java.util.concurrent.atomic=ALL-UNNAMED -Xmx2048m -Dfile.encoding=UTF-8 -Duser.country=US -Duser.language=en -Duser.variant org.gradle.launcher.daemon.bootstrap.GradleDaemon 8.0

Host: AMD Ryzen 5 5500U with Radeon Graphics         , 12 cores, 5G,  Windows 11 , 64 bit Build 22621 (10.0.22621.2215)
Time: Sun Aug 27 17:34:58 2023 India Standard Time elapsed time: 14.506718 seconds (0d 0h 0m 14s)

---------------  T H R E A D  ---------------

Current thread (0x000001f71b83fe70):  JavaThread "C2 CompilerThread0" daemon [_thread_in_native, id=20656, stack(0x000000077fd00000,0x000000077fe00000)]


Current CompileTask:
C2:  14506 9078       4       com.android.tools.tracer.agent.objectweb.asm.ClassReader::readCode (5109 bytes)

Stack: [0x000000077fd00000,0x000000077fe00000]
Native frames: (J=compiled Java code, j=interpreted, Vv=VM code, C=native code)
V  [jvm.dll+0x683c9a]
V  [jvm.dll+0x8427a4]
V  [jvm.dll+0x843f9e]
V  [jvm.dll+0x844603]
V  [jvm.dll+0x249b75]
V  [jvm.dll+0xabcac]
V  [jvm.dll+0xac27c]
V  [jvm.dll+0x368802]
V  [jvm.dll+0x1bced2]
V  [jvm.dll+0x21c359]
V  [jvm.dll+0x21b621]
V  [jvm.dll+0x1a4fdd]
V  [jvm.dll+0x22b098]
V  [jvm.dll+0x229159]
V  [jvm.dll+0x7f81ec]
V  [jvm.dll+0x7f274a]
V  [jvm.dll+0x682ad5]
C  [ucrtbase.dll+0x29363]
C  [KERNEL32.DLL+0x1257d]
C  [ntdll.dll+0x5aa68]


---------------  P R O C E S S  ---------------

Threads class SMR info:
_java_thread_list=0x000001f71c05e6d0, length=170, elements={
0x000001f77f60bdf0, 0x000001f71b813020, 0x000001f71b813ea0, 0x000001f71b834b60,
0x000001f71b8369a0, 0x000001f71b83a490, 0x000001f71b83d0e0, 0x000001f71b83fe70,
0x000001f71b840820, 0x000001f71b849130, 0x000001f71b959e50, 0x000001f71c945220,
0x000001f71d1ee5d0, 0x000001f71d1eef70, 0x000001f71d1edc30, 0x000001f71d1ed760,
0x000001f71d1ee100, 0x000001f71d1ef440, 0x000001f71d1eeaa0, 0x000001f71d1ed290,
0x000001f71d1ef910, 0x000001f71d1efde0, 0x000001f71d1ec8f0, 0x000001f71d1f02b0,
0x000001f71d1ecdc0, 0x000001f721234860, 0x000001f7212356d0, 0x000001f721238bc0,
0x000001f72123ad70, 0x000001f721237880, 0x000001f721239090, 0x000001f721236ee0,
0x000001f721238220, 0x000001f72123a3d0, 0x000001f72123b240, 0x000001f72123a8a0,
0x000001f721235200, 0x000001f721239f00, 0x000001f721236540, 0x000001f721236a10,
0x000001f7226dc010, 0x000001f7226dc4e0, 0x000001f7226da330, 0x000001f7226dc9b0,
0x000001f7226d8ff0, 0x000001f7226d94c0, 0x000001f7226d9990, 0x000001f7226da800,
0x000001f7226db670, 0x000001f7226db1a0, 0x000001f7226dbb40, 0x000001f72271e440,
0x000001f72271fc50, 0x000001f722723140, 0x000001f722720ac0, 0x000001f722724480,
0x000001f72271d100, 0x000001f72271f780, 0x000001f7227227a0, 0x000001f72271daa0,
0x000001f722723610, 0x000001f722720120, 0x000001f722724950, 0x000001f7227205f0,
0x000001f72271d5d0, 0x000001f72271df70, 0x000001f722720f90, 0x000001f7227222d0,
0x000001f722722c70, 0x000001f722723ae0, 0x000001f722721460, 0x000001f722721930,
0x000001f72271e910, 0x000001f722723fb0, 0x000001f72271ede0, 0x000001f72271f2b0,
0x000001f722721e00, 0x000001f722db73d0, 0x000001f722db9580, 0x000001f722dbad90,
0x000001f722dbb260, 0x000001f722dbcf40, 0x000001f722db6090, 0x000001f722dbca70,
0x000001f722dbd410, 0x000001f722db8710, 0x000001f722db9a50, 0x000001f722db9f20,
0x000001f722dbb730, 0x000001f722db78a0, 0x000001f722dbc0d0, 0x000001f722db6560,
0x000001f722dbc5a0, 0x000001f722dba3f0, 0x000001f722dba8c0, 0x000001f722db7d70,
0x000001f722db8be0, 0x000001f722dbbc00, 0x000001f722dbd8e0, 0x000001f722db6a30,
0x000001f722db6f00, 0x000001f722db8240, 0x000001f722db90b0, 0x000001f722255d50,
0x000001f722251050, 0x000001f722250b80, 0x000001f722256220, 0x000001f722251520,
0x000001f7222519f0, 0x000001f7222566f0, 0x000001f722253ba0, 0x000001f722254070,
0x000001f722251ec0, 0x000001f722252390, 0x000001f7222553b0, 0x000001f7222536d0,
0x000001f7222501e0, 0x000001f722254540, 0x000001f72224fd10, 0x000001f722255880,
0x000001f722254a10, 0x000001f722252860, 0x000001f72224f370, 0x000001f72224eea0,
0x000001f722252d30, 0x000001f722254ee0, 0x000001f722253200, 0x000001f72224f840,
0x000001f7222506b0, 0x000001f7215859d0, 0x000001f72157f990, 0x000001f721583cf0,
0x000001f721586840, 0x000001f721585ea0, 0x000001f721581b40, 0x000001f7215841c0,
0x000001f7215829b0, 0x000001f721580800, 0x000001f721586370, 0x000001f721582e80,
0x000001f7215811a0, 0x000001f721581670, 0x000001f721580330, 0x000001f721583820,
0x000001f72157fe60, 0x000001f7215824e0, 0x000001f721582010, 0x000001f721580cd0,
0x000001f721585030, 0x000001f72157eff0, 0x000001f721583350, 0x000001f72157f4c0,
0x000001f721584690, 0x000001f721584b60, 0x000001f721585500, 0x000001f720ffe220,
0x000001f720fff560, 0x000001f720ffdd50, 0x000001f720ffb6d0, 0x000001f721001710,
0x000001f720ffb200, 0x000001f720ffbba0, 0x000001f721001240, 0x000001f720ffad30,
0x000001f721000d70, 0x000001f721001be0, 0x000001f720ffe6f0, 0x000001f720ffc070,
0x000001f720fffa30, 0x000001f720ffcee0
}

Java Threads: ( => current thread )
  0x000001f77f60bdf0 JavaThread "main" [_thread_blocked, id=1700, stack(0x000000077f000000,0x000000077f100000)]
  0x000001f71b813020 JavaThread "Reference Handler" daemon [_thread_blocked, id=22480, stack(0x000000077f700000,0x000000077f800000)]
  0x000001f71b813ea0 JavaThread "Finalizer" daemon [_thread_blocked, id=26344, stack(0x000000077f800000,0x000000077f900000)]
  0x000001f71b834b60 JavaThread "Signal Dispatcher" daemon [_thread_blocked, id=24768, stack(0x000000077f900000,0x000000077fa00000)]
  0x000001f71b8369a0 JavaThread "Attach Listener" daemon [_thread_blocked, id=18864, stack(0x000000077fa00000,0x000000077fb00000)]
  0x000001f71b83a490 JavaThread "Service Thread" daemon [_thread_blocked, id=28724, stack(0x000000077fb00000,0x000000077fc00000)]
  0x000001f71b83d0e0 JavaThread "Monitor Deflation Thread" daemon [_thread_blocked, id=11016, stack(0x000000077fc00000,0x000000077fd00000)]
=>0x000001f71b83fe70 JavaThread "C2 CompilerThread0" daemon [_thread_in_native, id=20656, stack(0x000000077fd00000,0x000000077fe00000)]
  0x000001f71b840820 JavaThread "C1 CompilerThread0" daemon [_thread_blocked, id=22776, stack(0x000000077fe00000,0x000000077ff00000)]
  0x000001f71b849130 JavaThread "Sweeper thread" daemon [_thread_blocked, id=22332, stack(0x000000077ff00000,0x0000000780000000)]
  0x000001f71b959e50 JavaThread "Common-Cleaner" daemon [_thread_blocked, id=20276, stack(0x0000000700000000,0x0000000700100000)]
  0x000001f71c945220 JavaThread "Notification Thread" daemon [_thread_blocked, id=25492, stack(0x0000000700300000,0x0000000700400000)]
  0x000001f71d1ee5d0 JavaThread "Daemon health stats" [_thread_blocked, id=26684, stack(0x0000000700800000,0x0000000700900000)]
  0x000001f71d1eef70 JavaThread "Incoming local TCP Connector on port 65140" [_thread_in_native, id=22540, stack(0x0000000700c00000,0x0000000700d00000)]
  0x000001f71d1edc30 JavaThread "Daemon periodic checks" [_thread_blocked, id=28120, stack(0x0000000700d00000,0x0000000700e00000)]
  0x000001f71d1ed760 JavaThread "Daemon" [_thread_blocked, id=27972, stack(0x0000000700e00000,0x0000000700f00000)]
  0x000001f71d1ee100 JavaThread "Handler for socket connection from /127.0.0.1:65140 to /127.0.0.1:65141" [_thread_in_native, id=27576, stack(0x0000000700f00000,0x0000000701000000)]
  0x000001f71d1ef440 JavaThread "Cancel handler" [_thread_blocked, id=12004, stack(0x0000000701200000,0x0000000701300000)]
  0x000001f71d1eeaa0 JavaThread "Daemon worker" [_thread_in_Java, id=30760, stack(0x0000000701300000,0x0000000701400000)]
  0x000001f71d1ed290 JavaThread "Asynchronous log dispatcher for DefaultDaemonConnection: socket connection from /127.0.0.1:65140 to /127.0.0.1:65141" [_thread_blocked, id=30584, stack(0x0000000701400000,0x0000000701500000)]
  0x000001f71d1ef910 JavaThread "Stdin handler" [_thread_blocked, id=23632, stack(0x0000000701500000,0x0000000701600000)]
  0x000001f71d1efde0 JavaThread "Daemon client event forwarder" [_thread_blocked, id=15540, stack(0x0000000701600000,0x0000000701700000)]
  0x000001f71d1ec8f0 JavaThread "Cache worker for journal cache (C:\Users\aditi\AndroidStudioProjects\HelloWorld\gradle\caches\journal-1)" [_thread_blocked, id=21420, stack(0x0000000701900000,0x0000000701a00000)]
  0x000001f71d1f02b0 JavaThread "File lock request listener" [_thread_in_native, id=20208, stack(0x0000000701a00000,0x0000000701b00000)]
  0x000001f71d1ecdc0 JavaThread "Cache worker for file hash cache (C:\Users\aditi\AndroidStudioProjects\HelloWorld\gradle\caches\8.0\fileHashes)" [_thread_blocked, id=30604, stack(0x0000000701b00000,0x0000000701c00000)]
  0x000001f721234860 JavaThread "File watcher server" daemon [_thread_in_native, id=31836, stack(0x0000000701c00000,0x0000000701d00000)]
  0x000001f7212356d0 JavaThread "File watcher consumer" daemon [_thread_blocked, id=29404, stack(0x0000000701d00000,0x0000000701e00000)]
  0x000001f721238bc0 JavaThread "Cache worker for checksums cache (C:\Users\aditi\AndroidStudioProjects\TicTacToe\.gradle\8.0\checksums)" [_thread_blocked, id=30984, stack(0x0000000701e00000,0x0000000701f00000)]
  0x000001f72123ad70 JavaThread "Cache worker for cache directory md-rule (C:\Users\aditi\AndroidStudioProjects\HelloWorld\gradle\caches\8.0\md-rule)" [_thread_blocked, id=13640, stack(0x0000000701f00000,0x0000000702000000)]
  0x000001f721237880 JavaThread "Cache worker for file content cache (C:\Users\aditi\AndroidStudioProjects\HelloWorld\gradle\caches\8.0\fileContent)" [_thread_blocked, id=17892, stack(0x0000000702000000,0x0000000702100000)]
  0x000001f721239090 JavaThread "Cache worker for file hash cache (C:\Users\aditi\AndroidStudioProjects\TicTacToe\.gradle\8.0\fileHashes)" [_thread_blocked, id=28256, stack(0x0000000702100000,0x0000000702200000)]
  0x000001f721236ee0 JavaThread "Cache worker for cache directory md-supplier (C:\Users\aditi\AndroidStudioProjects\HelloWorld\gradle\caches\8.0\md-supplier)" [_thread_blocked, id=14504, stack(0x0000000702200000,0x0000000702300000)]
  0x000001f721238220 JavaThread "Cache worker for execution history cache (C:\Users\aditi\AndroidStudioProjects\HelloWorld\gradle\caches\8.0\executionHistory)" [_thread_blocked, id=25452, stack(0x0000000702300000,0x0000000702400000)]
  0x000001f72123a3d0 JavaThread "jar transforms" [_thread_blocked, id=14216, stack(0x0000000702400000,0x0000000702500000)]
  0x000001f72123b240 JavaThread "jar transforms Thread 2" [_thread_blocked, id=14512, stack(0x0000000702500000,0x0000000702600000)]
  0x000001f72123a8a0 JavaThread "Cache worker for kotlin-dsl (C:\Users\aditi\AndroidStudioProjects\HelloWorld\gradle\caches\8.0\kotlin-dsl)" [_thread_blocked, id=9760, stack(0x0000000702600000,0x0000000702700000)]
  0x000001f721235200 JavaThread "jar transforms Thread 3" [_thread_blocked, id=31184, stack(0x0000000702700000,0x0000000702800000)]
  0x000001f721239f00 JavaThread "jar transforms Thread 4" [_thread_blocked, id=29868, stack(0x0000000702800000,0x0000000702900000)]
  0x000001f721236540 JavaThread "Cache worker for dependencies-accessors (C:\Users\aditi\AndroidStudioProjects\TicTacToe\.gradle\8.0\dependencies-accessors)" [_thread_blocked, id=30456, stack(0x0000000702900000,0x0000000702a00000)]
  0x000001f721236a10 JavaThread "Cache worker for Build Output Cleanup Cache (C:\Users\aditi\AndroidStudioProjects\TicTacToe\.gradle\buildOutputCleanup)" [_thread_blocked, id=12580, stack(0x0000000702a00000,0x0000000702b00000)]
  0x000001f7226dc010 JavaThread "jar transforms Thread 5" [_thread_blocked, id=29824, stack(0x0000000702b00000,0x0000000702c00000)]
  0x000001f7226dc4e0 JavaThread "Unconstrained build operations" [_thread_blocked, id=26144, stack(0x0000000702c00000,0x0000000702d00000)]
  0x000001f7226da330 JavaThread "Unconstrained build operations Thread 2" [_thread_blocked, id=7532, stack(0x0000000702d00000,0x0000000702e00000)]
  0x000001f7226dc9b0 JavaThread "Unconstrained build operations Thread 3" [_thread_blocked, id=20328, stack(0x0000000702e00000,0x0000000702f00000)]
  0x000001f7226d8ff0 JavaThread "Unconstrained build operations Thread 4" [_thread_blocked, id=21612, stack(0x0000000702f00000,0x0000000703000000)]
  0x000001f7226d94c0 JavaThread "Unconstrained build operations Thread 5" [_thread_blocked, id=6036, stack(0x0000000703000000,0x0000000703100000)]
  0x000001f7226d9990 JavaThread "Unconstrained build operations Thread 6" [_thread_blocked, id=16288, stack(0x0000000703100000,0x0000000703200000)]
  0x000001f7226da800 JavaThread "Unconstrained build operations Thread 7" [_thread_blocked, id=10656, stack(0x0000000703200000,0x0000000703300000)]
  0x000001f7226db670 JavaThread "Unconstrained build operations Thread 8" [_thread_blocked, id=15936, stack(0x0000000703300000,0x0000000703400000)]
  0x000001f7226db1a0 JavaThread "Unconstrained build operations Thread 9" [_thread_blocked, id=28224, stack(0x0000000703400000,0x0000000703500000)]
  0x000001f7226dbb40 JavaThread "Unconstrained build operations Thread 10" [_thread_blocked, id=22552, stack(0x0000000703500000,0x0000000703600000)]
  0x000001f72271e440 JavaThread "Unconstrained build operations Thread 11" [_thread_blocked, id=15632, stack(0x0000000703600000,0x0000000703700000)]
  0x000001f72271fc50 JavaThread "Unconstrained build operations Thread 12" [_thread_blocked, id=29628, stack(0x0000000703700000,0x0000000703800000)]
  0x000001f722723140 JavaThread "Unconstrained build operations Thread 13" [_thread_blocked, id=24804, stack(0x0000000703800000,0x0000000703900000)]
  0x000001f722720ac0 JavaThread "Unconstrained build operations Thread 14" [_thread_blocked, id=15940, stack(0x0000000703900000,0x0000000703a00000)]
  0x000001f722724480 JavaThread "Unconstrained build operations Thread 15" [_thread_blocked, id=22204, stack(0x0000000703a00000,0x0000000703b00000)]
  0x000001f72271d100 JavaThread "Unconstrained build operations Thread 16" [_thread_blocked, id=10740, stack(0x0000000703b00000,0x0000000703c00000)]
  0x000001f72271f780 JavaThread "Unconstrained build operations Thread 17" [_thread_blocked, id=26320, stack(0x0000000703c00000,0x0000000703d00000)]
  0x000001f7227227a0 JavaThread "Unconstrained build operations Thread 18" [_thread_blocked, id=32620, stack(0x0000000703d00000,0x0000000703e00000)]
  0x000001f72271daa0 JavaThread "Unconstrained build operations Thread 19" [_thread_blocked, id=18024, stack(0x0000000703e00000,0x0000000703f00000)]
  0x000001f722723610 JavaThread "Unconstrained build operations Thread 20" [_thread_blocked, id=20016, stack(0x0000000703f00000,0x0000000704000000)]
  0x000001f722720120 JavaThread "Unconstrained build operations Thread 21" [_thread_blocked, id=25316, stack(0x0000000704000000,0x0000000704100000)]
  0x000001f722724950 JavaThread "Unconstrained build operations Thread 22" [_thread_blocked, id=6276, stack(0x0000000704100000,0x0000000704200000)]
  0x000001f7227205f0 JavaThread "Unconstrained build operations Thread 23" [_thread_blocked, id=31284, stack(0x0000000704200000,0x0000000704300000)]
  0x000001f72271d5d0 JavaThread "Unconstrained build operations Thread 24" [_thread_blocked, id=29768, stack(0x0000000704300000,0x0000000704400000)]
  0x000001f72271df70 JavaThread "Unconstrained build operations Thread 25" [_thread_blocked, id=17148, stack(0x0000000704400000,0x0000000704500000)]
  0x000001f722720f90 JavaThread "Unconstrained build operations Thread 26" [_thread_blocked, id=11436, stack(0x0000000704500000,0x0000000704600000)]
  0x000001f7227222d0 JavaThread "Unconstrained build operations Thread 27" [_thread_blocked, id=19548, stack(0x0000000704600000,0x0000000704700000)]
  0x000001f722722c70 JavaThread "Unconstrained build operations Thread 28" [_thread_blocked, id=1624, stack(0x0000000704700000,0x0000000704800000)]
  0x000001f722723ae0 JavaThread "Unconstrained build operations Thread 29" [_thread_blocked, id=26712, stack(0x0000000704800000,0x0000000704900000)]
  0x000001f722721460 JavaThread "Unconstrained build operations Thread 30" [_thread_blocked, id=30064, stack(0x0000000704900000,0x0000000704a00000)]
  0x000001f722721930 JavaThread "Unconstrained build operations Thread 31" [_thread_blocked, id=20884, stack(0x0000000704a00000,0x0000000704b00000)]
  0x000001f72271e910 JavaThread "Unconstrained build operations Thread 32" [_thread_blocked, id=18156, stack(0x0000000704b00000,0x0000000704c00000)]
  0x000001f722723fb0 JavaThread "Unconstrained build operations Thread 33" [_thread_blocked, id=23456, stack(0x0000000704c00000,0x0000000704d00000)]
  0x000001f72271ede0 JavaThread "Unconstrained build operations Thread 34" [_thread_blocked, id=12508, stack(0x0000000704d00000,0x0000000704e00000)]
  0x000001f72271f2b0 JavaThread "Unconstrained build operations Thread 35" [_thread_blocked, id=31328, stack(0x0000000704e00000,0x0000000704f00000)]
  0x000001f722721e00 JavaThread "Unconstrained build operations Thread 36" [_thread_blocked, id=25176, stack(0x0000000704f00000,0x0000000705000000)]
  0x000001f722db73d0 JavaThread "Unconstrained build operations Thread 37" [_thread_blocked, id=16352, stack(0x0000000705000000,0x0000000705100000)]
  0x000001f722db9580 JavaThread "Unconstrained build operations Thread 38" [_thread_blocked, id=23636, stack(0x0000000705100000,0x0000000705200000)]
  0x000001f722dbad90 JavaThread "Unconstrained build operations Thread 39" [_thread_blocked, id=25004, stack(0x0000000705200000,0x0000000705300000)]
  0x000001f722dbb260 JavaThread "Unconstrained build operations Thread 40" [_thread_blocked, id=32000, stack(0x0000000705300000,0x0000000705400000)]
  0x000001f722dbcf40 JavaThread "Unconstrained build operations Thread 41" [_thread_blocked, id=24264, stack(0x0000000705400000,0x0000000705500000)]
  0x000001f722db6090 JavaThread "Unconstrained build operations Thread 42" [_thread_blocked, id=22460, stack(0x0000000705500000,0x0000000705600000)]
  0x000001f722dbca70 JavaThread "Unconstrained build operations Thread 43" [_thread_blocked, id=17748, stack(0x0000000705600000,0x0000000705700000)]
  0x000001f722dbd410 JavaThread "Unconstrained build operations Thread 44" [_thread_blocked, id=26992, stack(0x0000000705700000,0x0000000705800000)]
  0x000001f722db8710 JavaThread "Unconstrained build operations Thread 45" [_thread_blocked, id=31228, stack(0x0000000705800000,0x0000000705900000)]
  0x000001f722db9a50 JavaThread "Unconstrained build operations Thread 46" [_thread_blocked, id=5944, stack(0x0000000705900000,0x0000000705a00000)]
  0x000001f722db9f20 JavaThread "Unconstrained build operations Thread 47" [_thread_blocked, id=30528, stack(0x0000000705a00000,0x0000000705b00000)]
  0x000001f722dbb730 JavaThread "Unconstrained build operations Thread 48" [_thread_blocked, id=29744, stack(0x0000000705b00000,0x0000000705c00000)]
  0x000001f722db78a0 JavaThread "Unconstrained build operations Thread 49" [_thread_blocked, id=5972, stack(0x0000000705c00000,0x0000000705d00000)]
  0x000001f722dbc0d0 JavaThread "Unconstrained build operations Thread 50" [_thread_blocked, id=30552, stack(0x0000000705d00000,0x0000000705e00000)]
  0x000001f722db6560 JavaThread "Unconstrained build operations Thread 51" [_thread_blocked, id=10152, stack(0x0000000705e00000,0x0000000705f00000)]
  0x000001f722dbc5a0 JavaThread "Unconstrained build operations Thread 52" [_thread_blocked, id=24916, stack(0x0000000705f00000,0x0000000706000000)]
  0x000001f722dba3f0 JavaThread "Unconstrained build operations Thread 53" [_thread_blocked, id=12252, stack(0x0000000706000000,0x0000000706100000)]
  0x000001f722dba8c0 JavaThread "Unconstrained build operations Thread 54" [_thread_blocked, id=18548, stack(0x0000000706100000,0x0000000706200000)]
  0x000001f722db7d70 JavaThread "Unconstrained build operations Thread 55" [_thread_blocked, id=29328, stack(0x0000000706200000,0x0000000706300000)]
  0x000001f722db8be0 JavaThread "Unconstrained build operations Thread 56" [_thread_blocked, id=22020, stack(0x0000000706300000,0x0000000706400000)]
  0x000001f722dbbc00 JavaThread "Unconstrained build operations Thread 57" [_thread_blocked, id=6784, stack(0x0000000706400000,0x0000000706500000)]
  0x000001f722dbd8e0 JavaThread "Unconstrained build operations Thread 58" [_thread_blocked, id=27400, stack(0x0000000706500000,0x0000000706600000)]
  0x000001f722db6a30 JavaThread "Unconstrained build operations Thread 59" [_thread_blocked, id=17968, stack(0x0000000706600000,0x0000000706700000)]
  0x000001f722db6f00 JavaThread "Unconstrained build operations Thread 60" [_thread_blocked, id=28604, stack(0x0000000706700000,0x0000000706800000)]
  0x000001f722db8240 JavaThread "Unconstrained build operations Thread 61" [_thread_blocked, id=23432, stack(0x0000000706800000,0x0000000706900000)]
  0x000001f722db90b0 JavaThread "Unconstrained build operations Thread 62" [_thread_blocked, id=1652, stack(0x0000000706900000,0x0000000706a00000)]
  0x000001f722255d50 JavaThread "Unconstrained build operations Thread 63" [_thread_blocked, id=17196, stack(0x0000000706a00000,0x0000000706b00000)]
  0x000001f722251050 JavaThread "Unconstrained build operations Thread 64" [_thread_blocked, id=14480, stack(0x0000000706b00000,0x0000000706c00000)]
  0x000001f722250b80 JavaThread "Unconstrained build operations Thread 65" [_thread_blocked, id=11816, stack(0x0000000706c00000,0x0000000706d00000)]
  0x000001f722256220 JavaThread "Unconstrained build operations Thread 66" [_thread_blocked, id=28008, stack(0x0000000706d00000,0x0000000706e00000)]
  0x000001f722251520 JavaThread "Unconstrained build operations Thread 67" [_thread_blocked, id=9604, stack(0x0000000706e00000,0x0000000706f00000)]
  0x000001f7222519f0 JavaThread "Unconstrained build operations Thread 68" [_thread_blocked, id=23492, stack(0x0000000706f00000,0x0000000707000000)]
  0x000001f7222566f0 JavaThread "Unconstrained build operations Thread 69" [_thread_blocked, id=32212, stack(0x0000000707000000,0x0000000707100000)]
  0x000001f722253ba0 JavaThread "Unconstrained build operations Thread 70" [_thread_blocked, id=12840, stack(0x0000000707100000,0x0000000707200000)]
  0x000001f722254070 JavaThread "Unconstrained build operations Thread 71" [_thread_blocked, id=21604, stack(0x0000000707200000,0x0000000707300000)]
  0x000001f722251ec0 JavaThread "Unconstrained build operations Thread 72" [_thread_blocked, id=28888, stack(0x0000000707300000,0x0000000707400000)]
  0x000001f722252390 JavaThread "Unconstrained build operations Thread 73" [_thread_blocked, id=15560, stack(0x0000000707400000,0x0000000707500000)]
  0x000001f7222553b0 JavaThread "Unconstrained build operations Thread 74" [_thread_blocked, id=13448, stack(0x0000000707500000,0x0000000707600000)]
  0x000001f7222536d0 JavaThread "Unconstrained build operations Thread 75" [_thread_blocked, id=31560, stack(0x0000000707600000,0x0000000707700000)]
  0x000001f7222501e0 JavaThread "Unconstrained build operations Thread 76" [_thread_blocked, id=20724, stack(0x0000000707700000,0x0000000707800000)]
  0x000001f722254540 JavaThread "Unconstrained build operations Thread 77" [_thread_blocked, id=1588, stack(0x0000000707800000,0x0000000707900000)]
  0x000001f72224fd10 JavaThread "Unconstrained build operations Thread 78" [_thread_blocked, id=19088, stack(0x0000000707900000,0x0000000707a00000)]
  0x000001f722255880 JavaThread "Unconstrained build operations Thread 79" [_thread_blocked, id=2124, stack(0x0000000707a00000,0x0000000707b00000)]
  0x000001f722254a10 JavaThread "Unconstrained build operations Thread 80" [_thread_blocked, id=17224, stack(0x0000000707b00000,0x0000000707c00000)]
  0x000001f722252860 JavaThread "Unconstrained build operations Thread 81" [_thread_blocked, id=20536, stack(0x0000000707c00000,0x0000000707d00000)]
  0x000001f72224f370 JavaThread "Unconstrained build operations Thread 82" [_thread_blocked, id=30912, stack(0x0000000707d00000,0x0000000707e00000)]
  0x000001f72224eea0 JavaThread "Unconstrained build operations Thread 83" [_thread_blocked, id=17252, stack(0x0000000707e00000,0x0000000707f00000)]
  0x000001f722252d30 JavaThread "Unconstrained build operations Thread 84" [_thread_blocked, id=32412, stack(0x0000000707f00000,0x0000000708000000)]
  0x000001f722254ee0 JavaThread "Unconstrained build operations Thread 85" [_thread_blocked, id=17788, stack(0x0000000708000000,0x0000000708100000)]
  0x000001f722253200 JavaThread "Unconstrained build operations Thread 86" [_thread_blocked, id=32700, stack(0x0000000708100000,0x0000000708200000)]
  0x000001f72224f840 JavaThread "Unconstrained build operations Thread 87" [_thread_blocked, id=27056, stack(0x0000000708200000,0x0000000708300000)]
  0x000001f7222506b0 JavaThread "Unconstrained build operations Thread 88" [_thread_blocked, id=12672, stack(0x0000000708300000,0x0000000708400000)]
  0x000001f7215859d0 JavaThread "Unconstrained build operations Thread 89" [_thread_blocked, id=7748, stack(0x0000000708400000,0x0000000708500000)]
  0x000001f72157f990 JavaThread "Unconstrained build operations Thread 90" [_thread_blocked, id=28456, stack(0x0000000708500000,0x0000000708600000)]
  0x000001f721583cf0 JavaThread "Unconstrained build operations Thread 91" [_thread_blocked, id=29680, stack(0x0000000708600000,0x0000000708700000)]
  0x000001f721586840 JavaThread "Unconstrained build operations Thread 92" [_thread_blocked, id=13136, stack(0x0000000708700000,0x0000000708800000)]
  0x000001f721585ea0 JavaThread "Unconstrained build operations Thread 93" [_thread_blocked, id=31060, stack(0x0000000708800000,0x0000000708900000)]
  0x000001f721581b40 JavaThread "Unconstrained build operations Thread 94" [_thread_blocked, id=1788, stack(0x0000000708900000,0x0000000708a00000)]
  0x000001f7215841c0 JavaThread "Unconstrained build operations Thread 95" [_thread_blocked, id=30496, stack(0x0000000708a00000,0x0000000708b00000)]
  0x000001f7215829b0 JavaThread "Unconstrained build operations Thread 96" [_thread_blocked, id=23460, stack(0x0000000708b00000,0x0000000708c00000)]
  0x000001f721580800 JavaThread "Unconstrained build operations Thread 97" [_thread_blocked, id=25516, stack(0x0000000708c00000,0x0000000708d00000)]
  0x000001f721586370 JavaThread "Unconstrained build operations Thread 98" [_thread_blocked, id=10284, stack(0x0000000708d00000,0x0000000708e00000)]
  0x000001f721582e80 JavaThread "Unconstrained build operations Thread 99" [_thread_blocked, id=16356, stack(0x0000000708e00000,0x0000000708f00000)]
  0x000001f7215811a0 JavaThread "Unconstrained build operations Thread 100" [_thread_blocked, id=28244, stack(0x0000000708f00000,0x0000000709000000)]
  0x000001f721581670 JavaThread "Unconstrained build operations Thread 101" [_thread_blocked, id=20220, stack(0x0000000709000000,0x0000000709100000)]
  0x000001f721580330 JavaThread "Unconstrained build operations Thread 102" [_thread_blocked, id=26548, stack(0x0000000709100000,0x0000000709200000)]
  0x000001f721583820 JavaThread "Unconstrained build operations Thread 103" [_thread_blocked, id=8264, stack(0x0000000709200000,0x0000000709300000)]
  0x000001f72157fe60 JavaThread "Unconstrained build operations Thread 104" [_thread_blocked, id=2608, stack(0x0000000709300000,0x0000000709400000)]
  0x000001f7215824e0 JavaThread "Unconstrained build operations Thread 105" [_thread_blocked, id=30864, stack(0x0000000709400000,0x0000000709500000)]
  0x000001f721582010 JavaThread "Unconstrained build operations Thread 106" [_thread_blocked, id=17772, stack(0x0000000709500000,0x0000000709600000)]
  0x000001f721580cd0 JavaThread "Unconstrained build operations Thread 107" [_thread_blocked, id=30300, stack(0x0000000709600000,0x0000000709700000)]
  0x000001f721585030 JavaThread "Unconstrained build operations Thread 108" [_thread_blocked, id=21520, stack(0x0000000709700000,0x0000000709800000)]
  0x000001f72157eff0 JavaThread "Unconstrained build operations Thread 109" [_thread_blocked, id=1496, stack(0x0000000709800000,0x0000000709900000)]
  0x000001f721583350 JavaThread "Unconstrained build operations Thread 110" [_thread_blocked, id=28072, stack(0x0000000709900000,0x0000000709a00000)]
  0x000001f72157f4c0 JavaThread "Unconstrained build operations Thread 111" [_thread_blocked, id=24596, stack(0x0000000709a00000,0x0000000709b00000)]
  0x000001f721584690 JavaThread "Unconstrained build operations Thread 112" [_thread_blocked, id=20580, stack(0x0000000709b00000,0x0000000709c00000)]
  0x000001f721584b60 JavaThread "Unconstrained build operations Thread 113" [_thread_blocked, id=19052, stack(0x0000000709c00000,0x0000000709d00000)]
  0x000001f721585500 JavaThread "Unconstrained build operations Thread 114" [_thread_blocked, id=15412, stack(0x0000000709d00000,0x0000000709e00000)]
  0x000001f720ffe220 JavaThread "Unconstrained build operations Thread 115" [_thread_blocked, id=21592, stack(0x0000000709e00000,0x0000000709f00000)]
  0x000001f720fff560 JavaThread "Unconstrained build operations Thread 116" [_thread_blocked, id=26300, stack(0x0000000709f00000,0x000000070a000000)]
  0x000001f720ffdd50 JavaThread "Unconstrained build operations Thread 117" [_thread_blocked, id=4384, stack(0x000000070a000000,0x000000070a100000)]
  0x000001f720ffb6d0 JavaThread "Unconstrained build operations Thread 118" [_thread_blocked, id=11356, stack(0x000000070a100000,0x000000070a200000)]
  0x000001f721001710 JavaThread "Unconstrained build operations Thread 119" [_thread_blocked, id=23864, stack(0x000000070a200000,0x000000070a300000)]
  0x000001f720ffb200 JavaThread "Unconstrained build operations Thread 120" [_thread_blocked, id=30308, stack(0x000000070a300000,0x000000070a400000)]
  0x000001f720ffbba0 JavaThread "jar transforms Thread 6" [_thread_blocked, id=31084, stack(0x000000070a400000,0x000000070a500000)]
  0x000001f721001240 JavaThread "jar transforms Thread 7" [_thread_blocked, id=14568, stack(0x000000070a500000,0x000000070a600000)]
  0x000001f720ffad30 JavaThread "jar transforms Thread 8" [_thread_blocked, id=29964, stack(0x000000070a600000,0x000000070a700000)]
  0x000001f721000d70 JavaThread "jar transforms Thread 9" [_thread_blocked, id=27468, stack(0x000000070a700000,0x000000070a800000)]
  0x000001f721001be0 JavaThread "jar transforms Thread 10" [_thread_blocked, id=22580, stack(0x000000070a800000,0x000000070a900000)]
  0x000001f720ffe6f0 JavaThread "jar transforms Thread 11" [_thread_blocked, id=1832, stack(0x000000070a900000,0x000000070aa00000)]
  0x000001f720ffc070 JavaThread "jar transforms Thread 12" [_thread_blocked, id=15336, stack(0x000000070aa00000,0x000000070ab00000)]
  0x000001f720fffa30 JavaThread "build event listener" [_thread_blocked, id=26996, stack(0x000000070ac00000,0x000000070ad00000)]
  0x000001f720ffcee0 JavaThread "Memory manager" [_thread_blocked, id=18328, stack(0x000000070ad00000,0x000000070ae00000)]

Other Threads:
  0x000001f71ad76640 VMThread "VM Thread" [stack: 0x000000077f600000,0x000000077f700000] [id=29352]
  0x000001f77f689330 WatcherThread [stack: 0x0000000700400000,0x0000000700500000] [id=32444]
  0x000001f77f66b840 GCTaskThread "GC Thread#0" [stack: 0x000000077f100000,0x000000077f200000] [id=29940]
  0x000001f71d291b60 GCTaskThread "GC Thread#1" [stack: 0x0000000700500000,0x0000000700600000] [id=29308]
  0x000001f71d39c740 GCTaskThread "GC Thread#2" [stack: 0x0000000700600000,0x0000000700700000] [id=17156]
  0x000001f71caa7d70 GCTaskThread "GC Thread#3" [stack: 0x0000000700700000,0x0000000700800000] [id=18152]
  0x000001f71ca9ea40 GCTaskThread "GC Thread#4" [stack: 0x0000000700200000,0x0000000700300000] [id=29656]
  0x000001f71d1489a0 GCTaskThread "GC Thread#5" [stack: 0x0000000700900000,0x0000000700a00000] [id=28360]
  0x000001f71d147980 GCTaskThread "GC Thread#6" [stack: 0x0000000700a00000,0x0000000700b00000] [id=27072]
  0x000001f71d148f00 GCTaskThread "GC Thread#7" [stack: 0x0000000700b00000,0x0000000700c00000] [id=28268]
  0x000001f71d147420 GCTaskThread "GC Thread#8" [stack: 0x0000000701000000,0x0000000701100000] [id=21140]
  0x000001f71d1476d0 GCTaskThread "GC Thread#9" [stack: 0x0000000701100000,0x0000000701200000] [id=32092]
  0x000001f77f67d690 ConcurrentGCThread "G1 Main Marker" [stack: 0x000000077f200000,0x000000077f300000] [id=22208]
  0x000001f77f67dfa0 ConcurrentGCThread "G1 Conc#0" [stack: 0x000000077f300000,0x000000077f400000] [id=14924]
  0x000001f71d148190 ConcurrentGCThread "G1 Conc#1" [stack: 0x0000000701700000,0x0000000701800000] [id=18512]
  0x000001f71d147ee0 ConcurrentGCThread "G1 Conc#2" [stack: 0x0000000701800000,0x0000000701900000] [id=24836]
  0x000001f77f6be9f0 ConcurrentGCThread "G1 Refine#0" [stack: 0x000000077f400000,0x000000077f500000] [id=28632]
  0x000001f722b25600 ConcurrentGCThread "G1 Refine#1" [stack: 0x000000070ab00000,0x000000070ac00000] [id=23692]
  0x000001f71abce4e0 ConcurrentGCThread "G1 Service" [stack: 0x000000077f500000,0x000000077f600000] [id=11132]

Threads with active compile tasks:
C2 CompilerThread0    14533 9078       4       com.android.tools.tracer.agent.objectweb.asm.ClassReader::readCode (5109 bytes)

VM state: not at safepoint (normal execution)

VM Mutex/Monitor currently owned by a thread: None

Heap address: 0x0000000080000000, size: 2048 MB, Compressed Oops mode: 32-bit

CDS archive(s) not mapped
Compressed class space mapped at: 0x0000000100000000-0x0000000140000000, reserved size: 1073741824
Narrow klass base: 0x0000000000000000, Narrow klass shift: 3, Narrow klass range: 0x140000000

GC Precious Log:
 CPUs: 12 total, 12 available
 Memory: 6005M
 Large Page Support: Disabled
 NUMA Support: Disabled
 Compressed Oops: Enabled (32-bit)
 Heap Region Size: 1M
 Heap Min Capacity: 8M
 Heap Initial Capacity: 94M
 Heap Max Capacity: 2G
 Pre-touch: Disabled
 Parallel Workers: 10
 Concurrent Workers: 3
 Concurrent Refinement Workers: 10
 Periodic GC: Disabled

Heap:
 garbage-first heap   total 138240K, used 80986K [0x0000000080000000, 0x0000000100000000)
  region size 1024K, 27 young (27648K), 7 survivors (7168K)
 Metaspace       used 85852K, committed 86528K, reserved 1130496K
  class space    used 11610K, committed 11904K, reserved 1048576K

Heap Regions: E=young(eden), S=young(survivor), O=old, HS=humongous(starts), HC=humongous(continues), CS=collection set, F=free, OA=open archive, CA=closed archive, TAMS=top-at-mark-start (previous, next)
|   0|0x0000000080000000, 0x0000000080100000, 0x0000000080100000|100%|HS|  |TAMS 0x0000000080100000, 0x0000000080100000| Complete 
|   1|0x0000000080100000, 0x0000000080200000, 0x0000000080200000|100%|HC|  |TAMS 0x0000000080200000, 0x0000000080200000| Complete 
|   2|0x0000000080200000, 0x0000000080300000, 0x0000000080300000|100%|HC|  |TAMS 0x0000000080300000, 0x0000000080300000| Complete 
|   3|0x0000000080300000, 0x0000000080400000, 0x0000000080400000|100%|HC|  |TAMS 0x0000000080400000, 0x0000000080400000| Complete 
|   4|0x0000000080400000, 0x0000000080500000, 0x0000000080500000|100%| O|  |TAMS 0x0000000080500000, 0x0000000080500000| Untracked 
|   5|0x0000000080500000, 0x0000000080600000, 0x0000000080600000|100%| O|  |TAMS 0x0000000080600000, 0x0000000080600000| Untracked 
|   6|0x0000000080600000, 0x0000000080700000, 0x0000000080700000|100%| O|  |TAMS 0x0000000080700000, 0x0000000080700000| Untracked 
|   7|0x0000000080700000, 0x0000000080800000, 0x0000000080800000|100%| O|  |TAMS 0x0000000080800000, 0x0000000080800000| Untracked 
|   8|0x0000000080800000, 0x0000000080900000, 0x0000000080900000|100%| O|  |TAMS 0x0000000080900000, 0x0000000080900000| Untracked 
|   9|0x0000000080900000, 0x0000000080a00000, 0x0000000080a00000|100%| O|  |TAMS 0x0000000080a00000, 0x0000000080a00000| Untracked 
|  10|0x0000000080a00000, 0x0000000080b00000, 0x0000000080b00000|100%| O|  |TAMS 0x0000000080b00000, 0x0000000080b00000| Untracked 
|  11|0x0000000080b00000, 0x0000000080c00000, 0x0000000080c00000|100%| O|  |TAMS 0x0000000080c00000, 0x0000000080c00000| Untracked 
|  12|0x0000000080c00000, 0x0000000080d00000, 0x0000000080d00000|100%| O|  |TAMS 0x0000000080d00000, 0x0000000080d00000| Untracked 
|  13|0x0000000080d00000, 0x0000000080e00000, 0x0000000080e00000|100%| O|  |TAMS 0x0000000080e00000, 0x0000000080e00000| Untracked 
|  14|0x0000000080e00000, 0x0000000080f00000, 0x0000000080f00000|100%| O|  |TAMS 0x0000000080f00000, 0x0000000080f00000| Untracked 
|  15|0x0000000080f00000, 0x0000000080feb800, 0x0000000081000000| 91%| O|  |TAMS 0x0000000080feb800, 0x0000000080feb800| Untracked 
|  16|0x0000000081000000, 0x0000000081100000, 0x0000000081100000|100%| O|  |TAMS 0x0000000081100000, 0x0000000081100000| Untracked 
|  17|0x0000000081100000, 0x0000000081200000, 0x0000000081200000|100%| O|  |TAMS 0x0000000081200000, 0x0000000081200000| Untracked 
|  18|0x0000000081200000, 0x0000000081300000, 0x0000000081300000|100%| O|  |TAMS 0x0000000081300000, 0x0000000081300000| Untracked 
|  19|0x0000000081300000, 0x0000000081400000, 0x0000000081400000|100%| O|  |TAMS 0x0000000081400000, 0x0000000081400000| Untracked 
|  20|0x0000000081400000, 0x0000000081500000, 0x0000000081500000|100%| O|  |TAMS 0x0000000081500000, 0x0000000081500000| Untracked 
|  21|0x0000000081500000, 0x0000000081600000, 0x0000000081600000|100%| O|  |TAMS 0x0000000081600000, 0x0000000081600000| Untracked 
|  22|0x0000000081600000, 0x0000000081700000, 0x0000000081700000|100%| O|  |TAMS 0x0000000081700000, 0x0000000081700000| Untracked 
|  23|0x0000000081700000, 0x0000000081800000, 0x0000000081800000|100%| O|  |TAMS 0x0000000081800000, 0x0000000081800000| Untracked 
|  24|0x0000000081800000, 0x0000000081900000, 0x0000000081900000|100%| O|  |TAMS 0x0000000081900000, 0x0000000081900000| Untracked 
|  25|0x0000000081900000, 0x0000000081a00000, 0x0000000081a00000|100%| O|  |TAMS 0x0000000081a00000, 0x0000000081a00000| Untracked 
|  26|0x0000000081a00000, 0x0000000081b00000, 0x0000000081b00000|100%|HS|  |TAMS 0x0000000081b00000, 0x0000000081b00000| Complete 
|  27|0x0000000081b00000, 0x0000000081c00000, 0x0000000081c00000|100%|HS|  |TAMS 0x0000000081c00000, 0x0000000081c00000| Complete 
|  28|0x0000000081c00000, 0x0000000081d00000, 0x0000000081d00000|100%|HS|  |TAMS 0x0000000081d00000, 0x0000000081d00000| Complete 
|  29|0x0000000081d00000, 0x0000000081e00000, 0x0000000081e00000|100%| O|  |TAMS 0x0000000081e00000, 0x0000000081e00000| Untracked 
|  30|0x0000000081e00000, 0x0000000081f00000, 0x0000000081f00000|100%| O|  |TAMS 0x0000000081f00000, 0x0000000081f00000| Untracked 
|  31|0x0000000081f00000, 0x0000000082000000, 0x0000000082000000|100%| O|  |TAMS 0x0000000082000000, 0x0000000082000000| Untracked 
|  32|0x0000000082000000, 0x0000000082100000, 0x0000000082100000|100%| O|  |TAMS 0x0000000082100000, 0x0000000082100000| Untracked 
|  33|0x0000000082100000, 0x0000000082200000, 0x0000000082200000|100%| O|  |TAMS 0x0000000082200000, 0x0000000082200000| Untracked 
|  34|0x0000000082200000, 0x0000000082300000, 0x0000000082300000|100%| O|  |TAMS 0x0000000082300000, 0x0000000082300000| Untracked 
|  35|0x0000000082300000, 0x0000000082400000, 0x0000000082400000|100%| O|  |TAMS 0x0000000082400000, 0x0000000082400000| Untracked 
|  36|0x0000000082400000, 0x0000000082500000, 0x0000000082500000|100%| O|  |TAMS 0x0000000082500000, 0x0000000082500000| Untracked 
|  37|0x0000000082500000, 0x0000000082600000, 0x0000000082600000|100%| O|  |TAMS 0x0000000082600000, 0x0000000082600000| Untracked 
|  38|0x0000000082600000, 0x0000000082700000, 0x0000000082700000|100%| O|  |TAMS 0x0000000082700000, 0x0000000082700000| Untracked 
|  39|0x0000000082700000, 0x0000000082800000, 0x0000000082800000|100%| O|  |TAMS 0x0000000082800000, 0x0000000082800000| Untracked 
|  40|0x0000000082800000, 0x0000000082900000, 0x0000000082900000|100%| O|  |TAMS 0x0000000082900000, 0x0000000082900000| Untracked 
|  41|0x0000000082900000, 0x0000000082a00000, 0x0000000082a00000|100%| O|  |TAMS 0x0000000082a00000, 0x0000000082a00000| Untracked 
|  42|0x0000000082a00000, 0x0000000082b00000, 0x0000000082b00000|100%| O|  |TAMS 0x0000000082b00000, 0x0000000082b00000| Untracked 
|  43|0x0000000082b00000, 0x0000000082c00000, 0x0000000082c00000|100%| O|  |TAMS 0x0000000082c00000, 0x0000000082c00000| Untracked 
|  44|0x0000000082c00000, 0x0000000082d00000, 0x0000000082d00000|100%| O|  |TAMS 0x0000000082d00000, 0x0000000082d00000| Untracked 
|  45|0x0000000082d00000, 0x0000000082e00000, 0x0000000082e00000|100%| O|  |TAMS 0x0000000082e00000, 0x0000000082e00000| Untracked 
|  46|0x0000000082e00000, 0x0000000082f00000, 0x0000000082f00000|100%| O|  |TAMS 0x0000000082f00000, 0x0000000082f00000| Untracked 
|  47|0x0000000082f00000, 0x0000000083000000, 0x0000000083000000|100%| O|  |TAMS 0x0000000083000000, 0x0000000083000000| Untracked 
|  48|0x0000000083000000, 0x0000000083100000, 0x0000000083100000|100%| O|  |TAMS 0x0000000083100000, 0x0000000083100000| Untracked 
|  49|0x0000000083100000, 0x0000000083200000, 0x0000000083200000|100%| O|  |TAMS 0x0000000083200000, 0x0000000083200000| Untracked 
|  50|0x0000000083200000, 0x0000000083300000, 0x0000000083300000|100%| O|  |TAMS 0x00000000832d6e00, 0x0000000083300000| Untracked 
|  51|0x0000000083300000, 0x0000000083400000, 0x0000000083400000|100%| O|  |TAMS 0x0000000083300000, 0x00000000833b7400| Untracked 
|  52|0x0000000083400000, 0x0000000083500000, 0x0000000083500000|100%| O|  |TAMS 0x0000000083400000, 0x0000000083400000| Untracked 
|  53|0x0000000083500000, 0x0000000083600000, 0x0000000083600000|100%| O|  |TAMS 0x0000000083500000, 0x0000000083500000| Untracked 
|  54|0x0000000083600000, 0x0000000083614400, 0x0000000083700000|  7%| O|  |TAMS 0x0000000083600000, 0x0000000083600000| Untracked 
|  55|0x0000000083700000, 0x0000000083700000, 0x0000000083800000|  0%| F|  |TAMS 0x0000000083700000, 0x0000000083700000| Untracked 
|  56|0x0000000083800000, 0x0000000083800000, 0x0000000083900000|  0%| F|  |TAMS 0x0000000083800000, 0x0000000083800000| Untracked 
|  57|0x0000000083900000, 0x0000000083900000, 0x0000000083a00000|  0%| F|  |TAMS 0x0000000083900000, 0x0000000083900000| Untracked 
|  58|0x0000000083a00000, 0x0000000083a00000, 0x0000000083b00000|  0%| F|  |TAMS 0x0000000083a00000, 0x0000000083a00000| Untracked 
|  59|0x0000000083b00000, 0x0000000083b00000, 0x0000000083c00000|  0%| F|  |TAMS 0x0000000083b00000, 0x0000000083b00000| Untracked 
|  60|0x0000000083c00000, 0x0000000083c00000, 0x0000000083d00000|  0%| F|  |TAMS 0x0000000083c00000, 0x0000000083c00000| Untracked 
|  61|0x0000000083d00000, 0x0000000083d00000, 0x0000000083e00000|  0%| F|  |TAMS 0x0000000083d00000, 0x0000000083d00000| Untracked 
|  62|0x0000000083e00000, 0x0000000083e00000, 0x0000000083f00000|  0%| F|  |TAMS 0x0000000083e00000, 0x0000000083e00000| Untracked 
|  63|0x0000000083f00000, 0x0000000083f00000, 0x0000000084000000|  0%| F|  |TAMS 0x0000000083f00000, 0x0000000083f00000| Untracked 
|  64|0x0000000084000000, 0x0000000084000000, 0x0000000084100000|  0%| F|  |TAMS 0x0000000084000000, 0x0000000084000000| Untracked 
|  65|0x0000000084100000, 0x0000000084100000, 0x0000000084200000|  0%| F|  |TAMS 0x0000000084100000, 0x0000000084100000| Untracked 
|  66|0x0000000084200000, 0x0000000084216d78, 0x0000000084300000|  8%| S|CS|TAMS 0x0000000084200000, 0x0000000084200000| Complete 
|  67|0x0000000084300000, 0x0000000084300000, 0x0000000084400000|  0%| F|  |TAMS 0x0000000084300000, 0x0000000084300000| Untracked 
|  68|0x0000000084400000, 0x0000000084500000, 0x0000000084500000|100%| S|CS|TAMS 0x0000000084400000, 0x0000000084400000| Complete 
|  69|0x0000000084500000, 0x0000000084600000, 0x0000000084600000|100%| S|CS|TAMS 0x0000000084500000, 0x0000000084500000| Complete 
|  70|0x0000000084600000, 0x0000000084700000, 0x0000000084700000|100%| S|CS|TAMS 0x0000000084600000, 0x0000000084600000| Complete 
|  71|0x0000000084700000, 0x0000000084800000, 0x0000000084800000|100%| S|CS|TAMS 0x0000000084700000, 0x0000000084700000| Complete 
|  72|0x0000000084800000, 0x0000000084900000, 0x0000000084900000|100%| S|CS|TAMS 0x0000000084800000, 0x0000000084800000| Complete 
|  73|0x0000000084900000, 0x0000000084900000, 0x0000000084a00000|  0%| F|  |TAMS 0x0000000084900000, 0x0000000084900000| Untracked 
|  74|0x0000000084a00000, 0x0000000084a00000, 0x0000000084b00000|  0%| F|  |TAMS 0x0000000084a00000, 0x0000000084a00000| Untracked 
|  75|0x0000000084b00000, 0x0000000084b00000, 0x0000000084c00000|  0%| F|  |TAMS 0x0000000084b00000, 0x0000000084b00000| Untracked 
|  76|0x0000000084c00000, 0x0000000084c00000, 0x0000000084d00000|  0%| F|  |TAMS 0x0000000084c00000, 0x0000000084c00000| Untracked 
|  77|0x0000000084d00000, 0x0000000084e00000, 0x0000000084e00000|100%| S|CS|TAMS 0x0000000084d00000, 0x0000000084d00000| Complete 
|  78|0x0000000084e00000, 0x0000000084e00000, 0x0000000084f00000|  0%| F|  |TAMS 0x0000000084e00000, 0x0000000084e00000| Untracked 
|  79|0x0000000084f00000, 0x0000000084f00000, 0x0000000085000000|  0%| F|  |TAMS 0x0000000084f00000, 0x0000000084f00000| Untracked 
|  80|0x0000000085000000, 0x0000000085000000, 0x0000000085100000|  0%| F|  |TAMS 0x0000000085000000, 0x0000000085000000| Untracked 
|  81|0x0000000085100000, 0x0000000085100000, 0x0000000085200000|  0%| F|  |TAMS 0x0000000085100000, 0x0000000085100000| Untracked 
|  82|0x0000000085200000, 0x0000000085200000, 0x0000000085300000|  0%| F|  |TAMS 0x0000000085200000, 0x0000000085200000| Untracked 
|  83|0x0000000085300000, 0x0000000085300000, 0x0000000085400000|  0%| F|  |TAMS 0x0000000085300000, 0x0000000085300000| Untracked 
|  84|0x0000000085400000, 0x0000000085400000, 0x0000000085500000|  0%| F|  |TAMS 0x0000000085400000, 0x0000000085400000| Untracked 
|  85|0x0000000085500000, 0x0000000085500000, 0x0000000085600000|  0%| F|  |TAMS 0x0000000085500000, 0x0000000085500000| Untracked 
|  86|0x0000000085600000, 0x0000000085600000, 0x0000000085700000|  0%| F|  |TAMS 0x0000000085600000, 0x0000000085600000| Untracked 
|  87|0x0000000085700000, 0x0000000085700000, 0x0000000085800000|  0%| F|  |TAMS 0x0000000085700000, 0x0000000085700000| Untracked 
|  88|0x0000000085800000, 0x0000000085800000, 0x0000000085900000|  0%| F|  |TAMS 0x0000000085800000, 0x0000000085800000| Untracked 
|  89|0x0000000085900000, 0x0000000085900000, 0x0000000085a00000|  0%| F|  |TAMS 0x0000000085900000, 0x0000000085900000| Untracked 
|  90|0x0000000085a00000, 0x0000000085a00000, 0x0000000085b00000|  0%| F|  |TAMS 0x0000000085a00000, 0x0000000085a00000| Untracked 
|  91|0x0000000085b00000, 0x0000000085b00000, 0x0000000085c00000|  0%| F|  |TAMS 0x0000000085b00000, 0x0000000085b00000| Untracked 
|  92|0x0000000085c00000, 0x0000000085c00000, 0x0000000085d00000|  0%| F|  |TAMS 0x0000000085c00000, 0x0000000085c00000| Untracked 
|  93|0x0000000085d00000, 0x0000000085d00000, 0x0000000085e00000|  0%| F|  |TAMS 0x0000000085d00000, 0x0000000085d00000| Untracked 
|  94|0x0000000085e00000, 0x0000000085e00000, 0x0000000085f00000|  0%| F|  |TAMS 0x0000000085e00000, 0x0000000085e00000| Untracked 
|  95|0x0000000085f00000, 0x0000000085f00000, 0x0000000086000000|  0%| F|  |TAMS 0x0000000085f00000, 0x0000000085f00000| Untracked 
|  96|0x0000000086000000, 0x0000000086000000, 0x0000000086100000|  0%| F|  |TAMS 0x0000000086000000, 0x0000000086000000| Untracked 
|  97|0x0000000086100000, 0x0000000086100000, 0x0000000086200000|  0%| F|  |TAMS 0x0000000086100000, 0x0000000086100000| Untracked 
|  98|0x0000000086200000, 0x0000000086200000, 0x0000000086300000|  0%| F|  |TAMS 0x0000000086200000, 0x0000000086200000| Untracked 
|  99|0x0000000086300000, 0x0000000086300000, 0x0000000086400000|  0%| F|  |TAMS 0x0000000086300000, 0x0000000086300000| Untracked 
| 100|0x0000000086400000, 0x0000000086400000, 0x0000000086500000|  0%| F|  |TAMS 0x0000000086400000, 0x0000000086400000| Untracked 
| 101|0x0000000086500000, 0x0000000086500000, 0x0000000086600000|  0%| F|  |TAMS 0x0000000086500000, 0x0000000086500000| Untracked 
| 102|0x0000000086600000, 0x0000000086600000, 0x0000000086700000|  0%| F|  |TAMS 0x0000000086600000, 0x0000000086600000| Untracked 
| 103|0x0000000086700000, 0x0000000086700000, 0x0000000086800000|  0%| F|  |TAMS 0x0000000086700000, 0x0000000086700000| Untracked 
| 104|0x0000000086800000, 0x0000000086800000, 0x0000000086900000|  0%| F|  |TAMS 0x0000000086800000, 0x0000000086800000| Untracked 
| 105|0x0000000086900000, 0x0000000086900000, 0x0000000086a00000|  0%| F|  |TAMS 0x0000000086900000, 0x0000000086900000| Untracked 
| 106|0x0000000086a00000, 0x0000000086a00000, 0x0000000086b00000|  0%| F|  |TAMS 0x0000000086a00000, 0x0000000086a00000| Untracked 
| 107|0x0000000086b00000, 0x0000000086b00000, 0x0000000086c00000|  0%| F|  |TAMS 0x0000000086b00000, 0x0000000086b00000| Untracked 
| 108|0x0000000086c00000, 0x0000000086c00000, 0x0000000086d00000|  0%| F|  |TAMS 0x0000000086c00000, 0x0000000086c00000| Untracked 
| 109|0x0000000086d00000, 0x0000000086d00000, 0x0000000086e00000|  0%| F|  |TAMS 0x0000000086d00000, 0x0000000086d00000| Untracked 
| 110|0x0000000086e00000, 0x0000000086e00000, 0x0000000086f00000|  0%| F|  |TAMS 0x0000000086e00000, 0x0000000086e00000| Untracked 
| 111|0x0000000086f00000, 0x0000000086f00000, 0x0000000087000000|  0%| F|  |TAMS 0x0000000086f00000, 0x0000000086f00000| Untracked 
| 112|0x0000000087000000, 0x0000000087000000, 0x0000000087100000|  0%| F|  |TAMS 0x0000000087000000, 0x0000000087000000| Untracked 
| 113|0x0000000087100000, 0x0000000087100000, 0x0000000087200000|  0%| F|  |TAMS 0x0000000087100000, 0x0000000087100000| Untracked 
| 114|0x0000000087200000, 0x0000000087200000, 0x0000000087300000|  0%| F|  |TAMS 0x0000000087200000, 0x0000000087200000| Untracked 
| 115|0x0000000087300000, 0x0000000087380800, 0x0000000087400000| 50%| E|  |TAMS 0x0000000087300000, 0x0000000087300000| Complete 
| 116|0x0000000087400000, 0x0000000087500000, 0x0000000087500000|100%| E|CS|TAMS 0x0000000087400000, 0x0000000087400000| Complete 
| 117|0x0000000087500000, 0x0000000087600000, 0x0000000087600000|100%| E|CS|TAMS 0x0000000087500000, 0x0000000087500000| Complete 
| 118|0x0000000087600000, 0x0000000087700000, 0x0000000087700000|100%| E|CS|TAMS 0x0000000087600000, 0x0000000087600000| Complete 
| 119|0x0000000087700000, 0x0000000087800000, 0x0000000087800000|100%| E|CS|TAMS 0x0000000087700000, 0x0000000087700000| Complete 
| 120|0x0000000087800000, 0x0000000087900000, 0x0000000087900000|100%| E|CS|TAMS 0x0000000087800000, 0x0000000087800000| Complete 
| 121|0x0000000087900000, 0x0000000087a00000, 0x0000000087a00000|100%| E|CS|TAMS 0x0000000087900000, 0x0000000087900000| Complete 
| 122|0x0000000087a00000, 0x0000000087b00000, 0x0000000087b00000|100%| E|CS|TAMS 0x0000000087a00000, 0x0000000087a00000| Complete 
| 123|0x0000000087b00000, 0x0000000087c00000, 0x0000000087c00000|100%| E|CS|TAMS 0x0000000087b00000, 0x0000000087b00000| Complete 
| 124|0x0000000087c00000, 0x0000000087d00000, 0x0000000087d00000|100%| E|CS|TAMS 0x0000000087c00000, 0x0000000087c00000| Complete 
| 125|0x0000000087d00000, 0x0000000087e00000, 0x0000000087e00000|100%| E|CS|TAMS 0x0000000087d00000, 0x0000000087d00000| Complete 
| 126|0x0000000087e00000, 0x0000000087f00000, 0x0000000087f00000|100%| E|CS|TAMS 0x0000000087e00000, 0x0000000087e00000| Complete 
| 127|0x0000000087f00000, 0x0000000088000000, 0x0000000088000000|100%| E|CS|TAMS 0x0000000087f00000, 0x0000000087f00000| Complete 
| 128|0x0000000088000000, 0x0000000088100000, 0x0000000088100000|100%| E|CS|TAMS 0x0000000088000000, 0x0000000088000000| Complete 
| 129|0x0000000088100000, 0x0000000088200000, 0x0000000088200000|100%| E|CS|TAMS 0x0000000088100000, 0x0000000088100000| Complete 
| 130|0x0000000088200000, 0x0000000088300000, 0x0000000088300000|100%| E|CS|TAMS 0x0000000088200000, 0x0000000088200000| Complete 
| 131|0x0000000088300000, 0x0000000088400000, 0x0000000088400000|100%| E|CS|TAMS 0x0000000088300000, 0x0000000088300000| Complete 
| 132|0x0000000088400000, 0x0000000088500000, 0x0000000088500000|100%| E|CS|TAMS 0x0000000088400000, 0x0000000088400000| Complete 
| 133|0x0000000088500000, 0x0000000088600000, 0x0000000088600000|100%| E|CS|TAMS 0x0000000088500000, 0x0000000088500000| Complete 
| 134|0x0000000088600000, 0x0000000088700000, 0x0000000088700000|100%| E|CS|TAMS 0x0000000088600000, 0x0000000088600000| Complete 

Card table byte_map: [0x000001f713c10000,0x000001f714010000] _byte_map_base: 0x000001f713810000

Marking Bits (Prev, Next): (CMBitMap*) 0x000001f77f66bd50, (CMBitMap*) 0x000001f77f66bd90
 Prev Bits: [0x000001f714410000, 0x000001f716410000)
 Next Bits: [0x000001f716410000, 0x000001f718410000)

Polling page: 0x000001f77e970000

Metaspace:

Usage:
  Non-class:     72.52 MB used.
      Class:     11.34 MB used.
       Both:     83.87 MB used.

Virtual space:
  Non-class space:       80.00 MB reserved,      72.88 MB ( 91%) committed,  10 nodes.
      Class space:        1.00 GB reserved,      11.62 MB (  1%) committed,  1 nodes.
             Both:        1.08 GB reserved,      84.50 MB (  8%) committed. 

Chunk freelists:
   Non-Class:  2.66 MB
       Class:  304.00 KB
        Both:  2.95 MB

MaxMetaspaceSize: unlimited
CompressedClassSpaceSize: 1.00 GB
Initial GC threshold: 21.00 MB
Current GC threshold: 124.69 MB
CDS: off
MetaspaceReclaimPolicy: balanced
 - commit_granule_bytes: 65536.
 - commit_granule_words: 8192.
 - virtual_space_node_default_size: 1048576.
 - enlarge_chunks_in_place: 1.
 - new_chunks_are_fully_committed: 0.
 - uncommit_free_chunks: 1.
 - use_allocation_guard: 0.
 - handle_deallocations: 1.


Internal statistics:

num_allocs_failed_limit: 6.
num_arena_births: 804.
num_arena_deaths: 0.
num_vsnodes_births: 11.
num_vsnodes_deaths: 0.
num_space_committed: 1352.
num_space_uncommitted: 0.
num_chunks_returned_to_freelist: 6.
num_chunks_taken_from_freelist: 3686.
num_chunk_merges: 6.
num_chunk_splits: 2518.
num_chunks_enlarged: 1805.
num_purges: 0.
num_inconsistent_stats: 0.

CodeHeap 'non-profiled nmethods': size=120000Kb used=5262Kb max_used=5262Kb free=114737Kb
 bounds [0x000001f70c2e0000, 0x000001f70c810000, 0x000001f713810000]
CodeHeap 'profiled nmethods': size=120000Kb used=14890Kb max_used=14890Kb free=105109Kb
 bounds [0x000001f704810000, 0x000001f7056a0000, 0x000001f70bd40000]
CodeHeap 'non-nmethods': size=5760Kb used=2382Kb max_used=2428Kb free=3377Kb
 bounds [0x000001f70bd40000, 0x000001f70bfb0000, 0x000001f70c2e0000]
 total_blobs=8797 nmethods=7886 adapters=822
 compilation: enabled
              stopped_count=0, restarted_count=0
 full_count=0

Compilation events (20 events):
Event: 14.360 Thread 0x000001f71b840820 9271       3       java.util.Formatter$Flags::contains (22 bytes)
Event: 14.360 Thread 0x000001f71b840820 nmethod 9271 0x000001f70568ed10 code [0x000001f70568eea0, 0x000001f70568f058]
Event: 14.363 Thread 0x000001f71b840820 9272       3       java.util.regex.Pattern$CharPropertyGreedy::match (160 bytes)
Event: 14.363 Thread 0x000001f71b840820 nmethod 9272 0x000001f70568f110 code [0x000001f70568f340, 0x000001f70568fd08]
Event: 14.364 Thread 0x000001f71b840820 9273       3       java.util.regex.CharPredicates$$Lambda$33/0x00000001000b9538::is (5 bytes)
Event: 14.364 Thread 0x000001f71b840820 nmethod 9273 0x000001f705690010 code [0x000001f7056901c0, 0x000001f705690498]
Event: 14.364 Thread 0x000001f71b840820 9274       3       java.util.regex.CharPredicates::lambda$ASCII_DIGIT$18 (20 bytes)
Event: 14.364 Thread 0x000001f71b840820 nmethod 9274 0x000001f705690590 code [0x000001f705690740, 0x000001f705690998]
Event: 14.383 Thread 0x000001f71b840820 9275       2       com.android.tools.tracer.agent.objectweb.asm.ClassReader::readElementValue (1237 bytes)
Event: 14.386 Thread 0x000001f71b840820 nmethod 9275 0x000001f705690a90 code [0x000001f705691100, 0x000001f705693518]
Event: 14.404 Thread 0x000001f71b840820 9276       1       java.util.Formatter$FormatSpecifier::index (5 bytes)
Event: 14.405 Thread 0x000001f71b840820 nmethod 9276 0x000001f70c803810 code [0x000001f70c8039a0, 0x000001f70c803a78]
Event: 14.438 Thread 0x000001f71b840820 9277       3       java.lang.Thread::getContextClassLoader (32 bytes)
Event: 14.439 Thread 0x000001f71b840820 nmethod 9277 0x000001f705694c90 code [0x000001f705694ec0, 0x000001f705695878]
Event: 14.445 Thread 0x000001f71b840820 9278       3       com.android.tools.tracer.agent.objectweb.asm.commons.AdviceAdapter::doVisitMethodInsn (188 bytes)
Event: 14.446 Thread 0x000001f71b840820 nmethod 9278 0x000001f705695b90 code [0x000001f705695ee0, 0x000001f7056974e8]
Event: 14.453 Thread 0x000001f71b840820 9279   !   3       jdk.internal.loader.URLClassPath::checkURL (16 bytes)
Event: 14.454 Thread 0x000001f71b840820 nmethod 9279 0x000001f705697c90 code [0x000001f705697e40, 0x000001f705698008]
Event: 14.454 Thread 0x000001f71b840820 9280       3       java.util.StringTokenizer::scanToken (179 bytes)
Event: 14.455 Thread 0x000001f71b840820 nmethod 9280 0x000001f705698110 code [0x000001f705698480, 0x000001f705699b38]

GC Heap History (20 events):
Event: 11.195 GC heap before
{Heap before GC invocations=40 (full 0):
 garbage-first heap   total 114688K, used 101631K [0x0000000080000000, 0x0000000100000000)
  region size 1024K, 50 young (51200K), 4 survivors (4096K)
 Metaspace       used 66795K, committed 67392K, reserved 1114112K
  class space    used 8782K, committed 9088K, reserved 1048576K
}
Event: 11.199 GC heap after
{Heap after GC invocations=41 (full 0):
 garbage-first heap   total 114688K, used 50613K [0x0000000080000000, 0x0000000100000000)
  region size 1024K, 6 young (6144K), 6 survivors (6144K)
 Metaspace       used 66795K, committed 67392K, reserved 1114112K
  class space    used 8782K, committed 9088K, reserved 1048576K
}
Event: 11.513 GC heap before
{Heap before GC invocations=41 (full 0):
 garbage-first heap   total 114688K, used 93621K [0x0000000080000000, 0x0000000100000000)
  region size 1024K, 48 young (49152K), 6 survivors (6144K)
 Metaspace       used 68706K, committed 69312K, reserved 1114112K
  class space    used 9034K, committed 9280K, reserved 1048576K
}
Event: 11.518 GC heap after
{Heap after GC invocations=42 (full 0):
 garbage-first heap   total 114688K, used 52340K [0x0000000080000000, 0x0000000100000000)
  region size 1024K, 5 young (5120K), 5 survivors (5120K)
 Metaspace       used 68706K, committed 69312K, reserved 1114112K
  class space    used 9034K, committed 9280K, reserved 1048576K
}
Event: 11.842 GC heap before
{Heap before GC invocations=42 (full 0):
 garbage-first heap   total 114688K, used 94324K [0x0000000080000000, 0x0000000100000000)
  region size 1024K, 46 young (47104K), 5 survivors (5120K)
 Metaspace       used 70605K, committed 71232K, reserved 1114112K
  class space    used 9310K, committed 9600K, reserved 1048576K
}
Event: 11.845 GC heap after
{Heap after GC invocations=43 (full 0):
 garbage-first heap   total 114688K, used 53485K [0x0000000080000000, 0x0000000100000000)
  region size 1024K, 3 young (3072K), 3 survivors (3072K)
 Metaspace       used 70605K, committed 71232K, reserved 1114112K
  class space    used 9310K, committed 9600K, reserved 1048576K
}
Event: 12.121 GC heap before
{Heap before GC invocations=43 (full 0):
 garbage-first heap   total 114688K, used 95469K [0x0000000080000000, 0x0000000100000000)
  region size 1024K, 44 young (45056K), 3 survivors (3072K)
 Metaspace       used 72568K, committed 73216K, reserved 1114112K
  class space    used 9546K, committed 9856K, reserved 1048576K
}
Event: 12.124 GC heap after
{Heap after GC invocations=44 (full 0):
 garbage-first heap   total 114688K, used 53974K [0x0000000080000000, 0x0000000100000000)
  region size 1024K, 4 young (4096K), 4 survivors (4096K)
 Metaspace       used 72568K, committed 73216K, reserved 1114112K
  class space    used 9546K, committed 9856K, reserved 1048576K
}
Event: 12.481 GC heap before
{Heap before GC invocations=44 (full 0):
 garbage-first heap   total 114688K, used 93910K [0x0000000080000000, 0x0000000100000000)
  region size 1024K, 44 young (45056K), 4 survivors (4096K)
 Metaspace       used 74121K, committed 74752K, reserved 1114112K
  class space    used 9754K, committed 10048K, reserved 1048576K
}
Event: 12.484 GC heap after
{Heap after GC invocations=45 (full 0):
 garbage-first heap   total 114688K, used 55368K [0x0000000080000000, 0x0000000100000000)
  region size 1024K, 4 young (4096K), 4 survivors (4096K)
 Metaspace       used 74121K, committed 74752K, reserved 1114112K
  class space    used 9754K, committed 10048K, reserved 1048576K
}
Event: 12.742 GC heap before
{Heap before GC invocations=45 (full 0):
 garbage-first heap   total 114688K, used 95304K [0x0000000080000000, 0x0000000100000000)
  region size 1024K, 43 young (44032K), 4 survivors (4096K)
 Metaspace       used 75913K, committed 76544K, reserved 1122304K
  class space    used 9998K, committed 10304K, reserved 1048576K
}
Event: 12.746 GC heap after
{Heap after GC invocations=46 (full 0):
 garbage-first heap   total 114688K, used 56263K [0x0000000080000000, 0x0000000100000000)
  region size 1024K, 4 young (4096K), 4 survivors (4096K)
 Metaspace       used 75913K, committed 76544K, reserved 1122304K
  class space    used 9998K, committed 10304K, reserved 1048576K
}
Event: 12.842 GC heap before
{Heap before GC invocations=47 (full 0):
 garbage-first heap   total 114688K, used 70599K [0x0000000080000000, 0x0000000100000000)
  region size 1024K, 19 young (19456K), 4 survivors (4096K)
 Metaspace       used 76535K, committed 77184K, reserved 1122304K
  class space    used 10081K, committed 10368K, reserved 1048576K
}
Event: 12.845 GC heap after
{Heap after GC invocations=48 (full 0):
 garbage-first heap   total 138240K, used 56739K [0x0000000080000000, 0x0000000100000000)
  region size 1024K, 4 young (4096K), 4 survivors (4096K)
 Metaspace       used 76535K, committed 77184K, reserved 1122304K
  class space    used 10081K, committed 10368K, reserved 1048576K
}
Event: 13.271 GC heap before
{Heap before GC invocations=48 (full 0):
 garbage-first heap   total 138240K, used 117155K [0x0000000080000000, 0x0000000100000000)
  region size 1024K, 62 young (63488K), 4 survivors (4096K)
 Metaspace       used 79434K, committed 80064K, reserved 1122304K
  class space    used 10655K, committed 10944K, reserved 1048576K
}
Event: 13.274 GC heap after
{Heap after GC invocations=49 (full 0):
 garbage-first heap   total 138240K, used 57676K [0x0000000080000000, 0x0000000100000000)
  region size 1024K, 5 young (5120K), 5 survivors (5120K)
 Metaspace       used 79434K, committed 80064K, reserved 1122304K
  class space    used 10655K, committed 10944K, reserved 1048576K
}
Event: 13.665 GC heap before
{Heap before GC invocations=49 (full 0):
 garbage-first heap   total 138240K, used 117068K [0x0000000080000000, 0x0000000100000000)
  region size 1024K, 63 young (64512K), 5 survivors (5120K)
 Metaspace       used 82189K, committed 82880K, reserved 1122304K
  class space    used 11079K, committed 11392K, reserved 1048576K
}
Event: 13.669 GC heap after
{Heap after GC invocations=50 (full 0):
 garbage-first heap   total 138240K, used 58996K [0x0000000080000000, 0x0000000100000000)
  region size 1024K, 5 young (5120K), 5 survivors (5120K)
 Metaspace       used 82189K, committed 82880K, reserved 1122304K
  class space    used 11079K, committed 11392K, reserved 1048576K
}
Event: 14.389 GC heap before
{Heap before GC invocations=50 (full 0):
 garbage-first heap   total 138240K, used 117364K [0x0000000080000000, 0x0000000100000000)
  region size 1024K, 62 young (63488K), 5 survivors (5120K)
 Metaspace       used 84909K, committed 85568K, reserved 1130496K
  class space    used 11470K, committed 11776K, reserved 1048576K
}
Event: 14.395 GC heap after
{Heap after GC invocations=51 (full 0):
 garbage-first heap   total 138240K, used 61530K [0x0000000080000000, 0x0000000100000000)
  region size 1024K, 7 young (7168K), 7 survivors (7168K)
 Metaspace       used 84909K, committed 85568K, reserved 1130496K
  class space    used 11470K, committed 11776K, reserved 1048576K
}

Dll operation events (3 events):
Event: 0.014 Loaded shared library C:\Program Files\Android\Android Studio1\jbr\bin\java.dll
Event: 0.015 Loaded shared library C:\Program Files\Android\Android Studio1\jbr\bin\zip.dll
Event: 0.797 Loaded shared library C:\Program Files\Android\Android Studio1\jbr\bin\verify.dll

Deoptimization events (20 events):
Event: 14.067 Thread 0x000001f71d1eeaa0 DEOPT PACKING pc=0x000001f70c404470 sp=0x00000007013f8ac0
Event: 14.067 Thread 0x000001f71d1eeaa0 DEOPT UNPACKING pc=0x000001f70bd969a3 sp=0x00000007013f8a40 mode 2
Event: 14.350 Thread 0x000001f71d1eeaa0 Uncommon trap: trap_request=0xffffffe4 fr.pc=0x000001f70c5e91cc relative=0x0000000000000f2c
Event: 14.350 Thread 0x000001f71d1eeaa0 Uncommon trap: reason=range_check action=make_not_entrant pc=0x000001f70c5e91cc method=com.android.tools.tracer.agent.objectweb.asm.ClassReader.readUnsignedShort(I)I @ 19 c2
Event: 14.350 Thread 0x000001f71d1eeaa0 DEOPT PACKING pc=0x000001f70c5e91cc sp=0x00000007013f5c10
Event: 14.350 Thread 0x000001f71d1eeaa0 DEOPT UNPACKING pc=0x000001f70bd969a3 sp=0x00000007013f5b10 mode 2
Event: 14.369 Thread 0x000001f71d1eeaa0 DEOPT PACKING pc=0x000001f70555d9d8 sp=0x00000007013f2b60
Event: 14.369 Thread 0x000001f71d1eeaa0 DEOPT UNPACKING pc=0x000001f70bd97143 sp=0x00000007013f2270 mode 0
Event: 14.444 Thread 0x000001f71d1eeaa0 Uncommon trap: trap_request=0xffffff45 fr.pc=0x000001f70c50a718 relative=0x0000000000001a38
Event: 14.444 Thread 0x000001f71d1eeaa0 Uncommon trap: reason=unstable_if action=reinterpret pc=0x000001f70c50a718 method=com.android.tools.tracer.agent.objectweb.asm.commons.AdviceAdapter.doVisitMethodInsn(ILjava/lang/String;Ljava/lang/String;)V @ 135 c2
Event: 14.444 Thread 0x000001f71d1eeaa0 DEOPT PACKING pc=0x000001f70c50a718 sp=0x00000007013f3160
Event: 14.444 Thread 0x000001f71d1eeaa0 DEOPT UNPACKING pc=0x000001f70bd969a3 sp=0x00000007013f3120 mode 2
Event: 14.452 Thread 0x000001f71d1eeaa0 Uncommon trap: trap_request=0xffffff45 fr.pc=0x000001f70c7c3664 relative=0x00000000000003c4
Event: 14.452 Thread 0x000001f71d1eeaa0 Uncommon trap: reason=unstable_if action=reinterpret pc=0x000001f70c7c3664 method=java.util.StringTokenizer.scanToken(I)I @ 42 c2
Event: 14.452 Thread 0x000001f71d1eeaa0 DEOPT PACKING pc=0x000001f70c7c3664 sp=0x00000007013f88c0
Event: 14.452 Thread 0x000001f71d1eeaa0 DEOPT UNPACKING pc=0x000001f70bd969a3 sp=0x00000007013f8850 mode 2
Event: 14.467 Thread 0x000001f71d1eeaa0 DEOPT PACKING pc=0x000001f70555e62f sp=0x00000007013f28c0
Event: 14.467 Thread 0x000001f71d1eeaa0 DEOPT UNPACKING pc=0x000001f70bd97143 sp=0x00000007013f1fd0 mode 0
Event: 14.487 Thread 0x000001f71d1eeaa0 DEOPT PACKING pc=0x000001f70555dae2 sp=0x00000007013f4460
Event: 14.487 Thread 0x000001f71d1eeaa0 DEOPT UNPACKING pc=0x000001f70bd97143 sp=0x00000007013f3b70 mode 0

Classes unloaded (0 events):
No events

Classes redefined (0 events):
No events

Internal exceptions (20 events):
Event: 9.732 Thread 0x000001f71d1eeaa0 Exception <a 'java/lang/NoSuchMethodError'{0x00000000849739a8}: 'java.lang.Object java.lang.invoke.DirectMethodHandle$Holder.newInvokeSpecial(java.lang.Object, java.lang.Object, java.lang.Object, java.lang.Object, int)'> (0x00000000849739a8) 
thrown [s\src\hotspot\share\interpreter\linkResolver.cpp, line 771]
Event: 9.733 Thread 0x000001f71d1eeaa0 Exception <a 'java/lang/NoSuchMethodError'{0x0000000084978df0}: 'java.lang.Object java.lang.invoke.DirectMethodHandle$Holder.invokeSpecial(java.lang.Object, java.lang.Object, java.lang.Object, java.lang.Object, java.lang.Object, int)'> (0x0000000084978df0) 
thrown [s\src\hotspot\share\interpreter\linkResolver.cpp, line 771]
Event: 9.733 Thread 0x000001f71d1eeaa0 Exception <a 'java/lang/NoSuchMethodError'{0x000000008497db70}: 'java.lang.Object java.lang.invoke.Invokers$Holder.linkToTargetMethod(java.lang.Object, java.lang.Object, java.lang.Object, int, java.lang.Object)'> (0x000000008497db70) 
thrown [s\src\hotspot\share\interpreter\linkResolver.cpp, line 771]
Event: 9.975 Thread 0x000001f71d1eeaa0 Exception <a 'java/lang/NoSuchMethodError'{0x000000008462bfb8}: 'int java.lang.invoke.DirectMethodHandle$Holder.invokeInterface(java.lang.Object, java.lang.Object, java.lang.Object, java.lang.Object)'> (0x000000008462bfb8) 
thrown [s\src\hotspot\share\interpreter\linkResolver.cpp, line 771]
Event: 10.663 Thread 0x000001f71d1eeaa0 Exception <a 'java/lang/IncompatibleClassChangeError'{0x0000000083d7ae30}: Found class java.lang.Object, but interface was expected> (0x0000000083d7ae30) 
thrown [s\src\hotspot\share\interpreter\linkResolver.cpp, line 838]
Event: 10.747 Thread 0x000001f71d1eeaa0 Implicit null exception at 0x000001f70c7356d4 to 0x000001f70c735a78
Event: 10.747 Thread 0x000001f71d1eeaa0 Implicit null exception at 0x000001f70c6535f1 to 0x000001f70c6554d0
Event: 10.965 Thread 0x000001f71d1eeaa0 Implicit null exception at 0x000001f70c4c6a0c to 0x000001f70c4c6b42
Event: 11.082 Thread 0x000001f71d1eeaa0 Exception <a 'sun/nio/fs/WindowsException'{0x00000000852a04d0}> (0x00000000852a04d0) 
thrown [s\src\hotspot\share\prims\jni.cpp, line 517]
Event: 11.586 Thread 0x000001f71d1eeaa0 Implicit null exception at 0x000001f70c5d3cc8 to 0x000001f70c5d3d88
Event: 13.244 Thread 0x000001f71d1edc30 Implicit null exception at 0x000001f70c2fbed5 to 0x000001f70c2fc490
Event: 13.340 Thread 0x000001f71d1eeaa0 Exception <a 'java/lang/NoSuchMethodError'{0x0000000087ec72e0}: 'int java.lang.invoke.DirectMethodHandle$Holder.invokeSpecialIFC(java.lang.Object, java.lang.Object, java.lang.Object, java.lang.Object, java.lang.Object)'> (0x0000000087ec72e0) 
thrown [s\src\hotspot\share\interpreter\linkResolver.cpp, line 771]
Event: 13.533 Thread 0x000001f71d1eeaa0 Exception <a 'java/lang/ClassNotFoundException'{0x0000000085fd9b48}: com/android/build/gradle/internal/api/ApkVariantOutputImpl_DecoratedBeanInfo> (0x0000000085fd9b48) 
thrown [s\src\hotspot\share\classfile\systemDictionary.cpp, line 256]
Event: 13.533 Thread 0x000001f71d1eeaa0 Exception <a 'java/lang/ClassNotFoundException'{0x0000000085fe7280}: com/android/build/gradle/internal/api/ApkVariantOutputImplBeanInfo> (0x0000000085fe7280) 
thrown [s\src\hotspot\share\classfile\systemDictionary.cpp, line 256]
Event: 13.534 Thread 0x000001f71d1eeaa0 Exception <a 'java/lang/ClassNotFoundException'{0x0000000085ff4c70}: com/android/build/gradle/internal/api/BaseVariantOutputImplBeanInfo> (0x0000000085ff4c70) 
thrown [s\src\hotspot\share\classfile\systemDictionary.cpp, line 256]
Event: 13.534 Thread 0x000001f71d1eeaa0 Exception <a 'java/lang/ClassNotFoundException'{0x0000000085e02b18}: com/android/build/gradle/internal/api/BaseVariantOutputImplCustomizer> (0x0000000085e02b18) 
thrown [s\src\hotspot\share\classfile\systemDictionary.cpp, line 256]
Event: 13.535 Thread 0x000001f71d1eeaa0 Exception <a 'java/lang/ClassNotFoundException'{0x0000000085e233e0}: com/android/build/gradle/internal/api/ApkVariantOutputImplCustomizer> (0x0000000085e233e0) 
thrown [s\src\hotspot\share\classfile\systemDictionary.cpp, line 256]
Event: 13.537 Thread 0x000001f71d1eeaa0 Exception <a 'java/lang/ClassNotFoundException'{0x0000000085e3e4f8}: com/android/build/gradle/internal/api/ApkVariantOutputImpl_DecoratedCustomizer> (0x0000000085e3e4f8) 
thrown [s\src\hotspot\share\classfile\systemDictionary.cpp, line 256]
Event: 13.544 Thread 0x000001f71d1eeaa0 Exception <a 'java/lang/NoClassDefFoundError'{0x0000000085da53b8}: org/jetbrains/kotlin/gradle/plugin/KotlinBasePluginWrapper> (0x0000000085da53b8) 
thrown [s\src\hotspot\share\classfile\systemDictionary.cpp, line 245]
Event: 14.279 Thread 0x000001f71d1eeaa0 Exception <a 'sun/nio/fs/WindowsException'{0x0000000085671948}> (0x0000000085671948) 
thrown [s\src\hotspot\share\prims\jni.cpp, line 517]

VM Operations (20 events):
Event: 12.779 Executing VM operation: G1Concurrent
Event: 12.779 Executing VM operation: G1Concurrent done
Event: 12.842 Executing VM operation: G1TryInitiateConcMark
Event: 12.845 Executing VM operation: G1TryInitiateConcMark done
Event: 13.248 Executing VM operation: HandshakeAllThreads
Event: 13.249 Executing VM operation: HandshakeAllThreads done
Event: 13.270 Executing VM operation: G1CollectForAllocation
Event: 13.274 Executing VM operation: G1CollectForAllocation done
Event: 13.598 Executing VM operation: HandshakeAllThreads
Event: 13.598 Executing VM operation: HandshakeAllThreads done
Event: 13.664 Executing VM operation: G1CollectForAllocation
Event: 13.669 Executing VM operation: G1CollectForAllocation done
Event: 13.844 Executing VM operation: HandshakeAllThreads
Event: 13.844 Executing VM operation: HandshakeAllThreads done
Event: 13.958 Executing VM operation: ICBufferFull
Event: 13.958 Executing VM operation: ICBufferFull done
Event: 14.096 Executing VM operation: HandshakeAllThreads
Event: 14.097 Executing VM operation: HandshakeAllThreads done
Event: 14.388 Executing VM operation: G1CollectForAllocation
Event: 14.395 Executing VM operation: G1CollectForAllocation done

Events (20 events):
Event: 14.501 loading class com/sun/xml/bind/v2/model/runtime/RuntimeTypeInfoSet
Event: 14.501 loading class com/sun/xml/bind/v2/model/runtime/RuntimeTypeInfoSet done
Event: 14.502 loading class com/sun/xml/bind/v2/model/impl/ArrayInfoImpl
Event: 14.502 loading class com/sun/xml/bind/v2/model/impl/ArrayInfoImpl done
Event: 14.502 loading class com/sun/xml/bind/v2/model/core/ArrayInfo
Event: 14.502 loading class com/sun/xml/bind/v2/model/core/ArrayInfo done
Event: 14.502 loading class com/sun/xml/bind/v2/runtime/Location
Event: 14.502 loading class com/sun/xml/bind/v2/runtime/Location done
Event: 14.503 loading class com/sun/xml/bind/v2/model/impl/RuntimeArrayInfoImpl
Event: 14.503 loading class com/sun/xml/bind/v2/model/impl/RuntimeArrayInfoImpl done
Event: 14.503 loading class com/sun/xml/bind/v2/model/runtime/RuntimeArrayInfo
Event: 14.503 loading class com/sun/xml/bind/v2/model/runtime/RuntimeArrayInfo done
Event: 14.503 loading class com/sun/xml/bind/v2/model/impl/EnumLeafInfoImpl
Event: 14.503 loading class com/sun/xml/bind/v2/model/impl/EnumLeafInfoImpl done
Event: 14.504 loading class com/sun/xml/bind/v2/model/core/EnumLeafInfo
Event: 14.504 loading class com/sun/xml/bind/v2/model/core/EnumLeafInfo done
Event: 14.504 loading class com/sun/xml/bind/v2/model/impl/RuntimeEnumLeafInfoImpl
Event: 14.504 loading class com/sun/xml/bind/v2/model/impl/RuntimeEnumLeafInfoImpl done
Event: 14.505 loading class com/sun/xml/bind/v2/model/runtime/RuntimeEnumLeafInfo
Event: 14.505 loading class com/sun/xml/bind/v2/model/runtime/RuntimeEnumLeafInfo done


Dynamic libraries:
0x00007ff606b90000 - 0x00007ff606b9a000 	C:\Program Files\Android\Android Studio1\jbr\bin\java.exe
0x00007ffa3b310000 - 0x00007ffa3b524000 	C:\WINDOWS\SYSTEM32\ntdll.dll
0x00007ffa39e60000 - 0x00007ffa39f24000 	C:\WINDOWS\System32\KERNEL32.DLL
0x00007ffa38800000 - 0x00007ffa38ba4000 	C:\WINDOWS\System32\KERNELBASE.dll
0x00007ffa353f0000 - 0x00007ffa35487000 	C:\WINDOWS\SYSTEM32\apphelp.dll
0x00007ffa38bb0000 - 0x00007ffa38cc1000 	C:\WINDOWS\System32\ucrtbase.dll
0x00007ffa25d20000 - 0x00007ffa25d37000 	C:\Program Files\Android\Android Studio1\jbr\bin\jli.dll
0x00007ffa25d60000 - 0x00007ffa25d7b000 	C:\Program Files\Android\Android Studio1\jbr\bin\VCRUNTIME140.dll
0x00007ffa39ab0000 - 0x00007ffa39c5e000 	C:\WINDOWS\System32\USER32.dll
0x00007ffa1f5d0000 - 0x00007ffa1f863000 	C:\WINDOWS\WinSxS\amd64_microsoft.windows.common-controls_6595b64144ccf1df_6.0.22621.2215_none_270d72677387dfc3\COMCTL32.dll
0x00007ffa386c0000 - 0x00007ffa386e6000 	C:\WINDOWS\System32\win32u.dll
0x00007ffa3b220000 - 0x00007ffa3b2c7000 	C:\WINDOWS\System32\msvcrt.dll
0x00007ffa396b0000 - 0x00007ffa396d9000 	C:\WINDOWS\System32\GDI32.dll
0x00007ffa38d90000 - 0x00007ffa38ea8000 	C:\WINDOWS\System32\gdi32full.dll
0x00007ffa38760000 - 0x00007ffa387fa000 	C:\WINDOWS\System32\msvcp_win.dll
0x00007ffa396e0000 - 0x00007ffa39711000 	C:\WINDOWS\System32\IMM32.DLL
0x00007ffa25d50000 - 0x00007ffa25d5c000 	C:\Program Files\Android\Android Studio1\jbr\bin\vcruntime140_1.dll
0x00007ff9e02d0000 - 0x00007ff9e035d000 	C:\Program Files\Android\Android Studio1\jbr\bin\msvcp140.dll
0x00007ff9bc8b0000 - 0x00007ff9bd51e000 	C:\Program Files\Android\Android Studio1\jbr\bin\server\jvm.dll
0x00007ffa39120000 - 0x00007ffa391d0000 	C:\WINDOWS\System32\ADVAPI32.dll
0x00007ffa39500000 - 0x00007ffa395a6000 	C:\WINDOWS\System32\sechost.dll
0x00007ffa3a760000 - 0x00007ffa3a877000 	C:\WINDOWS\System32\RPCRT4.dll
0x00007ffa35680000 - 0x00007ffa35689000 	C:\WINDOWS\SYSTEM32\WSOCK32.dll
0x00007ffa30a00000 - 0x00007ffa30a0a000 	C:\WINDOWS\SYSTEM32\VERSION.dll
0x00007ffa35fd0000 - 0x00007ffa36004000 	C:\WINDOWS\SYSTEM32\WINMM.dll
0x00007ffa39de0000 - 0x00007ffa39e51000 	C:\WINDOWS\System32\WS2_32.dll
0x00007ffa376c0000 - 0x00007ffa376d8000 	C:\WINDOWS\SYSTEM32\kernel.appcore.dll
0x00007ffa30800000 - 0x00007ffa3080a000 	C:\Program Files\Android\Android Studio1\jbr\bin\jimage.dll
0x00007ffa35d10000 - 0x00007ffa35f3e000 	C:\WINDOWS\SYSTEM32\DBGHELP.DLL
0x00007ffa39720000 - 0x00007ffa39aaa000 	C:\WINDOWS\System32\combase.dll
0x00007ffa3a890000 - 0x00007ffa3a967000 	C:\WINDOWS\System32\OLEAUT32.dll
0x00007ffa35f90000 - 0x00007ffa35fc2000 	C:\WINDOWS\SYSTEM32\dbgcore.DLL
0x00007ffa39020000 - 0x00007ffa3909a000 	C:\WINDOWS\System32\bcryptPrimitives.dll
0x00007ffa2a860000 - 0x00007ffa2a86e000 	C:\Program Files\Android\Android Studio1\jbr\bin\instrument.dll
0x00007ffa250d0000 - 0x00007ffa250f5000 	C:\Program Files\Android\Android Studio1\jbr\bin\java.dll
0x00007ffa1f8c0000 - 0x00007ffa1f8d8000 	C:\Program Files\Android\Android Studio1\jbr\bin\zip.dll
0x00007ffa3a9f0000 - 0x00007ffa3b213000 	C:\WINDOWS\System32\SHELL32.dll
0x00007ffa36600000 - 0x00007ffa36eea000 	C:\WINDOWS\SYSTEM32\windows.storage.dll
0x00007ffa364c0000 - 0x00007ffa365fe000 	C:\WINDOWS\SYSTEM32\wintypes.dll
0x00007ffa395b0000 - 0x00007ffa396a3000 	C:\WINDOWS\System32\SHCORE.dll
0x00007ffa39320000 - 0x00007ffa3937e000 	C:\WINDOWS\System32\shlwapi.dll
0x00007ffa385f0000 - 0x00007ffa38616000 	C:\WINDOWS\SYSTEM32\profapi.dll
0x00007ffa29180000 - 0x00007ffa29189000 	C:\Program Files\Android\Android Studio1\jbr\bin\management.dll
0x00007ffa26500000 - 0x00007ffa2650b000 	C:\Program Files\Android\Android Studio1\jbr\bin\management_ext.dll
0x00007ffa393e0000 - 0x00007ffa393e8000 	C:\WINDOWS\System32\PSAPI.DLL
0x00007ffa157c0000 - 0x00007ffa157d9000 	C:\Program Files\Android\Android Studio1\jbr\bin\net.dll
0x00007ffa30c20000 - 0x00007ffa30d57000 	C:\WINDOWS\SYSTEM32\WINHTTP.dll
0x00007ffa37b90000 - 0x00007ffa37bf9000 	C:\WINDOWS\system32\mswsock.dll
0x00007ffa106e0000 - 0x00007ffa106f6000 	C:\Program Files\Android\Android Studio1\jbr\bin\nio.dll
0x00007ffa18f10000 - 0x00007ffa18f27000 	C:\WINDOWS\system32\napinsp.dll
0x00007ffa18ef0000 - 0x00007ffa18f0b000 	C:\WINDOWS\system32\pnrpnsp.dll
0x00007ffa371c0000 - 0x00007ffa372b2000 	C:\WINDOWS\SYSTEM32\DNSAPI.dll
0x00007ffa37150000 - 0x00007ffa3717d000 	C:\WINDOWS\SYSTEM32\IPHLPAPI.DLL
0x00007ffa394f0000 - 0x00007ffa394f9000 	C:\WINDOWS\System32\NSI.dll
0x00007ffa18ed0000 - 0x00007ffa18ee1000 	C:\WINDOWS\System32\winrnr.dll
0x00007ffa0fd70000 - 0x00007ffa0fd85000 	C:\WINDOWS\system32\wshbth.dll
0x00007ffa0fd40000 - 0x00007ffa0fd61000 	C:\WINDOWS\system32\nlansp_c.dll
0x00007ffa30960000 - 0x00007ffa3096a000 	C:\Windows\System32\rasadhlp.dll
0x00007ffa305a0000 - 0x00007ffa30624000 	C:\WINDOWS\System32\fwpuclnt.dll
0x00007ffa26270000 - 0x00007ffa26280000 	C:\Program Files\Android\Android Studio1\jbr\bin\verify.dll
0x00007ff9eb330000 - 0x00007ff9eb357000 	C:\Users\aditi\AndroidStudioProjects\HelloWorld\gradle\native\68d5fa5c4cc2d200863cafc0d521ce42e7d3e7ee720ec0a83991735586a16f82\windows-amd64\native-platform.dll
0x00007ff9cfe10000 - 0x00007ff9cff54000 	C:\Users\aditi\AndroidStudioProjects\HelloWorld\gradle\native\e376f236ea51e6404a007f0833ffe2c6e607c4080706a723a18a27aeea778392\windows-amd64\native-platform-file-events.dll
0x00007ffa37e50000 - 0x00007ffa37e6b000 	C:\WINDOWS\SYSTEM32\CRYPTSP.dll
0x00007ffa37680000 - 0x00007ffa376b5000 	C:\WINDOWS\system32\rsaenh.dll
0x00007ffa37cf0000 - 0x00007ffa37d1c000 	C:\WINDOWS\SYSTEM32\USERENV.dll
0x00007ffa38090000 - 0x00007ffa380b8000 	C:\WINDOWS\SYSTEM32\bcrypt.dll
0x00007ffa37e70000 - 0x00007ffa37e7c000 	C:\WINDOWS\SYSTEM32\CRYPTBASE.dll
0x00007ffa30ba0000 - 0x00007ffa30bb9000 	C:\WINDOWS\SYSTEM32\dhcpcsvc6.DLL
0x00007ffa30b80000 - 0x00007ffa30b9f000 	C:\WINDOWS\SYSTEM32\dhcpcsvc.DLL
0x00007ffa20290000 - 0x00007ffa20298000 	C:\WINDOWS\system32\wshunix.dll

dbghelp: loaded successfully - version: 4.0.5 - missing functions: none
symbol engine: initialized successfully - sym options: 0x614 - pdb path: .;C:\Program Files\Android\Android Studio1\jbr\bin;C:\WINDOWS\SYSTEM32;C:\WINDOWS\WinSxS\amd64_microsoft.windows.common-controls_6595b64144ccf1df_6.0.22621.2215_none_270d72677387dfc3;C:\Program Files\Android\Android Studio1\jbr\bin\server;C:\Users\aditi\AndroidStudioProjects\HelloWorld\gradle\native\68d5fa5c4cc2d200863cafc0d521ce42e7d3e7ee720ec0a83991735586a16f82\windows-amd64;C:\Users\aditi\AndroidStudioProjects\HelloWorld\gradle\native\e376f236ea51e6404a007f0833ffe2c6e607c4080706a723a18a27aeea778392\windows-amd64

VM Arguments:
jvm_args: --add-opens=java.base/java.util.concurrent.atomic=ALL-UNNAMED -javaagent:C:\Program Files\Android\Android Studio\plugins\android\resources\trace_agent.jar=C:\Users\aditi\AppData\Local\Temp\sync.trace.profile --add-opens=java.base/java.util=ALL-UNNAMED --add-opens=java.base/java.lang=ALL-UNNAMED --add-opens=java.base/java.lang.invoke=ALL-UNNAMED --add-opens=java.prefs/java.util.prefs=ALL-UNNAMED --add-opens=java.base/java.nio.charset=ALL-UNNAMED --add-opens=java.base/java.net=ALL-UNNAMED --add-opens=java.base/java.util.concurrent.atomic=ALL-UNNAMED -Xmx2048m -Dfile.encoding=UTF-8 -Duser.country=US -Duser.language=en -Duser.variant 
java_command: org.gradle.launcher.daemon.bootstrap.GradleDaemon 8.0
java_class_path (initial): C:\Users\aditi\AndroidStudioProjects\HelloWorld\gradle\wrapper\dists\gradle-8.0-bin\ca5e32bp14vu59qr306oxotwh\gradle-8.0\lib\gradle-launcher-8.0.jar
Launcher Type: SUN_STANDARD

[Global flags]
     intx CICompilerCount                          = 4                                         {product} {ergonomic}
     uint ConcGCThreads                            = 3                                         {product} {ergonomic}
     uint G1ConcRefinementThreads                  = 10                                        {product} {ergonomic}
   size_t G1HeapRegionSize                         = 1048576                                   {product} {ergonomic}
    uintx GCDrainStackTargetSize                   = 64                                        {product} {ergonomic}
   size_t InitialHeapSize                          = 98566144                                  {product} {ergonomic}
   size_t MarkStackSize                            = 4194304                                   {product} {ergonomic}
   size_t MaxHeapSize                              = 2147483648                                {product} {command line}
   size_t MaxNewSize                               = 1287651328                                {product} {ergonomic}
   size_t MinHeapDeltaBytes                        = 1048576                                   {product} {ergonomic}
   size_t MinHeapSize                              = 8388608                                   {product} {ergonomic}
    uintx NonNMethodCodeHeapSize                   = 5839372                                {pd product} {ergonomic}
    uintx NonProfiledCodeHeapSize                  = 122909434                              {pd product} {ergonomic}
    uintx ProfiledCodeHeapSize                     = 122909434                              {pd product} {ergonomic}
    uintx ReservedCodeCacheSize                    = 251658240                              {pd product} {ergonomic}
     bool SegmentedCodeCache                       = true                                      {product} {ergonomic}
   size_t SoftMaxHeapSize                          = 2147483648                             {manageable} {ergonomic}
     bool UseCompressedClassPointers               = true                           {product lp64_product} {ergonomic}
     bool UseCompressedOops                        = true                           {product lp64_product} {ergonomic}
     bool UseG1GC                                  = true                                      {product} {ergonomic}
     bool UseLargePagesIndividualAllocation        = false                                  {pd product} {ergonomic}

Logging:
Log output configuration:
 #0: stdout all=warning uptime,level,tags
 #1: stderr all=off uptime,level,tags

Environment Variables:
PATH=C:\Program Files (x86)\VMware\VMware Player\bin\;C:\Program Files\Common Files\Oracle\Java\javapath;C:\Program Files (x86)\Common Files\Oracle\Java\javapath;C:\WINDOWS\system32;C:\WINDOWS;C:\WINDOWS\System32\Wbem;C:\WINDOWS\System32\WindowsPowerShell\v1.0\;C:\WINDOWS\System32\OpenSSH\;C:\Program Files\Git\cmd;C:\Program Files\Java\jdk-19\bin;C:\Program Files\Java\jdk-19\bin;;C:\Program Files\Microchip\xc8\v2.36\bin;C:\Users\aditi\AppData\Local\Programs\Python\Python311\Scripts\;C:\Users\aditi\AppData\Local\Programs\Python\Python311\;C:\Users\aditi\AppData\Local\Programs\Python\Python310\Scripts\;C:\Users\aditi\AppData\Local\Programs\Python\Python310\;C:\Users\aditi\AppData\Local\Microsoft\WindowsApps;C:\Users\aditi\AppData\Local\Microsoft\WindowsApps;C:\Program Files\Java\jdk-19\bin;C:\Program Files\Java\jdk-19\bin;C:\Users\aditi\AppData\Local\Programs\Microsoft VS Code\bin;C:\MinGW\bin;
USERNAME=aditi
OS=Windows_NT
PROCESSOR_IDENTIFIER=AMD64 Family 23 Model 104 Stepping 1, AuthenticAMD
TMP=C:\Users\aditi\AppData\Local\Temp
TEMP=C:\Users\aditi\AppData\Local\Temp


JNI global refs:
JNI global refs: 24, weak refs: 5

JNI global refs memory usage: 843, weak refs: 841


---------------  S Y S T E M  ---------------

OS:
 Windows 11 , 64 bit Build 22621 (10.0.22621.2215)
OS uptime: 2 days 3:12 hours
Hyper-V role detected

CPU: total 12 (initial active 12) (12 cores per cpu, 2 threads per core) family 23 model 104 stepping 1 microcode 0x0, cx8, cmov, fxsr, ht, mmx, 3dnowpref, sse, sse2, sse3, ssse3, sse4a, sse4.1, sse4.2, popcnt, lzcnt, tsc, tscinvbit, avx, avx2, aes, clmul, bmi1, bmi2, adx, sha, fma, vzeroupper, clflush, clflushopt, hv

Memory: 4k page, system-wide physical 6005M (122M free)
TotalPageFile size 24437M (AvailPageFile size 5M)
current process WorkingSet (physical memory assigned to process): 370M, peak: 373M
current process commit charge ("private bytes"): 413M, peak: 417M

vm_info: OpenJDK 64-Bit Server VM (17.0.6+0-b2043.56-10027231) for windows-amd64 JRE (17.0.6+0-b2043.56-10027231), built on Apr 28 2023 00:43:19 by "androidbuild" with MS VC++ 16.10 / 16.11 (VS2019)

END.
