#
# There is insufficient memory for the Java Runtime Environment to continue.
# Native memory allocation (malloc) failed to allocate 1411008 bytes for Chunk::new
# Possible reasons:
#   The system is out of physical RAM or swap space
#   The process is running with CompressedOops enabled, and the Java Heap may be blocking the growth of the native heap
# Possible solutions:
#   Reduce memory load on the system
#   Increase physical memory or swap space
#   Check if swap backing store is full
#   Decrease Java heap size (-Xmx/-Xms)
#   Decrease number of Java threads
#   Decrease Java thread stack sizes (-Xss)
#   Set larger code cache with -XX:ReservedCodeCacheSize=
#   JVM is running with Unscaled Compressed Oops mode in which the Java heap is
#     placed in the first 4GB address space. The Java Heap base address is the
#     maximum limit for the native heap growth. Please use -XX:HeapBaseMinAddress
#     to set the Java Heap base and to place the Java Heap above 4GB virtual address.
# This output file may be truncated or incomplete.
#
#  Out of Memory Error (arena.cpp:189), pid=308, tid=22628
#
# JRE version: OpenJDK Runtime Environment (17.0.6) (build 17.0.6+0-b2043.56-10027231)
# Java VM: OpenJDK 64-Bit Server VM (17.0.6+0-b2043.56-10027231, mixed mode, tiered, compressed oops, compressed class ptrs, g1 gc, windows-amd64)
# No core dump will be written. Minidumps are not enabled by default on client versions of Windows
#

---------------  S U M M A R Y ------------

Command Line: --add-opens=java.base/java.util.concurrent.atomic=ALL-UNNAMED -javaagent:C:\Program Files\Android\Android Studio\plugins\android\resources\trace_agent.jar=C:\Users\aditi\AppData\Local\Temp\sync.trace.profile --add-opens=java.base/java.util=ALL-UNNAMED --add-opens=java.base/java.lang=ALL-UNNAMED --add-opens=java.base/java.lang.invoke=ALL-UNNAMED --add-opens=java.prefs/java.util.prefs=ALL-UNNAMED --add-opens=java.base/java.nio.charset=ALL-UNNAMED --add-opens=java.base/java.net=ALL-UNNAMED --add-opens=java.base/java.util.concurrent.atomic=ALL-UNNAMED -Xmx2048m -Dfile.encoding=UTF-8 -Duser.country=US -Duser.language=en -Duser.variant org.gradle.launcher.daemon.bootstrap.GradleDaemon 8.0

Host: AMD Ryzen 5 5500U with Radeon Graphics         , 12 cores, 5G,  Windows 11 , 64 bit Build 22621 (10.0.22621.2215)
Time: Sun Aug 27 17:38:58 2023 India Standard Time elapsed time: 6.421029 seconds (0d 0h 0m 6s)

---------------  T H R E A D  ---------------

Current thread (0x00000212ffc37c50):  JavaThread "C2 CompilerThread0" daemon [_thread_in_native, id=22628, stack(0x0000003f8b600000,0x0000003f8b700000)]


Current CompileTask:
C2:   6421 3770       4       java.util.AbstractCollection::addAll (42 bytes)

Stack: [0x0000003f8b600000,0x0000003f8b700000]
Native frames: (J=compiled Java code, j=interpreted, Vv=VM code, C=native code)
V  [jvm.dll+0x683c9a]
V  [jvm.dll+0x8427a4]
V  [jvm.dll+0x843f9e]
V  [jvm.dll+0x844603]
V  [jvm.dll+0x249b75]
V  [jvm.dll+0xabcac]
V  [jvm.dll+0xac27c]
V  [jvm.dll+0x368857]
V  [jvm.dll+0x332f31]
V  [jvm.dll+0x3323da]
V  [jvm.dll+0x21c201]
V  [jvm.dll+0x21b621]
V  [jvm.dll+0x1a4fdd]
V  [jvm.dll+0x22b098]
V  [jvm.dll+0x229159]
V  [jvm.dll+0x7f81ec]
V  [jvm.dll+0x7f274a]
V  [jvm.dll+0x682ad5]
C  [ucrtbase.dll+0x29363]
C  [KERNEL32.DLL+0x1257d]
C  [ntdll.dll+0x5aa68]


---------------  P R O C E S S  ---------------

Threads class SMR info:
_java_thread_list=0x000002129595d500, length=37, elements={
0x00000212f5edb610, 0x00000212ffc13020, 0x00000212ffc13e90, 0x00000212ffc3c390,
0x00000212ffc323e0, 0x00000212ffc33cb0, 0x00000212ffc34570, 0x00000212ffc37c50,
0x00000212ffc3f900, 0x00000212ffc40700, 0x00000212ffd845f0, 0x00000212fffc2d00,
0x00000212914e1740, 0x00000212917dde20, 0x0000021292e6c410, 0x0000021292e6f430,
0x0000021292e6e0f0, 0x0000021292e6bf40, 0x0000021292e6c8e0, 0x0000021292e6ba70,
0x0000021292e6ea90, 0x0000021292e6dc20, 0x0000021292e6e5c0, 0x0000021292e6cdb0,
0x0000021296472c90, 0x0000021296470140, 0x0000021296471480, 0x0000021296471e20,
0x000002129646f2d0, 0x0000021296470ae0, 0x00000212964722f0, 0x00000212964727c0,
0x0000021292e6d280, 0x0000021292e6ef60, 0x0000021296470fb0, 0x000002129218cc70,
0x000002129218a120
}

Java Threads: ( => current thread )
  0x00000212f5edb610 JavaThread "main" [_thread_blocked, id=27480, stack(0x0000003f8a900000,0x0000003f8aa00000)]
  0x00000212ffc13020 JavaThread "Reference Handler" daemon [_thread_blocked, id=21868, stack(0x0000003f8b000000,0x0000003f8b100000)]
  0x00000212ffc13e90 JavaThread "Finalizer" daemon [_thread_blocked, id=15084, stack(0x0000003f8b100000,0x0000003f8b200000)]
  0x00000212ffc3c390 JavaThread "Signal Dispatcher" daemon [_thread_blocked, id=31128, stack(0x0000003f8b200000,0x0000003f8b300000)]
  0x00000212ffc323e0 JavaThread "Attach Listener" daemon [_thread_blocked, id=8844, stack(0x0000003f8b300000,0x0000003f8b400000)]
  0x00000212ffc33cb0 JavaThread "Service Thread" daemon [_thread_blocked, id=21568, stack(0x0000003f8b400000,0x0000003f8b500000)]
  0x00000212ffc34570 JavaThread "Monitor Deflation Thread" daemon [_thread_blocked, id=21236, stack(0x0000003f8b500000,0x0000003f8b600000)]
=>0x00000212ffc37c50 JavaThread "C2 CompilerThread0" daemon [_thread_in_native, id=22628, stack(0x0000003f8b600000,0x0000003f8b700000)]
  0x00000212ffc3f900 JavaThread "C1 CompilerThread0" daemon [_thread_blocked, id=24872, stack(0x0000003f8b700000,0x0000003f8b800000)]
  0x00000212ffc40700 JavaThread "Sweeper thread" daemon [_thread_blocked, id=28972, stack(0x0000003f8b800000,0x0000003f8b900000)]
  0x00000212ffd845f0 JavaThread "Common-Cleaner" daemon [_thread_blocked, id=30772, stack(0x0000003f8b900000,0x0000003f8ba00000)]
  0x00000212fffc2d00 JavaThread "C2 CompilerThread1" daemon [_thread_in_native, id=23940, stack(0x0000003f8ba00000,0x0000003f8bb00000)]
  0x00000212914e1740 JavaThread "C2 CompilerThread2" daemon [_thread_in_native, id=20404, stack(0x0000003f8bb00000,0x0000003f8bc00000)]
  0x00000212917dde20 JavaThread "Notification Thread" daemon [_thread_blocked, id=24684, stack(0x0000003f8bc00000,0x0000003f8bd00000)]
  0x0000021292e6c410 JavaThread "Daemon health stats" [_thread_blocked, id=2564, stack(0x0000003f8c200000,0x0000003f8c300000)]
  0x0000021292e6f430 JavaThread "Incoming local TCP Connector on port 65452" [_thread_in_native, id=1692, stack(0x0000003f8c600000,0x0000003f8c700000)]
  0x0000021292e6e0f0 JavaThread "Daemon periodic checks" [_thread_blocked, id=11276, stack(0x0000003f8c700000,0x0000003f8c800000)]
  0x0000021292e6bf40 JavaThread "Daemon" [_thread_blocked, id=20672, stack(0x0000003f8c800000,0x0000003f8c900000)]
  0x0000021292e6c8e0 JavaThread "Handler for socket connection from /127.0.0.1:65452 to /127.0.0.1:65453" [_thread_in_native, id=28764, stack(0x0000003f8c900000,0x0000003f8ca00000)]
  0x0000021292e6ba70 JavaThread "Cancel handler" [_thread_blocked, id=19460, stack(0x0000003f8cc00000,0x0000003f8cd00000)]
  0x0000021292e6ea90 JavaThread "Daemon worker" [_thread_in_native, id=23580, stack(0x0000003f8cd00000,0x0000003f8ce00000)]
  0x0000021292e6dc20 JavaThread "Asynchronous log dispatcher for DefaultDaemonConnection: socket connection from /127.0.0.1:65452 to /127.0.0.1:65453" [_thread_blocked, id=20064, stack(0x0000003f8ce00000,0x0000003f8cf00000)]
  0x0000021292e6e5c0 JavaThread "Stdin handler" [_thread_blocked, id=31840, stack(0x0000003f8cf00000,0x0000003f8d000000)]
  0x0000021292e6cdb0 JavaThread "Daemon client event forwarder" [_thread_blocked, id=31044, stack(0x0000003f8d000000,0x0000003f8d100000)]
  0x0000021296472c90 JavaThread "Cache worker for journal cache (C:\Users\aditi\AndroidStudioProjects\HelloWorld\gradle\caches\journal-1)" [_thread_blocked, id=9436, stack(0x0000003f8d300000,0x0000003f8d400000)]
  0x0000021296470140 JavaThread "File lock request listener" [_thread_in_native, id=32196, stack(0x0000003f8d400000,0x0000003f8d500000)]
  0x0000021296471480 JavaThread "Cache worker for file hash cache (C:\Users\aditi\AndroidStudioProjects\HelloWorld\gradle\caches\8.0\fileHashes)" [_thread_blocked, id=16064, stack(0x0000003f8d500000,0x0000003f8d600000)]
  0x0000021296471e20 JavaThread "File watcher server" daemon [_thread_in_native, id=22884, stack(0x0000003f8d600000,0x0000003f8d700000)]
  0x000002129646f2d0 JavaThread "File watcher consumer" daemon [_thread_blocked, id=9460, stack(0x0000003f8d700000,0x0000003f8d800000)]
  0x0000021296470ae0 JavaThread "Cache worker for checksums cache (C:\Users\aditi\AndroidStudioProjects\TicTacToe\.gradle\8.0\checksums)" [_thread_blocked, id=21132, stack(0x0000003f8d800000,0x0000003f8d900000)]
  0x00000212964722f0 JavaThread "Cache worker for cache directory md-rule (C:\Users\aditi\AndroidStudioProjects\HelloWorld\gradle\caches\8.0\md-rule)" [_thread_blocked, id=18472, stack(0x0000003f8d900000,0x0000003f8da00000)]
  0x00000212964727c0 JavaThread "Cache worker for file content cache (C:\Users\aditi\AndroidStudioProjects\HelloWorld\gradle\caches\8.0\fileContent)" [_thread_blocked, id=24356, stack(0x0000003f8da00000,0x0000003f8db00000)]
  0x0000021292e6d280 JavaThread "Cache worker for file hash cache (C:\Users\aditi\AndroidStudioProjects\TicTacToe\.gradle\8.0\fileHashes)" [_thread_blocked, id=5372, stack(0x0000003f8db00000,0x0000003f8dc00000)]
  0x0000021292e6ef60 JavaThread "Cache worker for cache directory md-supplier (C:\Users\aditi\AndroidStudioProjects\HelloWorld\gradle\caches\8.0\md-supplier)" [_thread_blocked, id=3600, stack(0x0000003f8dc00000,0x0000003f8dd00000)]
  0x0000021296470fb0 JavaThread "Cache worker for execution history cache (C:\Users\aditi\AndroidStudioProjects\HelloWorld\gradle\caches\8.0\executionHistory)" [_thread_blocked, id=32172, stack(0x0000003f8dd00000,0x0000003f8de00000)]
  0x000002129218cc70 JavaThread "jar transforms" [_thread_blocked, id=19608, stack(0x0000003f8de00000,0x0000003f8df00000)]
  0x000002129218a120 JavaThread "jar transforms Thread 2" [_thread_blocked, id=11448, stack(0x0000003f8df00000,0x0000003f8e000000)]

Other Threads:
  0x00000212ff15e630 VMThread "VM Thread" [stack: 0x0000003f8af00000,0x0000003f8b000000] [id=31540]
  0x00000212917de2f0 WatcherThread [stack: 0x0000003f8bd00000,0x0000003f8be00000] [id=26792]
  0x00000212f5f37720 GCTaskThread "GC Thread#0" [stack: 0x0000003f8aa00000,0x0000003f8ab00000] [id=13276]
  0x000002129230efb0 GCTaskThread "GC Thread#1" [stack: 0x0000003f8be00000,0x0000003f8bf00000] [id=19352]
  0x000002129222b500 GCTaskThread "GC Thread#2" [stack: 0x0000003f8bf00000,0x0000003f8c000000] [id=24888]
  0x0000021291c2c720 GCTaskThread "GC Thread#3" [stack: 0x0000003f8c000000,0x0000003f8c100000] [id=3388]
  0x0000021293539e50 GCTaskThread "GC Thread#4" [stack: 0x0000003f8c100000,0x0000003f8c200000] [id=21512]
  0x0000021295bf4120 GCTaskThread "GC Thread#5" [stack: 0x0000003f8c300000,0x0000003f8c400000] [id=32552]
  0x0000021294cbaaa0 GCTaskThread "GC Thread#6" [stack: 0x0000003f8c400000,0x0000003f8c500000] [id=12708]
  0x0000021295afd040 GCTaskThread "GC Thread#7" [stack: 0x0000003f8c500000,0x0000003f8c600000] [id=25808]
  0x0000021295a4e120 GCTaskThread "GC Thread#8" [stack: 0x0000003f8ca00000,0x0000003f8cb00000] [id=30312]
  0x0000021295a4de70 GCTaskThread "GC Thread#9" [stack: 0x0000003f8cb00000,0x0000003f8cc00000] [id=9240]
  0x00000212f5f48660 ConcurrentGCThread "G1 Main Marker" [stack: 0x0000003f8ab00000,0x0000003f8ac00000] [id=22120]
  0x00000212f5f4a080 ConcurrentGCThread "G1 Conc#0" [stack: 0x0000003f8ac00000,0x0000003f8ad00000] [id=25936]
  0x0000021295a4ebe0 ConcurrentGCThread "G1 Conc#1" [stack: 0x0000003f8d100000,0x0000003f8d200000] [id=6924]
  0x0000021295a4f3f0 ConcurrentGCThread "G1 Conc#2" [stack: 0x0000003f8d200000,0x0000003f8d300000] [id=27204]
  0x00000212fefb60e0 ConcurrentGCThread "G1 Refine#0" [stack: 0x0000003f8ad00000,0x0000003f8ae00000] [id=21332]
  0x00000212fefb6b00 ConcurrentGCThread "G1 Service" [stack: 0x0000003f8ae00000,0x0000003f8af00000] [id=23468]

Threads with active compile tasks:
C2 CompilerThread0     6441 3770       4       java.util.AbstractCollection::addAll (42 bytes)
C2 CompilerThread1     6441 3843   !   4       jdk.internal.loader.URLClassPath$JarLoader::getResource (354 bytes)
C2 CompilerThread2     6441 3742 %     4       com.android.tools.tracer.agent.objectweb.asm.ClassReader::readCode @ 92 (5109 bytes)

VM state: not at safepoint (normal execution)

VM Mutex/Monitor currently owned by a thread: None

Heap address: 0x0000000080000000, size: 2048 MB, Compressed Oops mode: 32-bit

CDS archive(s) not mapped
Compressed class space mapped at: 0x0000000100000000-0x0000000140000000, reserved size: 1073741824
Narrow klass base: 0x0000000000000000, Narrow klass shift: 3, Narrow klass range: 0x140000000

GC Precious Log:
 CPUs: 12 total, 12 available
 Memory: 6005M
 Large Page Support: Disabled
 NUMA Support: Disabled
 Compressed Oops: Enabled (32-bit)
 Heap Region Size: 1M
 Heap Min Capacity: 8M
 Heap Initial Capacity: 94M
 Heap Max Capacity: 2G
 Pre-touch: Disabled
 Parallel Workers: 10
 Concurrent Workers: 3
 Concurrent Refinement Workers: 10
 Periodic GC: Disabled

Heap:
 garbage-first heap   total 78848K, used 52962K [0x0000000080000000, 0x0000000100000000)
  region size 1024K, 33 young (33792K), 4 survivors (4096K)
 Metaspace       used 41128K, committed 41472K, reserved 1089536K
  class space    used 5406K, committed 5568K, reserved 1048576K

Heap Regions: E=young(eden), S=young(survivor), O=old, HS=humongous(starts), HC=humongous(continues), CS=collection set, F=free, OA=open archive, CA=closed archive, TAMS=top-at-mark-start (previous, next)
|   0|0x0000000080000000, 0x0000000080100000, 0x0000000080100000|100%|HS|  |TAMS 0x0000000080100000, 0x0000000080000000| Complete 
|   1|0x0000000080100000, 0x0000000080200000, 0x0000000080200000|100%|HC|  |TAMS 0x0000000080200000, 0x0000000080100000| Complete 
|   2|0x0000000080200000, 0x0000000080300000, 0x0000000080300000|100%|HC|  |TAMS 0x0000000080300000, 0x0000000080200000| Complete 
|   3|0x0000000080300000, 0x0000000080400000, 0x0000000080400000|100%|HC|  |TAMS 0x0000000080400000, 0x0000000080300000| Complete 
|   4|0x0000000080400000, 0x0000000080500000, 0x0000000080500000|100%| O|  |TAMS 0x0000000080500000, 0x0000000080400000| Untracked 
|   5|0x0000000080500000, 0x0000000080600000, 0x0000000080600000|100%| O|  |TAMS 0x0000000080600000, 0x0000000080500000| Untracked 
|   6|0x0000000080600000, 0x0000000080700000, 0x0000000080700000|100%| O|  |TAMS 0x0000000080700000, 0x0000000080600000| Untracked 
|   7|0x0000000080700000, 0x0000000080800000, 0x0000000080800000|100%| O|  |TAMS 0x0000000080800000, 0x0000000080700000| Untracked 
|   8|0x0000000080800000, 0x0000000080900000, 0x0000000080900000|100%| O|  |TAMS 0x0000000080900000, 0x0000000080800000| Untracked 
|   9|0x0000000080900000, 0x0000000080a00000, 0x0000000080a00000|100%| O|  |TAMS 0x0000000080a00000, 0x0000000080900000| Untracked 
|  10|0x0000000080a00000, 0x0000000080b00000, 0x0000000080b00000|100%| O|  |TAMS 0x0000000080b00000, 0x0000000080a00000| Untracked 
|  11|0x0000000080b00000, 0x0000000080c00000, 0x0000000080c00000|100%| O|  |TAMS 0x0000000080c00000, 0x0000000080b00000| Untracked 
|  12|0x0000000080c00000, 0x0000000080d00000, 0x0000000080d00000|100%| O|  |TAMS 0x0000000080d00000, 0x0000000080c00000| Untracked 
|  13|0x0000000080d00000, 0x0000000080e00000, 0x0000000080e00000|100%| O|  |TAMS 0x0000000080e00000, 0x0000000080d00000| Untracked 
|  14|0x0000000080e00000, 0x0000000080f00000, 0x0000000080f00000|100%| O|  |TAMS 0x0000000080f00000, 0x0000000080e00000| Untracked 
|  15|0x0000000080f00000, 0x0000000081000000, 0x0000000081000000|100%| O|  |TAMS 0x0000000080f83c00, 0x0000000080f00000| Untracked 
|  16|0x0000000081000000, 0x0000000081100000, 0x0000000081100000|100%| O|  |TAMS 0x0000000081100000, 0x0000000081000000| Untracked 
|  17|0x0000000081100000, 0x0000000081200000, 0x0000000081200000|100%| O|  |TAMS 0x0000000081200000, 0x0000000081100000| Untracked 
|  18|0x0000000081200000, 0x0000000081300000, 0x0000000081300000|100%| O|  |TAMS 0x0000000081300000, 0x0000000081200000| Untracked 
|  19|0x0000000081300000, 0x0000000081400000, 0x0000000081400000|100%| O|  |TAMS 0x0000000081400000, 0x0000000081300000| Untracked 
|  20|0x0000000081400000, 0x00000000814c4e00, 0x0000000081500000| 76%| O|  |TAMS 0x0000000081400000, 0x0000000081400000| Untracked 
|  21|0x0000000081500000, 0x0000000081500000, 0x0000000081600000|  0%| F|  |TAMS 0x0000000081500000, 0x0000000081500000| Untracked 
|  22|0x0000000081600000, 0x0000000081600000, 0x0000000081700000|  0%| F|  |TAMS 0x0000000081600000, 0x0000000081600000| Untracked 
|  23|0x0000000081700000, 0x0000000081700000, 0x0000000081800000|  0%| F|  |TAMS 0x0000000081700000, 0x0000000081700000| Untracked 
|  24|0x0000000081800000, 0x0000000081800000, 0x0000000081900000|  0%| F|  |TAMS 0x0000000081800000, 0x0000000081800000| Untracked 
|  25|0x0000000081900000, 0x0000000081900000, 0x0000000081a00000|  0%| F|  |TAMS 0x0000000081900000, 0x0000000081900000| Untracked 
|  26|0x0000000081a00000, 0x0000000081a00000, 0x0000000081b00000|  0%| F|  |TAMS 0x0000000081a00000, 0x0000000081a00000| Untracked 
|  27|0x0000000081b00000, 0x0000000081b00000, 0x0000000081c00000|  0%| F|  |TAMS 0x0000000081b00000, 0x0000000081b00000| Untracked 
|  28|0x0000000081c00000, 0x0000000081c00000, 0x0000000081d00000|  0%| F|  |TAMS 0x0000000081c00000, 0x0000000081c00000| Untracked 
|  29|0x0000000081d00000, 0x0000000081d00000, 0x0000000081e00000|  0%| F|  |TAMS 0x0000000081d00000, 0x0000000081d00000| Untracked 
|  30|0x0000000081e00000, 0x0000000081e00000, 0x0000000081f00000|  0%| F|  |TAMS 0x0000000081e00000, 0x0000000081e00000| Untracked 
|  31|0x0000000081f00000, 0x0000000081f00000, 0x0000000082000000|  0%| F|  |TAMS 0x0000000081f00000, 0x0000000081f00000| Untracked 
|  32|0x0000000082000000, 0x0000000082000000, 0x0000000082100000|  0%| F|  |TAMS 0x0000000082000000, 0x0000000082000000| Untracked 
|  33|0x0000000082100000, 0x00000000821f3d20, 0x0000000082200000| 95%| S|CS|TAMS 0x0000000082100000, 0x0000000082100000| Complete 
|  34|0x0000000082200000, 0x0000000082300000, 0x0000000082300000|100%| S|CS|TAMS 0x0000000082200000, 0x0000000082200000| Complete 
|  35|0x0000000082300000, 0x0000000082400000, 0x0000000082400000|100%| S|CS|TAMS 0x0000000082300000, 0x0000000082300000| Complete 
|  36|0x0000000082400000, 0x0000000082500000, 0x0000000082500000|100%| S|CS|TAMS 0x0000000082400000, 0x0000000082400000| Complete 
|  37|0x0000000082500000, 0x0000000082500000, 0x0000000082600000|  0%| F|  |TAMS 0x0000000082500000, 0x0000000082500000| Untracked 
|  38|0x0000000082600000, 0x0000000082600000, 0x0000000082700000|  0%| F|  |TAMS 0x0000000082600000, 0x0000000082600000| Untracked 
|  39|0x0000000082700000, 0x0000000082700000, 0x0000000082800000|  0%| F|  |TAMS 0x0000000082700000, 0x0000000082700000| Untracked 
|  40|0x0000000082800000, 0x0000000082800000, 0x0000000082900000|  0%| F|  |TAMS 0x0000000082800000, 0x0000000082800000| Untracked 
|  41|0x0000000082900000, 0x0000000082900000, 0x0000000082a00000|  0%| F|  |TAMS 0x0000000082900000, 0x0000000082900000| Untracked 
|  42|0x0000000082a00000, 0x0000000082a00000, 0x0000000082b00000|  0%| F|  |TAMS 0x0000000082a00000, 0x0000000082a00000| Untracked 
|  43|0x0000000082b00000, 0x0000000082b00000, 0x0000000082c00000|  0%| F|  |TAMS 0x0000000082b00000, 0x0000000082b00000| Untracked 
|  44|0x0000000082c00000, 0x0000000082c00000, 0x0000000082d00000|  0%| F|  |TAMS 0x0000000082c00000, 0x0000000082c00000| Untracked 
|  45|0x0000000082d00000, 0x0000000082d00000, 0x0000000082e00000|  0%| F|  |TAMS 0x0000000082d00000, 0x0000000082d00000| Untracked 
|  46|0x0000000082e00000, 0x0000000082e00000, 0x0000000082f00000|  0%| F|  |TAMS 0x0000000082e00000, 0x0000000082e00000| Untracked 
|  47|0x0000000082f00000, 0x0000000082f00000, 0x0000000083000000|  0%| F|  |TAMS 0x0000000082f00000, 0x0000000082f00000| Untracked 
|  48|0x0000000083000000, 0x0000000083100000, 0x0000000083100000|100%| E|  |TAMS 0x0000000083000000, 0x0000000083000000| Complete 
|  49|0x0000000083100000, 0x0000000083200000, 0x0000000083200000|100%| E|CS|TAMS 0x0000000083100000, 0x0000000083100000| Complete 
|  50|0x0000000083200000, 0x0000000083300000, 0x0000000083300000|100%| E|CS|TAMS 0x0000000083200000, 0x0000000083200000| Complete 
|  51|0x0000000083300000, 0x0000000083400000, 0x0000000083400000|100%| E|CS|TAMS 0x0000000083300000, 0x0000000083300000| Complete 
|  52|0x0000000083400000, 0x0000000083500000, 0x0000000083500000|100%| E|CS|TAMS 0x0000000083400000, 0x0000000083400000| Complete 
|  53|0x0000000083500000, 0x0000000083600000, 0x0000000083600000|100%| E|CS|TAMS 0x0000000083500000, 0x0000000083500000| Complete 
|  54|0x0000000083600000, 0x0000000083700000, 0x0000000083700000|100%| E|CS|TAMS 0x0000000083600000, 0x0000000083600000| Complete 
|  55|0x0000000083700000, 0x0000000083800000, 0x0000000083800000|100%| E|  |TAMS 0x0000000083700000, 0x0000000083700000| Complete 
|  56|0x0000000083800000, 0x0000000083900000, 0x0000000083900000|100%| E|CS|TAMS 0x0000000083800000, 0x0000000083800000| Complete 
|  57|0x0000000083900000, 0x0000000083a00000, 0x0000000083a00000|100%| E|CS|TAMS 0x0000000083900000, 0x0000000083900000| Complete 
|  58|0x0000000083a00000, 0x0000000083b00000, 0x0000000083b00000|100%| E|CS|TAMS 0x0000000083a00000, 0x0000000083a00000| Complete 
|  59|0x0000000083b00000, 0x0000000083c00000, 0x0000000083c00000|100%| E|CS|TAMS 0x0000000083b00000, 0x0000000083b00000| Complete 
|  60|0x0000000083c00000, 0x0000000083d00000, 0x0000000083d00000|100%| E|CS|TAMS 0x0000000083c00000, 0x0000000083c00000| Complete 
|  61|0x0000000083d00000, 0x0000000083e00000, 0x0000000083e00000|100%| E|CS|TAMS 0x0000000083d00000, 0x0000000083d00000| Complete 
|  62|0x0000000083e00000, 0x0000000083f00000, 0x0000000083f00000|100%| E|CS|TAMS 0x0000000083e00000, 0x0000000083e00000| Complete 
|  63|0x0000000083f00000, 0x0000000084000000, 0x0000000084000000|100%| E|CS|TAMS 0x0000000083f00000, 0x0000000083f00000| Complete 
|  64|0x0000000084000000, 0x0000000084100000, 0x0000000084100000|100%| E|CS|TAMS 0x0000000084000000, 0x0000000084000000| Complete 
|  65|0x0000000084100000, 0x0000000084200000, 0x0000000084200000|100%| E|CS|TAMS 0x0000000084100000, 0x0000000084100000| Complete 
|  66|0x0000000084200000, 0x0000000084300000, 0x0000000084300000|100%| E|CS|TAMS 0x0000000084200000, 0x0000000084200000| Complete 
|  67|0x0000000084300000, 0x0000000084400000, 0x0000000084400000|100%| E|CS|TAMS 0x0000000084300000, 0x0000000084300000| Complete 
|  68|0x0000000084400000, 0x0000000084500000, 0x0000000084500000|100%| E|CS|TAMS 0x0000000084400000, 0x0000000084400000| Complete 
|  69|0x0000000084500000, 0x0000000084600000, 0x0000000084600000|100%| E|CS|TAMS 0x0000000084500000, 0x0000000084500000| Complete 
|  70|0x0000000084600000, 0x0000000084700000, 0x0000000084700000|100%| E|CS|TAMS 0x0000000084600000, 0x0000000084600000| Complete 
|  71|0x0000000084700000, 0x0000000084800000, 0x0000000084800000|100%| E|CS|TAMS 0x0000000084700000, 0x0000000084700000| Complete 
|  72|0x0000000084800000, 0x0000000084900000, 0x0000000084900000|100%| E|CS|TAMS 0x0000000084800000, 0x0000000084800000| Complete 
|  73|0x0000000084900000, 0x0000000084a00000, 0x0000000084a00000|100%| E|CS|TAMS 0x0000000084900000, 0x0000000084900000| Complete 
|  74|0x0000000084a00000, 0x0000000084b00000, 0x0000000084b00000|100%| E|CS|TAMS 0x0000000084a00000, 0x0000000084a00000| Complete 
|  75|0x0000000084b00000, 0x0000000084c00000, 0x0000000084c00000|100%| E|CS|TAMS 0x0000000084b00000, 0x0000000084b00000| Complete 
|  93|0x0000000085d00000, 0x0000000085e00000, 0x0000000085e00000|100%| E|CS|TAMS 0x0000000085d00000, 0x0000000085d00000| Complete 

Card table byte_map: [0x00000212f9ce0000,0x00000212fa0e0000] _byte_map_base: 0x00000212f98e0000

Marking Bits (Prev, Next): (CMBitMap*) 0x00000212f5f37d30, (CMBitMap*) 0x00000212f5f37d70
 Prev Bits: [0x00000212fa4e0000, 0x00000212fc4e0000)
 Next Bits: [0x00000212fc4e0000, 0x00000212fe4e0000)

Polling page: 0x00000212f5690000

Metaspace:

Usage:
  Non-class:     34.90 MB used.
      Class:      5.28 MB used.
       Both:     40.19 MB used.

Virtual space:
  Non-class space:       40.00 MB reserved,      35.12 MB ( 88%) committed,  5 nodes.
      Class space:        1.00 GB reserved,       5.44 MB ( <1%) committed,  1 nodes.
             Both:        1.04 GB reserved,      40.56 MB (  4%) committed. 

Chunk freelists:
   Non-Class:  240.00 KB
       Class:  2.55 MB
        Both:  2.78 MB

MaxMetaspaceSize: unlimited
CompressedClassSpaceSize: 1.00 GB
Initial GC threshold: 21.00 MB
Current GC threshold: 58.75 MB
CDS: off
MetaspaceReclaimPolicy: balanced
 - commit_granule_bytes: 65536.
 - commit_granule_words: 8192.
 - virtual_space_node_default_size: 1048576.
 - enlarge_chunks_in_place: 1.
 - new_chunks_are_fully_committed: 0.
 - uncommit_free_chunks: 1.
 - use_allocation_guard: 0.
 - handle_deallocations: 1.


Internal statistics:

num_allocs_failed_limit: 6.
num_arena_births: 316.
num_arena_deaths: 0.
num_vsnodes_births: 6.
num_vsnodes_deaths: 0.
num_space_committed: 649.
num_space_uncommitted: 0.
num_chunks_returned_to_freelist: 6.
num_chunks_taken_from_freelist: 1404.
num_chunk_merges: 6.
num_chunk_splits: 939.
num_chunks_enlarged: 684.
num_purges: 0.
num_inconsistent_stats: 0.

CodeHeap 'non-profiled nmethods': size=120000Kb used=3057Kb max_used=3057Kb free=116942Kb
 bounds [0x0000021287ad0000, 0x0000021287de0000, 0x000002128f000000]
CodeHeap 'profiled nmethods': size=120000Kb used=6701Kb max_used=6701Kb free=113298Kb
 bounds [0x0000021280000000, 0x0000021280690000, 0x0000021287530000]
CodeHeap 'non-nmethods': size=5760Kb used=1589Kb max_used=1634Kb free=4171Kb
 bounds [0x0000021287530000, 0x00000212877a0000, 0x0000021287ad0000]
 total_blobs=4090 nmethods=3441 adapters=559
 compilation: enabled
              stopped_count=0, restarted_count=0
 full_count=0

Compilation events (20 events):
Event: 6.417 Thread 0x00000212ffc3f900 nmethod 4011 0x0000021287cc5a90 code [0x0000021287cc5c20, 0x0000021287cc5cf8]
Event: 6.417 Thread 0x00000212ffc3f900 4013       3       java.time.LocalDate::compareTo0 (40 bytes)
Event: 6.417 Thread 0x00000212ffc3f900 nmethod 4013 0x000002128066ae10 code [0x000002128066afa0, 0x000002128066b138]
Event: 6.417 Thread 0x00000212ffc3f900 4012       1       jdk.nio.zipfs.ZipFileSystem$IndexNode::isDir (5 bytes)
Event: 6.417 Thread 0x00000212ffc3f900 nmethod 4012 0x0000021287cc5790 code [0x0000021287cc5920, 0x0000021287cc59f8]
Event: 6.417 Thread 0x00000212ffc3f900 4015       3       java.nio.file.Files::readAttributes (11 bytes)
Event: 6.417 Thread 0x00000212ffc3f900 nmethod 4015 0x000002128066b210 code [0x000002128066b3e0, 0x000002128066b788]
Event: 6.417 Thread 0x00000212ffc3f900 4016       3       jdk.nio.zipfs.ZipPath::getResolved (62 bytes)
Event: 6.418 Thread 0x00000212ffc3f900 nmethod 4016 0x000002128066b910 code [0x000002128066bac0, 0x000002128066bda8]
Event: 6.418 Thread 0x00000212ffc3f900 4014       1       java.nio.file.FileTreeWalker$Event::ioeException (5 bytes)
Event: 6.418 Thread 0x00000212ffc3f900 nmethod 4014 0x0000021287cc5490 code [0x0000021287cc5620, 0x0000021287cc56f8]
Event: 6.418 Thread 0x00000212ffc3f900 4017       1       java.time.LocalDateTime::toLocalTime (5 bytes)
Event: 6.418 Thread 0x00000212ffc3f900 nmethod 4017 0x0000021287cc5190 code [0x0000021287cc5320, 0x0000021287cc53f8]
Event: 6.418 Thread 0x00000212ffc3f900 4018       3       jdk.nio.zipfs.ZipCoder$UTF8::toString (49 bytes)
Event: 6.418 Thread 0x00000212ffc3f900 nmethod 4018 0x000002128066be90 code [0x000002128066c060, 0x000002128066c358]
Event: 6.418 Thread 0x00000212ffc3f900 4019       3       java.lang.ThreadLocal$ThreadLocalMap::getEntryAfterMiss (59 bytes)
Event: 6.418 Thread 0x00000212ffc3f900 nmethod 4019 0x000002128066c490 code [0x000002128066c680, 0x000002128066cc88]
Event: 6.418 Thread 0x00000212ffc3f900 4021       3       java.util.regex.Pattern::single (82 bytes)
Event: 6.419 Thread 0x00000212ffc3f900 nmethod 4021 0x000002128066cf10 code [0x000002128066d240, 0x000002128066e8f8]
Event: 6.419 Thread 0x00000212ffc3f900 4022       3       jdk.nio.zipfs.ZipPath::isAbsolute (25 bytes)

GC Heap History (20 events):
Event: 4.167 GC heap before
{Heap before GC invocations=9 (full 0):
 garbage-first heap   total 65536K, used 51670K [0x0000000080000000, 0x0000000100000000)
  region size 1024K, 33 young (33792K), 1 survivors (1024K)
 Metaspace       used 25270K, committed 25536K, reserved 1073152K
  class space    used 3147K, committed 3264K, reserved 1048576K
}
Event: 4.169 GC heap after
{Heap after GC invocations=10 (full 0):
 garbage-first heap   total 65536K, used 19157K [0x0000000080000000, 0x0000000100000000)
  region size 1024K, 1 young (1024K), 1 survivors (1024K)
 Metaspace       used 25270K, committed 25536K, reserved 1073152K
  class space    used 3147K, committed 3264K, reserved 1048576K
}
Event: 4.496 GC heap before
{Heap before GC invocations=10 (full 0):
 garbage-first heap   total 65536K, used 51925K [0x0000000080000000, 0x0000000100000000)
  region size 1024K, 33 young (33792K), 1 survivors (1024K)
 Metaspace       used 26913K, committed 27136K, reserved 1073152K
  class space    used 3443K, committed 3520K, reserved 1048576K
}
Event: 4.498 GC heap after
{Heap after GC invocations=11 (full 0):
 garbage-first heap   total 65536K, used 19967K [0x0000000080000000, 0x0000000100000000)
  region size 1024K, 2 young (2048K), 2 survivors (2048K)
 Metaspace       used 26913K, committed 27136K, reserved 1073152K
  class space    used 3443K, committed 3520K, reserved 1048576K
}
Event: 4.821 GC heap before
{Heap before GC invocations=11 (full 0):
 garbage-first heap   total 65536K, used 52735K [0x0000000080000000, 0x0000000100000000)
  region size 1024K, 34 young (34816K), 2 survivors (2048K)
 Metaspace       used 28718K, committed 28992K, reserved 1081344K
  class space    used 3756K, committed 3840K, reserved 1048576K
}
Event: 4.823 GC heap after
{Heap after GC invocations=12 (full 0):
 garbage-first heap   total 65536K, used 21037K [0x0000000080000000, 0x0000000100000000)
  region size 1024K, 3 young (3072K), 3 survivors (3072K)
 Metaspace       used 28718K, committed 28992K, reserved 1081344K
  class space    used 3756K, committed 3840K, reserved 1048576K
}
Event: 5.084 GC heap before
{Heap before GC invocations=12 (full 0):
 garbage-first heap   total 65536K, used 52781K [0x0000000080000000, 0x0000000100000000)
  region size 1024K, 34 young (34816K), 3 survivors (3072K)
 Metaspace       used 30390K, committed 30656K, reserved 1081344K
  class space    used 4022K, committed 4096K, reserved 1048576K
}
Event: 5.087 GC heap after
{Heap after GC invocations=13 (full 0):
 garbage-first heap   total 65536K, used 21409K [0x0000000080000000, 0x0000000100000000)
  region size 1024K, 3 young (3072K), 3 survivors (3072K)
 Metaspace       used 30390K, committed 30656K, reserved 1081344K
  class space    used 4022K, committed 4096K, reserved 1048576K
}
Event: 5.318 GC heap before
{Heap before GC invocations=13 (full 0):
 garbage-first heap   total 65536K, used 53153K [0x0000000080000000, 0x0000000100000000)
  region size 1024K, 34 young (34816K), 3 survivors (3072K)
 Metaspace       used 32069K, committed 32384K, reserved 1081344K
  class space    used 4301K, committed 4480K, reserved 1048576K
}
Event: 5.321 GC heap after
{Heap after GC invocations=14 (full 0):
 garbage-first heap   total 65536K, used 22262K [0x0000000080000000, 0x0000000100000000)
  region size 1024K, 4 young (4096K), 4 survivors (4096K)
 Metaspace       used 32069K, committed 32384K, reserved 1081344K
  class space    used 4301K, committed 4480K, reserved 1048576K
}
Event: 5.533 GC heap before
{Heap before GC invocations=14 (full 0):
 garbage-first heap   total 65536K, used 52982K [0x0000000080000000, 0x0000000100000000)
  region size 1024K, 34 young (34816K), 4 survivors (4096K)
 Metaspace       used 33685K, committed 34048K, reserved 1081344K
  class space    used 4554K, committed 4736K, reserved 1048576K
}
Event: 5.535 GC heap after
{Heap after GC invocations=15 (full 0):
 garbage-first heap   total 65536K, used 22722K [0x0000000080000000, 0x0000000100000000)
  region size 1024K, 3 young (3072K), 3 survivors (3072K)
 Metaspace       used 33685K, committed 34048K, reserved 1081344K
  class space    used 4554K, committed 4736K, reserved 1048576K
}
Event: 5.786 GC heap before
{Heap before GC invocations=15 (full 0):
 garbage-first heap   total 65536K, used 53442K [0x0000000080000000, 0x0000000100000000)
  region size 1024K, 34 young (34816K), 3 survivors (3072K)
 Metaspace       used 35624K, committed 35968K, reserved 1081344K
  class space    used 4847K, committed 4992K, reserved 1048576K
}
Event: 5.789 GC heap after
{Heap after GC invocations=16 (full 0):
 garbage-first heap   total 65536K, used 23347K [0x0000000080000000, 0x0000000100000000)
  region size 1024K, 4 young (4096K), 4 survivors (4096K)
 Metaspace       used 35624K, committed 35968K, reserved 1081344K
  class space    used 4847K, committed 4992K, reserved 1048576K
}
Event: 5.792 GC heap before
{Heap before GC invocations=16 (full 0):
 garbage-first heap   total 65536K, used 23347K [0x0000000080000000, 0x0000000100000000)
  region size 1024K, 5 young (5120K), 4 survivors (4096K)
 Metaspace       used 35655K, committed 35968K, reserved 1081344K
  class space    used 4852K, committed 4992K, reserved 1048576K
}
Event: 5.795 GC heap after
{Heap after GC invocations=17 (full 0):
 garbage-first heap   total 65536K, used 23436K [0x0000000080000000, 0x0000000100000000)
  region size 1024K, 3 young (3072K), 3 survivors (3072K)
 Metaspace       used 35655K, committed 35968K, reserved 1081344K
  class space    used 4852K, committed 4992K, reserved 1048576K
}
Event: 6.004 GC heap before
{Heap before GC invocations=18 (full 0):
 garbage-first heap   total 65536K, used 53132K [0x0000000080000000, 0x0000000100000000)
  region size 1024K, 33 young (33792K), 3 survivors (3072K)
 Metaspace       used 37297K, committed 37568K, reserved 1089536K
  class space    used 5005K, committed 5120K, reserved 1048576K
}
Event: 6.007 GC heap after
{Heap after GC invocations=19 (full 0):
 garbage-first heap   total 78848K, used 24275K [0x0000000080000000, 0x0000000100000000)
  region size 1024K, 4 young (4096K), 4 survivors (4096K)
 Metaspace       used 37297K, committed 37568K, reserved 1089536K
  class space    used 5005K, committed 5120K, reserved 1048576K
}
Event: 6.259 GC heap before
{Heap before GC invocations=19 (full 0):
 garbage-first heap   total 78848K, used 65235K [0x0000000080000000, 0x0000000100000000)
  region size 1024K, 44 young (45056K), 4 survivors (4096K)
 Metaspace       used 39775K, committed 40128K, reserved 1089536K
  class space    used 5268K, committed 5440K, reserved 1048576K
}
Event: 6.262 GC heap after
{Heap after GC invocations=20 (full 0):
 garbage-first heap   total 78848K, used 25314K [0x0000000080000000, 0x0000000100000000)
  region size 1024K, 4 young (4096K), 4 survivors (4096K)
 Metaspace       used 39775K, committed 40128K, reserved 1089536K
  class space    used 5268K, committed 5440K, reserved 1048576K
}

Dll operation events (3 events):
Event: 0.016 Loaded shared library C:\Program Files\Android\Android Studio1\jbr\bin\java.dll
Event: 0.017 Loaded shared library C:\Program Files\Android\Android Studio1\jbr\bin\zip.dll
Event: 0.663 Loaded shared library C:\Program Files\Android\Android Studio1\jbr\bin\verify.dll

Deoptimization events (20 events):
Event: 6.296 Thread 0x0000021292e6ea90 DEOPT PACKING pc=0x00000212800772d7 sp=0x0000003f8cdf2790
Event: 6.296 Thread 0x0000021292e6ea90 DEOPT UNPACKING pc=0x0000021287587143 sp=0x0000003f8cdf1ea0 mode 0
Event: 6.316 Thread 0x0000021292e6ea90 DEOPT PACKING pc=0x00000212800772d7 sp=0x0000003f8cdf4400
Event: 6.316 Thread 0x0000021292e6ea90 DEOPT UNPACKING pc=0x0000021287587143 sp=0x0000003f8cdf3b10 mode 0
Event: 6.317 Thread 0x0000021292e6ea90 DEOPT PACKING pc=0x00000212800772d7 sp=0x0000003f8cdf4400
Event: 6.317 Thread 0x0000021292e6ea90 DEOPT UNPACKING pc=0x0000021287587143 sp=0x0000003f8cdf3b10 mode 0
Event: 6.318 Thread 0x0000021292e6ea90 DEOPT PACKING pc=0x00000212800772d7 sp=0x0000003f8cdf4400
Event: 6.318 Thread 0x0000021292e6ea90 DEOPT UNPACKING pc=0x0000021287587143 sp=0x0000003f8cdf3b10 mode 0
Event: 6.341 Thread 0x0000021292e6ea90 DEOPT PACKING pc=0x00000212800772d7 sp=0x0000003f8cdf1710
Event: 6.341 Thread 0x0000021292e6ea90 DEOPT UNPACKING pc=0x0000021287587143 sp=0x0000003f8cdf0e20 mode 0
Event: 6.348 Thread 0x0000021292e6ea90 Uncommon trap: trap_request=0xffffffc6 fr.pc=0x0000021287d30730 relative=0x0000000000003ed0
Event: 6.348 Thread 0x0000021292e6ea90 Uncommon trap: reason=bimorphic_or_optimized_type_check action=maybe_recompile pc=0x0000021287d30730 method=java.net.URL.<init>(Ljava/net/URL;Ljava/lang/String;Ljava/net/URLStreamHandler;)V @ 504 c2
Event: 6.348 Thread 0x0000021292e6ea90 DEOPT PACKING pc=0x0000021287d30730 sp=0x0000003f8cdf7350
Event: 6.348 Thread 0x0000021292e6ea90 DEOPT UNPACKING pc=0x00000212875869a3 sp=0x0000003f8cdf7300 mode 2
Event: 6.356 Thread 0x0000021292e6ea90 DEOPT PACKING pc=0x00000212800772d7 sp=0x0000003f8cdf1b90
Event: 6.356 Thread 0x0000021292e6ea90 DEOPT UNPACKING pc=0x0000021287587143 sp=0x0000003f8cdf12a0 mode 0
Event: 6.397 Thread 0x0000021292e6ea90 DEOPT PACKING pc=0x00000212800772d7 sp=0x0000003f8cdf4b70
Event: 6.397 Thread 0x0000021292e6ea90 DEOPT UNPACKING pc=0x0000021287587143 sp=0x0000003f8cdf4280 mode 0
Event: 6.404 Thread 0x0000021292e6ea90 DEOPT PACKING pc=0x00000212800772d7 sp=0x0000003f8cdf4c40
Event: 6.404 Thread 0x0000021292e6ea90 DEOPT UNPACKING pc=0x0000021287587143 sp=0x0000003f8cdf4350 mode 0

Classes unloaded (0 events):
No events

Classes redefined (0 events):
No events

Internal exceptions (20 events):
Event: 5.635 Thread 0x0000021292e6ea90 Exception <a 'java/lang/NoSuchMethodError'{0x00000000834d12d8}: 'int java.lang.invoke.DirectMethodHandle$Holder.invokeStaticInit(java.lang.Object, java.lang.Object, java.lang.Object)'> (0x00000000834d12d8) 
thrown [s\src\hotspot\share\interpreter\linkResolver.cpp, line 771]
Event: 5.637 Thread 0x0000021292e6ea90 Exception <a 'java/lang/NoSuchMethodError'{0x00000000834f1980}: 'java.lang.Object java.lang.invoke.DirectMethodHandle$Holder.newInvokeSpecial(java.lang.Object, java.lang.Object, long)'> (0x00000000834f1980) 
thrown [s\src\hotspot\share\interpreter\linkResolver.cpp, line 771]
Event: 5.637 Thread 0x0000021292e6ea90 Exception <a 'java/lang/NoSuchMethodError'{0x00000000834f5f90}: 'java.lang.Object java.lang.invoke.Invokers$Holder.linkToTargetMethod(java.lang.Object, long, java.lang.Object)'> (0x00000000834f5f90) 
thrown [s\src\hotspot\share\interpreter\linkResolver.cpp, line 771]
Event: 5.660 Thread 0x0000021292e6ea90 Exception <a 'java/lang/NoSuchMethodError'{0x00000000831e4830}: 'int java.lang.invoke.DirectMethodHandle$Holder.invokeInterface(java.lang.Object, java.lang.Object)'> (0x00000000831e4830) 
thrown [s\src\hotspot\share\interpreter\linkResolver.cpp, line 771]
Event: 5.664 Thread 0x0000021292e6ea90 Exception <a 'java/lang/NoSuchMethodError'{0x000000008302f9b0}: 'java.lang.Object java.lang.invoke.DirectMethodHandle$Holder.invokeStatic(java.lang.Object, java.lang.Object, int, java.lang.Object)'> (0x000000008302f9b0) 
thrown [s\src\hotspot\share\interpreter\linkResolver.cpp, line 771]
Event: 5.666 Thread 0x0000021292e6ea90 Exception <a 'java/lang/NoSuchMethodError'{0x0000000083037568}: 'java.lang.Object java.lang.invoke.DirectMethodHandle$Holder.newInvokeSpecial(java.lang.Object, java.lang.Object, int, java.lang.Object)'> (0x0000000083037568) 
thrown [s\src\hotspot\share\interpreter\linkResolver.cpp, line 771]
Event: 5.666 Thread 0x0000021292e6ea90 Exception <a 'java/lang/NoSuchMethodError'{0x000000008303be50}: 'java.lang.Object java.lang.invoke.DirectMethodHandle$Holder.invokeSpecial(java.lang.Object, java.lang.Object, java.lang.Object, int, java.lang.Object)'> (0x000000008303be50) 
thrown [s\src\hotspot\share\interpreter\linkResolver.cpp, line 771]
Event: 5.748 Thread 0x0000021292e6ea90 Exception <a 'java/lang/NoSuchMethodError'{0x00000000827f0050}: 'java.lang.Object java.lang.invoke.DirectMethodHandle$Holder.invokeSpecial(java.lang.Object, java.lang.Object, java.lang.Object, int, java.lang.Object, java.lang.Object)'> (0x00000000827f0050) 
thrown [s\src\hotspot\share\interpreter\linkResolver.cpp, line 771]
Event: 5.817 Thread 0x0000021292e6ea90 Implicit null exception at 0x0000021287c069eb to 0x0000021287c06e70
Event: 5.853 Thread 0x0000021292e6ea90 Exception <a 'java/lang/NoSuchMethodError'{0x00000000835f7680}: 'void java.lang.invoke.DirectMethodHandle$Holder.invokeStaticInit(java.lang.Object, java.lang.Object, java.lang.Object)'> (0x00000000835f7680) 
thrown [s\src\hotspot\share\interpreter\linkResolver.cpp, line 771]
Event: 5.854 Thread 0x0000021292e6ea90 Exception <a 'java/lang/NoSuchMethodError'{0x00000000835fedc8}: 'void java.lang.invoke.DirectMethodHandle$Holder.invokeStaticInit(java.lang.Object, java.lang.Object, java.lang.Object, java.lang.Object)'> (0x00000000835fedc8) 
thrown [s\src\hotspot\share\interpreter\linkResolver.cpp, line 771]
Event: 5.856 Thread 0x0000021292e6ea90 Exception <a 'java/lang/NoSuchMethodError'{0x0000000083421570}: 'void java.lang.invoke.DirectMethodHandle$Holder.invokeStaticInit(java.lang.Object, java.lang.Object, java.lang.Object, java.lang.Object, java.lang.Object)'> (0x0000000083421570) 
thrown [s\src\hotspot\share\interpreter\linkResolver.cpp, line 771]
Event: 5.862 Thread 0x0000021292e6ea90 Exception <a 'java/lang/NoSuchMethodError'{0x000000008347f4e0}: 'int java.lang.invoke.DirectMethodHandle$Holder.invokeStaticInit(java.lang.Object, java.lang.Object, java.lang.Object, java.lang.Object)'> (0x000000008347f4e0) 
thrown [s\src\hotspot\share\interpreter\linkResolver.cpp, line 771]
Event: 6.228 Thread 0x0000021292e6ea90 Exception <a 'java/lang/ClassNotFoundException'{0x000000008272de40}: groovy/lang/ExpandoMetaClassBeanInfo> (0x000000008272de40) 
thrown [s\src\hotspot\share\classfile\systemDictionary.cpp, line 256]
Event: 6.229 Thread 0x0000021292e6ea90 Exception <a 'java/lang/ClassNotFoundException'{0x0000000082745108}: groovy/lang/MetaClassImplBeanInfo> (0x0000000082745108) 
thrown [s\src\hotspot\share\classfile\systemDictionary.cpp, line 256]
Event: 6.229 Thread 0x0000021292e6ea90 Exception <a 'java/lang/ClassNotFoundException'{0x000000008274a8e8}: java/lang/ObjectBeanInfo> (0x000000008274a8e8) 
thrown [s\src\hotspot\share\classfile\systemDictionary.cpp, line 256]
Event: 6.230 Thread 0x0000021292e6ea90 Exception <a 'java/lang/ClassNotFoundException'{0x000000008275d100}: java/lang/ObjectCustomizer> (0x000000008275d100) 
thrown [s\src\hotspot\share\classfile\systemDictionary.cpp, line 256]
Event: 6.252 Thread 0x0000021292e6ea90 Exception <a 'java/lang/IncompatibleClassChangeError'{0x00000000826d0498}: Found class java.lang.Object, but interface was expected> (0x00000000826d0498) 
thrown [s\src\hotspot\share\interpreter\linkResolver.cpp, line 838]
Event: 6.256 Thread 0x0000021292e6ea90 Exception <a 'java/lang/ClassNotFoundException'{0x00000000825b4bf0}: groovy/lang/MetaClassImplCustomizer> (0x00000000825b4bf0) 
thrown [s\src\hotspot\share\classfile\systemDictionary.cpp, line 256]
Event: 6.258 Thread 0x0000021292e6ea90 Exception <a 'java/lang/ClassNotFoundException'{0x00000000825f9aa0}: groovy/lang/ExpandoMetaClassCustomizer> (0x00000000825f9aa0) 
thrown [s\src\hotspot\share\classfile\systemDictionary.cpp, line 256]

VM Operations (20 events):
Event: 5.810 Executing VM operation: HandshakeAllThreads
Event: 5.811 Executing VM operation: HandshakeAllThreads done
Event: 6.004 Executing VM operation: G1CollectForAllocation
Event: 6.007 Executing VM operation: G1CollectForAllocation done
Event: 6.036 Executing VM operation: HandshakeAllThreads
Event: 6.036 Executing VM operation: HandshakeAllThreads done
Event: 6.186 Executing VM operation: HandshakeAllThreads
Event: 6.186 Executing VM operation: HandshakeAllThreads done
Event: 6.259 Executing VM operation: G1CollectForAllocation
Event: 6.262 Executing VM operation: G1CollectForAllocation done
Event: 6.349 Executing VM operation: HandshakeAllThreads
Event: 6.349 Executing VM operation: HandshakeAllThreads done
Event: 6.350 Executing VM operation: HandshakeAllThreads
Event: 6.350 Executing VM operation: HandshakeAllThreads done
Event: 6.358 Executing VM operation: HandshakeAllThreads
Event: 6.358 Executing VM operation: HandshakeAllThreads done
Event: 6.365 Executing VM operation: HandshakeAllThreads
Event: 6.365 Executing VM operation: HandshakeAllThreads done
Event: 6.377 Executing VM operation: HandshakeAllThreads
Event: 6.377 Executing VM operation: HandshakeAllThreads done

Events (20 events):
Event: 6.400 loading class java/time/zone/ZoneRulesProvider$1
Event: 6.400 loading class java/time/zone/ZoneRulesProvider$1 done
Event: 6.400 loading class java/time/zone/TzdbZoneRulesProvider
Event: 6.401 loading class java/time/zone/TzdbZoneRulesProvider done
Event: 6.403 loading class java/time/zone/Ser
Event: 6.403 loading class java/io/Externalizable
Event: 6.403 loading class java/io/Externalizable done
Event: 6.403 loading class java/time/zone/Ser done
Event: 6.404 loading class java/time/zone/ZoneOffsetTransitionRule
Event: 6.405 loading class java/time/zone/ZoneOffsetTransitionRule done
Event: 6.405 loading class java/time/zone/ZoneOffsetTransition
Event: 6.405 loading class java/time/zone/ZoneOffsetTransition done
Event: 6.405 loading class java/time/chrono/IsoChronology
Event: 6.407 loading class java/time/chrono/AbstractChronology
Event: 6.408 loading class java/time/chrono/AbstractChronology done
Event: 6.408 loading class java/time/chrono/IsoChronology done
Event: 6.409 loading class java/nio/file/ClosedDirectoryStreamException
Event: 6.409 loading class java/nio/file/ClosedDirectoryStreamException done
Event: 6.409 loading class java/nio/file/DirectoryIteratorException
Event: 6.409 loading class java/nio/file/DirectoryIteratorException done


Dynamic libraries:
0x00007ff6bf850000 - 0x00007ff6bf85a000 	C:\Program Files\Android\Android Studio1\jbr\bin\java.exe
0x00007ffa3b310000 - 0x00007ffa3b524000 	C:\WINDOWS\SYSTEM32\ntdll.dll
0x00007ffa39e60000 - 0x00007ffa39f24000 	C:\WINDOWS\System32\KERNEL32.DLL
0x00007ffa38800000 - 0x00007ffa38ba4000 	C:\WINDOWS\System32\KERNELBASE.dll
0x00007ffa353f0000 - 0x00007ffa35487000 	C:\WINDOWS\SYSTEM32\apphelp.dll
0x00007ffa38bb0000 - 0x00007ffa38cc1000 	C:\WINDOWS\System32\ucrtbase.dll
0x00007ff9f07e0000 - 0x00007ff9f07fb000 	C:\Program Files\Android\Android Studio1\jbr\bin\VCRUNTIME140.dll
0x00007ffa25d20000 - 0x00007ffa25d37000 	C:\Program Files\Android\Android Studio1\jbr\bin\jli.dll
0x00007ffa39ab0000 - 0x00007ffa39c5e000 	C:\WINDOWS\System32\USER32.dll
0x00007ffa386c0000 - 0x00007ffa386e6000 	C:\WINDOWS\System32\win32u.dll
0x00007ffa1f5d0000 - 0x00007ffa1f863000 	C:\WINDOWS\WinSxS\amd64_microsoft.windows.common-controls_6595b64144ccf1df_6.0.22621.2215_none_270d72677387dfc3\COMCTL32.dll
0x00007ffa396b0000 - 0x00007ffa396d9000 	C:\WINDOWS\System32\GDI32.dll
0x00007ffa38d90000 - 0x00007ffa38ea8000 	C:\WINDOWS\System32\gdi32full.dll
0x00007ffa38760000 - 0x00007ffa387fa000 	C:\WINDOWS\System32\msvcp_win.dll
0x00007ffa3b220000 - 0x00007ffa3b2c7000 	C:\WINDOWS\System32\msvcrt.dll
0x00007ffa396e0000 - 0x00007ffa39711000 	C:\WINDOWS\System32\IMM32.DLL
0x00007ffa250c0000 - 0x00007ffa250cc000 	C:\Program Files\Android\Android Studio1\jbr\bin\vcruntime140_1.dll
0x00007ff9f0750000 - 0x00007ff9f07dd000 	C:\Program Files\Android\Android Studio1\jbr\bin\msvcp140.dll
0x00007ff9bc8b0000 - 0x00007ff9bd51e000 	C:\Program Files\Android\Android Studio1\jbr\bin\server\jvm.dll
0x00007ffa39120000 - 0x00007ffa391d0000 	C:\WINDOWS\System32\ADVAPI32.dll
0x00007ffa39500000 - 0x00007ffa395a6000 	C:\WINDOWS\System32\sechost.dll
0x00007ffa3a760000 - 0x00007ffa3a877000 	C:\WINDOWS\System32\RPCRT4.dll
0x00007ffa35fd0000 - 0x00007ffa36004000 	C:\WINDOWS\SYSTEM32\WINMM.dll
0x00007ffa30a00000 - 0x00007ffa30a0a000 	C:\WINDOWS\SYSTEM32\VERSION.dll
0x00007ffa35680000 - 0x00007ffa35689000 	C:\WINDOWS\SYSTEM32\WSOCK32.dll
0x00007ffa39de0000 - 0x00007ffa39e51000 	C:\WINDOWS\System32\WS2_32.dll
0x00007ffa376c0000 - 0x00007ffa376d8000 	C:\WINDOWS\SYSTEM32\kernel.appcore.dll
0x00007ffa30800000 - 0x00007ffa3080a000 	C:\Program Files\Android\Android Studio1\jbr\bin\jimage.dll
0x00007ffa35d10000 - 0x00007ffa35f3e000 	C:\WINDOWS\SYSTEM32\DBGHELP.DLL
0x00007ffa39720000 - 0x00007ffa39aaa000 	C:\WINDOWS\System32\combase.dll
0x00007ffa3a890000 - 0x00007ffa3a967000 	C:\WINDOWS\System32\OLEAUT32.dll
0x00007ffa35f90000 - 0x00007ffa35fc2000 	C:\WINDOWS\SYSTEM32\dbgcore.DLL
0x00007ffa39020000 - 0x00007ffa3909a000 	C:\WINDOWS\System32\bcryptPrimitives.dll
0x00007ffa2a860000 - 0x00007ffa2a86e000 	C:\Program Files\Android\Android Studio1\jbr\bin\instrument.dll
0x00007ffa250d0000 - 0x00007ffa250f5000 	C:\Program Files\Android\Android Studio1\jbr\bin\java.dll
0x00007ffa1f8c0000 - 0x00007ffa1f8d8000 	C:\Program Files\Android\Android Studio1\jbr\bin\zip.dll
0x00007ffa3a9f0000 - 0x00007ffa3b213000 	C:\WINDOWS\System32\SHELL32.dll
0x00007ffa36600000 - 0x00007ffa36eea000 	C:\WINDOWS\SYSTEM32\windows.storage.dll
0x00007ffa364c0000 - 0x00007ffa365fe000 	C:\WINDOWS\SYSTEM32\wintypes.dll
0x00007ffa395b0000 - 0x00007ffa396a3000 	C:\WINDOWS\System32\SHCORE.dll
0x00007ffa39320000 - 0x00007ffa3937e000 	C:\WINDOWS\System32\shlwapi.dll
0x00007ffa385f0000 - 0x00007ffa38616000 	C:\WINDOWS\SYSTEM32\profapi.dll
0x00007ffa29180000 - 0x00007ffa29189000 	C:\Program Files\Android\Android Studio1\jbr\bin\management.dll
0x00007ffa26500000 - 0x00007ffa2650b000 	C:\Program Files\Android\Android Studio1\jbr\bin\management_ext.dll
0x00007ffa393e0000 - 0x00007ffa393e8000 	C:\WINDOWS\System32\PSAPI.DLL
0x00007ffa157c0000 - 0x00007ffa157d9000 	C:\Program Files\Android\Android Studio1\jbr\bin\net.dll
0x00007ffa30c20000 - 0x00007ffa30d57000 	C:\WINDOWS\SYSTEM32\WINHTTP.dll
0x00007ffa37b90000 - 0x00007ffa37bf9000 	C:\WINDOWS\system32\mswsock.dll
0x00007ffa106e0000 - 0x00007ffa106f6000 	C:\Program Files\Android\Android Studio1\jbr\bin\nio.dll
0x00007ffa18f10000 - 0x00007ffa18f27000 	C:\WINDOWS\system32\napinsp.dll
0x00007ffa18ef0000 - 0x00007ffa18f0b000 	C:\WINDOWS\system32\pnrpnsp.dll
0x00007ffa371c0000 - 0x00007ffa372b2000 	C:\WINDOWS\SYSTEM32\DNSAPI.dll
0x00007ffa37150000 - 0x00007ffa3717d000 	C:\WINDOWS\SYSTEM32\IPHLPAPI.DLL
0x00007ffa394f0000 - 0x00007ffa394f9000 	C:\WINDOWS\System32\NSI.dll
0x00007ffa18ed0000 - 0x00007ffa18ee1000 	C:\WINDOWS\System32\winrnr.dll
0x00007ffa0fd70000 - 0x00007ffa0fd85000 	C:\WINDOWS\system32\wshbth.dll
0x00007ffa0fd40000 - 0x00007ffa0fd61000 	C:\WINDOWS\system32\nlansp_c.dll
0x00007ffa30960000 - 0x00007ffa3096a000 	C:\Windows\System32\rasadhlp.dll
0x00007ffa305a0000 - 0x00007ffa30624000 	C:\WINDOWS\System32\fwpuclnt.dll
0x00007ffa26270000 - 0x00007ffa26280000 	C:\Program Files\Android\Android Studio1\jbr\bin\verify.dll
0x00007ff9eb330000 - 0x00007ff9eb357000 	C:\Users\aditi\AndroidStudioProjects\HelloWorld\gradle\native\68d5fa5c4cc2d200863cafc0d521ce42e7d3e7ee720ec0a83991735586a16f82\windows-amd64\native-platform.dll
0x00007ff9cfe10000 - 0x00007ff9cff54000 	C:\Users\aditi\AndroidStudioProjects\HelloWorld\gradle\native\e376f236ea51e6404a007f0833ffe2c6e607c4080706a723a18a27aeea778392\windows-amd64\native-platform-file-events.dll
0x00007ffa37e50000 - 0x00007ffa37e6b000 	C:\WINDOWS\SYSTEM32\CRYPTSP.dll
0x00007ffa37680000 - 0x00007ffa376b5000 	C:\WINDOWS\system32\rsaenh.dll
0x00007ffa37cf0000 - 0x00007ffa37d1c000 	C:\WINDOWS\SYSTEM32\USERENV.dll
0x00007ffa38090000 - 0x00007ffa380b8000 	C:\WINDOWS\SYSTEM32\bcrypt.dll
0x00007ffa37e70000 - 0x00007ffa37e7c000 	C:\WINDOWS\SYSTEM32\CRYPTBASE.dll
0x00007ffa30ba0000 - 0x00007ffa30bb9000 	C:\WINDOWS\SYSTEM32\dhcpcsvc6.DLL
0x00007ffa30b80000 - 0x00007ffa30b9f000 	C:\WINDOWS\SYSTEM32\dhcpcsvc.DLL
0x00007ffa20290000 - 0x00007ffa20298000 	C:\WINDOWS\system32\wshunix.dll

dbghelp: loaded successfully - version: 4.0.5 - missing functions: none
symbol engine: initialized successfully - sym options: 0x614 - pdb path: .;C:\Program Files\Android\Android Studio1\jbr\bin;C:\WINDOWS\SYSTEM32;C:\WINDOWS\WinSxS\amd64_microsoft.windows.common-controls_6595b64144ccf1df_6.0.22621.2215_none_270d72677387dfc3;C:\Program Files\Android\Android Studio1\jbr\bin\server;C:\Users\aditi\AndroidStudioProjects\HelloWorld\gradle\native\68d5fa5c4cc2d200863cafc0d521ce42e7d3e7ee720ec0a83991735586a16f82\windows-amd64;C:\Users\aditi\AndroidStudioProjects\HelloWorld\gradle\native\e376f236ea51e6404a007f0833ffe2c6e607c4080706a723a18a27aeea778392\windows-amd64

VM Arguments:
jvm_args: --add-opens=java.base/java.util.concurrent.atomic=ALL-UNNAMED -javaagent:C:\Program Files\Android\Android Studio\plugins\android\resources\trace_agent.jar=C:\Users\aditi\AppData\Local\Temp\sync.trace.profile --add-opens=java.base/java.util=ALL-UNNAMED --add-opens=java.base/java.lang=ALL-UNNAMED --add-opens=java.base/java.lang.invoke=ALL-UNNAMED --add-opens=java.prefs/java.util.prefs=ALL-UNNAMED --add-opens=java.base/java.nio.charset=ALL-UNNAMED --add-opens=java.base/java.net=ALL-UNNAMED --add-opens=java.base/java.util.concurrent.atomic=ALL-UNNAMED -Xmx2048m -Dfile.encoding=UTF-8 -Duser.country=US -Duser.language=en -Duser.variant 
java_command: org.gradle.launcher.daemon.bootstrap.GradleDaemon 8.0
java_class_path (initial): C:\Users\aditi\AndroidStudioProjects\HelloWorld\gradle\wrapper\dists\gradle-8.0-bin\ca5e32bp14vu59qr306oxotwh\gradle-8.0\lib\gradle-launcher-8.0.jar
Launcher Type: SUN_STANDARD

[Global flags]
     intx CICompilerCount                          = 4                                         {product} {ergonomic}
     uint ConcGCThreads                            = 3                                         {product} {ergonomic}
     uint G1ConcRefinementThreads                  = 10                                        {product} {ergonomic}
   size_t G1HeapRegionSize                         = 1048576                                   {product} {ergonomic}
    uintx GCDrainStackTargetSize                   = 64                                        {product} {ergonomic}
   size_t InitialHeapSize                          = 98566144                                  {product} {ergonomic}
   size_t MarkStackSize                            = 4194304                                   {product} {ergonomic}
   size_t MaxHeapSize                              = 2147483648                                {product} {command line}
   size_t MaxNewSize                               = 1287651328                                {product} {ergonomic}
   size_t MinHeapDeltaBytes                        = 1048576                                   {product} {ergonomic}
   size_t MinHeapSize                              = 8388608                                   {product} {ergonomic}
    uintx NonNMethodCodeHeapSize                   = 5839372                                {pd product} {ergonomic}
    uintx NonProfiledCodeHeapSize                  = 122909434                              {pd product} {ergonomic}
    uintx ProfiledCodeHeapSize                     = 122909434                              {pd product} {ergonomic}
    uintx ReservedCodeCacheSize                    = 251658240                              {pd product} {ergonomic}
     bool SegmentedCodeCache                       = true                                      {product} {ergonomic}
   size_t SoftMaxHeapSize                          = 2147483648                             {manageable} {ergonomic}
     bool UseCompressedClassPointers               = true                           {product lp64_product} {ergonomic}
     bool UseCompressedOops                        = true                           {product lp64_product} {ergonomic}
     bool UseG1GC                                  = true                                      {product} {ergonomic}
     bool UseLargePagesIndividualAllocation        = false                                  {pd product} {ergonomic}

Logging:
Log output configuration:
 #0: stdout all=warning uptime,level,tags
 #1: stderr all=off uptime,level,tags

Environment Variables:
PATH=C:\Program Files (x86)\VMware\VMware Player\bin\;C:\Program Files\Common Files\Oracle\Java\javapath;C:\Program Files (x86)\Common Files\Oracle\Java\javapath;C:\WINDOWS\system32;C:\WINDOWS;C:\WINDOWS\System32\Wbem;C:\WINDOWS\System32\WindowsPowerShell\v1.0\;C:\WINDOWS\System32\OpenSSH\;C:\Program Files\Git\cmd;C:\Program Files\Java\jdk-19\bin;C:\Program Files\Java\jdk-19\bin;;C:\Program Files\Microchip\xc8\v2.36\bin;C:\Users\aditi\AppData\Local\Programs\Python\Python311\Scripts\;C:\Users\aditi\AppData\Local\Programs\Python\Python311\;C:\Users\aditi\AppData\Local\Programs\Python\Python310\Scripts\;C:\Users\aditi\AppData\Local\Programs\Python\Python310\;C:\Users\aditi\AppData\Local\Microsoft\WindowsApps;C:\Users\aditi\AppData\Local\Microsoft\WindowsApps;C:\Program Files\Java\jdk-19\bin;C:\Program Files\Java\jdk-19\bin;C:\Users\aditi\AppData\Local\Programs\Microsoft VS Code\bin;C:\MinGW\bin;
USERNAME=aditi
OS=Windows_NT
PROCESSOR_IDENTIFIER=AMD64 Family 23 Model 104 Stepping 1, AuthenticAMD
TMP=C:\Users\aditi\AppData\Local\Temp
TEMP=C:\Users\aditi\AppData\Local\Temp


JNI global refs:
JNI global refs: 22, weak refs: 7

JNI global refs memory usage: 843, weak refs: 841


---------------  S Y S T E M  ---------------

OS:
 Windows 11 , 64 bit Build 22621 (10.0.22621.2215)
OS uptime: 2 days 3:15 hours
Hyper-V role detected

CPU: total 12 (initial active 12) (12 cores per cpu, 2 threads per core) family 23 model 104 stepping 1 microcode 0x0, cx8, cmov, fxsr, ht, mmx, 3dnowpref, sse, sse2, sse3, ssse3, sse4a, sse4.1, sse4.2, popcnt, lzcnt, tsc, tscinvbit, avx, avx2, aes, clmul, bmi1, bmi2, adx, sha, fma, vzeroupper, clflush, clflushopt, hv

Memory: 4k page, system-wide physical 6005M (543M free)
TotalPageFile size 24437M (AvailPageFile size 5M)
current process WorkingSet (physical memory assigned to process): 258M, peak: 258M
current process commit charge ("private bytes"): 297M, peak: 298M

vm_info: OpenJDK 64-Bit Server VM (17.0.6+0-b2043.56-10027231) for windows-amd64 JRE (17.0.6+0-b2043.56-10027231), built on Apr 28 2023 00:43:19 by "androidbuild" with MS VC++ 16.10 / 16.11 (VS2019)

END.
